 ERROR root [0x00004234] [2019-06-12 05:12:57,297] - Components::removeComponentByChannel: logger : 2000, Abnormal exit(reason=TCPPacketReceiver::processRecv(): error=10054
)! Channel(timestamp=3817524284956, lastReceivedTime=3817236866342, inactivityExceptionPeriod=599491240)
  INFO root [0x00004234] [2019-06-12 05:12:57,313] - The following logs sent to logger failed:
  WARN root [0x00004234] [2019-06-12 05:12:57,314] - ==> [2019-06-12 05:12:57 296] TCPPacketReceiver::processPendingEvents(192.168.27.1:12920): Throwing REASON_GENERAL_NETWORK - WSAECONNRESET
 ERROR root [0x00004234] [2019-06-12 05:12:57,314] - ==> [2019-06-12 05:12:57 299] Components::removeComponentByChannel: logger : 2000, Abnormal exit(reason=TCPPacketReceiver::processRecv(): error=10054
)! Channel(timestamp=3817524284956, lastReceivedTime=3817236866342, inactivityExceptionPeriod=599491240)
  WARN root [0x00004234] [2019-06-12 05:12:57,528] - TCPPacketReceiver::processPendingEvents(192.168.27.1:12922): Throwing REASON_GENERAL_NETWORK - WSAECONNRESET
 ERROR root [0x00004234] [2019-06-12 05:12:57,531] - Components::removeComponentByChannel: dbmgr : 4000, Abnormal exit(reason=TCPPacketReceiver::processRecv(): error=10054
)! Channel(timestamp=3817526617166, lastReceivedTime=3817234372245, inactivityExceptionPeriod=599491240)
  INFO root [0x00004234] [2019-06-12 05:12:57,541] - Shutdowner::onShutdownBegin: shutting down(period=0, tickPeriod=1)
S_INFO root [0x00004234] [2019-06-12 05:12:57,546] - onBaseAppShutDown: state=0
  INFO root [0x00004234] [2019-06-12 05:12:57,546] - Shutdowner::onShutdown: shutting down
S_INFO root [0x00004234] [2019-06-12 05:12:57,546] - onBaseAppShutDown: state=1
  INFO root [0x00004234] [2019-06-12 05:12:57,546] - Shutdowner::onShutdownEnd: shutting down
S_INFO root [0x00004234] [2019-06-12 05:12:57,547] - onBaseAppShutDown: state=2
 DEBUG root [0x00004234] [2019-06-12 05:12:57,571] - SpawnPoint::~SpawnPoint(): 2009
 DEBUG root [0x00004234] [2019-06-12 05:12:57,571] - SpawnPoint::~SpawnPoint(): 2003
 DEBUG root [0x00004234] [2019-06-12 05:12:57,571] - SpawnPoint::~SpawnPoint(): 2004
 DEBUG root [0x00004234] [2019-06-12 05:12:57,571] - SpawnPoint::~SpawnPoint(): 2005
 DEBUG root [0x00004234] [2019-06-12 05:12:57,572] - SpawnPoint::~SpawnPoint(): 2006
 DEBUG root [0x00004234] [2019-06-12 05:12:57,572] - SpawnPoint::~SpawnPoint(): 2007
 DEBUG root [0x00004234] [2019-06-12 05:12:57,572] - SpawnPoint::~SpawnPoint(): 2008
 DEBUG root [0x00004234] [2019-06-12 05:12:57,573] - SpawnPoint::~SpawnPoint(): 2010
 DEBUG root [0x00004234] [2019-06-12 05:12:57,573] - SpawnPoint::~SpawnPoint(): 2011
 DEBUG root [0x00004234] [2019-06-12 05:12:57,574] - SpawnPoint::~SpawnPoint(): 2013
 DEBUG root [0x00004234] [2019-06-12 05:12:57,574] - SpawnPoint::~SpawnPoint(): 2014
 DEBUG root [0x00004234] [2019-06-12 05:12:57,574] - SpawnPoint::~SpawnPoint(): 2015
 DEBUG root [0x00004234] [2019-06-12 05:12:57,575] - SpawnPoint::~SpawnPoint(): 2016
 DEBUG root [0x00004234] [2019-06-12 05:12:57,575] - SpawnPoint::~SpawnPoint(): 2017
 DEBUG root [0x00004234] [2019-06-12 05:12:57,575] - SpawnPoint::~SpawnPoint(): 2018
 DEBUG root [0x00004234] [2019-06-12 05:12:57,575] - SpawnPoint::~SpawnPoint(): 2019
 DEBUG root [0x00004234] [2019-06-12 05:12:57,575] - SpawnPoint::~SpawnPoint(): 2020
 DEBUG root [0x00004234] [2019-06-12 05:12:57,575] - SpawnPoint::~SpawnPoint(): 2021
 DEBUG root [0x00004234] [2019-06-12 05:12:57,575] - SpawnPoint::~SpawnPoint(): 2022
 DEBUG root [0x00004234] [2019-06-12 05:12:57,576] - SpawnPoint::~SpawnPoint(): 2023
 DEBUG root [0x00004234] [2019-06-12 05:12:57,576] - SpawnPoint::~SpawnPoint(): 2024
 DEBUG root [0x00004234] [2019-06-12 05:12:57,576] - SpawnPoint::~SpawnPoint(): 2025
 DEBUG root [0x00004234] [2019-06-12 05:12:57,576] - SpawnPoint::~SpawnPoint(): 2026
 DEBUG root [0x00004234] [2019-06-12 05:12:57,577] - SpawnPoint::~SpawnPoint(): 2027
 DEBUG root [0x00004234] [2019-06-12 05:12:57,577] - SpawnPoint::~SpawnPoint(): 2028
 DEBUG root [0x00004234] [2019-06-12 05:12:57,578] - SpawnPoint::~SpawnPoint(): 2029
 ERROR root [0x00004234] [2019-06-12 05:12:57,582] - PyGC::debugTracing(): Entity : leaked(3)
 ERROR root [0x00004234] [2019-06-12 05:12:57,583] - PyGC::debugTracing(): EntityCall : leaked(2)
 ERROR root [0x00004234] [2019-06-12 05:12:57,606] - EntityGarbages::~EntityGarbages(): leaked, size=3.
 ERROR root [0x00004234] [2019-06-12 05:12:57,607] - 	--> leaked: Spaces(2001).
 ERROR root [0x00004234] [2019-06-12 05:12:57,608] - 	--> leaked: Space(2002).
 ERROR root [0x00004234] [2019-06-12 05:12:57,608] - 	--> leaked: Space(2012).
 DEBUG root [0x00004234] [2019-06-12 05:12:57,609] - Spaces::~Spaces(): 2001
 DEBUG root [0x00004234] [2019-06-12 05:12:57,609] - Space::~Space(): 2002
 DEBUG root [0x00004234] [2019-06-12 05:12:57,609] - Space::~Space(): 2012
  INFO root [0x00004234] [2019-06-12 05:12:57,618] - Script::uninstall(): is successfully!
 DEBUG root [0x00004234] [2019-06-12 05:12:57,619] - ThreadPool::destroy(): starting size 2.
  WARN root [0x00004234] [2019-06-12 05:12:57,921] - ThreadPool::destroy(): waiting for thread(2)[0x22145f0,0x22146c0,], try=1
