  INFO root [2019-05-24 00:31:06,057] - 
  INFO root [2019-05-24 00:31:06,058] - -----------------------------------------------------------------------------------------


  INFO root [2019-05-24 00:31:06,062] - Resmgr::initialize: OURO_ROOT=C:/Users/Black/Ouroboros/
  INFO root [2019-05-24 00:31:06,062] - Resmgr::initialize: OURO_RES_PATH=C:/Users/Black/Ouroboros/ouro/res/;C:/Users/Black/Ouroboros/assets/;C:/Users/Black/Ouroboros/assets/scripts/;C:/Users/Black/Ouroboros/assets/res/
  INFO root [2019-05-24 00:31:06,062] - Resmgr::initialize: OURO_BIN_PATH=C:/Users/Black/Ouroboros/ouro/bin/server/
  INFO root [2019-05-24 00:31:06,077] - NetworkInterface::initialize(INTERNAL-TCP): bound to all interfaces with default route interface on 192.168.27.1 ( 192.168.27.1:4256 )
  INFO root [2019-05-24 00:31:06,077] - NetworkInterface::initialize(INTERNAL-TCP): address 192.168.27.1:4256, SOMAXCONN=5.
  INFO root [2019-05-24 00:31:06,077] - server-configs:
  INFO root [2019-05-24 00:31:06,078] - 	internalTcpAddr : 192.168.27.1:4256
  INFO root [2019-05-24 00:31:06,078] - 	componentID : 5000
  INFO root [2019-05-24 00:31:06,185] - Components::findLogger: found logger, addr:192.168.27.1:4218
  INFO root [2019-05-24 00:31:06,186] - Components::addComponent: reset orderLog, uid=10103!
  INFO root [2019-05-24 00:31:06,186] - Components::addComponent[logger], uid=10103, componentID=2000, globalorderid=1, grouporderid=1, totalcount=1
  INFO root [2019-05-24 00:31:06,191] - ---- baseappmgr Version: 2.5.0. ScriptVersion: 0.1.0. Pythoncore: 3.7.3. Protocol: E5EC485237515D3DB92303DAB9A28436. Config: Debug X86. Built: 02:53:41 May 23 2019. AppID: 5000. UID: 10103. PID: 93324 ----
  INFO root [2019-05-24 00:31:06,191] - Server Black: Intel(R) Core(TM) i7-7700HQ CPU @ 2.80GHz with 2097151kB RAM
  INFO root [2019-05-24 00:31:06,192] - ThreadPool::createThreadPool: creating  threadpool...
  INFO root [2019-05-24 00:31:06,192] - ThreadPool::createThreadPool: successfully(2), newThreadCount=1, normalMaxThreadCount=2, maxThreadCount=8
  INFO root [2019-05-24 00:31:06,638] - ---- baseappmgr is running ----
 DEBUG root [2019-05-24 00:31:06,639] - Components::process(): Request for the process of identity...
  WARN root [2019-05-24 00:31:13,370] - Forwarding logs to logger[192.168.27.1:4218/0/0/0]...
 ERROR root [2019-05-24 04:46:50,207] - Components::removeComponentByChannel: baseapp : 7001, Abnormal exit(reason=TCPPacketReceiver::processRecv(): error=10054
)! Channel(timestamp=6864891677399, lastReceivedTime=6864890491083, inactivityExceptionPeriod=599500000)
 ERROR root [2019-05-24 04:46:50,225] - Components::removeComponentByChannel: logger : 2000, Abnormal exit(reason=TCPPacketReceiver::processRecv(): error=10054
)! Channel(timestamp=6864891859463, lastReceivedTime=6864861409149, inactivityExceptionPeriod=599500000)
  INFO root [2019-05-24 04:46:50,245] - The following logs sent to logger failed:
  WARN root [2019-05-24 04:46:50,246] - ==> [2019-05-24 04:46:50 196] TCPPacketReceiver::processPendingEvents(192.168.27.1:4350): Throwing REASON_GENERAL_NETWORK - WSAECONNRESET
  WARN root [2019-05-24 04:46:50,246] - ==> [2019-05-24 04:46:50 207] Baseappmgr::onChannelDeregister: erase baseapp[7001], currsize=0
 ERROR root [2019-05-24 04:46:50,247] - ==> [2019-05-24 04:46:50 208] Components::removeComponentByChannel: baseapp : 7001, Abnormal exit(reason=TCPPacketReceiver::processRecv(): error=10054
)! Channel(timestamp=6864891677399, lastReceivedTime=6864890491083, inactivityExceptionPeriod=599500000)
  WARN root [2019-05-24 04:46:50,247] - ==> [2019-05-24 04:46:50 219] TCPPacketReceiver::processPendingEvents(192.168.27.1:4218): Throwing REASON_GENERAL_NETWORK - WSAECONNRESET
 ERROR root [2019-05-24 04:46:50,248] - ==> [2019-05-24 04:46:50 226] Components::removeComponentByChannel: logger : 2000, Abnormal exit(reason=TCPPacketReceiver::processRecv(): error=10054
)! Channel(timestamp=6864891859463, lastReceivedTime=6864861409149, inactivityExceptionPeriod=599500000)
  WARN root [2019-05-24 04:46:50,248] - TCPPacketReceiver::processPendingEvents(192.168.27.1:4216): Throwing REASON_GENERAL_NETWORK - WSAECONNRESET
 ERROR root [2019-05-24 04:46:50,253] - Components::removeComponentByChannel: dbmgr : 4000, Abnormal exit(reason=TCPPacketReceiver::processRecv(): error=10054
)! Channel(timestamp=6864892148750, lastReceivedTime=6864860501062, inactivityExceptionPeriod=599500000)
  INFO root [2019-05-24 04:46:50,266] - Shutdowner::onShutdownBegin: shutting down(period=0, tickPeriod=1)
  INFO root [2019-05-24 04:46:50,269] - Shutdowner::onShutdown: shutting down
  INFO root [2019-05-24 04:46:50,269] - Shutdowner::onShutdownEnd: shutting down
  WARN root [2019-05-24 04:46:50,270] - TCPPacketReceiver::processPendingEvents(192.168.27.1:4304): Throwing REASON_GENERAL_NETWORK - WSAECONNRESET
  INFO root [2019-05-24 04:46:50,276] - Components::removeComponentByChannel: cellappmgr : 6000, Normal exit!
  WARN root [2019-05-24 04:46:50,277] - TCPPacketReceiver::processPendingEvents(192.168.27.1:4425): Throwing REASON_GENERAL_NETWORK - WSAECONNRESET
  INFO root [2019-05-24 04:46:50,290] - Components::removeComponentByChannel: cellapp : 8001, Normal exit!
  WARN root [2019-05-24 04:46:50,291] - TCPPacketReceiver::processPendingEvents(192.168.27.1:4441): Throwing REASON_GENERAL_NETWORK - WSAECONNRESET
  INFO root [2019-05-24 04:46:50,295] - Components::removeComponentByChannel: loginapp : 9000, Normal exit!
 DEBUG root [2019-05-24 04:46:50,295] - ThreadPool::destroy(): starting size 2.
  WARN root [2019-05-24 04:46:50,615] - ThreadPool::destroy(): waiting for thread(2)[0x11ead98,0x11eaf38,], try=1
 DEBUG root [2019-05-24 04:46:51,021] - TPThread::~TPThread(): 0x11ead98
 DEBUG root [2019-05-24 04:46:51,021] - TPThread::~TPThread(): 0x11eaf38
 DEBUG root [2019-05-24 04:46:51,021] - ThreadPool::destroy(): successfully!
 DEBUG root [2019-05-24 04:46:51,034] - Bundle::destroyObjPool(): size 0.
 DEBUG root [2019-05-24 04:46:51,035] - Channel::destroyObjPool(): size 16.
 DEBUG root [2019-05-24 04:46:51,035] - TCPPacket::destroyObjPool(): size 0.
 DEBUG root [2019-05-24 04:46:51,035] - UDPPacket::destroyObjPool(): size 4.
 DEBUG root [2019-05-24 04:46:51,035] - EndPoint::destroyObjPool(): size 16.
 DEBUG root [2019-05-24 04:46:51,036] - Address::destroyObjPool(): size 0.
 DEBUG root [2019-05-24 04:46:51,036] - TCPPacketReceiver::destroyObjPool(): size 0.
 DEBUG root [2019-05-24 04:46:51,036] - UDPPacketReceiver::destroyObjPool(): size 0.
  INFO root [2019-05-24 04:46:51,036] - baseappmgr(5000) has shut down.
  INFO root [2019-05-24 04:46:52,037] - EventDispatcher()::~EventDispatcher: Num timers = 1
