 ERROR root [0x0000b3f4] [2019-06-04 05:07:58,682] - Components::removeComponentByChannel: logger : 2000, Abnormal exit(reason=TCPPacketReceiver::processRecv(): error=10054
)! Channel(timestamp=4581308163796, lastReceivedTime=4581052042556, inactivityExceptionPeriod=599490408)
  INFO root [0x0000b3f4] [2019-06-04 05:07:58,744] - The following logs sent to logger failed:
  WARN root [0x0000b3f4] [2019-06-04 05:07:58,745] - ==> [2019-06-04 05:07:58 664] TCPPacketReceiver::processPendingEvents(192.168.27.1:13455): Throwing REASON_GENERAL_NETWORK - WSAECONNRESET
 ERROR root [0x0000b3f4] [2019-06-04 05:07:58,746] - ==> [2019-06-04 05:07:58 684] Components::removeComponentByChannel: logger : 2000, Abnormal exit(reason=TCPPacketReceiver::processRecv(): error=10054
)! Channel(timestamp=4581308163796, lastReceivedTime=4581052042556, inactivityExceptionPeriod=599490408)
  WARN root [0x0000b3f4] [2019-06-04 05:07:58,747] - TCPPacketReceiver::processPendingEvents(192.168.27.1:13551): Throwing REASON_GENERAL_NETWORK - WSAECONNRESET
 ERROR root [0x0000b3f4] [2019-06-04 05:07:58,762] - Components::removeComponentByChannel: dbmgr : 4000, Abnormal exit(reason=TCPPacketReceiver::processRecv(): error=10054
)! Channel(timestamp=4581308960274, lastReceivedTime=4581243536466, inactivityExceptionPeriod=599490408)
  INFO root [0x0000b3f4] [2019-06-04 05:07:58,810] - Shutdowner::onShutdownBegin: shutting down(period=0, tickPeriod=1)
S_INFO root [0x0000b3f4] [2019-06-04 05:07:58,818] - onBaseAppShutDown: state=0
  INFO root [0x0000b3f4] [2019-06-04 05:07:58,819] - Shutdowner::onShutdown: shutting down
S_INFO root [0x0000b3f4] [2019-06-04 05:07:58,819] - onBaseAppShutDown: state=1
  INFO root [0x0000b3f4] [2019-06-04 05:07:58,819] - Shutdowner::onShutdownEnd: shutting down
S_INFO root [0x0000b3f4] [2019-06-04 05:07:58,820] - onBaseAppShutDown: state=2
  WARN root [0x0000b3f4] [2019-06-04 05:07:58,820] - TCPPacketReceiver::processPendingEvents(192.168.27.1:13552): Throwing REASON_GENERAL_NETWORK - WSAECONNRESET
  INFO root [0x0000b3f4] [2019-06-04 05:07:58,832] - Components::removeComponentByChannel: baseappmgr : 5000, Normal exit!
  WARN root [0x0000b3f4] [2019-06-04 05:07:58,833] - ServerApp::shutDown:  In shuttingdown!
  WARN root [0x0000b3f4] [2019-06-04 05:07:58,856] - TCPPacketReceiver::processPendingEvents(192.168.27.1:13555): Throwing REASON_GENERAL_NETWORK - WSAECONNRESET
  INFO root [0x0000b3f4] [2019-06-04 05:07:58,865] - Components::removeComponentByChannel: cellappmgr : 6000, Normal exit!
  WARN root [0x0000b3f4] [2019-06-04 05:07:58,866] - TCPPacketReceiver::processPendingEvents(192.168.27.1:13690): Throwing REASON_GENERAL_NETWORK - WSAECONNRESET
  INFO root [0x0000b3f4] [2019-06-04 05:07:58,868] - Components::removeComponentByChannel: cellapp : 8001, Normal exit!
 ERROR root [0x0000b3f4] [2019-06-04 05:07:58,896] - PyGC::debugTracing(): Entity : leaked(23)
 ERROR root [0x0000b3f4] [2019-06-04 05:07:58,898] - PyGC::debugTracing(): FixedArray : leaked(20)
 ERROR root [0x0000b3f4] [2019-06-04 05:07:58,899] - PyGC::debugTracing(): EntityCall : leaked(2)
 ERROR root [0x0000b3f4] [2019-06-04 05:07:58,928] - EntityGarbages::~EntityGarbages(): leaked, size=23.
 ERROR root [0x0000b3f4] [2019-06-04 05:07:58,929] - 	--> leaked: Avatar(16).
 ERROR root [0x0000b3f4] [2019-06-04 05:07:58,931] - 	--> leaked: Avatar(8).
 ERROR root [0x0000b3f4] [2019-06-04 05:07:58,938] - 	--> leaked: Avatar(17).
 ERROR root [0x0000b3f4] [2019-06-04 05:07:58,940] - 	--> leaked: Avatar(9).
 ERROR root [0x0000b3f4] [2019-06-04 05:07:58,942] - 	--> leaked: Avatar(19).
 ERROR root [0x0000b3f4] [2019-06-04 05:07:58,943] - 	--> leaked: Avatar(11).
 ERROR root [0x0000b3f4] [2019-06-04 05:07:58,944] - 	--> leaked: Avatar(21).
 ERROR root [0x0000b3f4] [2019-06-04 05:07:58,945] - 	--> leaked: Avatar(13).
 ERROR root [0x0000b3f4] [2019-06-04 05:07:58,946] - 	--> leaked: Avatar(23).
 ERROR root [0x0000b3f4] [2019-06-04 05:07:58,946] - 	--> leaked: Avatar(25).
 ERROR root [0x0000b3f4] [2019-06-04 05:07:58,947] - 	--> leaked: Avatar(28).
 ERROR root [0x0000b3f4] [2019-06-04 05:07:58,948] - 	--> leaked: Avatar(29).
 ERROR root [0x0000b3f4] [2019-06-04 05:07:58,949] - 	--> leaked: Avatar(33).
 ERROR root [0x0000b3f4] [2019-06-04 05:07:58,951] - 	--> leaked: Avatar(32).
 ERROR root [0x0000b3f4] [2019-06-04 05:07:58,952] - 	--> leaked: Avatar(35).
 ERROR root [0x0000b3f4] [2019-06-04 05:07:58,953] - 	--> leaked: Avatar(36).
 ERROR root [0x0000b3f4] [2019-06-04 05:07:58,955] - 	--> leaked: Avatar(38).
 ERROR root [0x0000b3f4] [2019-06-04 05:07:58,956] - 	--> leaked: Avatar(40).
 ERROR root [0x0000b3f4] [2019-06-04 05:07:58,957] - 	--> leaked: Avatar(44).
 ERROR root [0x0000b3f4] [2019-06-04 05:07:58,958] - 	--> leaked: Avatar(42).
 ERROR root [0x0000b3f4] [2019-06-04 05:07:58,959] - 	--> leaked: Spaces(1).
 ERROR root [0x0000b3f4] [2019-06-04 05:07:58,966] - 	--> leaked: Space(2).
 ERROR root [0x0000b3f4] [2019-06-04 05:07:58,968] - 	--> leaked: Space(3).
 DEBUG root [0x0000b3f4] [2019-06-04 05:07:58,973] - Spaces::~Spaces(): 1
 DEBUG root [0x0000b3f4] [2019-06-04 05:07:58,974] - Avatar::~Avatar(): 8
 DEBUG root [0x0000b3f4] [2019-06-04 05:07:58,974] - Avatar::~Avatar(): 9
 DEBUG root [0x0000b3f4] [2019-06-04 05:07:58,974] - Avatar::~Avatar(): 11
 DEBUG root [0x0000b3f4] [2019-06-04 05:07:58,974] - Avatar::~Avatar(): 13
 DEBUG root [0x0000b3f4] [2019-06-04 05:07:58,974] - Avatar::~Avatar(): 16
 DEBUG root [0x0000b3f4] [2019-06-04 05:07:58,975] - Avatar::~Avatar(): 17
 DEBUG root [0x0000b3f4] [2019-06-04 05:07:58,976] - Avatar::~Avatar(): 19
 DEBUG root [0x0000b3f4] [2019-06-04 05:07:58,976] - Avatar::~Avatar(): 21
 DEBUG root [0x0000b3f4] [2019-06-04 05:07:58,977] - Avatar::~Avatar(): 23
 DEBUG root [0x0000b3f4] [2019-06-04 05:07:58,977] - Avatar::~Avatar(): 25
 DEBUG root [0x0000b3f4] [2019-06-04 05:07:58,977] - Avatar::~Avatar(): 28
 DEBUG root [0x0000b3f4] [2019-06-04 05:07:58,978] - Avatar::~Avatar(): 29
 DEBUG root [0x0000b3f4] [2019-06-04 05:07:58,978] - Avatar::~Avatar(): 32
 DEBUG root [0x0000b3f4] [2019-06-04 05:07:58,978] - Avatar::~Avatar(): 33
 DEBUG root [0x0000b3f4] [2019-06-04 05:07:58,978] - Avatar::~Avatar(): 35
 DEBUG root [0x0000b3f4] [2019-06-04 05:07:58,979] - Avatar::~Avatar(): 36
 DEBUG root [0x0000b3f4] [2019-06-04 05:07:58,979] - Avatar::~Avatar(): 38
 DEBUG root [0x0000b3f4] [2019-06-04 05:07:58,980] - Avatar::~Avatar(): 40
 DEBUG root [0x0000b3f4] [2019-06-04 05:07:58,980] - Avatar::~Avatar(): 42
 DEBUG root [0x0000b3f4] [2019-06-04 05:07:58,980] - Avatar::~Avatar(): 44
 DEBUG root [0x0000b3f4] [2019-06-04 05:07:58,980] - Space::~Space(): 2
 DEBUG root [0x0000b3f4] [2019-06-04 05:07:58,980] - Space::~Space(): 3
  INFO root [0x0000b3f4] [2019-06-04 05:07:59,005] - Script::uninstall(): is successfully!
 DEBUG root [0x0000b3f4] [2019-06-04 05:07:59,005] - ThreadPool::destroy(): starting size 2.
  WARN root [0x0000b3f4] [2019-06-04 05:07:59,306] - ThreadPool::destroy(): waiting for thread(2)[0x20c41a0,0x20c46e8,], try=1
 DEBUG root [0x0000b3f4] [2019-06-04 05:07:59,708] - TPThread::~TPThread(): 0x20c41a0
 DEBUG root [0x0000b3f4] [2019-06-04 05:07:59,708] - TPThread::~TPThread(): 0x20c46e8
 DEBUG root [0x0000b3f4] [2019-06-04 05:07:59,708] - ThreadPool::destroy(): successfully!
 DEBUG root [0x0000b3f4] [2019-06-04 05:07:59,710] - Bundle::destroyObjPool(): size 9.
 DEBUG root [0x0000b3f4] [2019-06-04 05:07:59,710] - Channel::destroyObjPool(): size 16.
 DEBUG root [0x0000b3f4] [2019-06-04 05:07:59,710] - TCPPacket::destroyObjPool(): size 0.
 DEBUG root [0x0000b3f4] [2019-06-04 05:07:59,710] - UDPPacket::destroyObjPool(): size 16.
 DEBUG root [0x0000b3f4] [2019-06-04 05:07:59,711] - EndPoint::destroyObjPool(): size 16.
 DEBUG root [0x0000b3f4] [2019-06-04 05:07:59,711] - Address::destroyObjPool(): size 0.
 DEBUG root [0x0000b3f4] [2019-06-04 05:07:59,711] - TCPPacketReceiver::destroyObjPool(): size 0.
 DEBUG root [0x0000b3f4] [2019-06-04 05:07:59,711] - UDPPacketReceiver::destroyObjPool(): size 0.
  INFO root [0x0000b3f4] [2019-06-04 05:07:59,711] - baseapp(7001) has shut down.
  INFO root [0x0000b3f4] [2019-06-04 05:08:00,713] - EventDispatcher()::~EventDispatcher: Num timers = 1
