  INFO root [0x0000dd24] [2019-05-29 01:45:40,742] - 
  INFO root [0x0000dd24] [2019-05-29 01:45:40,743] - -----------------------------------------------------------------------------------------


  INFO root [0x0000dd24] [2019-05-29 01:45:40,747] - Resmgr::initialize: OURO_ROOT=C:/Users/Black/Ouroboros/
  INFO root [0x0000dd24] [2019-05-29 01:45:40,747] - Resmgr::initialize: OURO_RES_PATH=C:/Users/Black/Ouroboros/ouro/res/;C:/Users/Black/Ouroboros/assets/;C:/Users/Black/Ouroboros/assets/scripts/;C:/Users/Black/Ouroboros/assets/res/
  INFO root [0x0000dd24] [2019-05-29 01:45:40,747] - Resmgr::initialize: OURO_BIN_PATH=C:/Users/Black/Ouroboros/ouro/bin/server/
  INFO root [0x0000dd24] [2019-05-29 01:45:40,763] - NetworkInterface::initialize(EXTERNAL-TCP): bound to all interfaces with default route interface on 192.168.27.1 ( 192.168.27.1:20015 )
  INFO root [0x0000dd24] [2019-05-29 01:45:40,763] - NetworkInterface::initialize(EXTERNAL-TCP): address 192.168.27.1:20015, SOMAXCONN=128.
  INFO root [0x0000dd24] [2019-05-29 01:45:40,767] - NetworkInterface::initialize(EXTERNAL-UDP): bound to all interfaces with default route interface on 192.168.27.1 ( 192.168.27.1:20005 )
  INFO root [0x0000dd24] [2019-05-29 01:45:40,767] - NetworkInterface::initialize(EXTERNAL-UDP): address 192.168.27.1:20005, SOMAXCONN=128.
  INFO root [0x0000dd24] [2019-05-29 01:45:40,771] - NetworkInterface::initialize(INTERNAL-TCP): bound to all interfaces with default route interface on 192.168.27.1 ( 192.168.27.1:4973 )
  INFO root [0x0000dd24] [2019-05-29 01:45:40,771] - NetworkInterface::initialize(INTERNAL-TCP): address 192.168.27.1:4973, SOMAXCONN=128.
  INFO root [0x0000dd24] [2019-05-29 01:45:40,772] - server-configs:
  INFO root [0x0000dd24] [2019-05-29 01:45:40,772] - 	gameUpdateHertz : 10
  INFO root [0x0000dd24] [2019-05-29 01:45:40,772] - 	entryScriptFile : ouromain
  INFO root [0x0000dd24] [2019-05-29 01:45:40,772] - 	internalTcpAddr : 192.168.27.1:4973
  INFO root [0x0000dd24] [2019-05-29 01:45:40,772] - 	externalTcpAddr : 192.168.27.1:20015
  INFO root [0x0000dd24] [2019-05-29 01:45:40,772] - 	externalUdpAddr : 192.168.27.1:20005
  INFO root [0x0000dd24] [2019-05-29 01:45:40,773] - 	componentID : 7001
  INFO root [0x0000dd24] [2019-05-29 01:45:41,061] - Components::findLogger: found logger, addr:192.168.27.1:4775
  INFO root [0x0000dd24] [2019-05-29 01:45:41,061] - Components::addComponent: reset orderLog, uid=10103!
  INFO root [0x0000dd24] [2019-05-29 01:45:41,062] - Components::addComponent[logger], uid=10103, componentID=2000, globalorderid=1, grouporderid=1, totalcount=1
  INFO root [0x0000dd24] [2019-05-29 01:45:41,071] - ---- baseapp Version: 2.5.0. ScriptVersion: 0.1.0. Pythoncore: 3.7.3. Protocol: 2A960BECD30E90E83AD965BB31769E2B. Config: Debug X86. Built: 02:54:19 May 23 2019. AppID: 7001. UID: 10103. PID: 29220 ----
  INFO root [0x0000dd24] [2019-05-29 01:45:41,071] - Server Black: Intel(R) Core(TM) i7-7700HQ CPU @ 2.80GHz with 2097151kB RAM
  INFO root [0x0000dd24] [2019-05-29 01:45:41,080] - ThreadPool::createThreadPool: creating  threadpool...
  INFO root [0x0000dd24] [2019-05-29 01:45:41,080] - ThreadPool::createThreadPool: successfully(2), newThreadCount=1, normalMaxThreadCount=2, maxThreadCount=8
  INFO root [0x0000dd24] [2019-05-29 01:45:41,322] - Script::install(): is successfully, Python=(3.7.3 (default, May 23 2019, 03:58:29) [MSC v.1916 32 bit (Intel)])!
  INFO root [0x0000dd24] [2019-05-29 01:45:41,322] - Script::install(): OUROxtra is successfully!
 DEBUG root [0x0000dd24] [2019-05-29 01:45:41,690] - loaded entity-script:Account(1).
 DEBUG root [0x0000dd24] [2019-05-29 01:45:41,690] - loaded entity-script:Avatar(2).
 DEBUG root [0x0000dd24] [2019-05-29 01:45:41,690] - loaded entity-script:FirstEntity(3).
 DEBUG root [0x0000dd24] [2019-05-29 01:45:41,691] - loaded entity-script:Scene(4).
 DEBUG root [0x0000dd24] [2019-05-29 01:45:41,691] - loaded entity-script:Space(5).
 DEBUG root [0x0000dd24] [2019-05-29 01:45:41,692] - loaded entity-script:SpaceDuplicate(6).
 DEBUG root [0x0000dd24] [2019-05-29 01:45:41,692] - loaded entity-script:Spaces(7).
 DEBUG root [0x0000dd24] [2019-05-29 01:45:41,693] - loaded entity-script:SpawnPoint(8).
  INFO root [0x0000dd24] [2019-05-29 01:45:41,693] - Baseapp::initializeEnd: started resmgr tick(60s)!
  INFO root [0x0000dd24] [2019-05-29 01:45:41,694] - TelnetServer server is running on port 40000
  INFO root [0x0000dd24] [2019-05-29 01:45:42,263] - ---- baseapp is running ----
 DEBUG root [0x0000dd24] [2019-05-29 01:45:42,264] - Components::process(): Request for the process of identity...
  WARN root [0x0000dd24] [2019-05-29 01:45:49,132] - Forwarding logs to logger[192.168.27.1:4775/0/0/0]...
 ERROR root [0x0000dd24] [2019-05-29 06:21:32,641] - Components::removeComponentByChannel: baseappmgr : 5000, Abnormal exit(reason=TCPPacketReceiver::processRecv(): error=10054
)! Channel(timestamp=11241679483146, lastReceivedTime=11241411005443, inactivityExceptionPeriod=599483310)
  INFO root [0x0000dd24] [2019-05-29 06:21:32,864] - The following logs sent to logger failed:
  WARN root [0x0000dd24] [2019-05-29 06:21:32,865] - ==> [2019-05-29 06:21:32 846] TCPPacketReceiver::processPendingEvents(192.168.27.1:4775): Throwing REASON_GENERAL_NETWORK - WSAECONNRESET
  INFO root [0x0000dd24] [2019-05-29 06:21:32,865] - ==> [2019-05-29 06:21:32 853] Components::removeComponentByChannel: logger : 2000, Normal exit!
  WARN root [0x0000dd24] [2019-05-29 06:21:32,866] - TCPPacketReceiver::processPendingEvents(192.168.27.1:4846): Throwing REASON_GENERAL_NETWORK - WSAECONNRESET
  INFO root [0x0000dd24] [2019-05-29 06:21:32,867] - Components::removeComponentByChannel: dbmgr : 4000, Normal exit!
  WARN root [0x0000dd24] [2019-05-29 06:21:32,867] - ServerApp::shutDown:  In shuttingdown!
  WARN root [0x0000dd24] [2019-05-29 06:21:32,868] - TCPPacketReceiver::processPendingEvents(192.168.27.1:4932): Throwing REASON_GENERAL_NETWORK - WSAECONNRESET
  INFO root [0x0000dd24] [2019-05-29 06:21:32,869] - Components::removeComponentByChannel: cellappmgr : 6000, Normal exit!
  WARN root [0x0000dd24] [2019-05-29 06:21:32,869] - TCPPacketReceiver::processPendingEvents(192.168.27.1:5013): Throwing REASON_GENERAL_NETWORK - WSAECONNRESET
  INFO root [0x0000dd24] [2019-05-29 06:21:32,870] - Components::removeComponentByChannel: cellapp : 8001, Normal exit!
  WARN root [0x0000dd24] [2019-05-29 06:21:33,773] - EntityApp::checkTickPeriod: tick took 372% (0.37 seconds)!
  WARN root [0x0000dd24] [2019-05-29 21:22:50,912] - d:\scratch\___kbe__\ouroboros-2.5.0\ouro\src\server\baseapp\baseapp.cpp:560: Profile gameTick took 54078.65 seconds
  WARN root [0x0000dd24] [2019-05-29 21:22:51,690] - EntityApp::checkTickPeriod: tick took 11129753% (11129.75 seconds)!
  WARN root [0x0000dd24] [2019-05-29 21:22:52,191] - d:\scratch\___kbe__\ouroboros-2.5.0\ouro\src\server\baseapp\baseapp.cpp:560: Profile gameTick took 0.50 seconds
  WARN root [0x0000dd24] [2019-05-29 21:22:52,509] - EntityApp::checkTickPeriod: tick took 819% (0.82 seconds)!
  WARN root [0x0000dd24] [2019-05-29 21:22:52,774] - d:\scratch\___kbe__\ouroboros-2.5.0\ouro\src\server\baseapp\baseapp.cpp:560: Profile gameTick took 0.26 seconds
  WARN root [0x0000dd24] [2019-05-29 21:22:52,922] - d:\scratch\___kbe__\ouroboros-2.5.0\ouro\src\lib\network\event_dispatcher.cpp:153: Profile callSystemTimers took 54080.66 seconds
  WARN root [0x0000dd24] [2019-05-29 21:22:53,126] - EntityApp::checkTickPeriod: tick took 616% (0.62 seconds)!
  INFO root [0x0000dd24] [2019-05-29 21:22:53,207] - Shutdowner::onShutdown: shutting down
S_INFO root [0x0000dd24] [2019-05-29 21:22:53,208] - onReadyForShutDown()
  INFO root [0x0000dd24] [2019-05-29 21:22:53,208] - Baseapp::canShutdown(): Wait for the entity's into the database! The remaining 3.
 ERROR root [0x0000dd24] [2019-05-29 21:22:53,217] - Space::sendToCellapp: pChannel == NULL! entityID=3
 ERROR root [0x0000dd24] [2019-05-29 21:22:53,338] - Space::sendToCellapp: pChannel == NULL! entityID=2
  WARN root [0x0000dd24] [2019-05-29 21:23:30,184] - d:\scratch\___kbe__\ouroboros-2.5.0\ouro\src\lib\network\event_dispatcher.cpp:153: Profile callSystemTimers took 37.06 seconds
S_INFO root [0x0000dd24] [2019-05-29 21:23:30,185] - onReadyForShutDown()
  INFO root [0x0000dd24] [2019-05-29 21:23:30,185] - Baseapp::canShutdown(): Wait for the entity's into the database! The remaining 3.
S_INFO root [0x0000dd24] [2019-05-29 21:23:30,185] - onBaseAppShutDown: state=1
 ERROR root [0x0000dd24] [2019-05-29 21:23:30,185] - For a long time(3600s) not to empty the garbages, there may be a leak of the entitys(size:2), please use the "Ouroboros.entities.garbages.items()" command query!
S_INFO root [0x0000dd24] [2019-05-29 21:23:31,189] - onReadyForShutDown()
  INFO root [0x0000dd24] [2019-05-29 21:23:31,189] - Shutdowner::onShutdownEnd: shutting down
S_INFO root [0x0000dd24] [2019-05-29 21:23:31,290] - onBaseAppShutDown: state=2
 ERROR root [0x0000dd24] [2019-05-29 21:23:31,316] - PyGC::debugTracing(): Entity : leaked(5)
 ERROR root [0x0000dd24] [2019-05-29 21:23:31,316] - PyGC::debugTracing(): FixedArray : leaked(2)
 ERROR root [0x0000dd24] [2019-05-29 21:23:31,317] - PyGC::debugTracing(): EntityCall : leaked(2)
 ERROR root [0x0000dd24] [2019-05-29 21:23:31,333] - EntityGarbages::~EntityGarbages(): leaked, size=5.
 ERROR root [0x0000dd24] [2019-05-29 21:23:31,334] - 	--> leaked: Avatar(6).
 ERROR root [0x0000dd24] [2019-05-29 21:23:31,334] - 	--> leaked: Avatar(7).
 ERROR root [0x0000dd24] [2019-05-29 21:23:31,335] - 	--> leaked: Spaces(1).
 ERROR root [0x0000dd24] [2019-05-29 21:23:31,336] - 	--> leaked: Space(2).
 ERROR root [0x0000dd24] [2019-05-29 21:23:31,336] - 	--> leaked: Space(3).
 DEBUG root [0x0000dd24] [2019-05-29 21:23:31,337] - Spaces::~Spaces(): 1
 DEBUG root [0x0000dd24] [2019-05-29 21:23:31,337] - Avatar::~Avatar(): 6
 DEBUG root [0x0000dd24] [2019-05-29 21:23:31,337] - Avatar::~Avatar(): 7
 DEBUG root [0x0000dd24] [2019-05-29 21:23:31,337] - Space::~Space(): 2
 DEBUG root [0x0000dd24] [2019-05-29 21:23:31,337] - Space::~Space(): 3
  INFO root [0x0000dd24] [2019-05-29 21:23:31,344] - Script::uninstall(): is successfully!
 DEBUG root [0x0000dd24] [2019-05-29 21:23:31,345] - ThreadPool::destroy(): starting size 2.
  WARN root [0x0000dd24] [2019-05-29 21:23:31,646] - ThreadPool::destroy(): waiting for thread(2)[0x1d71990,0x1d71788,], try=1
 DEBUG root [0x0000dd24] [2019-05-29 21:23:32,048] - TPThread::~TPThread(): 0x1d71990
 DEBUG root [0x0000dd24] [2019-05-29 21:23:32,048] - TPThread::~TPThread(): 0x1d71788
 DEBUG root [0x0000dd24] [2019-05-29 21:23:32,048] - ThreadPool::destroy(): successfully!
 DEBUG root [0x0000dd24] [2019-05-29 21:23:32,050] - Bundle::destroyObjPool(): size 14.
 DEBUG root [0x0000dd24] [2019-05-29 21:23:32,050] - Channel::destroyObjPool(): size 16.
 DEBUG root [0x0000dd24] [2019-05-29 21:23:32,050] - TCPPacket::destroyObjPool(): size 14.
 DEBUG root [0x0000dd24] [2019-05-29 21:23:32,051] - UDPPacket::destroyObjPool(): size 16.
 DEBUG root [0x0000dd24] [2019-05-29 21:23:32,051] - EndPoint::destroyObjPool(): size 16.
 DEBUG root [0x0000dd24] [2019-05-29 21:23:32,051] - Address::destroyObjPool(): size 0.
 DEBUG root [0x0000dd24] [2019-05-29 21:23:32,051] - TCPPacketReceiver::destroyObjPool(): size 0.
 DEBUG root [0x0000dd24] [2019-05-29 21:23:32,051] - UDPPacketReceiver::destroyObjPool(): size 0.
  INFO root [0x0000dd24] [2019-05-29 21:23:32,051] - baseapp(7001) has shut down.
