  INFO root [2019-05-29 01:45:05,770] - 
  INFO root [2019-05-29 01:45:05,771] - -----------------------------------------------------------------------------------------


  INFO root [2019-05-29 01:45:05,775] - Resmgr::initialize: OURO_ROOT=C:/Users/Black/Ouroboros/
  INFO root [2019-05-29 01:45:05,775] - Resmgr::initialize: OURO_RES_PATH=C:/Users/Black/Ouroboros/ouro/res/;C:/Users/Black/Ouroboros/assets/;C:/Users/Black/Ouroboros/assets/scripts/;C:/Users/Black/Ouroboros/assets/res/
  INFO root [2019-05-29 01:45:05,775] - Resmgr::initialize: OURO_BIN_PATH=C:/Users/Black/Ouroboros/ouro/bin/server/
  INFO root [2019-05-29 01:45:05,788] - NetworkInterface::initialize(INTERNAL-TCP): bound to all interfaces with default route interface on 192.168.27.1 ( 192.168.27.1:4890 )
  INFO root [2019-05-29 01:45:05,788] - NetworkInterface::initialize(INTERNAL-TCP): address 192.168.27.1:4890, SOMAXCONN=5.
  INFO root [2019-05-29 01:45:05,789] - server-configs:
  INFO root [2019-05-29 01:45:05,789] - 	internalTcpAddr : 192.168.27.1:4890
  INFO root [2019-05-29 01:45:05,789] - 	componentID : 5000
  INFO root [2019-05-29 01:45:05,861] - Components::findLogger: found logger, addr:192.168.27.1:4775
  INFO root [2019-05-29 01:45:05,869] - Components::addComponent: reset orderLog, uid=10103!
  INFO root [2019-05-29 01:45:05,870] - Components::addComponent[logger], uid=10103, componentID=2000, globalorderid=1, grouporderid=1, totalcount=1
  INFO root [2019-05-29 01:45:05,896] - ---- baseappmgr Version: 2.5.0. ScriptVersion: 0.1.0. Pythoncore: 3.7.3. Protocol: E5EC485237515D3DB92303DAB9A28436. Config: Debug X86. Built: 02:53:41 May 23 2019. AppID: 5000. UID: 10103. PID: 24232 ----
  INFO root [2019-05-29 01:45:05,897] - Server Black: Intel(R) Core(TM) i7-7700HQ CPU @ 2.80GHz with 2097151kB RAM
  INFO root [2019-05-29 01:45:05,898] - ThreadPool::createThreadPool: creating  threadpool...
  INFO root [2019-05-29 01:45:05,899] - ThreadPool::createThreadPool: successfully(2), newThreadCount=1, normalMaxThreadCount=2, maxThreadCount=8
  INFO root [2019-05-29 01:45:06,275] - ---- baseappmgr is running ----
 DEBUG root [2019-05-29 01:45:06,275] - Components::process(): Request for the process of identity...
  WARN root [2019-05-29 01:45:13,199] - Forwarding logs to logger[192.168.27.1:4775/0/0/0]...
 ERROR root [2019-05-29 06:21:32,641] - Components::removeComponentByChannel: cellappmgr : 6000, Abnormal exit(reason=TCPPacketReceiver::processRecv(): error=10054
)! Channel(timestamp=11241679486115, lastReceivedTime=11241588389568, inactivityExceptionPeriod=599499745)
 ERROR root [2019-05-29 06:21:32,806] - Components::removeComponentByChannel: logger : 2000, Abnormal exit(reason=TCPPacketReceiver::processRecv(): error=10054
)! Channel(timestamp=11241681142635, lastReceivedTime=11241488898238, inactivityExceptionPeriod=599499745)
  INFO root [2019-05-29 06:21:32,864] - The following logs sent to logger failed:
  WARN root [2019-05-29 06:21:32,865] - ==> [2019-05-29 06:21:32 803] TCPPacketReceiver::processPendingEvents(192.168.27.1:4775): Throwing REASON_GENERAL_NETWORK - WSAECONNRESET
 ERROR root [2019-05-29 06:21:32,866] - ==> [2019-05-29 06:21:32 807] Components::removeComponentByChannel: logger : 2000, Abnormal exit(reason=TCPPacketReceiver::processRecv(): error=10054
)! Channel(timestamp=11241681142635, lastReceivedTime=11241488898238, inactivityExceptionPeriod=599499745)
  WARN root [2019-05-29 06:21:32,866] - TCPPacketReceiver::processPendingEvents(192.168.27.1:4846): Throwing REASON_GENERAL_NETWORK - WSAECONNRESET
 ERROR root [2019-05-29 06:21:32,867] - Components::removeComponentByChannel: dbmgr : 4000, Abnormal exit(reason=TCPPacketReceiver::processRecv(): error=10054
)! Channel(timestamp=11241681749195, lastReceivedTime=11241535440689, inactivityExceptionPeriod=599499745)
  INFO root [2019-05-29 06:21:32,870] - Shutdowner::onShutdownBegin: shutting down(period=0, tickPeriod=1)
  INFO root [2019-05-29 06:21:32,871] - Shutdowner::onShutdown: shutting down
  INFO root [2019-05-29 06:21:32,871] - Shutdowner::onShutdownEnd: shutting down
  WARN root [2019-05-29 06:21:32,871] - TCPPacketReceiver::processPendingEvents(192.168.27.1:5006): Throwing REASON_GENERAL_NETWORK - WSAECONNRESET
  WARN root [2019-05-29 06:21:32,872] - Baseappmgr::onChannelDeregister: erase baseapp[7001], currsize=0
  INFO root [2019-05-29 06:21:32,873] - Components::removeComponentByChannel: baseapp : 7001, Normal exit!
  WARN root [2019-05-29 06:21:32,873] - TCPPacketReceiver::processPendingEvents(192.168.27.1:5059): Throwing REASON_GENERAL_NETWORK - WSAECONNRESET
  INFO root [2019-05-29 06:21:32,874] - Components::removeComponentByChannel: cellapp : 8001, Normal exit!
  WARN root [2019-05-29 06:21:32,875] - TCPPacketReceiver::processPendingEvents(192.168.27.1:5072): Throwing REASON_GENERAL_NETWORK - WSAECONNRESET
  INFO root [2019-05-29 06:21:32,876] - Components::removeComponentByChannel: loginapp : 9000, Normal exit!
 DEBUG root [2019-05-29 06:21:32,877] - ThreadPool::destroy(): starting size 2.
  WARN root [2019-05-29 06:21:33,178] - ThreadPool::destroy(): waiting for thread(2)[0x94af48,0x94acd8,], try=1
 DEBUG root [2019-05-29 21:22:48,629] - TPThread::~TPThread(): 0x94af48
 DEBUG root [2019-05-29 21:22:50,060] - TPThread::~TPThread(): 0x94acd8
 DEBUG root [2019-05-29 21:22:50,060] - ThreadPool::destroy(): successfully!
 DEBUG root [2019-05-29 21:22:50,337] - Bundle::destroyObjPool(): size 15.
 DEBUG root [2019-05-29 21:22:50,337] - Channel::destroyObjPool(): size 16.
 DEBUG root [2019-05-29 21:22:50,338] - TCPPacket::destroyObjPool(): size 0.
 DEBUG root [2019-05-29 21:22:50,338] - UDPPacket::destroyObjPool(): size 12.
 DEBUG root [2019-05-29 21:22:50,339] - EndPoint::destroyObjPool(): size 16.
 DEBUG root [2019-05-29 21:22:50,339] - Address::destroyObjPool(): size 0.
 DEBUG root [2019-05-29 21:22:50,339] - TCPPacketReceiver::destroyObjPool(): size 0.
 DEBUG root [2019-05-29 21:22:50,339] - UDPPacketReceiver::destroyObjPool(): size 0.
  INFO root [2019-05-29 21:22:50,339] - baseappmgr(5000) has shut down.
  INFO root [2019-05-29 21:22:51,491] - EventDispatcher()::~EventDispatcher: Num timers = 1
