 DEBUG root [2019-05-31 20:43:19,888] - Bundle::destroyObjPool(): size 15.
 DEBUG root [2019-05-31 20:43:20,146] - Channel::destroyObjPool(): size 16.
 DEBUG root [2019-05-31 20:43:20,147] - TCPPacket::destroyObjPool(): size 0.
 DEBUG root [2019-05-31 20:43:20,147] - UDPPacket::destroyObjPool(): size 6.
 DEBUG root [2019-05-31 20:43:20,147] - EndPoint::destroyObjPool(): size 16.
 DEBUG root [2019-05-31 20:43:20,147] - Address::destroyObjPool(): size 0.
 DEBUG root [2019-05-31 20:43:20,147] - TCPPacketReceiver::destroyObjPool(): size 0.
 DEBUG root [2019-05-31 20:43:20,148] - UDPPacketReceiver::destroyObjPool(): size 0.
  INFO root [2019-05-31 20:43:20,148] - baseappmgr(5000) has shut down.
  INFO root [2019-05-31 20:43:21,177] - EventDispatcher()::~EventDispatcher: Num timers = 1
  INFO root [2019-05-31 22:58:46,653] - 
  INFO root [2019-05-31 22:58:46,654] - -----------------------------------------------------------------------------------------


  INFO root [2019-05-31 22:58:46,655] - Resmgr::initialize: OURO_ROOT=C:/Users/Black/Ouroboros/
  INFO root [2019-05-31 22:58:46,656] - Resmgr::initialize: OURO_RES_PATH=C:/Users/Black/Ouroboros/ouro/res/;C:/Users/Black/Ouroboros/assets/;C:/Users/Black/Ouroboros/assets/scripts/;C:/Users/Black/Ouroboros/assets/res/
  INFO root [2019-05-31 22:58:46,656] - Resmgr::initialize: OURO_BIN_PATH=C:/Users/Black/Ouroboros/ouro/bin/server/
  INFO root [2019-05-31 22:58:46,669] - NetworkInterface::initialize(INTERNAL-TCP): bound to all interfaces with default route interface on 192.168.27.1 ( 192.168.27.1:2477 )
  INFO root [2019-05-31 22:58:46,669] - NetworkInterface::initialize(INTERNAL-TCP): address 192.168.27.1:2477, SOMAXCONN=5.
  INFO root [2019-05-31 22:58:46,669] - server-configs:
  INFO root [2019-05-31 22:58:46,669] - 	internalTcpAddr : 192.168.27.1:2477
  INFO root [2019-05-31 22:58:46,669] - 	componentID : 5000
  INFO root [2019-05-31 22:58:46,731] - Components::findLogger: found logger, addr:192.168.27.1:2423
  INFO root [2019-05-31 22:58:46,731] - Components::addComponent: reset orderLog, uid=10103!
  INFO root [2019-05-31 22:58:46,732] - Components::addComponent[logger], uid=10103, componentID=2000, globalorderid=1, grouporderid=1, totalcount=1
  INFO root [2019-05-31 22:58:46,738] - ---- baseappmgr Version: 2.5.0. ScriptVersion: 0.1.0. Pythoncore: 3.7.3. Protocol: E5EC485237515D3DB92303DAB9A28436. Config: Debug X86. Built: 02:53:41 May 23 2019. AppID: 5000. UID: 10103. PID: 24452 ----
  INFO root [2019-05-31 22:58:46,739] - Server Black: Intel(R) Core(TM) i7-7700HQ CPU @ 2.80GHz with 2097151kB RAM
  INFO root [2019-05-31 22:58:46,740] - ThreadPool::createThreadPool: creating  threadpool...
  INFO root [2019-05-31 22:58:46,740] - ThreadPool::createThreadPool: successfully(2), newThreadCount=1, normalMaxThreadCount=2, maxThreadCount=8
  INFO root [2019-05-31 22:58:47,176] - ---- baseappmgr is running ----
 DEBUG root [2019-05-31 22:58:47,177] - Components::process(): Request for the process of identity...
  WARN root [2019-05-31 22:58:53,545] - Forwarding logs to logger[192.168.27.1:2423/0/0/0]...
