 ERROR root [2019-06-01 05:21:58,128] - Components::removeComponentByChannel: logger : 2000, Abnormal exit(reason=TCPPacketReceiver::processRecv(): error=10054
)! Channel(timestamp=1997731958028, lastReceivedTime=1997671619896, inactivityExceptionPeriod=599500512)
  INFO root [2019-06-01 05:21:58,176] - The following logs sent to logger failed:
  WARN root [2019-06-01 05:21:58,176] - ==> [2019-06-01 05:21:58 107] TCPPacketReceiver::processPendingEvents(192.168.27.1:2423): Throwing REASON_GENERAL_NETWORK - WSAECONNRESET
 ERROR root [2019-06-01 05:21:58,177] - ==> [2019-06-01 05:21:58 129] Components::removeComponentByChannel: logger : 2000, Abnormal exit(reason=TCPPacketReceiver::processRecv(): error=10054
)! Channel(timestamp=1997731958028, lastReceivedTime=1997671619896, inactivityExceptionPeriod=599500512)
  WARN root [2019-06-01 05:21:58,177] - TCPPacketReceiver::processPendingEvents(192.168.27.1:2476): Throwing REASON_GENERAL_NETWORK - WSAECONNRESET
 ERROR root [2019-06-01 05:21:58,199] - Components::removeComponentByChannel: dbmgr : 4000, Abnormal exit(reason=TCPPacketReceiver::processRecv(): error=10054
)! Channel(timestamp=1997732666201, lastReceivedTime=1997606408447, inactivityExceptionPeriod=599500512)
  INFO root [2019-06-01 05:21:58,225] - Shutdowner::onShutdownBegin: shutting down(period=0, tickPeriod=1)
  INFO root [2019-06-01 05:21:58,226] - Shutdowner::onShutdown: shutting down
  INFO root [2019-06-01 05:21:58,226] - Shutdowner::onShutdownEnd: shutting down
  WARN root [2019-06-01 05:21:58,226] - TCPPacketReceiver::processPendingEvents(192.168.27.1:2477): Throwing REASON_GENERAL_NETWORK - WSAECONNRESET
  INFO root [2019-06-01 05:21:58,226] - Components::removeComponentByChannel: baseappmgr : 5000, Normal exit!
  WARN root [2019-06-01 05:21:58,226] - TCPPacketReceiver::processPendingEvents(192.168.27.1:2552): Throwing REASON_GENERAL_NETWORK - WSAECONNRESET
  INFO root [2019-06-01 05:21:58,226] - Components::removeComponentByChannel: baseapp : 7001, Normal exit!
  WARN root [2019-06-01 05:21:58,227] - TCPPacketReceiver::processPendingEvents(192.168.27.1:2591): Throwing REASON_GENERAL_NETWORK - WSAECONNRESET
  WARN root [2019-06-01 05:21:58,227] - Cellappmgr::removeCellapp: erase cellapp[8001], currsize=0
  INFO root [2019-06-01 05:21:58,227] - Components::removeComponentByChannel: cellapp : 8001, Normal exit!
 DEBUG root [2019-06-01 05:21:58,228] - ThreadPool::destroy(): starting size 2.
  WARN root [2019-06-01 05:21:58,530] - ThreadPool::destroy(): waiting for thread(2)[0x85d220,0x85d288,], try=1
 DEBUG root [2019-06-01 05:21:58,932] - TPThread::~TPThread(): 0x85d220
 DEBUG root [2019-06-01 05:21:58,932] - TPThread::~TPThread(): 0x85d288
 DEBUG root [2019-06-01 05:21:58,932] - ThreadPool::destroy(): successfully!
 DEBUG root [2019-06-01 05:21:58,941] - Bundle::destroyObjPool(): size 15.
 DEBUG root [2019-06-01 05:21:58,941] - Channel::destroyObjPool(): size 16.
 DEBUG root [2019-06-01 05:21:58,942] - TCPPacket::destroyObjPool(): size 0.
 DEBUG root [2019-06-01 05:21:58,942] - UDPPacket::destroyObjPool(): size 5.
 DEBUG root [2019-06-01 05:21:58,942] - EndPoint::destroyObjPool(): size 16.
 DEBUG root [2019-06-01 05:21:58,942] - Address::destroyObjPool(): size 0.
 DEBUG root [2019-06-01 05:21:58,942] - TCPPacketReceiver::destroyObjPool(): size 0.
 DEBUG root [2019-06-01 05:21:58,942] - UDPPacketReceiver::destroyObjPool(): size 0.
  INFO root [2019-06-01 05:21:58,942] - cellappmgr(6000) has shut down.
  INFO root [2019-06-01 17:09:51,210] - EventDispatcher()::~EventDispatcher: Num timers = 1
