  INFO root [0x00011078] [2019-05-23 05:06:04,123] - 
  INFO root [0x00011078] [2019-05-23 05:06:04,123] - -----------------------------------------------------------------------------------------


  INFO root [0x00011078] [2019-05-23 05:06:04,124] - Resmgr::initialize: OURO_ROOT=C:/Users/Black/Ouroboros/
  INFO root [0x00011078] [2019-05-23 05:06:04,125] - Resmgr::initialize: OURO_RES_PATH=C:/Users/Black/Ouroboros/ouro/res/;C:/Users/Black/Ouroboros/assets/;C:/Users/Black/Ouroboros/assets/scripts/;C:/Users/Black/Ouroboros/assets/res/
  INFO root [0x00011078] [2019-05-23 05:06:04,125] - Resmgr::initialize: OURO_BIN_PATH=C:/Users/Black/Ouroboros/ouro/bin/server/
  INFO root [0x00011078] [2019-05-23 05:06:04,139] - NetworkInterface::initialize(INTERNAL-TCP): bound to all interfaces with default route interface on 192.168.27.1 ( 192.168.27.1:4258 )
  INFO root [0x00011078] [2019-05-23 05:06:04,140] - NetworkInterface::initialize(INTERNAL-TCP): address 192.168.27.1:4258, SOMAXCONN=5.
  INFO root [0x00011078] [2019-05-23 05:06:04,140] - server-configs:
  INFO root [0x00011078] [2019-05-23 05:06:04,140] - 	gameUpdateHertz : 10
  INFO root [0x00011078] [2019-05-23 05:06:04,141] - 	defaultViewRadius : 80
  INFO root [0x00011078] [2019-05-23 05:06:04,141] - 	defaultViewHysteresisArea : 5
  INFO root [0x00011078] [2019-05-23 05:06:04,141] - 	entryScriptFile : ouromain
  INFO root [0x00011078] [2019-05-23 05:06:04,141] - 	internalTcpAddr : 192.168.27.1:4258
  INFO root [0x00011078] [2019-05-23 05:06:04,141] - 	componentID : 8001
  INFO root [0x00011078] [2019-05-23 05:06:04,244] - Components::findLogger: found logger, addr:192.168.27.1:4033
  INFO root [0x00011078] [2019-05-23 05:06:04,244] - Components::addComponent: reset orderLog, uid=10103!
  INFO root [0x00011078] [2019-05-23 05:06:04,244] - Components::addComponent[logger], uid=10103, componentID=2000, globalorderid=1, grouporderid=1, totalcount=1
  INFO root [0x00011078] [2019-05-23 05:06:04,252] - ---- cellapp Version: 2.5.0. ScriptVersion: 0.1.0. Pythoncore: 3.7.3. Protocol: 8652043B9D1A1F169DDC4E8CD899D692. Config: Debug X86. Built: 02:55:12 May 23 2019. AppID: 8001. UID: 10103. PID: 53984 ----
  INFO root [0x00011078] [2019-05-23 05:06:04,254] - Server Black: Intel(R) Core(TM) i7-7700HQ CPU @ 2.80GHz with 2097151kB RAM
  INFO root [0x00011078] [2019-05-23 05:06:04,254] - ThreadPool::createThreadPool: creating  threadpool...
  INFO root [0x00011078] [2019-05-23 05:06:04,255] - ThreadPool::createThreadPool: successfully(2), newThreadCount=1, normalMaxThreadCount=2, maxThreadCount=8
  INFO root [0x00011078] [2019-05-23 05:06:04,471] - Script::install(): is successfully, Python=(3.7.3 (default, May 23 2019, 03:58:29) [MSC v.1916 32 bit (Intel)])!
  INFO root [0x00011078] [2019-05-23 05:06:04,471] - Script::install(): OUROxtra is successfully!
 DEBUG root [0x00011078] [2019-05-23 05:06:04,933] - loaded entity-script:Account(1).
  WARN root [0x00011078] [2019-05-23 05:06:04,934] - EntityDef::checkDefMethod: exposed of method: Avatar.updateEG, check the caller can use "def updateEG(self, callerID, ...)", such as: if callerID == self.id!
  WARN root [0x00011078] [2019-05-23 05:06:04,935] - EntityDef::checkDefMethod: exposed of method: Avatar.updateLastSyncTime, check the caller can use "def updateLastSyncTime(self, callerID, ...)", such as: if callerID == self.id!
  WARN root [0x00011078] [2019-05-23 05:06:04,935] - EntityDef::checkDefMethod: exposed of method: Avatar.updatePositionSynced, check the caller can use "def updatePositionSynced(self, callerID, ...)", such as: if callerID == self.id!
 DEBUG root [0x00011078] [2019-05-23 05:06:04,935] - loaded entity-script:Avatar(2).
 DEBUG root [0x00011078] [2019-05-23 05:06:04,936] - loaded entity-script:FirstEntity(3).
 DEBUG root [0x00011078] [2019-05-23 05:06:04,936] - loaded entity-script:Scene(4).
 DEBUG root [0x00011078] [2019-05-23 05:06:04,936] - loaded entity-script:Space(5).
 DEBUG root [0x00011078] [2019-05-23 05:06:04,937] - loaded entity-script:SpaceDuplicate(6).
 DEBUG root [0x00011078] [2019-05-23 05:06:04,939] - loaded entity-script:SpawnPoint(8).
  INFO root [0x00011078] [2019-05-23 05:06:04,941] - TelnetServer server is running on port 50000
  INFO root [0x00011078] [2019-05-23 05:06:05,519] - ---- cellapp is running ----
 DEBUG root [0x00011078] [2019-05-23 05:06:05,520] - Components::process(): Request for the process of identity...
  WARN root [0x00011078] [2019-05-23 05:06:12,423] - Forwarding logs to logger[192.168.27.1:4033/0/0/0]...
 ERROR root [0x00011078] [2019-05-23 05:26:45,481] - Components::removeComponentByChannel: logger : 2000, Abnormal exit(reason=TCPPacketReceiver::processRecv(): error=10054
)! Channel(timestamp=6024865111744, lastReceivedTime=6024616995065, inactivityExceptionPeriod=599500000)
  INFO root [0x00011078] [2019-05-23 05:26:45,494] - The following logs sent to logger failed:
  WARN root [0x00011078] [2019-05-23 05:26:45,495] - ==> [2019-05-23 05:26:45 481] TCPPacketReceiver::processPendingEvents(192.168.27.1:4033): Throwing REASON_GENERAL_NETWORK - WSAECONNRESET
 ERROR root [0x00011078] [2019-05-23 05:26:45,495] - ==> [2019-05-23 05:26:45 482] Components::removeComponentByChannel: logger : 2000, Abnormal exit(reason=TCPPacketReceiver::processRecv(): error=10054
)! Channel(timestamp=6024865111744, lastReceivedTime=6024616995065, inactivityExceptionPeriod=599500000)
  WARN root [0x00011078] [2019-05-23 05:26:46,320] - Components::findComponents: find dbmgr(594)...
delay time is too long, please check the dbmgr logs!
  INFO root [0x000100b4] [2019-05-23 05:27:18,515] - 
  INFO root [0x000100b4] [2019-05-23 05:27:18,518] - -----------------------------------------------------------------------------------------


  INFO root [0x000100b4] [2019-05-23 05:27:18,519] - Resmgr::initialize: OURO_ROOT=C:/Users/Black/Ouroboros/
  INFO root [0x000100b4] [2019-05-23 05:27:18,520] - Resmgr::initialize: OURO_RES_PATH=C:/Users/Black/Ouroboros/ouro/res/;C:/Users/Black/Ouroboros/assets/;C:/Users/Black/Ouroboros/assets/scripts/;C:/Users/Black/Ouroboros/assets/res/
  INFO root [0x000100b4] [2019-05-23 05:27:18,521] - Resmgr::initialize: OURO_BIN_PATH=C:/Users/Black/Ouroboros/ouro/bin/server/
  INFO root [0x000100b4] [2019-05-23 05:27:18,541] - NetworkInterface::initialize(INTERNAL-TCP): bound to all interfaces with default route interface on 192.168.27.1 ( 192.168.27.1:6882 )
  INFO root [0x000100b4] [2019-05-23 05:27:18,541] - NetworkInterface::initialize(INTERNAL-TCP): address 192.168.27.1:6882, SOMAXCONN=5.
  INFO root [0x000100b4] [2019-05-23 05:27:18,542] - server-configs:
  INFO root [0x000100b4] [2019-05-23 05:27:18,542] - 	gameUpdateHertz : 10
  INFO root [0x000100b4] [2019-05-23 05:27:18,542] - 	defaultViewRadius : 80
  INFO root [0x000100b4] [2019-05-23 05:27:18,542] - 	defaultViewHysteresisArea : 5
  INFO root [0x000100b4] [2019-05-23 05:27:18,542] - 	entryScriptFile : ouromain
  INFO root [0x000100b4] [2019-05-23 05:27:18,542] - 	internalTcpAddr : 192.168.27.1:6882
  INFO root [0x000100b4] [2019-05-23 05:27:18,543] - 	componentID : 8001
  INFO root [0x000100b4] [2019-05-23 05:27:20,058] - ---- cellapp Version: 2.5.0. ScriptVersion: 0.1.0. Pythoncore: 3.7.3. Protocol: 8652043B9D1A1F169DDC4E8CD899D692. Config: Debug X86. Built: 02:55:12 May 23 2019. AppID: 8001. UID: 10103. PID: 93976 ----
  INFO root [0x000100b4] [2019-05-23 05:27:20,060] - Server Black: Intel(R) Core(TM) i7-7700HQ CPU @ 2.80GHz with 2097151kB RAM
  INFO root [0x000100b4] [2019-05-23 05:27:20,060] - ThreadPool::createThreadPool: creating  threadpool...
  INFO root [0x000100b4] [2019-05-23 05:27:20,061] - ThreadPool::createThreadPool: successfully(2), newThreadCount=1, normalMaxThreadCount=2, maxThreadCount=8
  INFO root [0x000100b4] [2019-05-23 05:27:20,651] - Script::install(): is successfully, Python=(3.7.3 (default, May 23 2019, 03:58:29) [MSC v.1916 32 bit (Intel)])!
  INFO root [0x000100b4] [2019-05-23 05:27:20,651] - Script::install(): OUROxtra is successfully!
 DEBUG root [0x000100b4] [2019-05-23 05:27:21,067] - loaded entity-script:Account(1).
  WARN root [0x000100b4] [2019-05-23 05:27:21,069] - EntityDef::checkDefMethod: exposed of method: Avatar.updateEG, check the caller can use "def updateEG(self, callerID, ...)", such as: if callerID == self.id!
  WARN root [0x000100b4] [2019-05-23 05:27:21,070] - EntityDef::checkDefMethod: exposed of method: Avatar.updateLastSyncTime, check the caller can use "def updateLastSyncTime(self, callerID, ...)", such as: if callerID == self.id!
  WARN root [0x000100b4] [2019-05-23 05:27:21,070] - EntityDef::checkDefMethod: exposed of method: Avatar.updatePositionSynced, check the caller can use "def updatePositionSynced(self, callerID, ...)", such as: if callerID == self.id!
 DEBUG root [0x000100b4] [2019-05-23 05:27:21,071] - loaded entity-script:Avatar(2).
 DEBUG root [0x000100b4] [2019-05-23 05:27:21,071] - loaded entity-script:FirstEntity(3).
 DEBUG root [0x000100b4] [2019-05-23 05:27:21,072] - loaded entity-script:Scene(4).
 DEBUG root [0x000100b4] [2019-05-23 05:27:21,072] - loaded entity-script:Space(5).
 DEBUG root [0x000100b4] [2019-05-23 05:27:21,072] - loaded entity-script:SpaceDuplicate(6).
 DEBUG root [0x000100b4] [2019-05-23 05:27:21,075] - loaded entity-script:SpawnPoint(8).
  INFO root [0x000100b4] [2019-05-23 05:27:21,075] - TelnetServer server is running on port 50000
  INFO root [0x000100b4] [2019-05-23 05:27:21,971] - ---- cellapp is running ----
 DEBUG root [0x000100b4] [2019-05-23 05:27:21,971] - Components::process(): Request for the process of identity...
  WARN root [0x000100b4] [2019-05-23 05:27:29,425] - EntityApp::checkTickPeriod: tick took 7453% (7.45 seconds)!
  INFO root [0x000100b4] [2019-05-23 05:27:30,471] - Components::findComponents: find logger(1)...
  INFO root [0x000100b4] [2019-05-23 05:27:30,521] - Components::findComponents: found logger, addr:192.168.27.1:6877
  INFO root [0x000100b4] [2019-05-23 05:27:30,522] - Components::addComponent: reset orderLog, uid=10103!
  INFO root [0x000100b4] [2019-05-23 05:27:30,522] - Components::addComponent[logger], uid=10103, componentID=2000, globalorderid=1, grouporderid=1, totalcount=1
  INFO root [0x000100b4] [2019-05-23 05:27:30,523] - Components::findComponents: find dbmgr(2)...
  WARN root [0x000100b4] [2019-05-23 05:27:31,625] - EntityApp::checkTickPeriod: tick took 1253% (1.25 seconds)!
  WARN root [0x000100b4] [2019-05-23 05:27:31,625] - Forwarding logs to logger[192.168.27.1:6877/0/0/0]...
 ERROR root [0x000100b4] [2019-05-23 05:28:18,823] - Components::removeComponentByChannel: logger : 2000, Abnormal exit(reason=TCPPacketReceiver::processRecv(): error=10054
)! Channel(timestamp=6025798525340, lastReceivedTime=6025797283499, inactivityExceptionPeriod=599499297)
  INFO root [0x000100b4] [2019-05-23 05:28:18,844] - The following logs sent to logger failed:
  WARN root [0x000100b4] [2019-05-23 05:28:18,844] - ==> [2019-05-23 05:28:18 823] TCPPacketReceiver::processPendingEvents(192.168.27.1:6877): Throwing REASON_GENERAL_NETWORK - WSAECONNRESET
 ERROR root [0x000100b4] [2019-05-23 05:28:18,845] - ==> [2019-05-23 05:28:18 824] Components::removeComponentByChannel: logger : 2000, Abnormal exit(reason=TCPPacketReceiver::processRecv(): error=10054
)! Channel(timestamp=6025798525340, lastReceivedTime=6025797283499, inactivityExceptionPeriod=599499297)
  WARN root [0x000100b4] [2019-05-23 05:28:19,725] - Components::findComponents: find dbmgr(26)...
delay time is too long, please check the dbmgr logs!
  INFO root [0x00011a78] [2019-05-23 05:53:52,566] - 
  INFO root [0x00011a78] [2019-05-23 05:53:52,568] - -----------------------------------------------------------------------------------------


  INFO root [0x00011a78] [2019-05-23 05:53:52,570] - Resmgr::initialize: OURO_ROOT=C:/Users/Black/Ouroboros/
  INFO root [0x00011a78] [2019-05-23 05:53:52,570] - Resmgr::initialize: OURO_RES_PATH=C:/Users/Black/Ouroboros/ouro/res/;C:/Users/Black/Ouroboros/assets/;C:/Users/Black/Ouroboros/assets/scripts/;C:/Users/Black/Ouroboros/assets/res/
  INFO root [0x00011a78] [2019-05-23 05:53:52,570] - Resmgr::initialize: OURO_BIN_PATH=C:/Users/Black/Ouroboros/ouro/bin/server/
  INFO root [0x00011a78] [2019-05-23 05:53:52,605] - NetworkInterface::initialize(INTERNAL-TCP): bound to all interfaces with default route interface on 192.168.27.1 ( 192.168.27.1:10294 )
  INFO root [0x00011a78] [2019-05-23 05:53:52,606] - NetworkInterface::initialize(INTERNAL-TCP): address 192.168.27.1:10294, SOMAXCONN=5.
  INFO root [0x00011a78] [2019-05-23 05:53:52,606] - server-configs:
  INFO root [0x00011a78] [2019-05-23 05:53:52,606] - 	gameUpdateHertz : 10
  INFO root [0x00011a78] [2019-05-23 05:53:52,607] - 	defaultViewRadius : 80
  INFO root [0x00011a78] [2019-05-23 05:53:52,607] - 	defaultViewHysteresisArea : 5
  INFO root [0x00011a78] [2019-05-23 05:53:52,607] - 	entryScriptFile : ouromain
  INFO root [0x00011a78] [2019-05-23 05:53:52,607] - 	internalTcpAddr : 192.168.27.1:10294
  INFO root [0x00011a78] [2019-05-23 05:53:52,607] - 	componentID : 8001
  INFO root [0x00011a78] [2019-05-23 05:53:54,120] - ---- cellapp Version: 2.5.0. ScriptVersion: 0.1.0. Pythoncore: 3.7.3. Protocol: 8652043B9D1A1F169DDC4E8CD899D692. Config: Debug X86. Built: 02:55:12 May 23 2019. AppID: 8001. UID: 10103. PID: 93528 ----
  INFO root [0x00011a78] [2019-05-23 05:53:54,121] - Server Black: Intel(R) Core(TM) i7-7700HQ CPU @ 2.80GHz with 2097151kB RAM
  INFO root [0x00011a78] [2019-05-23 05:53:54,122] - ThreadPool::createThreadPool: creating  threadpool...
  INFO root [0x00011a78] [2019-05-23 05:53:54,122] - ThreadPool::createThreadPool: successfully(2), newThreadCount=1, normalMaxThreadCount=2, maxThreadCount=8
  INFO root [0x00011a78] [2019-05-23 05:53:54,370] - Script::install(): is successfully, Python=(3.7.3 (default, May 23 2019, 03:58:29) [MSC v.1916 32 bit (Intel)])!
  INFO root [0x00011a78] [2019-05-23 05:53:54,370] - Script::install(): OUROxtra is successfully!
 DEBUG root [0x00011a78] [2019-05-23 05:53:54,822] - loaded entity-script:Account(1).
  WARN root [0x00011a78] [2019-05-23 05:53:54,823] - EntityDef::checkDefMethod: exposed of method: Avatar.updateEG, check the caller can use "def updateEG(self, callerID, ...)", such as: if callerID == self.id!
  WARN root [0x00011a78] [2019-05-23 05:53:54,824] - EntityDef::checkDefMethod: exposed of method: Avatar.updateLastSyncTime, check the caller can use "def updateLastSyncTime(self, callerID, ...)", such as: if callerID == self.id!
  WARN root [0x00011a78] [2019-05-23 05:53:54,827] - EntityDef::checkDefMethod: exposed of method: Avatar.updatePositionSynced, check the caller can use "def updatePositionSynced(self, callerID, ...)", such as: if callerID == self.id!
 DEBUG root [0x00011a78] [2019-05-23 05:53:54,827] - loaded entity-script:Avatar(2).
 DEBUG root [0x00011a78] [2019-05-23 05:53:54,827] - loaded entity-script:FirstEntity(3).
 DEBUG root [0x00011a78] [2019-05-23 05:53:54,828] - loaded entity-script:Scene(4).
 DEBUG root [0x00011a78] [2019-05-23 05:53:54,829] - loaded entity-script:Space(5).
 DEBUG root [0x00011a78] [2019-05-23 05:53:54,830] - loaded entity-script:SpaceDuplicate(6).
 DEBUG root [0x00011a78] [2019-05-23 05:53:54,833] - loaded entity-script:SpawnPoint(8).
  INFO root [0x00011a78] [2019-05-23 05:53:54,833] - TelnetServer server is running on port 50000
  INFO root [0x00011a78] [2019-05-23 05:53:55,670] - ---- cellapp is running ----
 DEBUG root [0x00011a78] [2019-05-23 05:53:55,673] - Components::process(): Request for the process of identity...
  WARN root [0x00011a78] [2019-05-23 05:54:02,754] - EntityApp::checkTickPeriod: tick took 7084% (7.08 seconds)!
  INFO root [0x00011a78] [2019-05-23 05:54:03,770] - Components::findComponents: find logger(1)...
  INFO root [0x00011a78] [2019-05-23 05:54:03,844] - Components::findComponents: found logger, addr:192.168.27.1:10288
  INFO root [0x00011a78] [2019-05-23 05:54:03,845] - Components::addComponent: reset orderLog, uid=10103!
  INFO root [0x00011a78] [2019-05-23 05:54:03,845] - Components::addComponent[logger], uid=10103, componentID=2000, globalorderid=1, grouporderid=1, totalcount=1
  INFO root [0x00011a78] [2019-05-23 05:54:03,848] - Components::findComponents: find dbmgr(2)...
  INFO root [0x00011a78] [2019-05-23 05:54:03,960] - Components::findComponents: found dbmgr, addr:192.168.27.1:10290
  INFO root [0x00011a78] [2019-05-23 05:54:03,960] - Components::addComponent: reset orderLog, uid=10103!
  INFO root [0x00011a78] [2019-05-23 05:54:03,960] - Components::addComponent[dbmgr], uid=10103, componentID=4000, globalorderid=1, grouporderid=1, totalcount=1
  INFO root [0x00011a78] [2019-05-23 05:54:03,961] - Components::findComponents: found dbmgr, addr:192.168.27.1:10290
  WARN root [0x00011a78] [2019-05-23 05:54:04,961] - EntityApp::checkTickPeriod: tick took 1290% (1.29 seconds)!
  WARN root [0x00011a78] [2019-05-23 05:54:04,962] - Forwarding logs to logger[192.168.27.1:10288/0/0/0]...
 ERROR root [0x00011a78] [2019-05-23 05:58:30,937] - Components::removeComponentByChannel: baseappmgr : 5000, Abnormal exit(reason=TCPPacketReceiver::processRecv(): error=10054
)! Channel(timestamp=6043919676332, lastReceivedTime=6043834265707, inactivityExceptionPeriod=599499617)
 ERROR root [0x00011a78] [2019-05-23 05:58:30,976] - 192.168.27.1:10291: TCPPacketSender::processSend(internal): Exception occurred: REASON_CLIENT_DISCONNECTED , errno: 10054, 192.168.27.1:10291/0/0/0
 ERROR root [0x00011a78] [2019-05-23 05:58:31,362] - Components::removeComponentByChannel: cellappmgr : 6000, Abnormal exit(reason=TCPPacketSender::processSend: errno=10054)! Channel(timestamp=6043923924755, lastReceivedTime=6043835751791, inactivityExceptionPeriod=599499617)
  INFO root [0x00011a78] [2019-05-23 05:58:31,461] - The following logs sent to logger failed:
  WARN root [0x00011a78] [2019-05-23 05:58:31,462] - ==> [2019-05-23 05:58:30 918] TCPPacketReceiver::processPendingEvents(192.168.27.1:10289): Throwing REASON_GENERAL_NETWORK - WSAECONNRESET
 ERROR root [0x00011a78] [2019-05-23 05:58:31,462] - ==> [2019-05-23 05:58:30 939] Components::removeComponentByChannel: baseappmgr : 5000, Abnormal exit(reason=TCPPacketReceiver::processRecv(): error=10054
)! Channel(timestamp=6043919676332, lastReceivedTime=6043834265707, inactivityExceptionPeriod=599499617)
 ERROR root [0x00011a78] [2019-05-23 05:58:31,463] - ==> [2019-05-23 05:58:30 977] 192.168.27.1:10291: TCPPacketSender::processSend(internal): Exception occurred: REASON_CLIENT_DISCONNECTED , errno: 10054, 192.168.27.1:10291/0/0/0
 ERROR root [0x00011a78] [2019-05-23 05:58:31,463] - ==> [2019-05-23 05:58:31 363] Components::removeComponentByChannel: cellappmgr : 6000, Abnormal exit(reason=TCPPacketSender::processSend: errno=10054)! Channel(timestamp=6043923924755, lastReceivedTime=6043835751791, inactivityExceptionPeriod=599499617)
  INFO root [0x00011a78] [2019-05-23 05:58:31,464] - ==> [2019-05-23 05:58:31 448] Shutdowner::onShutdownBegin: shutting down(period=1, tickPeriod=1)
  WARN root [0x00011a78] [2019-05-23 05:58:31,464] - ==> [2019-05-23 05:58:31 452] d:\scratch\___kbe__\ouroboros-2.5.0\ouro\src\server\cellapp\cellapp.cpp:251: Profile gameTick took 0.48 seconds
  WARN root [0x00011a78] [2019-05-23 05:58:31,465] - ==> [2019-05-23 05:58:31 455] d:\scratch\___kbe__\ouroboros-2.5.0\ouro\src\lib\network\event_dispatcher.cpp:153: Profile callSystemTimers took 0.48 seconds
  WARN root [0x00011a78] [2019-05-23 05:58:31,465] - ==> [2019-05-23 05:58:31 460] TCPPacketReceiver::processPendingEvents(192.168.27.1:10288): Throwing REASON_GENERAL_NETWORK - WSAECONNRESET
  INFO root [0x00011a78] [2019-05-23 05:58:31,465] - ==> [2019-05-23 05:58:31 461] Components::removeComponentByChannel: logger : 2000, Normal exit!
  WARN root [0x00011a78] [2019-05-23 05:58:31,466] - TCPPacketReceiver::processPendingEvents(192.168.27.1:10290): Throwing REASON_GENERAL_NETWORK - WSAECONNRESET
  INFO root [0x00011a78] [2019-05-23 05:58:31,466] - Components::removeComponentByChannel: dbmgr : 4000, Normal exit!
  WARN root [0x00011a78] [2019-05-23 05:58:31,466] - ServerApp::shutDown:  In shuttingdown!
  WARN root [0x00011a78] [2019-05-23 05:58:31,468] - TCPPacketReceiver::processPendingEvents(192.168.27.1:10293): Throwing REASON_GENERAL_NETWORK - WSAECONNRESET
  INFO root [0x00011a78] [2019-05-23 05:58:31,469] - Components::removeComponentByChannel: baseapp : 7001, Normal exit!
  WARN root [0x00011a78] [2019-05-23 05:58:31,470] - EntityApp::checkTickPeriod: tick took 494% (0.49 seconds)!
  INFO root [0x00011a78] [2019-05-23 05:58:32,482] - Shutdowner::onShutdown: shutting down
  INFO root [0x00011a78] [2019-05-23 17:57:13,880] - Cellapp::canShutdown(): Wait for the entity's into the database! The remaining 2.
  WARN root [0x00011a78] [2019-05-23 17:57:13,881] - EntityApp::checkTickPeriod: tick took 171869% (171.87 seconds)!
  WARN root [0x00011a78] [2019-05-23 17:57:14,074] - d:\scratch\___kbe__\ouroboros-2.5.0\ouro\src\server\cellapp\cellapp.cpp:251: Profile gameTick took 0.19 seconds
  WARN root [0x00011a78] [2019-05-23 17:57:14,212] - d:\scratch\___kbe__\ouroboros-2.5.0\ouro\src\lib\network\event_dispatcher.cpp:153: Profile callSystemTimers took 43121.76 seconds
  WARN root [0x00011a78] [2019-05-23 17:57:14,471] - EntityApp::checkTickPeriod: tick took 590% (0.59 seconds)!
  WARN root [0x00011a78] [2019-05-23 17:57:23,936] - d:\scratch\___kbe__\ouroboros-2.5.0\ouro\src\server\cellapp\cellapp.cpp:251: Profile gameTick took 0.11 seconds
  WARN root [0x00011a78] [2019-05-23 17:57:27,674] - d:\scratch\___kbe__\ouroboros-2.5.0\ouro\src\lib\network\event_dispatcher.cpp:153: Profile callSystemTimers took 13.20 seconds
  WARN root [0x00011a78] [2019-05-23 17:57:28,002] - EntityApp::checkTickPeriod: tick took 328% (0.33 seconds)!
  WARN root [0x00011a78] [2019-05-23 17:57:28,312] - d:\scratch\___kbe__\ouroboros-2.5.0\ouro\src\server\cellapp\cellapp.cpp:251: Profile gameTick took 0.31 seconds
  WARN root [0x00011a78] [2019-05-23 17:57:28,414] - EntityApp::checkTickPeriod: tick took 411% (0.41 seconds)!
  INFO root [0x00011a78] [2019-05-23 17:57:28,462] - Cellapp::canShutdown(): Wait for the entity's into the database! The remaining 2.
  INFO root [0x00011a78] [2019-05-23 17:57:28,463] - Spaces::destroySpace: 1.
 ERROR root [0x00011a78] [2019-05-23 17:57:28,463] - EntityCallAbstract::sendCall: invalid channel(0.0.0.0:0), entityID(2002)!
 ERROR root [0x00011a78] [2019-05-23 17:57:28,526] - EntityCallAbstract::sendCall: invalid channel(0.0.0.0:0), entityID(2002)!
  WARN root [0x00011a78] [2019-05-23 17:57:28,591] - d:\scratch\___kbe__\ouroboros-2.5.0\ouro\src\server\cellapp\entity.cpp:208: Profile scriptCall took 0.13 seconds
  INFO root [0x00011a78] [2019-05-23 17:57:28,634] - Spaces::destroySpace: 2.
 ERROR root [0x00011a78] [2019-05-23 17:57:28,635] - EntityCallAbstract::sendCall: invalid channel(0.0.0.0:0), entityID(2003)!
 ERROR root [0x00011a78] [2019-05-23 17:57:28,669] - EntityCallAbstract::sendCall: invalid channel(0.0.0.0:0), entityID(2003)!
  WARN root [0x00011a78] [2019-05-23 17:57:28,692] - EntityApp::checkTickPeriod: tick took 229% (0.23 seconds)!
 DEBUG root [0x00011a78] [2019-05-23 17:57:28,729] - Space::~Space(): 2002
 DEBUG root [0x00011a78] [2019-05-23 17:57:28,729] - Space::~Space(): 2003
  WARN root [0x00011a78] [2019-05-23 17:57:28,733] - d:\scratch\___kbe__\ouroboros-2.5.0\ouro\src\lib\network\event_dispatcher.cpp:153: Profile callSystemTimers took 0.73 seconds
  INFO root [0x00011a78] [2019-05-23 17:57:29,693] - Shutdowner::onShutdownEnd: shutting down
 DEBUG root [0x00011a78] [2019-05-23 17:57:29,795] - NavMeshHandle::~NavMeshHandle(): (spaces/novice_1) is destroyed!
 DEBUG root [0x00011a78] [2019-05-23 17:57:29,796] - NavMeshHandle::~NavMeshHandle(): (spaces/novice_2) is destroyed!
 DEBUG root [0x00011a78] [2019-05-23 17:57:29,797] - EntityRef::destroyObjPool(): size 0.
 DEBUG root [0x00011a78] [2019-05-23 17:57:29,797] - Witness::destroyObjPool(): size 16.
 ERROR root [0x00011a78] [2019-05-23 17:57:29,818] - PyGC::debugTracing(): EntityCall : leaked(1)
  INFO root [0x00011a78] [2019-05-23 17:57:29,844] - Script::uninstall(): is successfully!
 DEBUG root [0x00011a78] [2019-05-23 17:57:29,845] - ThreadPool::destroy(): starting size 2.
  WARN root [0x00011a78] [2019-05-23 17:57:30,157] - ThreadPool::destroy(): waiting for thread(2)[0x24a1468,0x24a14d0,], try=1
 DEBUG root [0x00011a78] [2019-05-23 17:57:30,655] - TPThread::~TPThread(): 0x24a1468
 DEBUG root [0x00011a78] [2019-05-23 17:57:30,655] - TPThread::~TPThread(): 0x24a14d0
 DEBUG root [0x00011a78] [2019-05-23 17:57:30,655] - ThreadPool::destroy(): successfully!
 DEBUG root [0x00011a78] [2019-05-23 17:57:30,659] - Bundle::destroyObjPool(): size 32.
 DEBUG root [0x00011a78] [2019-05-23 17:57:30,659] - Channel::destroyObjPool(): size 16.
 DEBUG root [0x00011a78] [2019-05-23 17:57:30,660] - TCPPacket::destroyObjPool(): size 32.
 DEBUG root [0x00011a78] [2019-05-23 17:57:30,660] - UDPPacket::destroyObjPool(): size 13.
 DEBUG root [0x00011a78] [2019-05-23 17:57:30,660] - EndPoint::destroyObjPool(): size 16.
 DEBUG root [0x00011a78] [2019-05-23 17:57:30,660] - Address::destroyObjPool(): size 0.
 DEBUG root [0x00011a78] [2019-05-23 17:57:30,660] - TCPPacketReceiver::destroyObjPool(): size 0.
 DEBUG root [0x00011a78] [2019-05-23 17:57:30,661] - UDPPacketReceiver::destroyObjPool(): size 0.
  INFO root [0x00011a78] [2019-05-23 17:57:30,661] - cellapp(8001) has shut down.
