 ERROR root [0x0000c468] [2019-06-12 05:12:57,298] - Components::removeComponentByChannel: logger : 2000, Abnormal exit(reason=TCPPacketReceiver::processRecv(): error=10054
)! Channel(timestamp=3817524296461, lastReceivedTime=3817236865498, inactivityExceptionPeriod=599500064)
  INFO root [0x0000c468] [2019-06-12 05:12:57,311] - The following logs sent to logger failed:
  WARN root [0x0000c468] [2019-06-12 05:12:57,312] - ==> [2019-06-12 05:12:57 296] TCPPacketReceiver::processPendingEvents(192.168.27.1:12920): Throwing REASON_GENERAL_NETWORK - WSAECONNRESET
 ERROR root [0x0000c468] [2019-06-12 05:12:57,313] - ==> [2019-06-12 05:12:57 301] Components::removeComponentByChannel: logger : 2000, Abnormal exit(reason=TCPPacketReceiver::processRecv(): error=10054
)! Channel(timestamp=3817524296461, lastReceivedTime=3817236865498, inactivityExceptionPeriod=599500064)
  WARN root [0x0000c468] [2019-06-12 05:12:57,528] - TCPPacketReceiver::processPendingEvents(192.168.27.1:12922): Throwing REASON_GENERAL_NETWORK - WSAECONNRESET
 ERROR root [0x0000c468] [2019-06-12 05:12:57,529] - Components::removeComponentByChannel: dbmgr : 4000, Abnormal exit(reason=TCPPacketReceiver::processRecv(): error=10054
)! Channel(timestamp=3817526602754, lastReceivedTime=3817234371387, inactivityExceptionPeriod=599500064)
  INFO root [0x0000c468] [2019-06-12 05:12:57,532] - Shutdowner::onShutdownBegin: shutting down(period=0, tickPeriod=1)
  INFO root [0x0000c468] [2019-06-12 05:12:57,533] - Shutdowner::onShutdown: shutting down
 S_DBG root [0x0000c468] [2019-06-12 05:12:57,536] - onDestroy(2010)
  INFO root [0x0000c468] [2019-06-12 05:12:57,538] - Spaces::destroySpace: 1.
 S_DBG root [0x0000c468] [2019-06-12 05:12:57,540] - onDestroy(2003)
 S_DBG root [0x0000c468] [2019-06-12 05:12:57,541] - onDestroy(2004)
 S_DBG root [0x0000c468] [2019-06-12 05:12:57,542] - onDestroy(2005)
 S_DBG root [0x0000c468] [2019-06-12 05:12:57,543] - onDestroy(2006)
 S_DBG root [0x0000c468] [2019-06-12 05:12:57,543] - onDestroy(2007)
 S_DBG root [0x0000c468] [2019-06-12 05:12:57,544] - onDestroy(2008)
 S_DBG root [0x0000c468] [2019-06-12 05:12:57,545] - onDestroy(2009)
 S_DBG root [0x0000c468] [2019-06-12 05:12:57,547] - onDestroy(2011)
 S_DBG root [0x0000c468] [2019-06-12 05:12:57,548] - onDestroy(2013)
 S_DBG root [0x0000c468] [2019-06-12 05:12:57,550] - onDestroy(2014)
 S_DBG root [0x0000c468] [2019-06-12 05:12:57,551] - onDestroy(2016)
 S_DBG root [0x0000c468] [2019-06-12 05:12:57,553] - onDestroy(2018)
 S_DBG root [0x0000c468] [2019-06-12 05:12:57,554] - onDestroy(2020)
 S_DBG root [0x0000c468] [2019-06-12 05:12:57,555] - onDestroy(2022)
 S_DBG root [0x0000c468] [2019-06-12 05:12:57,556] - onDestroy(2023)
 S_DBG root [0x0000c468] [2019-06-12 05:12:57,557] - onDestroy(2024)
 S_DBG root [0x0000c468] [2019-06-12 05:12:57,558] - onDestroy(2025)
 S_DBG root [0x0000c468] [2019-06-12 05:12:57,559] - onDestroy(2026)
 S_DBG root [0x0000c468] [2019-06-12 05:12:57,561] - onDestroy(2027)
 S_DBG root [0x0000c468] [2019-06-12 05:12:57,562] - onDestroy(2028)
 S_DBG root [0x0000c468] [2019-06-12 05:12:57,563] - onDestroy(2029)
  INFO root [0x0000c468] [2019-06-12 05:12:57,566] - Spaces::destroySpace: 2.
 S_DBG root [0x0000c468] [2019-06-12 05:12:57,566] - onDestroy(2015)
 S_DBG root [0x0000c468] [2019-06-12 05:12:57,567] - onDestroy(2017)
 S_DBG root [0x0000c468] [2019-06-12 05:12:57,567] - onDestroy(2019)
 S_DBG root [0x0000c468] [2019-06-12 05:12:57,568] - onDestroy(2021)
  INFO root [0x0000c468] [2019-06-12 05:12:57,570] - Shutdowner::onShutdownEnd: shutting down
 DEBUG root [0x0000c468] [2019-06-12 05:12:57,570] - Gate::~Gate(): 11
 DEBUG root [0x0000c468] [2019-06-12 05:12:57,571] - Gate::~Gate(): 14
 DEBUG root [0x0000c468] [2019-06-12 05:12:57,571] - SpawnPoint::~SpawnPoint(): 2015
 DEBUG root [0x0000c468] [2019-06-12 05:12:57,571] - SpawnPoint::~SpawnPoint(): 2017
 DEBUG root [0x0000c468] [2019-06-12 05:12:57,571] - SpawnPoint::~SpawnPoint(): 2019
 DEBUG root [0x0000c468] [2019-06-12 05:12:57,571] - SpawnPoint::~SpawnPoint(): 2021
 DEBUG root [0x0000c468] [2019-06-12 05:12:57,571] - Gate::~Gate(): 17
 DEBUG root [0x0000c468] [2019-06-12 05:12:57,572] - Gate::~Gate(): 16
 DEBUG root [0x0000c468] [2019-06-12 05:12:57,572] - Space::~Space(): 2012
 DEBUG root [0x0000c468] [2019-06-12 05:12:57,572] - SpawnPoint::~SpawnPoint(): 2010
 DEBUG root [0x0000c468] [2019-06-12 05:12:57,573] - Gate::~Gate(): 3
 DEBUG root [0x0000c468] [2019-06-12 05:12:57,573] - SpawnPoint::~SpawnPoint(): 2003
 DEBUG root [0x0000c468] [2019-06-12 05:12:57,573] - SpawnPoint::~SpawnPoint(): 2004
 DEBUG root [0x0000c468] [2019-06-12 05:12:57,573] - SpawnPoint::~SpawnPoint(): 2005
 DEBUG root [0x0000c468] [2019-06-12 05:12:57,574] - SpawnPoint::~SpawnPoint(): 2006
 DEBUG root [0x0000c468] [2019-06-12 05:12:57,574] - SpawnPoint::~SpawnPoint(): 2007
 DEBUG root [0x0000c468] [2019-06-12 05:12:57,575] - SpawnPoint::~SpawnPoint(): 2008
 DEBUG root [0x0000c468] [2019-06-12 05:12:57,575] - SpawnPoint::~SpawnPoint(): 2009
 DEBUG root [0x0000c468] [2019-06-12 05:12:57,575] - Enemy::~Enemy(): 26
 DEBUG root [0x0000c468] [2019-06-12 05:12:57,575] - SpawnPoint::~SpawnPoint(): 2011
 DEBUG root [0x0000c468] [2019-06-12 05:12:57,575] - SpawnPoint::~SpawnPoint(): 2013
 DEBUG root [0x0000c468] [2019-06-12 05:12:57,575] - Gate::~Gate(): 1
 DEBUG root [0x0000c468] [2019-06-12 05:12:57,575] - SpawnPoint::~SpawnPoint(): 2014
 DEBUG root [0x0000c468] [2019-06-12 05:12:57,575] - Gate::~Gate(): 2
 DEBUG root [0x0000c468] [2019-06-12 05:12:57,576] - SpawnPoint::~SpawnPoint(): 2016
 DEBUG root [0x0000c468] [2019-06-12 05:12:57,576] - Gate::~Gate(): 25
 DEBUG root [0x0000c468] [2019-06-12 05:12:57,576] - SpawnPoint::~SpawnPoint(): 2018
 DEBUG root [0x0000c468] [2019-06-12 05:12:57,577] - Gate::~Gate(): 4
 DEBUG root [0x0000c468] [2019-06-12 05:12:57,577] - SpawnPoint::~SpawnPoint(): 2020
 DEBUG root [0x0000c468] [2019-06-12 05:12:57,577] - Enemy::~Enemy(): 5
 DEBUG root [0x0000c468] [2019-06-12 05:12:57,578] - SpawnPoint::~SpawnPoint(): 2022
 DEBUG root [0x0000c468] [2019-06-12 05:12:57,578] - Enemy::~Enemy(): 6
 DEBUG root [0x0000c468] [2019-06-12 05:12:57,579] - SpawnPoint::~SpawnPoint(): 2023
 DEBUG root [0x0000c468] [2019-06-12 05:12:57,579] - Enemy::~Enemy(): 7
 DEBUG root [0x0000c468] [2019-06-12 05:12:57,580] - SpawnPoint::~SpawnPoint(): 2024
 DEBUG root [0x0000c468] [2019-06-12 05:12:57,580] - Enemy::~Enemy(): 8
 DEBUG root [0x0000c468] [2019-06-12 05:12:57,580] - SpawnPoint::~SpawnPoint(): 2025
 DEBUG root [0x0000c468] [2019-06-12 05:12:57,580] - SpawnPoint::~SpawnPoint(): 2026
 DEBUG root [0x0000c468] [2019-06-12 05:12:57,580] - Enemy::~Enemy(): 9
 DEBUG root [0x0000c468] [2019-06-12 05:12:57,580] - Enemy::~Enemy(): 10
 DEBUG root [0x0000c468] [2019-06-12 05:12:57,581] - SpawnPoint::~SpawnPoint(): 2027
 DEBUG root [0x0000c468] [2019-06-12 05:12:57,581] - Enemy::~Enemy(): 12
 DEBUG root [0x0000c468] [2019-06-12 05:12:57,581] - SpawnPoint::~SpawnPoint(): 2028
 DEBUG root [0x0000c468] [2019-06-12 05:12:57,581] - Enemy::~Enemy(): 13
 DEBUG root [0x0000c468] [2019-06-12 05:12:57,582] - SpawnPoint::~SpawnPoint(): 2029
 DEBUG root [0x0000c468] [2019-06-12 05:12:57,582] - Enemy::~Enemy(): 15
 DEBUG root [0x0000c468] [2019-06-12 05:12:57,582] - Enemy::~Enemy(): 18
 DEBUG root [0x0000c468] [2019-06-12 05:12:57,583] - Enemy::~Enemy(): 19
 DEBUG root [0x0000c468] [2019-06-12 05:12:57,583] - Enemy::~Enemy(): 20
 DEBUG root [0x0000c468] [2019-06-12 05:12:57,584] - Gate::~Gate(): 21
 DEBUG root [0x0000c468] [2019-06-12 05:12:57,584] - Gate::~Gate(): 22
 DEBUG root [0x0000c468] [2019-06-12 05:12:57,584] - Gate::~Gate(): 23
 DEBUG root [0x0000c468] [2019-06-12 05:12:57,585] - Gate::~Gate(): 24
 DEBUG root [0x0000c468] [2019-06-12 05:12:57,585] - Space::~Space(): 2002
 DEBUG root [0x0000c468] [2019-06-12 05:12:57,586] - NavMeshHandle::~NavMeshHandle(): (spaces/novice_1) is destroyed!
 DEBUG root [0x0000c468] [2019-06-12 05:12:57,586] - NavMeshHandle::~NavMeshHandle(): (spaces/novice_2) is destroyed!
 DEBUG root [0x0000c468] [2019-06-12 05:12:57,587] - EntityRef::destroyObjPool(): size 32.
 DEBUG root [0x0000c468] [2019-06-12 05:12:57,587] - Witness::destroyObjPool(): size 16.
 ERROR root [0x0000c468] [2019-06-12 05:12:57,615] - PyGC::debugTracing(): EntityCall : leaked(1)
  INFO root [0x0000c468] [2019-06-12 05:12:57,651] - Script::uninstall(): is successfully!
 DEBUG root [0x0000c468] [2019-06-12 05:12:57,651] - ThreadPool::destroy(): starting size 2.
  WARN root [0x0000c468] [2019-06-12 05:12:57,953] - ThreadPool::destroy(): waiting for thread(2)[0x22fe30,0x22f7b0,], try=1
