  INFO root [2019-05-24 00:31:15,409] - 
  INFO root [2019-05-24 00:31:15,410] - -----------------------------------------------------------------------------------------


  INFO root [2019-05-24 00:31:15,413] - Resmgr::initialize: OURO_ROOT=C:/Users/Black/Ouroboros/
  INFO root [2019-05-24 00:31:15,413] - Resmgr::initialize: OURO_RES_PATH=C:/Users/Black/Ouroboros/ouro/res/;C:/Users/Black/Ouroboros/assets/;C:/Users/Black/Ouroboros/assets/scripts/;C:/Users/Black/Ouroboros/assets/res/
  INFO root [2019-05-24 00:31:15,414] - Resmgr::initialize: OURO_BIN_PATH=C:/Users/Black/Ouroboros/ouro/bin/server/
  INFO root [2019-05-24 00:31:15,425] - NetworkInterface::initialize(INTERNAL-TCP): bound to all interfaces with default route interface on 192.168.27.1 ( 192.168.27.1:4275 )
  INFO root [2019-05-24 00:31:15,426] - NetworkInterface::initialize(INTERNAL-TCP): address 192.168.27.1:4275, SOMAXCONN=5.
  INFO root [2019-05-24 00:31:15,426] - server-configs:
  INFO root [2019-05-24 00:31:15,426] - 	internalTcpAddr : 192.168.27.1:4275
  INFO root [2019-05-24 00:31:15,426] - 	componentID : 6000
  INFO root [2019-05-24 00:31:15,491] - Components::findLogger: found logger, addr:192.168.27.1:4218
  INFO root [2019-05-24 00:31:15,492] - Components::addComponent: reset orderLog, uid=10103!
  INFO root [2019-05-24 00:31:15,492] - Components::addComponent[logger], uid=10103, componentID=2000, globalorderid=1, grouporderid=1, totalcount=1
  INFO root [2019-05-24 00:31:15,497] - ---- cellappmgr Version: 2.5.0. ScriptVersion: 0.1.0. Pythoncore: 3.7.3. Protocol: F23092FF3B6A2177140863F2F18F3EC2. Config: Debug X86. Built: 02:52:34 May 23 2019. AppID: 6000. UID: 10103. PID: 74560 ----
  INFO root [2019-05-24 00:31:15,497] - Server Black: Intel(R) Core(TM) i7-7700HQ CPU @ 2.80GHz with 2097151kB RAM
  INFO root [2019-05-24 00:31:15,498] - ThreadPool::createThreadPool: creating  threadpool...
  INFO root [2019-05-24 00:31:15,498] - ThreadPool::createThreadPool: successfully(2), newThreadCount=1, normalMaxThreadCount=2, maxThreadCount=8
  INFO root [2019-05-24 00:31:15,882] - ---- cellappmgr is running ----
 DEBUG root [2019-05-24 00:31:15,883] - Components::process(): Request for the process of identity...
  WARN root [2019-05-24 00:31:22,753] - Forwarding logs to logger[192.168.27.1:4218/0/0/0]...
 ERROR root [2019-05-24 04:46:50,276] - Components::removeComponentByChannel: logger : 2000, Abnormal exit(reason=TCPPacketReceiver::processRecv(): error=10054
)! Channel(timestamp=6864892373050, lastReceivedTime=6864861410097, inactivityExceptionPeriod=599499425)
  INFO root [2019-05-24 04:46:50,409] - The following logs sent to logger failed:
  WARN root [2019-05-24 04:46:50,410] - ==> [2019-05-24 04:46:50 196] TCPPacketReceiver::processPendingEvents(192.168.27.1:4218): Throwing REASON_GENERAL_NETWORK - WSAECONNRESET
 ERROR root [2019-05-24 04:46:50,410] - ==> [2019-05-24 04:46:50 279] Components::removeComponentByChannel: logger : 2000, Abnormal exit(reason=TCPPacketReceiver::processRecv(): error=10054
)! Channel(timestamp=6864892373050, lastReceivedTime=6864861410097, inactivityExceptionPeriod=599499425)
  WARN root [2019-05-24 04:46:50,411] - TCPPacketReceiver::processPendingEvents(192.168.27.1:4216): Throwing REASON_GENERAL_NETWORK - WSAECONNRESET
 ERROR root [2019-05-24 04:46:50,420] - Components::removeComponentByChannel: dbmgr : 4000, Abnormal exit(reason=TCPPacketReceiver::processRecv(): error=10054
)! Channel(timestamp=6864893809291, lastReceivedTime=6864860502374, inactivityExceptionPeriod=599499425)
  INFO root [2019-05-24 04:46:50,426] - Shutdowner::onShutdownBegin: shutting down(period=0, tickPeriod=1)
  INFO root [2019-05-24 04:46:50,426] - Shutdowner::onShutdown: shutting down
  INFO root [2019-05-24 04:46:50,426] - Shutdowner::onShutdownEnd: shutting down
  WARN root [2019-05-24 04:46:50,427] - TCPPacketReceiver::processPendingEvents(192.168.27.1:4256): Throwing REASON_GENERAL_NETWORK - WSAECONNRESET
  INFO root [2019-05-24 04:46:50,427] - Components::removeComponentByChannel: baseappmgr : 5000, Normal exit!
  WARN root [2019-05-24 04:46:50,428] - TCPPacketReceiver::processPendingEvents(192.168.27.1:4351): Throwing REASON_GENERAL_NETWORK - WSAECONNRESET
  INFO root [2019-05-24 04:46:50,428] - Components::removeComponentByChannel: baseapp : 7001, Normal exit!
  WARN root [2019-05-24 04:46:50,429] - TCPPacketReceiver::processPendingEvents(192.168.27.1:4424): Throwing REASON_GENERAL_NETWORK - WSAECONNRESET
  WARN root [2019-05-24 04:46:50,429] - Cellappmgr::removeCellapp: erase cellapp[8001], currsize=0
  INFO root [2019-05-24 04:46:50,429] - Components::removeComponentByChannel: cellapp : 8001, Normal exit!
 DEBUG root [2019-05-24 04:46:50,429] - ThreadPool::destroy(): starting size 2.
  WARN root [2019-05-24 04:46:50,730] - ThreadPool::destroy(): waiting for thread(2)[0x1b8ff90,0x1b8fdf0,], try=1
 DEBUG root [2019-05-24 04:46:51,132] - TPThread::~TPThread(): 0x1b8ff90
 DEBUG root [2019-05-24 04:46:51,132] - TPThread::~TPThread(): 0x1b8fdf0
 DEBUG root [2019-05-24 04:46:51,132] - ThreadPool::destroy(): successfully!
 DEBUG root [2019-05-24 04:46:51,144] - Bundle::destroyObjPool(): size 15.
 DEBUG root [2019-05-24 04:46:51,144] - Channel::destroyObjPool(): size 16.
 DEBUG root [2019-05-24 04:46:51,145] - TCPPacket::destroyObjPool(): size 0.
 DEBUG root [2019-05-24 04:46:51,145] - UDPPacket::destroyObjPool(): size 6.
 DEBUG root [2019-05-24 04:46:51,145] - EndPoint::destroyObjPool(): size 16.
 DEBUG root [2019-05-24 04:46:51,145] - Address::destroyObjPool(): size 0.
 DEBUG root [2019-05-24 04:46:51,145] - TCPPacketReceiver::destroyObjPool(): size 0.
 DEBUG root [2019-05-24 04:46:51,145] - UDPPacketReceiver::destroyObjPool(): size 0.
  INFO root [2019-05-24 04:46:51,146] - cellappmgr(6000) has shut down.
  INFO root [2019-05-24 04:46:52,147] - EventDispatcher()::~EventDispatcher: Num timers = 1
