 ERROR root [2019-06-04 05:07:58,724] - Components::removeComponentByChannel: cellapp : 8001, Abnormal exit(reason=TCPPacketReceiver::processRecv(): error=10054
)! Channel(timestamp=4581308585690, lastReceivedTime=4581306981789, inactivityExceptionPeriod=599500448)
 ERROR root [2019-06-04 05:07:58,777] - Components::removeComponentByChannel: logger : 2000, Abnormal exit(reason=TCPPacketReceiver::processRecv(): error=10054
)! Channel(timestamp=4581309116282, lastReceivedTime=4581052034966, inactivityExceptionPeriod=599500448)
  INFO root [2019-06-04 05:07:58,796] - The following logs sent to logger failed:
  WARN root [2019-06-04 05:07:58,796] - ==> [2019-06-04 05:07:58 759] TCPPacketReceiver::processPendingEvents(192.168.27.1:13455): Throwing REASON_GENERAL_NETWORK - WSAECONNRESET
 ERROR root [2019-06-04 05:07:58,797] - ==> [2019-06-04 05:07:58 778] Components::removeComponentByChannel: logger : 2000, Abnormal exit(reason=TCPPacketReceiver::processRecv(): error=10054
)! Channel(timestamp=4581309116282, lastReceivedTime=4581052034966, inactivityExceptionPeriod=599500448)
  WARN root [2019-06-04 05:07:58,798] - TCPPacketReceiver::processPendingEvents(192.168.27.1:13551): Throwing REASON_GENERAL_NETWORK - WSAECONNRESET
 ERROR root [2019-06-04 05:07:58,798] - Components::removeComponentByChannel: dbmgr : 4000, Abnormal exit(reason=TCPPacketReceiver::processRecv(): error=10054
)! Channel(timestamp=4581309327220, lastReceivedTime=4581243528165, inactivityExceptionPeriod=599500448)
  INFO root [2019-06-04 05:07:58,800] - Shutdowner::onShutdownBegin: shutting down(period=0, tickPeriod=1)
  INFO root [2019-06-04 05:07:58,801] - Shutdowner::onShutdown: shutting down
  INFO root [2019-06-04 05:07:58,801] - Shutdowner::onShutdownEnd: shutting down
  WARN root [2019-06-04 05:07:58,801] - TCPPacketReceiver::processPendingEvents(192.168.27.1:13552): Throwing REASON_GENERAL_NETWORK - WSAECONNRESET
  INFO root [2019-06-04 05:07:58,802] - Components::removeComponentByChannel: baseappmgr : 5000, Normal exit!
  WARN root [2019-06-04 05:07:58,802] - TCPPacketReceiver::processPendingEvents(192.168.27.1:13653): Throwing REASON_GENERAL_NETWORK - WSAECONNRESET
  INFO root [2019-06-04 05:07:58,802] - Components::removeComponentByChannel: baseapp : 7001, Normal exit!
 DEBUG root [2019-06-04 05:07:58,803] - ThreadPool::destroy(): starting size 2.
  WARN root [2019-06-04 05:07:59,104] - ThreadPool::destroy(): waiting for thread(2)[0x2070600,0x2070ae0,], try=1
 DEBUG root [2019-06-04 05:07:59,506] - TPThread::~TPThread(): 0x2070600
 DEBUG root [2019-06-04 05:07:59,506] - TPThread::~TPThread(): 0x2070ae0
 DEBUG root [2019-06-04 05:07:59,506] - ThreadPool::destroy(): successfully!
 DEBUG root [2019-06-04 05:07:59,517] - Bundle::destroyObjPool(): size 2.
 DEBUG root [2019-06-04 05:07:59,517] - Channel::destroyObjPool(): size 16.
 DEBUG root [2019-06-04 05:07:59,517] - TCPPacket::destroyObjPool(): size 1.
 DEBUG root [2019-06-04 05:07:59,517] - UDPPacket::destroyObjPool(): size 6.
 DEBUG root [2019-06-04 05:07:59,517] - EndPoint::destroyObjPool(): size 16.
 DEBUG root [2019-06-04 05:07:59,517] - Address::destroyObjPool(): size 0.
 DEBUG root [2019-06-04 05:07:59,518] - TCPPacketReceiver::destroyObjPool(): size 0.
 DEBUG root [2019-06-04 05:07:59,518] - UDPPacketReceiver::destroyObjPool(): size 0.
  INFO root [2019-06-04 05:07:59,518] - cellappmgr(6000) has shut down.
  INFO root [2019-06-04 05:08:00,519] - EventDispatcher()::~EventDispatcher: Num timers = 1
