  INFO root [0x0000d690] [2019-06-06 15:56:40,245] - 
  INFO root [0x0000d690] [2019-06-06 15:56:40,245] - -----------------------------------------------------------------------------------------


  INFO root [0x0000d690] [2019-06-06 15:56:40,247] - Resmgr::initialize: OURO_ROOT=C:/Users/Black/Ouroboros/
  INFO root [0x0000d690] [2019-06-06 15:56:40,247] - Resmgr::initialize: OURO_RES_PATH=C:/Users/Black/Ouroboros/ouro/res/;C:/Users/Black/Ouroboros/assets/;C:/Users/Black/Ouroboros/assets/scripts/;C:/Users/Black/Ouroboros/assets/res/
  INFO root [0x0000d690] [2019-06-06 15:56:40,247] - Resmgr::initialize: OURO_BIN_PATH=C:/Users/Black/Ouroboros/ouro/bin/server/
  INFO root [0x0000d690] [2019-06-06 15:56:40,260] - NetworkInterface::initialize(INTERNAL-TCP): bound to all interfaces with default route interface on 192.168.27.1 ( 192.168.27.1:11301 )
  INFO root [0x0000d690] [2019-06-06 15:56:40,261] - NetworkInterface::initialize(INTERNAL-TCP): address 192.168.27.1:11301, SOMAXCONN=5.
  INFO root [0x0000d690] [2019-06-06 15:56:40,261] - server-configs:
  INFO root [0x0000d690] [2019-06-06 15:56:40,261] - 	gameUpdateHertz : 10
  INFO root [0x0000d690] [2019-06-06 15:56:40,261] - 	defaultViewRadius : 80
  INFO root [0x0000d690] [2019-06-06 15:56:40,262] - 	defaultViewHysteresisArea : 5
  INFO root [0x0000d690] [2019-06-06 15:56:40,262] - 	entryScriptFile : ouromain
  INFO root [0x0000d690] [2019-06-06 15:56:40,262] - 	internalTcpAddr : 192.168.27.1:11301
  INFO root [0x0000d690] [2019-06-06 15:56:40,262] - 	componentID : 8001
  INFO root [0x0000d690] [2019-06-06 15:56:41,767] - ---- cellapp Version: 2.5.0. ScriptVersion: 0.1.0. Pythoncore: 3.7.3. Protocol: 8652043B9D1A1F169DDC4E8CD899D692. Config: Debug X86. Built: 02:55:12 May 23 2019. AppID: 8001. UID: 10103. PID: 36876 ----
  INFO root [0x0000d690] [2019-06-06 15:56:41,768] - Server Black: Intel(R) Core(TM) i7-7700HQ CPU @ 2.80GHz with 2097151kB RAM
  INFO root [0x0000d690] [2019-06-06 15:56:41,768] - ThreadPool::createThreadPool: creating  threadpool...
  INFO root [0x0000d690] [2019-06-06 15:56:41,768] - ThreadPool::createThreadPool: successfully(2), newThreadCount=1, normalMaxThreadCount=2, maxThreadCount=8
  INFO root [0x0000d690] [2019-06-06 15:56:41,967] - Script::install(): is successfully, Python=(3.7.3 (default, May 23 2019, 03:58:29) [MSC v.1916 32 bit (Intel)])!
  INFO root [0x0000d690] [2019-06-06 15:56:41,967] - Script::install(): OUROxtra is successfully!
 DEBUG root [0x0000d690] [2019-06-06 15:56:42,461] - loaded entity-script:Account(1).
  WARN root [0x0000d690] [2019-06-06 15:56:42,463] - EntityDef::checkDefMethod: exposed of method: Avatar.updateEG, check the caller can use "def updateEG(self, callerID, ...)", such as: if callerID == self.id!
  WARN root [0x0000d690] [2019-06-06 15:56:42,463] - EntityDef::checkDefMethod: exposed of method: Avatar.updateLastSyncTime, check the caller can use "def updateLastSyncTime(self, callerID, ...)", such as: if callerID == self.id!
  WARN root [0x0000d690] [2019-06-06 15:56:42,464] - EntityDef::checkDefMethod: exposed of method: Avatar.updatePositionSynced, check the caller can use "def updatePositionSynced(self, callerID, ...)", such as: if callerID == self.id!
 DEBUG root [0x0000d690] [2019-06-06 15:56:42,464] - loaded entity-script:Avatar(2).
 DEBUG root [0x0000d690] [2019-06-06 15:56:42,465] - loaded entity-script:FirstEntity(3).
 DEBUG root [0x0000d690] [2019-06-06 15:56:42,465] - loaded entity-script:Scene(4).
 DEBUG root [0x0000d690] [2019-06-06 15:56:42,466] - loaded entity-script:Space(5).
 DEBUG root [0x0000d690] [2019-06-06 15:56:42,466] - loaded entity-script:SpaceDuplicate(6).
 DEBUG root [0x0000d690] [2019-06-06 15:56:42,468] - loaded entity-script:SpawnPoint(8).
  INFO root [0x0000d690] [2019-06-06 15:56:42,469] - TelnetServer server is running on port 50000
  INFO root [0x0000d690] [2019-06-06 15:56:42,982] - ---- cellapp is running ----
 DEBUG root [0x0000d690] [2019-06-06 15:56:42,982] - Components::process(): Request for the process of identity...
  WARN root [0x0000d690] [2019-06-06 15:56:49,668] - EntityApp::checkTickPeriod: tick took 6685% (6.68 seconds)!
  INFO root [0x0000d690] [2019-06-06 15:56:50,748] - Components::findComponents: find logger(1)...
  INFO root [0x0000d690] [2019-06-06 15:56:50,767] - Components::findComponents: found logger, addr:192.168.27.1:11296
  INFO root [0x0000d690] [2019-06-06 15:56:50,767] - Components::addComponent: reset orderLog, uid=10103!
  INFO root [0x0000d690] [2019-06-06 15:56:50,768] - Components::addComponent[logger], uid=10103, componentID=2000, globalorderid=1, grouporderid=1, totalcount=1
  INFO root [0x0000d690] [2019-06-06 15:56:50,770] - Components::findComponents: find dbmgr(2)...
  INFO root [0x0000d690] [2019-06-06 15:56:50,789] - Components::findComponents: found logger, addr:192.168.27.1:11296
  INFO root [0x0000d690] [2019-06-06 15:56:50,797] - Components::findComponents: found dbmgr, addr:192.168.27.1:11298
  INFO root [0x0000d690] [2019-06-06 15:56:50,797] - Components::addComponent: reset orderLog, uid=10103!
  INFO root [0x0000d690] [2019-06-06 15:56:50,797] - Components::addComponent[dbmgr], uid=10103, componentID=4000, globalorderid=1, grouporderid=1, totalcount=1
  INFO root [0x0000d690] [2019-06-06 15:56:50,899] - Components::findComponents: found dbmgr, addr:192.168.27.1:11298
  WARN root [0x0000d690] [2019-06-06 15:56:51,900] - Forwarding logs to logger[192.168.27.1:11296/0/0/0]...
