 ERROR root [0x00001cf8] [2019-05-31 20:43:19,876] - 192.168.27.1:1945: TCPPacketSender::processSend(internal): Exception occurred: REASON_CLIENT_DISCONNECTED , errno: 10054, 192.168.27.1:1945/0/0/0
  INFO root [0x00001cf8] [2019-05-31 20:43:22,208] - EventDispatcher()::~EventDispatcher: Num timers = 1
  INFO root [0x00006990] [2019-05-31 22:59:19,127] - 
  INFO root [0x00006990] [2019-05-31 22:59:19,127] - -----------------------------------------------------------------------------------------


  INFO root [0x00006990] [2019-05-31 22:59:19,129] - Resmgr::initialize: OURO_ROOT=C:/Users/Black/Ouroboros/
  INFO root [0x00006990] [2019-05-31 22:59:19,129] - Resmgr::initialize: OURO_RES_PATH=C:/Users/Black/Ouroboros/ouro/res/;C:/Users/Black/Ouroboros/assets/;C:/Users/Black/Ouroboros/assets/scripts/;C:/Users/Black/Ouroboros/assets/res/
  INFO root [0x00006990] [2019-05-31 22:59:19,130] - Resmgr::initialize: OURO_BIN_PATH=C:/Users/Black/Ouroboros/ouro/bin/server/
  INFO root [0x00006990] [2019-05-31 22:59:19,143] - NetworkInterface::initialize(INTERNAL-TCP): bound to all interfaces with default route interface on 192.168.27.1 ( 192.168.27.1:2555 )
  INFO root [0x00006990] [2019-05-31 22:59:19,143] - NetworkInterface::initialize(INTERNAL-TCP): address 192.168.27.1:2555, SOMAXCONN=5.
  INFO root [0x00006990] [2019-05-31 22:59:19,143] - server-configs:
  INFO root [0x00006990] [2019-05-31 22:59:19,143] - 	gameUpdateHertz : 10
  INFO root [0x00006990] [2019-05-31 22:59:19,143] - 	defaultViewRadius : 80
  INFO root [0x00006990] [2019-05-31 22:59:19,143] - 	defaultViewHysteresisArea : 5
  INFO root [0x00006990] [2019-05-31 22:59:19,143] - 	entryScriptFile : ouromain
  INFO root [0x00006990] [2019-05-31 22:59:19,144] - 	internalTcpAddr : 192.168.27.1:2555
  INFO root [0x00006990] [2019-05-31 22:59:19,144] - 	componentID : 8001
  INFO root [0x00006990] [2019-05-31 22:59:19,165] - Components::findLogger: found logger, addr:192.168.27.1:2423
  INFO root [0x00006990] [2019-05-31 22:59:19,165] - Components::addComponent: reset orderLog, uid=10103!
  INFO root [0x00006990] [2019-05-31 22:59:19,165] - Components::addComponent[logger], uid=10103, componentID=2000, globalorderid=1, grouporderid=1, totalcount=1
  INFO root [0x00006990] [2019-05-31 22:59:19,173] - ---- cellapp Version: 2.5.0. ScriptVersion: 0.1.0. Pythoncore: 3.7.3. Protocol: 8652043B9D1A1F169DDC4E8CD899D692. Config: Debug X86. Built: 02:55:12 May 23 2019. AppID: 8001. UID: 10103. PID: 18204 ----
  INFO root [0x00006990] [2019-05-31 22:59:19,173] - Server Black: Intel(R) Core(TM) i7-7700HQ CPU @ 2.80GHz with 2097151kB RAM
  INFO root [0x00006990] [2019-05-31 22:59:19,174] - ThreadPool::createThreadPool: creating  threadpool...
  INFO root [0x00006990] [2019-05-31 22:59:19,174] - ThreadPool::createThreadPool: successfully(2), newThreadCount=1, normalMaxThreadCount=2, maxThreadCount=8
  INFO root [0x00006990] [2019-05-31 22:59:19,390] - Script::install(): is successfully, Python=(3.7.3 (default, May 23 2019, 03:58:29) [MSC v.1916 32 bit (Intel)])!
  INFO root [0x00006990] [2019-05-31 22:59:19,391] - Script::install(): OUROxtra is successfully!
 DEBUG root [0x00006990] [2019-05-31 22:59:19,680] - loaded entity-script:Account(1).
  WARN root [0x00006990] [2019-05-31 22:59:19,681] - EntityDef::checkDefMethod: exposed of method: Avatar.updateEG, check the caller can use "def updateEG(self, callerID, ...)", such as: if callerID == self.id!
  WARN root [0x00006990] [2019-05-31 22:59:19,682] - EntityDef::checkDefMethod: exposed of method: Avatar.updateLastSyncTime, check the caller can use "def updateLastSyncTime(self, callerID, ...)", such as: if callerID == self.id!
  WARN root [0x00006990] [2019-05-31 22:59:19,682] - EntityDef::checkDefMethod: exposed of method: Avatar.updatePositionSynced, check the caller can use "def updatePositionSynced(self, callerID, ...)", such as: if callerID == self.id!
 DEBUG root [0x00006990] [2019-05-31 22:59:19,682] - loaded entity-script:Avatar(2).
 DEBUG root [0x00006990] [2019-05-31 22:59:19,683] - loaded entity-script:FirstEntity(3).
 DEBUG root [0x00006990] [2019-05-31 22:59:19,683] - loaded entity-script:Scene(4).
 DEBUG root [0x00006990] [2019-05-31 22:59:19,683] - loaded entity-script:Space(5).
 DEBUG root [0x00006990] [2019-05-31 22:59:19,684] - loaded entity-script:SpaceDuplicate(6).
 DEBUG root [0x00006990] [2019-05-31 22:59:19,685] - loaded entity-script:SpawnPoint(8).
  INFO root [0x00006990] [2019-05-31 22:59:19,686] - TelnetServer server is running on port 50000
  INFO root [0x00006990] [2019-05-31 22:59:20,110] - ---- cellapp is running ----
 DEBUG root [0x00006990] [2019-05-31 22:59:20,111] - Components::process(): Request for the process of identity...
  WARN root [0x00006990] [2019-05-31 22:59:26,438] - Forwarding logs to logger[192.168.27.1:2423/0/0/0]...
