  INFO root [0x00005240] [2019-06-07 21:53:06,563] - 
  INFO root [0x00005240] [2019-06-07 21:53:06,564] - -----------------------------------------------------------------------------------------


  INFO root [0x00005240] [2019-06-07 21:53:06,567] - Resmgr::initialize: OURO_ROOT=C:/Users/Black/Ouroboros/
  INFO root [0x00005240] [2019-06-07 21:53:06,567] - Resmgr::initialize: OURO_RES_PATH=C:/Users/Black/Ouroboros/ouro/res/;C:/Users/Black/Ouroboros/assets/;C:/Users/Black/Ouroboros/assets/scripts/;C:/Users/Black/Ouroboros/assets/res/
  INFO root [0x00005240] [2019-06-07 21:53:06,567] - Resmgr::initialize: OURO_BIN_PATH=C:/Users/Black/Ouroboros/ouro/bin/server/
  INFO root [0x00005240] [2019-06-07 21:53:06,580] - NetworkInterface::initialize(INTERNAL-TCP): bound to all interfaces with default route interface on 192.168.27.1 ( 192.168.27.1:3999 )
  INFO root [0x00005240] [2019-06-07 21:53:06,580] - NetworkInterface::initialize(INTERNAL-TCP): address 192.168.27.1:3999, SOMAXCONN=5.
  INFO root [0x00005240] [2019-06-07 21:53:06,580] - server-configs:
  INFO root [0x00005240] [2019-06-07 21:53:06,581] - 	gameUpdateHertz : 10
  INFO root [0x00005240] [2019-06-07 21:53:06,581] - 	defaultViewRadius : 80
  INFO root [0x00005240] [2019-06-07 21:53:06,581] - 	defaultViewHysteresisArea : 5
  INFO root [0x00005240] [2019-06-07 21:53:06,581] - 	entryScriptFile : ouromain
  INFO root [0x00005240] [2019-06-07 21:53:06,582] - 	internalTcpAddr : 192.168.27.1:3999
  INFO root [0x00005240] [2019-06-07 21:53:06,582] - 	componentID : 8001
  INFO root [0x00005240] [2019-06-07 21:53:06,598] - Components::findLogger: found logger, addr:192.168.27.1:3862
  INFO root [0x00005240] [2019-06-07 21:53:06,598] - Components::addComponent: reset orderLog, uid=10103!
  INFO root [0x00005240] [2019-06-07 21:53:06,598] - Components::addComponent[logger], uid=10103, componentID=2000, globalorderid=1, grouporderid=1, totalcount=1
  INFO root [0x00005240] [2019-06-07 21:53:06,604] - ---- cellapp Version: 2.5.0. ScriptVersion: 0.1.0. Pythoncore: 3.7.3. Protocol: 8652043B9D1A1F169DDC4E8CD899D692. Config: Debug X86. Built: 02:55:12 May 23 2019. AppID: 8001. UID: 10103. PID: 2092 ----
  INFO root [0x00005240] [2019-06-07 21:53:06,605] - Server Black: Intel(R) Core(TM) i7-7700HQ CPU @ 2.80GHz with 2097151kB RAM
  INFO root [0x00005240] [2019-06-07 21:53:06,605] - ThreadPool::createThreadPool: creating  threadpool...
  INFO root [0x00005240] [2019-06-07 21:53:06,606] - ThreadPool::createThreadPool: successfully(2), newThreadCount=1, normalMaxThreadCount=2, maxThreadCount=8
  INFO root [0x00005240] [2019-06-07 21:53:06,809] - Script::install(): is successfully, Python=(3.7.3 (default, May 23 2019, 03:58:29) [MSC v.1916 32 bit (Intel)])!
  INFO root [0x00005240] [2019-06-07 21:53:06,810] - Script::install(): OUROxtra is successfully!
 DEBUG root [0x00005240] [2019-06-07 21:53:07,088] - loaded entity-script:Account(1).
  WARN root [0x00005240] [2019-06-07 21:53:07,089] - EntityDef::checkDefMethod: exposed of method: Avatar.updateEG, check the caller can use "def updateEG(self, callerID, ...)", such as: if callerID == self.id!
  WARN root [0x00005240] [2019-06-07 21:53:07,090] - EntityDef::checkDefMethod: exposed of method: Avatar.updateLastSyncTime, check the caller can use "def updateLastSyncTime(self, callerID, ...)", such as: if callerID == self.id!
  WARN root [0x00005240] [2019-06-07 21:53:07,090] - EntityDef::checkDefMethod: exposed of method: Avatar.updatePositionSynced, check the caller can use "def updatePositionSynced(self, callerID, ...)", such as: if callerID == self.id!
 DEBUG root [0x00005240] [2019-06-07 21:53:07,090] - loaded entity-script:Avatar(2).
 DEBUG root [0x00005240] [2019-06-07 21:53:07,091] - loaded entity-script:FirstEntity(3).
 DEBUG root [0x00005240] [2019-06-07 21:53:07,091] - loaded entity-script:Scene(4).
 DEBUG root [0x00005240] [2019-06-07 21:53:07,091] - loaded entity-script:Space(5).
 DEBUG root [0x00005240] [2019-06-07 21:53:07,092] - loaded entity-script:SpaceDuplicate(6).
 DEBUG root [0x00005240] [2019-06-07 21:53:07,093] - loaded entity-script:SpawnPoint(8).
  INFO root [0x00005240] [2019-06-07 21:53:07,094] - TelnetServer server is running on port 50000
  INFO root [0x00005240] [2019-06-07 21:53:07,501] - ---- cellapp is running ----
 DEBUG root [0x00005240] [2019-06-07 21:53:07,501] - Components::process(): Request for the process of identity...
  WARN root [0x00005240] [2019-06-07 21:53:13,725] - Forwarding logs to logger[192.168.27.1:3862/0/0/0]...
 ERROR root [0x00005240] [2019-06-07 22:14:15,992] - Components::removeComponentByChannel: logger : 2000, Abnormal exit(reason=TCPPacketReceiver::processRecv(): error=10054
)! Channel(timestamp=110379795426, lastReceivedTime=110239865461, inactivityExceptionPeriod=599499745)
  INFO root [0x00005240] [2019-06-07 22:14:16,003] - The following logs sent to logger failed:
  WARN root [0x00005240] [2019-06-07 22:14:16,004] - ==> [2019-06-07 22:14:15 992] TCPPacketReceiver::processPendingEvents(192.168.27.1:3862): Throwing REASON_GENERAL_NETWORK - WSAECONNRESET
 ERROR root [0x00005240] [2019-06-07 22:14:16,004] - ==> [2019-06-07 22:14:15 993] Components::removeComponentByChannel: logger : 2000, Abnormal exit(reason=TCPPacketReceiver::processRecv(): error=10054
)! Channel(timestamp=110379795426, lastReceivedTime=110239865461, inactivityExceptionPeriod=599499745)
  WARN root [0x00005240] [2019-06-07 22:14:16,103] - TCPPacketReceiver::processPendingEvents(192.168.27.1:3920): Throwing REASON_GENERAL_NETWORK - WSAECONNRESET
 ERROR root [0x00005240] [2019-06-07 22:14:16,104] - Components::removeComponentByChannel: dbmgr : 4000, Abnormal exit(reason=TCPPacketReceiver::processRecv(): error=10054
)! Channel(timestamp=110380909806, lastReceivedTime=110257975239, inactivityExceptionPeriod=599499745)
  INFO root [0x00005240] [2019-06-07 22:14:16,109] - Shutdowner::onShutdownBegin: shutting down(period=0, tickPeriod=1)
  INFO root [0x00005240] [2019-06-07 22:14:16,114] - Shutdowner::onShutdown: shutting down
  INFO root [0x00005240] [2019-06-07 22:14:16,114] - Spaces::destroySpace: 1.
  INFO root [0x00005240] [2019-06-07 22:14:16,115] - Spaces::destroySpace: 2.
  INFO root [0x00005240] [2019-06-07 22:14:16,115] - Shutdowner::onShutdownEnd: shutting down
 DEBUG root [0x00005240] [2019-06-07 22:14:16,116] - Space::~Space(): 3
 DEBUG root [0x00005240] [2019-06-07 22:14:16,117] - Space::~Space(): 2
 DEBUG root [0x00005240] [2019-06-07 22:14:16,117] - NavMeshHandle::~NavMeshHandle(): (spaces/novice_1) is destroyed!
 DEBUG root [0x00005240] [2019-06-07 22:14:16,117] - NavMeshHandle::~NavMeshHandle(): (spaces/novice_2) is destroyed!
 DEBUG root [0x00005240] [2019-06-07 22:14:16,118] - EntityRef::destroyObjPool(): size 16.
 DEBUG root [0x00005240] [2019-06-07 22:14:16,118] - Witness::destroyObjPool(): size 16.
 ERROR root [0x00005240] [2019-06-07 22:14:16,133] - PyGC::debugTracing(): EntityCall : leaked(1)
  INFO root [0x00005240] [2019-06-07 22:14:16,151] - Script::uninstall(): is successfully!
 DEBUG root [0x00005240] [2019-06-07 22:14:16,151] - ThreadPool::destroy(): starting size 2.
  WARN root [0x00005240] [2019-06-07 22:14:16,452] - ThreadPool::destroy(): waiting for thread(2)[0x2398bf0,0x2399208,], try=1
  INFO root [0x000027e8] [2019-06-07 22:14:20,281] - 
  INFO root [0x000027e8] [2019-06-07 22:14:20,282] - -----------------------------------------------------------------------------------------


  INFO root [0x000027e8] [2019-06-07 22:14:20,283] - Resmgr::initialize: OURO_ROOT=C:/Users/Black/Ouroboros/
  INFO root [0x000027e8] [2019-06-07 22:14:20,284] - Resmgr::initialize: OURO_RES_PATH=C:/Users/Black/Ouroboros/ouro/res/;C:/Users/Black/Ouroboros/assets/;C:/Users/Black/Ouroboros/assets/scripts/;C:/Users/Black/Ouroboros/assets/res/
  INFO root [0x000027e8] [2019-06-07 22:14:20,284] - Resmgr::initialize: OURO_BIN_PATH=C:/Users/Black/Ouroboros/ouro/bin/server/
  INFO root [0x000027e8] [2019-06-07 22:14:20,298] - NetworkInterface::initialize(INTERNAL-TCP): bound to all interfaces with default route interface on 192.168.27.1 ( 192.168.27.1:6204 )
  INFO root [0x000027e8] [2019-06-07 22:14:20,298] - NetworkInterface::initialize(INTERNAL-TCP): address 192.168.27.1:6204, SOMAXCONN=5.
  INFO root [0x000027e8] [2019-06-07 22:14:20,298] - server-configs:
  INFO root [0x000027e8] [2019-06-07 22:14:20,299] - 	gameUpdateHertz : 10
  INFO root [0x000027e8] [2019-06-07 22:14:20,299] - 	defaultViewRadius : 80
  INFO root [0x000027e8] [2019-06-07 22:14:20,299] - 	defaultViewHysteresisArea : 5
  INFO root [0x000027e8] [2019-06-07 22:14:20,299] - 	entryScriptFile : ouromain
  INFO root [0x000027e8] [2019-06-07 22:14:20,299] - 	internalTcpAddr : 192.168.27.1:6204
  INFO root [0x000027e8] [2019-06-07 22:14:20,300] - 	componentID : 8001
  INFO root [0x000027e8] [2019-06-07 22:14:20,777] - Components::findLogger: found logger, addr:192.168.27.1:6200
  INFO root [0x000027e8] [2019-06-07 22:14:20,777] - Components::addComponent: reset orderLog, uid=10103!
  INFO root [0x000027e8] [2019-06-07 22:14:20,777] - Components::addComponent[logger], uid=10103, componentID=2000, globalorderid=1, grouporderid=1, totalcount=1
  INFO root [0x000027e8] [2019-06-07 22:14:20,783] - ---- cellapp Version: 2.5.0. ScriptVersion: 0.1.0. Pythoncore: 3.7.3. Protocol: 8652043B9D1A1F169DDC4E8CD899D692. Config: Debug X86. Built: 02:55:12 May 23 2019. AppID: 8001. UID: 10103. PID: 20876 ----
  INFO root [0x000027e8] [2019-06-07 22:14:20,784] - Server Black: Intel(R) Core(TM) i7-7700HQ CPU @ 2.80GHz with 2097151kB RAM
  INFO root [0x000027e8] [2019-06-07 22:14:20,784] - ThreadPool::createThreadPool: creating  threadpool...
  INFO root [0x000027e8] [2019-06-07 22:14:20,785] - ThreadPool::createThreadPool: successfully(2), newThreadCount=1, normalMaxThreadCount=2, maxThreadCount=8
  INFO root [0x000027e8] [2019-06-07 22:14:20,991] - Script::install(): is successfully, Python=(3.7.3 (default, May 23 2019, 03:58:29) [MSC v.1916 32 bit (Intel)])!
  INFO root [0x000027e8] [2019-06-07 22:14:20,991] - Script::install(): OUROxtra is successfully!
 DEBUG root [0x000027e8] [2019-06-07 22:14:21,287] - loaded entity-script:Account(1).
  WARN root [0x000027e8] [2019-06-07 22:14:21,289] - EntityDef::checkDefMethod: exposed of method: Avatar.updateEG, check the caller can use "def updateEG(self, callerID, ...)", such as: if callerID == self.id!
  WARN root [0x000027e8] [2019-06-07 22:14:21,290] - EntityDef::checkDefMethod: exposed of method: Avatar.updateLastSyncTime, check the caller can use "def updateLastSyncTime(self, callerID, ...)", such as: if callerID == self.id!
  WARN root [0x000027e8] [2019-06-07 22:14:21,291] - EntityDef::checkDefMethod: exposed of method: Avatar.updatePositionSynced, check the caller can use "def updatePositionSynced(self, callerID, ...)", such as: if callerID == self.id!
 DEBUG root [0x000027e8] [2019-06-07 22:14:21,291] - loaded entity-script:Avatar(2).
 DEBUG root [0x000027e8] [2019-06-07 22:14:21,291] - loaded entity-script:FirstEntity(3).
 DEBUG root [0x000027e8] [2019-06-07 22:14:21,292] - loaded entity-script:Scene(4).
 DEBUG root [0x000027e8] [2019-06-07 22:14:21,292] - loaded entity-script:Space(5).
 DEBUG root [0x000027e8] [2019-06-07 22:14:21,293] - loaded entity-script:SpaceDuplicate(6).
 DEBUG root [0x000027e8] [2019-06-07 22:14:21,295] - loaded entity-script:SpawnPoint(8).
  INFO root [0x000027e8] [2019-06-07 22:14:21,295] - TelnetServer server is running on port 50000
  INFO root [0x000027e8] [2019-06-07 22:14:21,748] - ---- cellapp is running ----
 DEBUG root [0x000027e8] [2019-06-07 22:14:21,748] - Components::process(): Request for the process of identity...
  WARN root [0x000027e8] [2019-06-07 22:14:25,323] - BundleBroadcast::BundleBroadcast: Cannot bind to port 20478, errorno=10048
  WARN root [0x000027e8] [2019-06-07 22:14:28,398] - Forwarding logs to logger[192.168.27.1:6200/0/0/0]...
 ERROR root [0x000027e8] [2019-06-07 22:28:05,376] - Components::removeComponentByChannel: logger : 2000, Abnormal exit(reason=TCPPacketReceiver::processRecv(): error=10054
)! Channel(timestamp=118673637098, lastReceivedTime=118520394230, inactivityExceptionPeriod=599499873)
  INFO root [0x000027e8] [2019-06-07 22:28:05,385] - The following logs sent to logger failed:
  WARN root [0x000027e8] [2019-06-07 22:28:05,385] - ==> [2019-06-07 22:28:05 376] TCPPacketReceiver::processPendingEvents(192.168.27.1:6200): Throwing REASON_GENERAL_NETWORK - WSAECONNRESET
 ERROR root [0x000027e8] [2019-06-07 22:28:05,386] - ==> [2019-06-07 22:28:05 377] Components::removeComponentByChannel: logger : 2000, Abnormal exit(reason=TCPPacketReceiver::processRecv(): error=10054
)! Channel(timestamp=118673637098, lastReceivedTime=118520394230, inactivityExceptionPeriod=599499873)
  WARN root [0x000027e8] [2019-06-07 22:28:05,507] - TCPPacketReceiver::processPendingEvents(192.168.27.1:6201): Throwing REASON_GENERAL_NETWORK - WSAECONNRESET
 ERROR root [0x000027e8] [2019-06-07 22:28:05,508] - Components::removeComponentByChannel: dbmgr : 4000, Abnormal exit(reason=TCPPacketReceiver::processRecv(): error=10054
)! Channel(timestamp=118674950672, lastReceivedTime=118521012824, inactivityExceptionPeriod=599499873)
  INFO root [0x000027e8] [2019-06-07 22:28:05,510] - Shutdowner::onShutdownBegin: shutting down(period=0, tickPeriod=1)
  INFO root [0x000027e8] [2019-06-07 22:28:05,512] - Shutdowner::onShutdown: shutting down
  INFO root [0x000027e8] [2019-06-07 22:28:05,512] - Spaces::destroySpace: 1.
  INFO root [0x000027e8] [2019-06-07 22:28:05,513] - Spaces::destroySpace: 2.
  INFO root [0x000027e8] [2019-06-07 22:28:05,514] - Shutdowner::onShutdownEnd: shutting down
 DEBUG root [0x000027e8] [2019-06-07 22:28:05,515] - Space::~Space(): 3
 DEBUG root [0x000027e8] [2019-06-07 22:28:05,515] - Space::~Space(): 2
 DEBUG root [0x000027e8] [2019-06-07 22:28:05,516] - NavMeshHandle::~NavMeshHandle(): (spaces/novice_1) is destroyed!
 DEBUG root [0x000027e8] [2019-06-07 22:28:05,516] - NavMeshHandle::~NavMeshHandle(): (spaces/novice_2) is destroyed!
 DEBUG root [0x000027e8] [2019-06-07 22:28:05,516] - EntityRef::destroyObjPool(): size 16.
 DEBUG root [0x000027e8] [2019-06-07 22:28:05,516] - Witness::destroyObjPool(): size 16.
 ERROR root [0x000027e8] [2019-06-07 22:28:05,530] - PyGC::debugTracing(): EntityCall : leaked(1)
  INFO root [0x000027e8] [2019-06-07 22:28:05,549] - Script::uninstall(): is successfully!
 DEBUG root [0x000027e8] [2019-06-07 22:28:05,549] - ThreadPool::destroy(): starting size 2.
  WARN root [0x000027e8] [2019-06-07 22:28:05,850] - ThreadPool::destroy(): waiting for thread(2)[0xaabb48,0xaab6d0,], try=1
  INFO root [0x00005e30] [2019-06-07 22:28:12,415] - 
  INFO root [0x00005e30] [2019-06-07 22:28:12,416] - -----------------------------------------------------------------------------------------


  INFO root [0x00005e30] [2019-06-07 22:28:12,418] - Resmgr::initialize: OURO_ROOT=C:/Users/Black/Ouroboros/
  INFO root [0x00005e30] [2019-06-07 22:28:12,418] - Resmgr::initialize: OURO_RES_PATH=C:/Users/Black/Ouroboros/ouro/res/;C:/Users/Black/Ouroboros/assets/;C:/Users/Black/Ouroboros/assets/scripts/;C:/Users/Black/Ouroboros/assets/res/
  INFO root [0x00005e30] [2019-06-07 22:28:12,418] - Resmgr::initialize: OURO_BIN_PATH=C:/Users/Black/Ouroboros/ouro/bin/server/
  INFO root [0x00005e30] [2019-06-07 22:28:12,436] - NetworkInterface::initialize(INTERNAL-TCP): bound to all interfaces with default route interface on 192.168.27.1 ( 192.168.27.1:8451 )
  INFO root [0x00005e30] [2019-06-07 22:28:12,437] - NetworkInterface::initialize(INTERNAL-TCP): address 192.168.27.1:8451, SOMAXCONN=5.
  INFO root [0x00005e30] [2019-06-07 22:28:12,437] - server-configs:
  INFO root [0x00005e30] [2019-06-07 22:28:12,437] - 	gameUpdateHertz : 20
  INFO root [0x00005e30] [2019-06-07 22:28:12,438] - 	defaultViewRadius : 80
  INFO root [0x00005e30] [2019-06-07 22:28:12,438] - 	defaultViewHysteresisArea : 5
  INFO root [0x00005e30] [2019-06-07 22:28:12,438] - 	entryScriptFile : ouromain
  INFO root [0x00005e30] [2019-06-07 22:28:12,438] - 	internalTcpAddr : 192.168.27.1:8451
  INFO root [0x00005e30] [2019-06-07 22:28:12,438] - 	componentID : 8001
  INFO root [0x00005e30] [2019-06-07 22:28:13,945] - ---- cellapp Version: 2.5.0. ScriptVersion: 0.1.0. Pythoncore: 3.7.3. Protocol: 8652043B9D1A1F169DDC4E8CD899D692. Config: Debug X86. Built: 02:55:12 May 23 2019. AppID: 8001. UID: 10103. PID: 21372 ----
  INFO root [0x00005e30] [2019-06-07 22:28:13,946] - Server Black: Intel(R) Core(TM) i7-7700HQ CPU @ 2.80GHz with 2097151kB RAM
  INFO root [0x00005e30] [2019-06-07 22:28:13,947] - ThreadPool::createThreadPool: creating  threadpool...
  INFO root [0x00005e30] [2019-06-07 22:28:13,947] - ThreadPool::createThreadPool: successfully(2), newThreadCount=1, normalMaxThreadCount=2, maxThreadCount=8
  INFO root [0x00005e30] [2019-06-07 22:28:14,179] - Script::install(): is successfully, Python=(3.7.3 (default, May 23 2019, 03:58:29) [MSC v.1916 32 bit (Intel)])!
  INFO root [0x00005e30] [2019-06-07 22:28:14,179] - Script::install(): OUROxtra is successfully!
 DEBUG root [0x00005e30] [2019-06-07 22:28:14,494] - loaded entity-script:Account(1).
  WARN root [0x00005e30] [2019-06-07 22:28:14,495] - EntityDef::checkDefMethod: exposed of method: Avatar.updateEG, check the caller can use "def updateEG(self, callerID, ...)", such as: if callerID == self.id!
  WARN root [0x00005e30] [2019-06-07 22:28:14,495] - EntityDef::checkDefMethod: exposed of method: Avatar.updateLastSyncTime, check the caller can use "def updateLastSyncTime(self, callerID, ...)", such as: if callerID == self.id!
  WARN root [0x00005e30] [2019-06-07 22:28:14,496] - EntityDef::checkDefMethod: exposed of method: Avatar.updatePositionSynced, check the caller can use "def updatePositionSynced(self, callerID, ...)", such as: if callerID == self.id!
 DEBUG root [0x00005e30] [2019-06-07 22:28:14,496] - loaded entity-script:Avatar(2).
 DEBUG root [0x00005e30] [2019-06-07 22:28:14,496] - loaded entity-script:FirstEntity(3).
 DEBUG root [0x00005e30] [2019-06-07 22:28:14,496] - loaded entity-script:Scene(4).
 DEBUG root [0x00005e30] [2019-06-07 22:28:14,497] - loaded entity-script:Space(5).
 DEBUG root [0x00005e30] [2019-06-07 22:28:14,497] - loaded entity-script:SpaceDuplicate(6).
 DEBUG root [0x00005e30] [2019-06-07 22:28:14,499] - loaded entity-script:SpawnPoint(8).
  INFO root [0x00005e30] [2019-06-07 22:28:14,500] - TelnetServer server is running on port 50000
  INFO root [0x00005e30] [2019-06-07 22:28:14,920] - ---- cellapp is running ----
 DEBUG root [0x00005e30] [2019-06-07 22:28:14,921] - Components::process(): Request for the process of identity...
  WARN root [0x00005e30] [2019-06-07 22:28:21,268] - EntityApp::checkTickPeriod: tick took 12694% (12.69 seconds)!
  WARN root [0x00005e30] [2019-06-07 22:28:21,274] - TCPPacketReceiver::processPendingEvents(192.168.27.1:8478): Throwing REASON_GENERAL_NETWORK - WSAECONNABORTED
  INFO root [0x00005e30] [2019-06-07 22:28:22,321] - Components::findComponents: find logger(1)...
  INFO root [0x00005e30] [2019-06-07 22:28:22,394] - Components::findComponents: found logger, addr:192.168.27.1:8446
  INFO root [0x00005e30] [2019-06-07 22:28:22,395] - Components::addComponent: reset orderLog, uid=10103!
  INFO root [0x00005e30] [2019-06-07 22:28:22,395] - Components::addComponent[logger], uid=10103, componentID=2000, globalorderid=1, grouporderid=1, totalcount=1
  INFO root [0x00005e30] [2019-06-07 22:28:22,396] - Components::findComponents: find dbmgr(2)...
  INFO root [0x00005e30] [2019-06-07 22:28:22,501] - Components::findComponents: found dbmgr, addr:192.168.27.1:8448
  INFO root [0x00005e30] [2019-06-07 22:28:22,501] - Components::addComponent: reset orderLog, uid=10103!
  INFO root [0x00005e30] [2019-06-07 22:28:22,501] - Components::addComponent[dbmgr], uid=10103, componentID=4000, globalorderid=1, grouporderid=1, totalcount=1
  INFO root [0x00005e30] [2019-06-07 22:28:22,501] - Components::findComponents: found dbmgr, addr:192.168.27.1:8448
  WARN root [0x00005e30] [2019-06-07 22:28:23,501] - Forwarding logs to logger[192.168.27.1:8446/0/0/0]...
 ERROR root [0x00005e30] [2019-06-07 22:38:42,190] - Components::removeComponentByChannel: logger : 2000, Abnormal exit(reason=TCPPacketReceiver::processRecv(): error=10054
)! Channel(timestamp=125041772682, lastReceivedTime=125040878076, inactivityExceptionPeriod=599500192)
  INFO root [0x00005e30] [2019-06-07 22:38:42,199] - The following logs sent to logger failed:
  WARN root [0x00005e30] [2019-06-07 22:38:42,199] - ==> [2019-06-07 22:38:42 189] TCPPacketReceiver::processPendingEvents(192.168.27.1:8446): Throwing REASON_GENERAL_NETWORK - WSAECONNRESET
 ERROR root [0x00005e30] [2019-06-07 22:38:42,199] - ==> [2019-06-07 22:38:42 191] Components::removeComponentByChannel: logger : 2000, Abnormal exit(reason=TCPPacketReceiver::processRecv(): error=10054
)! Channel(timestamp=125041772682, lastReceivedTime=125040878076, inactivityExceptionPeriod=599500192)
  WARN root [0x00005e30] [2019-06-07 22:38:42,334] - TCPPacketReceiver::processPendingEvents(192.168.27.1:8448): Throwing REASON_GENERAL_NETWORK - WSAECONNRESET
 ERROR root [0x00005e30] [2019-06-07 22:38:42,339] - Components::removeComponentByChannel: dbmgr : 4000, Abnormal exit(reason=TCPPacketReceiver::processRecv(): error=10054
)! Channel(timestamp=125043266070, lastReceivedTime=125041619034, inactivityExceptionPeriod=599500192)
  INFO root [0x00005e30] [2019-06-07 22:38:42,344] - Shutdowner::onShutdownBegin: shutting down(period=0, tickPeriod=1)
  INFO root [0x00005e30] [2019-06-07 22:38:42,347] - Shutdowner::onShutdown: shutting down
  INFO root [0x00005e30] [2019-06-07 22:38:42,348] - Spaces::destroySpace: 1.
  INFO root [0x00005e30] [2019-06-07 22:38:42,349] - Spaces::destroySpace: 2.
  INFO root [0x00005e30] [2019-06-07 22:38:42,350] - Shutdowner::onShutdownEnd: shutting down
 DEBUG root [0x00005e30] [2019-06-07 22:38:42,350] - Space::~Space(): 3
 DEBUG root [0x00005e30] [2019-06-07 22:38:42,351] - Space::~Space(): 2
 DEBUG root [0x00005e30] [2019-06-07 22:38:42,352] - NavMeshHandle::~NavMeshHandle(): (spaces/novice_1) is destroyed!
 DEBUG root [0x00005e30] [2019-06-07 22:38:42,352] - NavMeshHandle::~NavMeshHandle(): (spaces/novice_2) is destroyed!
 DEBUG root [0x00005e30] [2019-06-07 22:38:42,352] - EntityRef::destroyObjPool(): size 16.
 DEBUG root [0x00005e30] [2019-06-07 22:38:42,352] - Witness::destroyObjPool(): size 16.
 ERROR root [0x00005e30] [2019-06-07 22:38:42,370] - PyGC::debugTracing(): EntityCall : leaked(1)
  INFO root [0x00005e30] [2019-06-07 22:38:42,393] - Script::uninstall(): is successfully!
 DEBUG root [0x00005e30] [2019-06-07 22:38:42,394] - ThreadPool::destroy(): starting size 2.
  WARN root [0x00005e30] [2019-06-07 22:38:42,695] - ThreadPool::destroy(): waiting for thread(2)[0xaa0110,0xa9fd00,], try=1
  INFO root [0x000048f8] [2019-06-07 22:38:47,509] - 
  INFO root [0x000048f8] [2019-06-07 22:38:47,513] - -----------------------------------------------------------------------------------------


  INFO root [0x000048f8] [2019-06-07 22:38:47,515] - Resmgr::initialize: OURO_ROOT=C:/Users/Black/Ouroboros/
  INFO root [0x000048f8] [2019-06-07 22:38:47,515] - Resmgr::initialize: OURO_RES_PATH=C:/Users/Black/Ouroboros/ouro/res/;C:/Users/Black/Ouroboros/assets/;C:/Users/Black/Ouroboros/assets/scripts/;C:/Users/Black/Ouroboros/assets/res/
  INFO root [0x000048f8] [2019-06-07 22:38:47,515] - Resmgr::initialize: OURO_BIN_PATH=C:/Users/Black/Ouroboros/ouro/bin/server/
  INFO root [0x000048f8] [2019-06-07 22:38:47,560] - NetworkInterface::initialize(INTERNAL-TCP): bound to all interfaces with default route interface on 192.168.27.1 ( 192.168.27.1:9759 )
  INFO root [0x000048f8] [2019-06-07 22:38:47,561] - NetworkInterface::initialize(INTERNAL-TCP): address 192.168.27.1:9759, SOMAXCONN=5.
  INFO root [0x000048f8] [2019-06-07 22:38:47,561] - server-configs:
  INFO root [0x000048f8] [2019-06-07 22:38:47,561] - 	gameUpdateHertz : 10
  INFO root [0x000048f8] [2019-06-07 22:38:47,561] - 	defaultViewRadius : 80
  INFO root [0x000048f8] [2019-06-07 22:38:47,562] - 	defaultViewHysteresisArea : 5
  INFO root [0x000048f8] [2019-06-07 22:38:47,562] - 	entryScriptFile : ouromain
  INFO root [0x000048f8] [2019-06-07 22:38:47,562] - 	internalTcpAddr : 192.168.27.1:9759
  INFO root [0x000048f8] [2019-06-07 22:38:47,562] - 	componentID : 8001
  INFO root [0x000048f8] [2019-06-07 22:38:48,098] - Components::findLogger: found logger, addr:192.168.27.1:9753
  INFO root [0x000048f8] [2019-06-07 22:38:48,098] - Components::addComponent: reset orderLog, uid=10103!
  INFO root [0x000048f8] [2019-06-07 22:38:48,098] - Components::addComponent[logger], uid=10103, componentID=2000, globalorderid=1, grouporderid=1, totalcount=1
  INFO root [0x000048f8] [2019-06-07 22:38:48,111] - ---- cellapp Version: 2.5.0. ScriptVersion: 0.1.0. Pythoncore: 3.7.3. Protocol: 8652043B9D1A1F169DDC4E8CD899D692. Config: Debug X86. Built: 02:55:12 May 23 2019. AppID: 8001. UID: 10103. PID: 14872 ----
  INFO root [0x000048f8] [2019-06-07 22:38:48,111] - Server Black: Intel(R) Core(TM) i7-7700HQ CPU @ 2.80GHz with 2097151kB RAM
  INFO root [0x000048f8] [2019-06-07 22:38:48,111] - ThreadPool::createThreadPool: creating  threadpool...
  INFO root [0x000048f8] [2019-06-07 22:38:48,112] - ThreadPool::createThreadPool: successfully(2), newThreadCount=1, normalMaxThreadCount=2, maxThreadCount=8
  INFO root [0x000048f8] [2019-06-07 22:38:48,350] - Script::install(): is successfully, Python=(3.7.3 (default, May 23 2019, 03:58:29) [MSC v.1916 32 bit (Intel)])!
  INFO root [0x000048f8] [2019-06-07 22:38:48,350] - Script::install(): OUROxtra is successfully!
 DEBUG root [0x000048f8] [2019-06-07 22:38:48,753] - loaded entity-script:Account(1).
  WARN root [0x000048f8] [2019-06-07 22:38:48,754] - EntityDef::checkDefMethod: exposed of method: Avatar.updateEG, check the caller can use "def updateEG(self, callerID, ...)", such as: if callerID == self.id!
  WARN root [0x000048f8] [2019-06-07 22:38:48,755] - EntityDef::checkDefMethod: exposed of method: Avatar.updateLastSyncTime, check the caller can use "def updateLastSyncTime(self, callerID, ...)", such as: if callerID == self.id!
  WARN root [0x000048f8] [2019-06-07 22:38:48,756] - EntityDef::checkDefMethod: exposed of method: Avatar.updatePositionSynced, check the caller can use "def updatePositionSynced(self, callerID, ...)", such as: if callerID == self.id!
 DEBUG root [0x000048f8] [2019-06-07 22:38:48,757] - loaded entity-script:Avatar(2).
 DEBUG root [0x000048f8] [2019-06-07 22:38:48,757] - loaded entity-script:FirstEntity(3).
 DEBUG root [0x000048f8] [2019-06-07 22:38:48,758] - loaded entity-script:Scene(4).
 DEBUG root [0x000048f8] [2019-06-07 22:38:48,759] - loaded entity-script:Space(5).
 DEBUG root [0x000048f8] [2019-06-07 22:38:48,759] - loaded entity-script:SpaceDuplicate(6).
 DEBUG root [0x000048f8] [2019-06-07 22:38:48,761] - loaded entity-script:SpawnPoint(8).
  INFO root [0x000048f8] [2019-06-07 22:38:48,762] - TelnetServer server is running on port 50000
  INFO root [0x000048f8] [2019-06-07 22:38:49,477] - ---- cellapp is running ----
 DEBUG root [0x000048f8] [2019-06-07 22:38:49,478] - Components::process(): Request for the process of identity...
  WARN root [0x000048f8] [2019-06-07 22:38:49,817] - BundleBroadcast::BundleBroadcast: Cannot bind to port 20791, errorno=10048
  WARN root [0x000048f8] [2019-06-07 22:38:56,194] - Forwarding logs to logger[192.168.27.1:9753/0/0/0]...
 ERROR root [0x000048f8] [2019-06-07 22:54:08,115] - Components::removeComponentByChannel: logger : 2000, Abnormal exit(reason=TCPPacketReceiver::processRecv(): error=10054
)! Channel(timestamp=134301032669, lastReceivedTime=134091008966, inactivityExceptionPeriod=599500000)
  INFO root [0x000048f8] [2019-06-07 22:54:08,120] - The following logs sent to logger failed:
  WARN root [0x000048f8] [2019-06-07 22:54:08,121] - ==> [2019-06-07 22:54:08 116] TCPPacketReceiver::processPendingEvents(192.168.27.1:9753): Throwing REASON_GENERAL_NETWORK - WSAECONNRESET
 ERROR root [0x000048f8] [2019-06-07 22:54:08,121] - ==> [2019-06-07 22:54:08 117] Components::removeComponentByChannel: logger : 2000, Abnormal exit(reason=TCPPacketReceiver::processRecv(): error=10054
)! Channel(timestamp=134301032669, lastReceivedTime=134091008966, inactivityExceptionPeriod=599500000)
  WARN root [0x000048f8] [2019-06-07 22:54:08,223] - TCPPacketReceiver::processPendingEvents(192.168.27.1:9756): Throwing REASON_GENERAL_NETWORK - WSAECONNRESET
 ERROR root [0x000048f8] [2019-06-07 22:54:08,224] - Components::removeComponentByChannel: dbmgr : 4000, Abnormal exit(reason=TCPPacketReceiver::processRecv(): error=10054
)! Channel(timestamp=134302113535, lastReceivedTime=134093466645, inactivityExceptionPeriod=599500000)
  INFO root [0x000048f8] [2019-06-07 22:54:08,231] - Shutdowner::onShutdownBegin: shutting down(period=0, tickPeriod=1)
  INFO root [0x000048f8] [2019-06-07 22:54:08,236] - Shutdowner::onShutdown: shutting down
  INFO root [0x000048f8] [2019-06-07 22:54:08,237] - Spaces::destroySpace: 1.
  INFO root [0x000048f8] [2019-06-07 22:54:08,238] - Spaces::destroySpace: 2.
  INFO root [0x000048f8] [2019-06-07 22:54:08,239] - Shutdowner::onShutdownEnd: shutting down
 DEBUG root [0x000048f8] [2019-06-07 22:54:08,239] - Space::~Space(): 2003
 DEBUG root [0x000048f8] [2019-06-07 22:54:08,240] - Space::~Space(): 2002
 DEBUG root [0x000048f8] [2019-06-07 22:54:08,240] - NavMeshHandle::~NavMeshHandle(): (spaces/novice_1) is destroyed!
 DEBUG root [0x000048f8] [2019-06-07 22:54:08,240] - NavMeshHandle::~NavMeshHandle(): (spaces/novice_2) is destroyed!
 DEBUG root [0x000048f8] [2019-06-07 22:54:08,241] - EntityRef::destroyObjPool(): size 16.
 DEBUG root [0x000048f8] [2019-06-07 22:54:08,241] - Witness::destroyObjPool(): size 16.
 ERROR root [0x000048f8] [2019-06-07 22:54:08,258] - PyGC::debugTracing(): EntityCall : leaked(1)
  INFO root [0x000048f8] [2019-06-07 22:54:08,274] - Script::uninstall(): is successfully!
 DEBUG root [0x000048f8] [2019-06-07 22:54:08,274] - ThreadPool::destroy(): starting size 2.
  WARN root [0x000048f8] [2019-06-07 22:54:08,575] - ThreadPool::destroy(): waiting for thread(2)[0x23e76f0,0x23e7bd0,], try=1
  INFO root [0x000037a4] [2019-06-07 22:54:38,483] - 
  INFO root [0x000037a4] [2019-06-07 22:54:38,484] - -----------------------------------------------------------------------------------------


  INFO root [0x000037a4] [2019-06-07 22:54:38,485] - Resmgr::initialize: OURO_ROOT=C:/Users/Black/Ouroboros/
  INFO root [0x000037a4] [2019-06-07 22:54:38,486] - Resmgr::initialize: OURO_RES_PATH=C:/Users/Black/Ouroboros/ouro/res/;C:/Users/Black/Ouroboros/assets/;C:/Users/Black/Ouroboros/assets/scripts/;C:/Users/Black/Ouroboros/assets/res/
  INFO root [0x000037a4] [2019-06-07 22:54:38,486] - Resmgr::initialize: OURO_BIN_PATH=C:/Users/Black/Ouroboros/ouro/bin/server/
  INFO root [0x000037a4] [2019-06-07 22:54:38,499] - NetworkInterface::initialize(INTERNAL-TCP): bound to all interfaces with default route interface on 192.168.27.1 ( 192.168.27.1:11691 )
  INFO root [0x000037a4] [2019-06-07 22:54:38,500] - NetworkInterface::initialize(INTERNAL-TCP): address 192.168.27.1:11691, SOMAXCONN=5.
  INFO root [0x000037a4] [2019-06-07 22:54:38,500] - server-configs:
  INFO root [0x000037a4] [2019-06-07 22:54:38,500] - 	gameUpdateHertz : 10
  INFO root [0x000037a4] [2019-06-07 22:54:38,500] - 	defaultViewRadius : 80
  INFO root [0x000037a4] [2019-06-07 22:54:38,501] - 	defaultViewHysteresisArea : 5
  INFO root [0x000037a4] [2019-06-07 22:54:38,501] - 	entryScriptFile : ouromain
  INFO root [0x000037a4] [2019-06-07 22:54:38,501] - 	internalTcpAddr : 192.168.27.1:11691
  INFO root [0x000037a4] [2019-06-07 22:54:38,501] - 	componentID : 8001
  INFO root [0x000037a4] [2019-06-07 22:54:40,009] - ---- cellapp Version: 2.5.0. ScriptVersion: 0.1.0. Pythoncore: 3.7.3. Protocol: 8652043B9D1A1F169DDC4E8CD899D692. Config: Debug X86. Built: 02:55:12 May 23 2019. AppID: 8001. UID: 10103. PID: 17424 ----
  INFO root [0x000037a4] [2019-06-07 22:54:40,010] - Server Black: Intel(R) Core(TM) i7-7700HQ CPU @ 2.80GHz with 2097151kB RAM
  INFO root [0x000037a4] [2019-06-07 22:54:40,010] - ThreadPool::createThreadPool: creating  threadpool...
  INFO root [0x000037a4] [2019-06-07 22:54:40,010] - ThreadPool::createThreadPool: successfully(2), newThreadCount=1, normalMaxThreadCount=2, maxThreadCount=8
  INFO root [0x000037a4] [2019-06-07 22:54:40,225] - Script::install(): is successfully, Python=(3.7.3 (default, Jun  7 2019, 22:47:18) [MSC v.1916 32 bit (Intel)])!
  INFO root [0x000037a4] [2019-06-07 22:54:40,226] - Script::install(): OUROxtra is successfully!
 DEBUG root [0x000037a4] [2019-06-07 22:54:40,560] - loaded entity-script:Account(1).
  WARN root [0x000037a4] [2019-06-07 22:54:40,562] - EntityDef::checkDefMethod: exposed of method: Avatar.updateEG, check the caller can use "def updateEG(self, callerID, ...)", such as: if callerID == self.id!
  WARN root [0x000037a4] [2019-06-07 22:54:40,562] - EntityDef::checkDefMethod: exposed of method: Avatar.updateLastSyncTime, check the caller can use "def updateLastSyncTime(self, callerID, ...)", such as: if callerID == self.id!
  WARN root [0x000037a4] [2019-06-07 22:54:40,563] - EntityDef::checkDefMethod: exposed of method: Avatar.updatePositionSynced, check the caller can use "def updatePositionSynced(self, callerID, ...)", such as: if callerID == self.id!
 DEBUG root [0x000037a4] [2019-06-07 22:54:40,563] - loaded entity-script:Avatar(2).
 DEBUG root [0x000037a4] [2019-06-07 22:54:40,563] - loaded entity-script:FirstEntity(3).
 DEBUG root [0x000037a4] [2019-06-07 22:54:40,564] - loaded entity-script:Scene(4).
 DEBUG root [0x000037a4] [2019-06-07 22:54:40,564] - loaded entity-script:Space(5).
 DEBUG root [0x000037a4] [2019-06-07 22:54:40,564] - loaded entity-script:SpaceDuplicate(6).
 DEBUG root [0x000037a4] [2019-06-07 22:54:40,567] - loaded entity-script:SpawnPoint(8).
  INFO root [0x000037a4] [2019-06-07 22:54:40,568] - TelnetServer server is running on port 50000
  INFO root [0x000037a4] [2019-06-07 22:54:41,104] - ---- cellapp is running ----
 DEBUG root [0x000037a4] [2019-06-07 22:54:41,105] - Components::process(): Request for the process of identity...
  WARN root [0x000037a4] [2019-06-07 22:54:47,447] - EntityApp::checkTickPeriod: tick took 6343% (6.34 seconds)!
  WARN root [0x000037a4] [2019-06-07 22:54:47,462] - TCPPacketReceiver::processPendingEvents(192.168.27.1:11717): Throwing REASON_GENERAL_NETWORK - WSAECONNABORTED
  INFO root [0x000037a4] [2019-06-07 22:54:48,487] - Components::findComponents: find logger(1)...
  INFO root [0x000037a4] [2019-06-07 22:54:48,543] - Components::findComponents: found logger, addr:192.168.27.1:11686
  INFO root [0x000037a4] [2019-06-07 22:54:48,543] - Components::addComponent: reset orderLog, uid=10103!
  INFO root [0x000037a4] [2019-06-07 22:54:48,544] - Components::addComponent[logger], uid=10103, componentID=2000, globalorderid=1, grouporderid=1, totalcount=1
  INFO root [0x000037a4] [2019-06-07 22:54:48,546] - Components::findComponents: find dbmgr(2)...
  INFO root [0x000037a4] [2019-06-07 22:54:48,557] - Components::findComponents: found logger, addr:192.168.27.1:11686
  INFO root [0x000037a4] [2019-06-07 22:54:48,562] - Components::findComponents: found dbmgr, addr:192.168.27.1:11687
  INFO root [0x000037a4] [2019-06-07 22:54:48,563] - Components::addComponent: reset orderLog, uid=10103!
  INFO root [0x000037a4] [2019-06-07 22:54:48,563] - Components::addComponent[dbmgr], uid=10103, componentID=4000, globalorderid=1, grouporderid=1, totalcount=1
  INFO root [0x000037a4] [2019-06-07 22:54:48,665] - Components::findComponents: found dbmgr, addr:192.168.27.1:11687
  WARN root [0x000037a4] [2019-06-07 22:54:49,666] - Forwarding logs to logger[192.168.27.1:11686/0/0/0]...
 ERROR root [0x000037a4] [2019-06-07 23:00:06,128] - Components::removeComponentByChannel: logger : 2000, Abnormal exit(reason=TCPPacketReceiver::processRecv(): error=10054
)! Channel(timestamp=137881154793, lastReceivedTime=137603707580, inactivityExceptionPeriod=599500512)
  INFO root [0x000037a4] [2019-06-07 23:00:06,131] - The following logs sent to logger failed:
  WARN root [0x000037a4] [2019-06-07 23:00:06,132] - ==> [2019-06-07 23:00:06 127] TCPPacketReceiver::processPendingEvents(192.168.27.1:11686): Throwing REASON_GENERAL_NETWORK - WSAECONNRESET
 ERROR root [0x000037a4] [2019-06-07 23:00:06,132] - ==> [2019-06-07 23:00:06 129] Components::removeComponentByChannel: logger : 2000, Abnormal exit(reason=TCPPacketReceiver::processRecv(): error=10054
)! Channel(timestamp=137881154793, lastReceivedTime=137603707580, inactivityExceptionPeriod=599500512)
  WARN root [0x000037a4] [2019-06-07 23:00:06,231] - TCPPacketReceiver::processPendingEvents(192.168.27.1:11687): Throwing REASON_GENERAL_NETWORK - WSAECONNRESET
 ERROR root [0x000037a4] [2019-06-07 23:00:06,232] - Components::removeComponentByChannel: dbmgr : 4000, Abnormal exit(reason=TCPPacketReceiver::processRecv(): error=10054
)! Channel(timestamp=137882196514, lastReceivedTime=137604255508, inactivityExceptionPeriod=599500512)
  INFO root [0x000037a4] [2019-06-07 23:00:06,237] - Shutdowner::onShutdownBegin: shutting down(period=0, tickPeriod=1)
  INFO root [0x000037a4] [2019-06-07 23:00:06,238] - Shutdowner::onShutdown: shutting down
  INFO root [0x000037a4] [2019-06-07 23:00:06,239] - Spaces::destroySpace: 1.
 S_DBG root [0x000037a4] [2019-06-07 23:00:06,239] - Avatar::onDestroy: 2007.
  INFO root [0x000037a4] [2019-06-07 23:00:06,240] - Spaces::destroySpace: 2.
  INFO root [0x000037a4] [2019-06-07 23:00:06,241] - Shutdowner::onShutdownEnd: shutting down
 DEBUG root [0x000037a4] [2019-06-07 23:00:06,242] - Space::~Space(): 2003
 DEBUG root [0x000037a4] [2019-06-07 23:00:06,242] - Avatar::~Avatar(): 2007
 DEBUG root [0x000037a4] [2019-06-07 23:00:06,242] - Space::~Space(): 2002
 DEBUG root [0x000037a4] [2019-06-07 23:00:06,243] - NavMeshHandle::~NavMeshHandle(): (spaces/novice_1) is destroyed!
 DEBUG root [0x000037a4] [2019-06-07 23:00:06,243] - NavMeshHandle::~NavMeshHandle(): (spaces/novice_2) is destroyed!
 DEBUG root [0x000037a4] [2019-06-07 23:00:06,244] - EntityRef::destroyObjPool(): size 16.
 DEBUG root [0x000037a4] [2019-06-07 23:00:06,244] - Witness::destroyObjPool(): size 16.
 ERROR root [0x000037a4] [2019-06-07 23:00:06,257] - PyGC::debugTracing(): EntityCall : leaked(1)
  INFO root [0x000037a4] [2019-06-07 23:00:06,279] - Script::uninstall(): is successfully!
 DEBUG root [0x000037a4] [2019-06-07 23:00:06,280] - ThreadPool::destroy(): starting size 2.
  WARN root [0x000037a4] [2019-06-07 23:00:06,581] - ThreadPool::destroy(): waiting for thread(2)[0x229ed38,0x229f350,], try=1
  INFO root [0x00005484] [2019-06-07 23:01:01,236] - 
  INFO root [0x00005484] [2019-06-07 23:01:01,240] - -----------------------------------------------------------------------------------------


  INFO root [0x00005484] [2019-06-07 23:01:01,242] - Resmgr::initialize: OURO_ROOT=C:/Users/Black/Ouroboros/
  INFO root [0x00005484] [2019-06-07 23:01:01,242] - Resmgr::initialize: OURO_RES_PATH=C:/Users/Black/Ouroboros/ouro/res/;C:/Users/Black/Ouroboros/assets/;C:/Users/Black/Ouroboros/assets/scripts/;C:/Users/Black/Ouroboros/assets/res/
  INFO root [0x00005484] [2019-06-07 23:01:01,242] - Resmgr::initialize: OURO_BIN_PATH=C:/Users/Black/Ouroboros/ouro/bin/server/
  INFO root [0x00005484] [2019-06-07 23:01:01,286] - NetworkInterface::initialize(INTERNAL-TCP): bound to all interfaces with default route interface on 192.168.27.1 ( 192.168.27.1:12390 )
  INFO root [0x00005484] [2019-06-07 23:01:01,287] - NetworkInterface::initialize(INTERNAL-TCP): address 192.168.27.1:12390, SOMAXCONN=5.
  INFO root [0x00005484] [2019-06-07 23:01:01,287] - server-configs:
  INFO root [0x00005484] [2019-06-07 23:01:01,287] - 	gameUpdateHertz : 10
  INFO root [0x00005484] [2019-06-07 23:01:01,288] - 	defaultViewRadius : 80
  INFO root [0x00005484] [2019-06-07 23:01:01,288] - 	defaultViewHysteresisArea : 5
  INFO root [0x00005484] [2019-06-07 23:01:01,288] - 	entryScriptFile : ouromain
  INFO root [0x00005484] [2019-06-07 23:01:01,288] - 	internalTcpAddr : 192.168.27.1:12390
  INFO root [0x00005484] [2019-06-07 23:01:01,289] - 	componentID : 8001
  INFO root [0x00005484] [2019-06-07 23:01:02,077] - Components::findLogger: found logger, addr:192.168.27.1:12385
  INFO root [0x00005484] [2019-06-07 23:01:02,078] - Components::addComponent: reset orderLog, uid=10103!
  INFO root [0x00005484] [2019-06-07 23:01:02,079] - Components::addComponent[logger], uid=10103, componentID=2000, globalorderid=1, grouporderid=1, totalcount=1
  INFO root [0x00005484] [2019-06-07 23:01:02,090] - ---- cellapp Version: 2.5.0. ScriptVersion: 0.1.0. Pythoncore: 3.7.3. Protocol: 8652043B9D1A1F169DDC4E8CD899D692. Config: Debug X86. Built: 02:55:12 May 23 2019. AppID: 8001. UID: 10103. PID: 31860 ----
  INFO root [0x00005484] [2019-06-07 23:01:02,092] - Server Black: Intel(R) Core(TM) i7-7700HQ CPU @ 2.80GHz with 2097151kB RAM
  INFO root [0x00005484] [2019-06-07 23:01:02,092] - ThreadPool::createThreadPool: creating  threadpool...
  INFO root [0x00005484] [2019-06-07 23:01:02,093] - ThreadPool::createThreadPool: successfully(2), newThreadCount=1, normalMaxThreadCount=2, maxThreadCount=8
  INFO root [0x00005484] [2019-06-07 23:01:02,352] - Script::install(): is successfully, Python=(3.7.3 (default, Jun  7 2019, 22:47:18) [MSC v.1916 32 bit (Intel)])!
  INFO root [0x00005484] [2019-06-07 23:01:02,352] - Script::install(): OUROxtra is successfully!
 DEBUG root [0x00005484] [2019-06-07 23:01:02,878] - loaded entity-script:Account(1).
  WARN root [0x00005484] [2019-06-07 23:01:02,879] - EntityDef::checkDefMethod: exposed of method: Avatar.updateEG, check the caller can use "def updateEG(self, callerID, ...)", such as: if callerID == self.id!
  WARN root [0x00005484] [2019-06-07 23:01:02,885] - EntityDef::checkDefMethod: exposed of method: Avatar.updateLastSyncTime, check the caller can use "def updateLastSyncTime(self, callerID, ...)", such as: if callerID == self.id!
  WARN root [0x00005484] [2019-06-07 23:01:02,886] - EntityDef::checkDefMethod: exposed of method: Avatar.updatePositionSynced, check the caller can use "def updatePositionSynced(self, callerID, ...)", such as: if callerID == self.id!
 DEBUG root [0x00005484] [2019-06-07 23:01:02,886] - loaded entity-script:Avatar(2).
 DEBUG root [0x00005484] [2019-06-07 23:01:02,886] - loaded entity-script:FirstEntity(3).
 DEBUG root [0x00005484] [2019-06-07 23:01:02,887] - loaded entity-script:Scene(4).
 DEBUG root [0x00005484] [2019-06-07 23:01:02,887] - loaded entity-script:Space(5).
 DEBUG root [0x00005484] [2019-06-07 23:01:02,888] - loaded entity-script:SpaceDuplicate(6).
 DEBUG root [0x00005484] [2019-06-07 23:01:02,890] - loaded entity-script:SpawnPoint(8).
  INFO root [0x00005484] [2019-06-07 23:01:02,891] - TelnetServer server is running on port 50000
  INFO root [0x00005484] [2019-06-07 23:01:03,707] - ---- cellapp is running ----
 DEBUG root [0x00005484] [2019-06-07 23:01:03,715] - Components::process(): Request for the process of identity...
  WARN root [0x00005484] [2019-06-07 23:01:10,112] - Forwarding logs to logger[192.168.27.1:12385/0/0/0]...
