  INFO root [0x0000ac60] [2019-06-03 20:30:07,780] - 
  INFO root [0x0000ac60] [2019-06-03 20:30:07,781] - -----------------------------------------------------------------------------------------


  INFO root [0x0000ac60] [2019-06-03 20:30:07,784] - Resmgr::initialize: OURO_ROOT=C:/Users/Black/Ouroboros/
  INFO root [0x0000ac60] [2019-06-03 20:30:07,784] - Resmgr::initialize: OURO_RES_PATH=C:/Users/Black/Ouroboros/ouro/res/;C:/Users/Black/Ouroboros/assets/;C:/Users/Black/Ouroboros/assets/scripts/;C:/Users/Black/Ouroboros/assets/res/
  INFO root [0x0000ac60] [2019-06-03 20:30:07,785] - Resmgr::initialize: OURO_BIN_PATH=C:/Users/Black/Ouroboros/ouro/bin/server/
  INFO root [0x0000ac60] [2019-06-03 20:30:07,830] - NetworkInterface::initialize(INTERNAL-TCP): bound to all interfaces with default route interface on 192.168.27.1 ( 192.168.27.1:13690 )
  INFO root [0x0000ac60] [2019-06-03 20:30:07,831] - NetworkInterface::initialize(INTERNAL-TCP): address 192.168.27.1:13690, SOMAXCONN=5.
  INFO root [0x0000ac60] [2019-06-03 20:30:07,832] - server-configs:
  INFO root [0x0000ac60] [2019-06-03 20:30:07,832] - 	gameUpdateHertz : 10
  INFO root [0x0000ac60] [2019-06-03 20:30:07,832] - 	defaultViewRadius : 80
  INFO root [0x0000ac60] [2019-06-03 20:30:07,832] - 	defaultViewHysteresisArea : 5
  INFO root [0x0000ac60] [2019-06-03 20:30:07,833] - 	entryScriptFile : ouromain
  INFO root [0x0000ac60] [2019-06-03 20:30:07,833] - 	internalTcpAddr : 192.168.27.1:13690
  INFO root [0x0000ac60] [2019-06-03 20:30:07,833] - 	componentID : 8001
  INFO root [0x0000ac60] [2019-06-03 20:30:07,895] - Components::findLogger: found logger, addr:192.168.27.1:13455
  INFO root [0x0000ac60] [2019-06-03 20:30:07,896] - Components::addComponent: reset orderLog, uid=10103!
  INFO root [0x0000ac60] [2019-06-03 20:30:07,896] - Components::addComponent[logger], uid=10103, componentID=2000, globalorderid=1, grouporderid=1, totalcount=1
  INFO root [0x0000ac60] [2019-06-03 20:30:07,908] - ---- cellapp Version: 2.5.0. ScriptVersion: 0.1.0. Pythoncore: 3.7.3. Protocol: 8652043B9D1A1F169DDC4E8CD899D692. Config: Debug X86. Built: 02:55:12 May 23 2019. AppID: 8001. UID: 10103. PID: 1284 ----
  INFO root [0x0000ac60] [2019-06-03 20:30:07,910] - Server Black: Intel(R) Core(TM) i7-7700HQ CPU @ 2.80GHz with 2097151kB RAM
  INFO root [0x0000ac60] [2019-06-03 20:30:07,911] - ThreadPool::createThreadPool: creating  threadpool...
  INFO root [0x0000ac60] [2019-06-03 20:30:07,912] - ThreadPool::createThreadPool: successfully(2), newThreadCount=1, normalMaxThreadCount=2, maxThreadCount=8
  INFO root [0x0000ac60] [2019-06-03 20:30:08,300] - Script::install(): is successfully, Python=(3.7.3 (default, May 23 2019, 03:58:29) [MSC v.1916 32 bit (Intel)])!
  INFO root [0x0000ac60] [2019-06-03 20:30:08,300] - Script::install(): OUROxtra is successfully!
 DEBUG root [0x0000ac60] [2019-06-03 20:30:09,198] - loaded entity-script:Account(1).
  WARN root [0x0000ac60] [2019-06-03 20:30:09,202] - EntityDef::checkDefMethod: exposed of method: Avatar.updateEG, check the caller can use "def updateEG(self, callerID, ...)", such as: if callerID == self.id!
  WARN root [0x0000ac60] [2019-06-03 20:30:09,234] - EntityDef::checkDefMethod: exposed of method: Avatar.updateLastSyncTime, check the caller can use "def updateLastSyncTime(self, callerID, ...)", such as: if callerID == self.id!
  WARN root [0x0000ac60] [2019-06-03 20:30:09,236] - EntityDef::checkDefMethod: exposed of method: Avatar.updatePositionSynced, check the caller can use "def updatePositionSynced(self, callerID, ...)", such as: if callerID == self.id!
 DEBUG root [0x0000ac60] [2019-06-03 20:30:09,237] - loaded entity-script:Avatar(2).
 DEBUG root [0x0000ac60] [2019-06-03 20:30:09,237] - loaded entity-script:FirstEntity(3).
 DEBUG root [0x0000ac60] [2019-06-03 20:30:09,242] - loaded entity-script:Scene(4).
 DEBUG root [0x0000ac60] [2019-06-03 20:30:09,244] - loaded entity-script:Space(5).
 DEBUG root [0x0000ac60] [2019-06-03 20:30:09,245] - loaded entity-script:SpaceDuplicate(6).
 DEBUG root [0x0000ac60] [2019-06-03 20:30:09,252] - loaded entity-script:SpawnPoint(8).
  INFO root [0x0000ac60] [2019-06-03 20:30:09,262] - TelnetServer server is running on port 50000
  INFO root [0x0000ac60] [2019-06-03 20:30:10,491] - ---- cellapp is running ----
 DEBUG root [0x0000ac60] [2019-06-03 20:30:10,492] - Components::process(): Request for the process of identity...
  WARN root [0x0000ac60] [2019-06-03 20:30:17,611] - Forwarding logs to logger[192.168.27.1:13455/0/0/0]...
