 ERROR root [2019-06-11 00:10:09,920] - Components::removeComponentByChannel: logger : 2000, Abnormal exit(reason=TCPPacketReceiver::processRecv(): error=10054
)! Channel(timestamp=2771893565577, lastReceivedTime=2771724536282, inactivityExceptionPeriod=599490281)
  INFO root [2019-06-11 00:10:09,927] - The following logs sent to logger failed:
  WARN root [2019-06-11 00:10:09,928] - ==> [2019-06-11 00:10:09 920] TCPPacketReceiver::processPendingEvents(192.168.27.1:14070): Throwing REASON_GENERAL_NETWORK - WSAECONNRESET
 ERROR root [2019-06-11 00:10:09,928] - ==> [2019-06-11 00:10:09 922] Components::removeComponentByChannel: logger : 2000, Abnormal exit(reason=TCPPacketReceiver::processRecv(): error=10054
)! Channel(timestamp=2771893565577, lastReceivedTime=2771724536282, inactivityExceptionPeriod=599490281)
  INFO root [2019-06-11 00:10:15,131] - 
  INFO root [2019-06-11 00:10:15,131] - -----------------------------------------------------------------------------------------


  INFO root [2019-06-11 00:10:15,133] - Resmgr::initialize: OURO_ROOT=C:/Users/Black/Ouroboros/
  INFO root [2019-06-11 00:10:15,133] - Resmgr::initialize: OURO_RES_PATH=C:/Users/Black/Ouroboros/ouro/res/;C:/Users/Black/Ouroboros/assets/;C:/Users/Black/Ouroboros/assets/scripts/;C:/Users/Black/Ouroboros/assets/res/
  INFO root [2019-06-11 00:10:15,133] - Resmgr::initialize: OURO_BIN_PATH=C:/Users/Black/Ouroboros/ouro/bin/server/
  INFO root [2019-06-11 00:10:15,147] - NetworkInterface::initialize(INTERNAL-TCP): bound to all interfaces with default route interface on 192.168.27.1 ( 192.168.27.1:7633 )
  INFO root [2019-06-11 00:10:15,147] - NetworkInterface::initialize(INTERNAL-TCP): address 192.168.27.1:7633, SOMAXCONN=5.
  INFO root [2019-06-11 00:10:15,148] - server-configs:
  INFO root [2019-06-11 00:10:15,148] - 	internalTcpAddr : 192.168.27.1:7633
  INFO root [2019-06-11 00:10:15,148] - 	componentID : 4000
  INFO root [2019-06-11 00:10:16,658] - ---- dbmgr Version: 2.5.0. ScriptVersion: 0.1.0. Pythoncore: 3.7.3. Protocol: 7E018B6508A428A183CCC712F3412432. Config: Debug X86. Built: 03:59:31 May 23 2019. AppID: 4000. UID: 10103. PID: 4436 ----
  INFO root [2019-06-11 00:10:16,659] - Server Black: Intel(R) Core(TM) i7-7700HQ CPU @ 2.80GHz with 2097151kB RAM
  INFO root [2019-06-11 00:10:16,660] - ThreadPool::createThreadPool: creating  threadpool...
  INFO root [2019-06-11 00:10:16,661] - ThreadPool::createThreadPool: successfully(2), newThreadCount=1, normalMaxThreadCount=2, maxThreadCount=8
  INFO root [2019-06-11 00:10:16,898] - Script::install(): is successfully, Python=(3.7.3 (default, Jun  7 2019, 22:47:18) [MSC v.1916 32 bit (Intel)])!
  INFO root [2019-06-11 00:10:16,898] - Script::install(): OUROxtra is successfully!
  INFO root [2019-06-11 00:10:17,289] - Dbmgr::initializeEnd: digest(A5E4265CFE2D221A7C4B18280192BCB3)
S_INFO root [2019-06-11 00:10:17,290] - onDBMgrReady: bootstrapGroupIndex=0, bootstrapGlobalIndex=0
  INFO root [2019-06-11 00:10:17,291] - TelnetServer server is running on port 32000
  INFO root [2019-06-11 00:10:17,296] - Dbmgr::initInterfacesHandler: interfaces addr(127.0.0.1:30099), accountType:(interfaces), chargeType:(interfaces).
  WARN root [2019-06-11 00:10:17,773] - DBUtil::initialize: db(default) password is not encrypted!
please use password(rsa):
04194214262CC918D37B54ECED0E210594CF943639D92ECC38BFA210865191BD053EB48C7132A464766CBB1F933898D5A3E139A5B5CA4D6A4291258D13DD2B0E18B6E466D7393D2AE8D2BDA822D65438A417D66505B123405BFF3BB3D44D433A7886E7962AC048F25E785E95EFE3DADF7BA39BF7E95D3725C4F9212EC51B2BC3
 DEBUG root [2019-06-11 00:10:17,775] - DBInterfaceMysql::attach: connect: localhost:3306 starting...
 DEBUG root [2019-06-11 00:10:17,784] - DBInterfaceMysql::attach: successfully! addr: localhost:3306
  INFO root [2019-06-11 00:10:17,785] - DBUtil::createInterface[0xcfeb54]: interface=default, dbtype=mysql, ip=localhost, port=3306, currdatabase=ouro, username=ouro, connected=yes.

  INFO root [2019-06-11 00:10:17,785] - ThreadPool::createThreadPool: creating  threadpool...
  INFO root [2019-06-11 00:10:17,785] - ThreadPool::createThreadPool: successfully(5), newThreadCount=5, normalMaxThreadCount=5, maxThreadCount=5
 DEBUG root [2019-06-11 00:10:17,785] - DBInterfaceMysql::attach: connect: localhost:3306 starting...
 DEBUG root [2019-06-11 00:10:17,786] - DBInterfaceMysql::attach: connect: localhost:3306 starting...
 DEBUG root [2019-06-11 00:10:17,786] - DBInterfaceMysql::attach: connect: localhost:3306 starting...
 DEBUG root [2019-06-11 00:10:17,786] - DBInterfaceMysql::attach: connect: localhost:3306 starting...
 DEBUG root [2019-06-11 00:10:17,786] - DBInterfaceMysql::attach: connect: localhost:3306 starting...
 DEBUG root [2019-06-11 00:10:17,789] - DBInterfaceMysql::attach: successfully! addr: localhost:3306
 DEBUG root [2019-06-11 00:10:17,790] - DBThread::onStart(): 0x2023738!
 DEBUG root [2019-06-11 00:10:17,791] - DBInterfaceMysql::attach: successfully! addr: localhost:3306
 DEBUG root [2019-06-11 00:10:17,791] - DBThread::onStart(): 0x20236b0!
 DEBUG root [2019-06-11 00:10:17,802] - DBInterfaceMysql::attach: successfully! addr: localhost:3306
 DEBUG root [2019-06-11 00:10:17,802] - DBThread::onStart(): 0x20235a0!
 DEBUG root [2019-06-11 00:10:17,805] - DBInterfaceMysql::attach: successfully! addr: localhost:3306
 DEBUG root [2019-06-11 00:10:17,805] - DBThread::onStart(): 0x2023b78!
 DEBUG root [2019-06-11 00:10:17,806] - DBInterfaceMysql::attach: successfully! addr: localhost:3306
 DEBUG root [2019-06-11 00:10:17,807] - DBThread::onStart(): 0x2023c88!
  INFO root [2019-06-11 00:10:17,889] - DBInterfaceMysql::query: successfully!
  INFO root [2019-06-11 00:10:17,890] - DBInterfaceMysql::query: successfully!
  INFO root [2019-06-11 00:10:17,890] - DBInterfaceMysql::query: successfully!
  INFO root [2019-06-11 00:10:17,891] - DBInterfaceMysql::query: successfully!
  INFO root [2019-06-11 00:10:17,891] - DBInterfaceMysql::query: successfully!
  INFO root [2019-06-11 00:10:17,891] - DBInterfaceMysql::query: successfully!
  INFO root [2019-06-11 00:10:17,892] - DBInterfaceMysql::query: successfully!
  INFO root [2019-06-11 00:10:17,936] - DBInterfaceMysql::query: successfully!
  INFO root [2019-06-11 00:10:17,937] - DBInterfaceMysql::query: successfully!
  WARN root [2019-06-11 00:10:17,956] - d:\scratch\___kbe__\ouroboros-2.5.0\ouro\src\server\dbmgr\dbmgr.cpp:306: Profile scriptCall took 0.67 seconds
  INFO root [2019-06-11 00:10:18,486] - ---- dbmgr is running ----
 DEBUG root [2019-06-11 00:10:18,486] - Components::process(): Request for the process of identity...
  INFO root [2019-06-11 00:10:24,976] - ServerApp::onRegisterNewApp: uid:10103, username:Black, componentType:interfaces, componentID:3000, globalorderID=-1, grouporderID=-1, intaddr:192.168.27.1, intport:30099, extaddr:nonsupport, extport:0,  from 127.0.0.1:30099/0/0/0.
  INFO root [2019-06-11 00:10:24,976] - Components::addComponent: reset orderLog, uid=10103!
  INFO root [2019-06-11 00:10:24,977] - Components::addComponent[interfaces], uid=10103, componentID=3000, globalorderid=1, grouporderid=1, totalcount=1
  INFO root [2019-06-11 00:10:25,989] - Components::findComponents: find logger(1)...
  INFO root [2019-06-11 00:10:26,016] - Components::findComponents: found logger, addr:192.168.27.1:7632
  INFO root [2019-06-11 00:10:26,016] - Components::addComponent: reset orderLog, uid=10103!
  INFO root [2019-06-11 00:10:26,016] - Components::addComponent[logger], uid=10103, componentID=2000, globalorderid=1, grouporderid=1, totalcount=1
  INFO root [2019-06-11 00:10:26,030] - Components::process(): Found all the components!
  WARN root [2019-06-11 00:10:26,034] - Forwarding logs to logger[192.168.27.1:7632/0/0/0]...
 ERROR root [2019-06-11 03:15:55,006] - Components::removeComponentByChannel: logger : 2000, Abnormal exit(reason=TCPPacketReceiver::processRecv(): error=10054
)! Channel(timestamp=2883344423101, lastReceivedTime=2883243973767, inactivityExceptionPeriod=599476724)
  INFO root [2019-06-11 03:15:55,012] - The following logs sent to logger failed:
  WARN root [2019-06-11 03:15:55,012] - ==> [2019-06-11 03:15:55 006] TCPPacketReceiver::processPendingEvents(192.168.27.1:7632): Throwing REASON_GENERAL_NETWORK - WSAECONNRESET
 ERROR root [2019-06-11 03:15:55,013] - ==> [2019-06-11 03:15:55 007] Components::removeComponentByChannel: logger : 2000, Abnormal exit(reason=TCPPacketReceiver::processRecv(): error=10054
)! Channel(timestamp=2883344423101, lastReceivedTime=2883243973767, inactivityExceptionPeriod=599476724)
  INFO root [2019-06-11 03:16:00,391] - 
  INFO root [2019-06-11 03:16:00,392] - -----------------------------------------------------------------------------------------


  INFO root [2019-06-11 03:16:00,393] - Resmgr::initialize: OURO_ROOT=C:/Users/Black/Ouroboros/
  INFO root [2019-06-11 03:16:00,393] - Resmgr::initialize: OURO_RES_PATH=C:/Users/Black/Ouroboros/ouro/res/;C:/Users/Black/Ouroboros/assets/;C:/Users/Black/Ouroboros/assets/scripts/;C:/Users/Black/Ouroboros/assets/res/
  INFO root [2019-06-11 03:16:00,394] - Resmgr::initialize: OURO_BIN_PATH=C:/Users/Black/Ouroboros/ouro/bin/server/
  INFO root [2019-06-11 03:16:00,410] - NetworkInterface::initialize(INTERNAL-TCP): bound to all interfaces with default route interface on 192.168.27.1 ( 192.168.27.1:11470 )
  INFO root [2019-06-11 03:16:00,411] - NetworkInterface::initialize(INTERNAL-TCP): address 192.168.27.1:11470, SOMAXCONN=5.
  INFO root [2019-06-11 03:16:00,411] - server-configs:
  INFO root [2019-06-11 03:16:00,411] - 	internalTcpAddr : 192.168.27.1:11470
  INFO root [2019-06-11 03:16:00,411] - 	componentID : 4000
  INFO root [2019-06-11 03:16:01,919] - ---- dbmgr Version: 2.5.0. ScriptVersion: 0.1.0. Pythoncore: 3.7.3. Protocol: 7E018B6508A428A183CCC712F3412432. Config: Debug X86. Built: 03:59:31 May 23 2019. AppID: 4000. UID: 10103. PID: 40868 ----
  INFO root [2019-06-11 03:16:01,921] - Server Black: Intel(R) Core(TM) i7-7700HQ CPU @ 2.80GHz with 2097151kB RAM
  INFO root [2019-06-11 03:16:01,921] - ThreadPool::createThreadPool: creating  threadpool...
  INFO root [2019-06-11 03:16:01,921] - ThreadPool::createThreadPool: successfully(2), newThreadCount=1, normalMaxThreadCount=2, maxThreadCount=8
  INFO root [2019-06-11 03:16:02,120] - Script::install(): is successfully, Python=(3.7.3 (default, Jun  7 2019, 22:47:18) [MSC v.1916 32 bit (Intel)])!
  INFO root [2019-06-11 03:16:02,121] - Script::install(): OUROxtra is successfully!
  INFO root [2019-06-11 03:16:02,593] - Dbmgr::initializeEnd: digest(40E8377E9F8E0880F54227FEDF0DA7F9)
S_INFO root [2019-06-11 03:16:02,593] - onDBMgrReady: bootstrapGroupIndex=0, bootstrapGlobalIndex=0
  INFO root [2019-06-11 03:16:02,594] - TelnetServer server is running on port 32000
  INFO root [2019-06-11 03:16:02,596] - Dbmgr::initInterfacesHandler: interfaces addr(127.0.0.1:30099), accountType:(interfaces), chargeType:(interfaces).
  WARN root [2019-06-11 03:16:03,211] - DBUtil::initialize: db(default) password is not encrypted!
please use password(rsa):
440BC8F31EC3CC27F51DA85249F9D3720F6AD076A26CF769BD4FF1CE3DC2554EA62AB4FEB5CB7FDB8A26A5BDCBA22A7AE9F37FDED38FF1AB90E0F25639D71345E897C374146E84D6D4AD0C3B71655718A61C99361705D03628B0F416ABCD261D150F2DD5784A9ADB763EA5670F95CC798D308FC9EEED3E60C04F584FBECAEB4B
 DEBUG root [2019-06-11 03:16:03,215] - DBInterfaceMysql::attach: connect: localhost:3306 starting...
 DEBUG root [2019-06-11 03:16:03,225] - DBInterfaceMysql::attach: successfully! addr: localhost:3306
  INFO root [2019-06-11 03:16:03,225] - DBUtil::createInterface[0xd1ebbc]: interface=default, dbtype=mysql, ip=localhost, port=3306, currdatabase=ouro, username=ouro, connected=yes.

  INFO root [2019-06-11 03:16:03,225] - ThreadPool::createThreadPool: creating  threadpool...
  INFO root [2019-06-11 03:16:03,226] - ThreadPool::createThreadPool: successfully(5), newThreadCount=5, normalMaxThreadCount=5, maxThreadCount=5
 DEBUG root [2019-06-11 03:16:03,226] - DBInterfaceMysql::attach: connect: localhost:3306 starting...
 DEBUG root [2019-06-11 03:16:03,226] - DBInterfaceMysql::attach: connect: localhost:3306 starting...
 DEBUG root [2019-06-11 03:16:03,226] - DBInterfaceMysql::attach: connect: localhost:3306 starting...
 DEBUG root [2019-06-11 03:16:03,227] - DBInterfaceMysql::attach: connect: localhost:3306 starting...
 DEBUG root [2019-06-11 03:16:03,227] - DBInterfaceMysql::attach: connect: localhost:3306 starting...
 DEBUG root [2019-06-11 03:16:03,231] - DBInterfaceMysql::attach: successfully! addr: localhost:3306
 DEBUG root [2019-06-11 03:16:03,231] - DBThread::onStart(): 0x23abe40!
 DEBUG root [2019-06-11 03:16:03,233] - DBInterfaceMysql::attach: successfully! addr: localhost:3306
 DEBUG root [2019-06-11 03:16:03,233] - DBThread::onStart(): 0x23ac4a0!
 DEBUG root [2019-06-11 03:16:03,235] - DBInterfaceMysql::attach: successfully! addr: localhost:3306
 DEBUG root [2019-06-11 03:16:03,235] - DBThread::onStart(): 0x23ab868!
 DEBUG root [2019-06-11 03:16:03,237] - DBInterfaceMysql::attach: successfully! addr: localhost:3306
 DEBUG root [2019-06-11 03:16:03,237] - DBThread::onStart(): 0x23ac280!
 DEBUG root [2019-06-11 03:16:03,239] - DBInterfaceMysql::attach: successfully! addr: localhost:3306
 DEBUG root [2019-06-11 03:16:03,239] - DBThread::onStart(): 0x23abec8!
  INFO root [2019-06-11 03:16:03,332] - DBInterfaceMysql::query: successfully!
  INFO root [2019-06-11 03:16:03,333] - DBInterfaceMysql::query: successfully!
  INFO root [2019-06-11 03:16:03,333] - DBInterfaceMysql::query: successfully!
  INFO root [2019-06-11 03:16:03,333] - DBInterfaceMysql::query: successfully!
  INFO root [2019-06-11 03:16:03,334] - DBInterfaceMysql::query: successfully!
  INFO root [2019-06-11 03:16:03,335] - DBInterfaceMysql::query: successfully!
  INFO root [2019-06-11 03:16:03,335] - DBInterfaceMysql::query: successfully!
  INFO root [2019-06-11 03:16:03,412] - DBInterfaceMysql::query: successfully!
 DEBUG root [2019-06-11 03:16:03,414] - syncToDB(): Avatar_abilities->sm_autoLoad(tinyint not null DEFAULT 0).
  INFO root [2019-06-11 03:16:03,414] - DBInterfaceMysql::query: successfully!
  INFO root [2019-06-11 03:16:03,518] - DBInterfaceMysql::query: successfully!
 DEBUG root [2019-06-11 03:16:03,518] - syncToDB(): Avatar_abilities->sm_value(int not null DEFAULT 0).
  WARN root [2019-06-11 03:16:03,619] - DBTask::process(): took 0.28 seconds
sql:(show index from tbl_Avatar_abilities)
  WARN root [2019-06-11 03:16:03,640] - d:\scratch\___kbe__\ouroboros-2.5.0\ouro\src\server\dbmgr\dbmgr.cpp:306: Profile scriptCall took 1.05 seconds
  INFO root [2019-06-11 03:16:04,146] - ---- dbmgr is running ----
 DEBUG root [2019-06-11 03:16:04,147] - Components::process(): Request for the process of identity...
  INFO root [2019-06-11 03:16:10,660] - ServerApp::onRegisterNewApp: uid:10103, username:Black, componentType:interfaces, componentID:3000, globalorderID=-1, grouporderID=-1, intaddr:192.168.27.1, intport:30099, extaddr:nonsupport, extport:0,  from 127.0.0.1:30099/0/0/0.
  INFO root [2019-06-11 03:16:10,661] - Components::addComponent: reset orderLog, uid=10103!
  INFO root [2019-06-11 03:16:10,661] - Components::addComponent[interfaces], uid=10103, componentID=3000, globalorderid=1, grouporderid=1, totalcount=1
  INFO root [2019-06-11 03:16:11,673] - Components::findComponents: find logger(1)...
  INFO root [2019-06-11 03:16:11,784] - Components::findComponents: found logger, addr:192.168.27.1:11468
  INFO root [2019-06-11 03:16:11,784] - Components::addComponent: reset orderLog, uid=10103!
  INFO root [2019-06-11 03:16:11,784] - Components::addComponent[logger], uid=10103, componentID=2000, globalorderid=1, grouporderid=1, totalcount=1
  WARN root [2019-06-11 03:16:11,785] - Forwarding logs to logger[192.168.27.1:11468/0/0/0]...
 ERROR root [2019-06-11 04:06:28,071] - Components::removeComponentByChannel: logger : 2000, Abnormal exit(reason=TCPPacketReceiver::processRecv(): error=10054
)! Channel(timestamp=2913675074550, lastReceivedTime=2913397069838, inactivityExceptionPeriod=599493989)
  INFO root [2019-06-11 04:06:28,075] - The following logs sent to logger failed:
  WARN root [2019-06-11 04:06:28,075] - ==> [2019-06-11 04:06:28 071] TCPPacketReceiver::processPendingEvents(192.168.27.1:11468): Throwing REASON_GENERAL_NETWORK - WSAECONNRESET
 ERROR root [2019-06-11 04:06:28,076] - ==> [2019-06-11 04:06:28 072] Components::removeComponentByChannel: logger : 2000, Abnormal exit(reason=TCPPacketReceiver::processRecv(): error=10054
)! Channel(timestamp=2913675074550, lastReceivedTime=2913397069838, inactivityExceptionPeriod=599493989)
  INFO root [2019-06-11 04:07:10,119] - 
  INFO root [2019-06-11 04:07:10,120] - -----------------------------------------------------------------------------------------


  INFO root [2019-06-11 04:07:10,121] - Resmgr::initialize: OURO_ROOT=C:/Users/Black/Ouroboros/
  INFO root [2019-06-11 04:07:10,121] - Resmgr::initialize: OURO_RES_PATH=C:/Users/Black/Ouroboros/ouro/res/;C:/Users/Black/Ouroboros/assets/;C:/Users/Black/Ouroboros/assets/scripts/;C:/Users/Black/Ouroboros/assets/res/
  INFO root [2019-06-11 04:07:10,121] - Resmgr::initialize: OURO_BIN_PATH=C:/Users/Black/Ouroboros/ouro/bin/server/
  INFO root [2019-06-11 04:07:10,132] - NetworkInterface::initialize(INTERNAL-TCP): bound to all interfaces with default route interface on 192.168.27.1 ( 192.168.27.1:6310 )
  INFO root [2019-06-11 04:07:10,132] - NetworkInterface::initialize(INTERNAL-TCP): address 192.168.27.1:6310, SOMAXCONN=5.
  INFO root [2019-06-11 04:07:10,132] - server-configs:
  INFO root [2019-06-11 04:07:10,132] - 	internalTcpAddr : 192.168.27.1:6310
  INFO root [2019-06-11 04:07:10,133] - 	componentID : 4000
  INFO root [2019-06-11 04:07:10,241] - Components::findLogger: found logger, addr:192.168.27.1:6218
  INFO root [2019-06-11 04:07:10,241] - Components::addComponent: reset orderLog, uid=10103!
  INFO root [2019-06-11 04:07:10,241] - Components::addComponent[logger], uid=10103, componentID=2000, globalorderid=1, grouporderid=1, totalcount=1
  INFO root [2019-06-11 04:07:10,249] - ---- dbmgr Version: 2.5.0. ScriptVersion: 0.1.0. Pythoncore: 3.7.3. Protocol: 7E018B6508A428A183CCC712F3412432. Config: Debug X86. Built: 03:59:31 May 23 2019. AppID: 4000. UID: 10103. PID: 44208 ----
  INFO root [2019-06-11 04:07:10,250] - Server Black: Intel(R) Core(TM) i7-7700HQ CPU @ 2.80GHz with 2097151kB RAM
  INFO root [2019-06-11 04:07:10,251] - ThreadPool::createThreadPool: creating  threadpool...
  INFO root [2019-06-11 04:07:10,251] - ThreadPool::createThreadPool: successfully(2), newThreadCount=1, normalMaxThreadCount=2, maxThreadCount=8
  INFO root [2019-06-11 04:07:10,454] - Script::install(): is successfully, Python=(3.7.3 (default, Jun  7 2019, 22:47:18) [MSC v.1916 32 bit (Intel)])!
  INFO root [2019-06-11 04:07:10,454] - Script::install(): OUROxtra is successfully!
  INFO root [2019-06-11 04:07:10,859] - Dbmgr::initializeEnd: digest(B5FE60E9D05957ED8896B2F64BBB057D)
S_INFO root [2019-06-11 04:07:10,859] - onDBMgrReady: bootstrapGroupIndex=0, bootstrapGlobalIndex=0
  INFO root [2019-06-11 04:07:10,860] - TelnetServer server is running on port 32000
  INFO root [2019-06-11 04:07:10,860] - Dbmgr::initInterfacesHandler: interfaces addr(127.0.0.1:30099), accountType:(interfaces), chargeType:(interfaces).
  WARN root [2019-06-11 04:07:11,372] - DBUtil::initialize: db(default) password is not encrypted!
please use password(rsa):
3919A6915D461B48FF4A460CED180232E43E310CD413F1F8CAC3DE7FB759CD7BC66317E365D83CB06823BB860964488634150EED7C8C73FE8EF7A140A897244148C67C4568A2884F2E4A735B649D48760F66BBFC5F83738670F2503A9EAE0743FEBFB38192144B022408DB60915CE664731EBC9CD2103706B5274C5C84D4E701
 DEBUG root [2019-06-11 04:07:11,376] - DBInterfaceMysql::attach: connect: localhost:3306 starting...
 DEBUG root [2019-06-11 04:07:11,385] - DBInterfaceMysql::attach: successfully! addr: localhost:3306
  INFO root [2019-06-11 04:07:11,386] - DBUtil::createInterface[0x1cee94]: interface=default, dbtype=mysql, ip=localhost, port=3306, currdatabase=ouro, username=ouro, connected=yes.

  INFO root [2019-06-11 04:07:11,386] - ThreadPool::createThreadPool: creating  threadpool...
  INFO root [2019-06-11 04:07:11,387] - ThreadPool::createThreadPool: successfully(5), newThreadCount=5, normalMaxThreadCount=5, maxThreadCount=5
 DEBUG root [2019-06-11 04:07:11,387] - DBInterfaceMysql::attach: connect: localhost:3306 starting...
 DEBUG root [2019-06-11 04:07:11,387] - DBInterfaceMysql::attach: connect: localhost:3306 starting...
 DEBUG root [2019-06-11 04:07:11,387] - DBInterfaceMysql::attach: connect: localhost:3306 starting...
 DEBUG root [2019-06-11 04:07:11,388] - DBInterfaceMysql::attach: connect: localhost:3306 starting...
 DEBUG root [2019-06-11 04:07:11,388] - DBInterfaceMysql::attach: connect: localhost:3306 starting...
 DEBUG root [2019-06-11 04:07:11,392] - DBInterfaceMysql::attach: successfully! addr: localhost:3306
 DEBUG root [2019-06-11 04:07:11,392] - DBThread::onStart(): 0x81e170!
 DEBUG root [2019-06-11 04:07:11,394] - DBInterfaceMysql::attach: successfully! addr: localhost:3306
 DEBUG root [2019-06-11 04:07:11,394] - DBThread::onStart(): 0x81e4a0!
 DEBUG root [2019-06-11 04:07:11,396] - DBInterfaceMysql::attach: successfully! addr: localhost:3306
 DEBUG root [2019-06-11 04:07:11,396] - DBThread::onStart(): 0x81e1f8!
 DEBUG root [2019-06-11 04:07:11,398] - DBInterfaceMysql::attach: successfully! addr: localhost:3306
 DEBUG root [2019-06-11 04:07:11,398] - DBThread::onStart(): 0x81e528!
 DEBUG root [2019-06-11 04:07:11,400] - DBInterfaceMysql::attach: successfully! addr: localhost:3306
 DEBUG root [2019-06-11 04:07:11,400] - DBThread::onStart(): 0x81de40!
  INFO root [2019-06-11 04:07:11,491] - DBInterfaceMysql::query: successfully!
  INFO root [2019-06-11 04:07:11,492] - DBInterfaceMysql::query: successfully!
  INFO root [2019-06-11 04:07:11,492] - DBInterfaceMysql::query: successfully!
  INFO root [2019-06-11 04:07:11,493] - DBInterfaceMysql::query: successfully!
  INFO root [2019-06-11 04:07:11,493] - DBInterfaceMysql::query: successfully!
  INFO root [2019-06-11 04:07:11,494] - DBInterfaceMysql::query: successfully!
  INFO root [2019-06-11 04:07:11,494] - DBInterfaceMysql::query: successfully!
 DEBUG root [2019-06-11 04:07:11,494] - syncToDB(): Avatar->sm_roleTypeCell(tinyint unsigned not null DEFAULT 0).
  INFO root [2019-06-11 04:07:11,620] - DBInterfaceMysql::query: successfully!
  INFO root [2019-06-11 04:07:11,671] - DBInterfaceMysql::query: successfully!
  WARN root [2019-06-11 04:07:11,688] - d:\scratch\___kbe__\ouroboros-2.5.0\ouro\src\server\dbmgr\dbmgr.cpp:306: Profile scriptCall took 0.83 seconds
  INFO root [2019-06-11 04:07:12,114] - ---- dbmgr is running ----
 DEBUG root [2019-06-11 04:07:12,115] - Components::process(): Request for the process of identity...
  WARN root [2019-06-11 04:07:18,630] - Forwarding logs to logger[192.168.27.1:6218/0/0/0]...
 ERROR root [2019-06-11 05:57:56,279] - Components::removeComponentByChannel: logger : 2000, Abnormal exit(reason=TCPPacketReceiver::processRecv(): error=10054
)! Channel(timestamp=2980557157368, lastReceivedTime=2980510473131, inactivityExceptionPeriod=599492199)
  INFO root [2019-06-11 05:57:56,283] - The following logs sent to logger failed:
  WARN root [2019-06-11 05:57:56,284] - ==> [2019-06-11 05:57:56 278] TCPPacketReceiver::processPendingEvents(192.168.27.1:6218): Throwing REASON_GENERAL_NETWORK - WSAECONNRESET
 ERROR root [2019-06-11 05:57:56,284] - ==> [2019-06-11 05:57:56 280] Components::removeComponentByChannel: logger : 2000, Abnormal exit(reason=TCPPacketReceiver::processRecv(): error=10054
)! Channel(timestamp=2980557157368, lastReceivedTime=2980510473131, inactivityExceptionPeriod=599492199)
  INFO root [2019-06-11 18:34:54,783] - 
  INFO root [2019-06-11 18:34:54,784] - -----------------------------------------------------------------------------------------


  INFO root [2019-06-11 18:34:54,785] - Resmgr::initialize: OURO_ROOT=C:/Users/Black/Ouroboros/
  INFO root [2019-06-11 18:34:54,785] - Resmgr::initialize: OURO_RES_PATH=C:/Users/Black/Ouroboros/ouro/res/;C:/Users/Black/Ouroboros/assets/;C:/Users/Black/Ouroboros/assets/scripts/;C:/Users/Black/Ouroboros/assets/res/
  INFO root [2019-06-11 18:34:54,785] - Resmgr::initialize: OURO_BIN_PATH=C:/Users/Black/Ouroboros/ouro/bin/server/
  INFO root [2019-06-11 18:34:54,796] - NetworkInterface::initialize(INTERNAL-TCP): bound to all interfaces with default route interface on 192.168.27.1 ( 192.168.27.1:12922 )
  INFO root [2019-06-11 18:34:54,796] - NetworkInterface::initialize(INTERNAL-TCP): address 192.168.27.1:12922, SOMAXCONN=5.
  INFO root [2019-06-11 18:34:54,796] - server-configs:
  INFO root [2019-06-11 18:34:54,797] - 	internalTcpAddr : 192.168.27.1:12922
  INFO root [2019-06-11 18:34:54,797] - 	componentID : 4000
  INFO root [2019-06-11 18:34:56,315] - ---- dbmgr Version: 2.5.0. ScriptVersion: 0.1.0. Pythoncore: 3.7.3. Protocol: 7E018B6508A428A183CCC712F3412432. Config: Debug X86. Built: 03:59:31 May 23 2019. AppID: 4000. UID: 10103. PID: 1880 ----
  INFO root [2019-06-11 18:34:56,318] - Server Black: Intel(R) Core(TM) i7-7700HQ CPU @ 2.80GHz with 2097151kB RAM
  INFO root [2019-06-11 18:34:56,320] - ThreadPool::createThreadPool: creating  threadpool...
  INFO root [2019-06-11 18:34:56,321] - ThreadPool::createThreadPool: successfully(2), newThreadCount=1, normalMaxThreadCount=2, maxThreadCount=8
  INFO root [2019-06-11 18:34:56,508] - Script::install(): is successfully, Python=(3.7.3 (default, Jun  7 2019, 22:47:18) [MSC v.1916 32 bit (Intel)])!
  INFO root [2019-06-11 18:34:56,508] - Script::install(): OUROxtra is successfully!
  INFO root [2019-06-11 18:34:56,902] - Dbmgr::initializeEnd: digest(B5FE60E9D05957ED8896B2F64BBB057D)
S_INFO root [2019-06-11 18:34:56,902] - onDBMgrReady: bootstrapGroupIndex=0, bootstrapGlobalIndex=0
  INFO root [2019-06-11 18:34:56,902] - TelnetServer server is running on port 32000
  INFO root [2019-06-11 18:34:56,904] - Dbmgr::initInterfacesHandler: interfaces addr(127.0.0.1:30099), accountType:(interfaces), chargeType:(interfaces).
  WARN root [2019-06-11 18:34:57,371] - DBUtil::initialize: db(default) password is not encrypted!
please use password(rsa):
79CDF93BE6B578A5FE53E9BBA09BD371EC2D3493698C1E33637568AFFAEA6A5B86DB890370BBF74515183C896EE6A476FC01FC6998DBAEB7FD1FEE73670508CED1DF1F1BDCF5B70943C010CA853EF075B00AC6923B81B385294ECE3D27DA360A974EAB8686E0D6FDC051712312AD228F4C9BF67AEF954EC1CA46E3D603A265E3
 DEBUG root [2019-06-11 18:34:57,374] - DBInterfaceMysql::attach: connect: localhost:3306 starting...
 DEBUG root [2019-06-11 18:34:57,384] - DBInterfaceMysql::attach: successfully! addr: localhost:3306
  INFO root [2019-06-11 18:34:57,384] - DBUtil::createInterface[0x4ff184]: interface=default, dbtype=mysql, ip=localhost, port=3306, currdatabase=ouro, username=ouro, connected=yes.

  INFO root [2019-06-11 18:34:57,384] - ThreadPool::createThreadPool: creating  threadpool...
  INFO root [2019-06-11 18:34:57,385] - ThreadPool::createThreadPool: successfully(5), newThreadCount=5, normalMaxThreadCount=5, maxThreadCount=5
 DEBUG root [2019-06-11 18:34:57,385] - DBInterfaceMysql::attach: connect: localhost:3306 starting...
 DEBUG root [2019-06-11 18:34:57,386] - DBInterfaceMysql::attach: connect: localhost:3306 starting...
 DEBUG root [2019-06-11 18:34:57,386] - DBInterfaceMysql::attach: connect: localhost:3306 starting...
 DEBUG root [2019-06-11 18:34:57,386] - DBInterfaceMysql::attach: connect: localhost:3306 starting...
 DEBUG root [2019-06-11 18:34:57,386] - DBInterfaceMysql::attach: connect: localhost:3306 starting...
 DEBUG root [2019-06-11 18:34:57,395] - DBInterfaceMysql::attach: successfully! addr: localhost:3306
 DEBUG root [2019-06-11 18:34:57,395] - DBThread::onStart(): 0x87a4a0!
 DEBUG root [2019-06-11 18:34:57,396] - DBInterfaceMysql::attach: successfully! addr: localhost:3306
 DEBUG root [2019-06-11 18:34:57,397] - DBThread::onStart(): 0x87a170!
 DEBUG root [2019-06-11 18:34:57,398] - DBInterfaceMysql::attach: successfully! addr: localhost:3306
 DEBUG root [2019-06-11 18:34:57,399] - DBThread::onStart(): 0x87a1f8!
 DEBUG root [2019-06-11 18:34:57,401] - DBInterfaceMysql::attach: successfully! addr: localhost:3306
 DEBUG root [2019-06-11 18:34:57,401] - DBThread::onStart(): 0x87a5b0!
 DEBUG root [2019-06-11 18:34:57,411] - DBInterfaceMysql::attach: successfully! addr: localhost:3306
 DEBUG root [2019-06-11 18:34:57,411] - DBThread::onStart(): 0x87a638!
  INFO root [2019-06-11 18:34:57,490] - DBInterfaceMysql::query: successfully!
  INFO root [2019-06-11 18:34:57,491] - DBInterfaceMysql::query: successfully!
  INFO root [2019-06-11 18:34:57,491] - DBInterfaceMysql::query: successfully!
  INFO root [2019-06-11 18:34:57,491] - DBInterfaceMysql::query: successfully!
  INFO root [2019-06-11 18:34:57,492] - DBInterfaceMysql::query: successfully!
  INFO root [2019-06-11 18:34:57,492] - DBInterfaceMysql::query: successfully!
  INFO root [2019-06-11 18:34:57,493] - DBInterfaceMysql::query: successfully!
  INFO root [2019-06-11 18:34:57,546] - DBInterfaceMysql::query: successfully!
  INFO root [2019-06-11 18:34:57,547] - DBInterfaceMysql::query: successfully!
  WARN root [2019-06-11 18:34:57,568] - d:\scratch\___kbe__\ouroboros-2.5.0\ouro\src\server\dbmgr\dbmgr.cpp:306: Profile scriptCall took 0.67 seconds
  INFO root [2019-06-11 18:34:58,119] - ---- dbmgr is running ----
 DEBUG root [2019-06-11 18:34:58,120] - Components::process(): Request for the process of identity...
  INFO root [2019-06-11 18:35:04,648] - ServerApp::onRegisterNewApp: uid:10103, username:Black, componentType:interfaces, componentID:3000, globalorderID=-1, grouporderID=-1, intaddr:192.168.27.1, intport:30099, extaddr:nonsupport, extport:0,  from 127.0.0.1:30099/0/0/0.
  INFO root [2019-06-11 18:35:04,649] - Components::addComponent: reset orderLog, uid=10103!
  INFO root [2019-06-11 18:35:04,649] - Components::addComponent[interfaces], uid=10103, componentID=3000, globalorderid=1, grouporderid=1, totalcount=1
  WARN root [2019-06-11 18:35:04,650] - TCPPacketReceiver::processPendingEvents(192.168.27.1:12956): Throwing REASON_GENERAL_NETWORK - WSAECONNABORTED
  INFO root [2019-06-11 18:35:05,661] - Components::findComponents: find logger(1)...
  INFO root [2019-06-11 18:35:05,746] - Components::findComponents: found logger, addr:192.168.27.1:12920
  INFO root [2019-06-11 18:35:05,746] - Components::addComponent: reset orderLog, uid=10103!
  INFO root [2019-06-11 18:35:05,747] - Components::addComponent[logger], uid=10103, componentID=2000, globalorderid=1, grouporderid=1, totalcount=1
  WARN root [2019-06-11 18:35:05,750] - Forwarding logs to logger[192.168.27.1:12920/0/0/0]...
