  INFO root [2019-05-23 05:05:01,448] - 
  INFO root [2019-05-23 05:05:01,448] - -----------------------------------------------------------------------------------------


  INFO root [2019-05-23 05:05:01,450] - Resmgr::initialize: OURO_ROOT=C:/Users/Black/Ouroboros/
  INFO root [2019-05-23 05:05:01,450] - Resmgr::initialize: OURO_RES_PATH=C:/Users/Black/Ouroboros/ouro/res/;C:/Users/Black/Ouroboros/assets/;C:/Users/Black/Ouroboros/assets/scripts/;C:/Users/Black/Ouroboros/assets/res/
  INFO root [2019-05-23 05:05:01,450] - Resmgr::initialize: OURO_BIN_PATH=C:/Users/Black/Ouroboros/ouro/bin/server/
  INFO root [2019-05-23 05:05:01,465] - NetworkInterface::initialize(INTERNAL-TCP): bound to all interfaces with default route interface on 192.168.27.1 ( 192.168.27.1:4126 )
  INFO root [2019-05-23 05:05:01,465] - NetworkInterface::initialize(INTERNAL-TCP): address 192.168.27.1:4126, SOMAXCONN=5.
  INFO root [2019-05-23 05:05:01,465] - server-configs:
  INFO root [2019-05-23 05:05:01,466] - 	internalTcpAddr : 192.168.27.1:4126
  INFO root [2019-05-23 05:05:01,466] - 	componentID : 4000
  INFO root [2019-05-23 05:05:01,517] - Components::findLogger: found logger, addr:192.168.27.1:4033
  INFO root [2019-05-23 05:05:01,517] - Components::addComponent: reset orderLog, uid=10103!
  INFO root [2019-05-23 05:05:01,517] - Components::addComponent[logger], uid=10103, componentID=2000, globalorderid=1, grouporderid=1, totalcount=1
  INFO root [2019-05-23 05:05:01,523] - ---- dbmgr Version: 2.5.0. ScriptVersion: 0.1.0. Pythoncore: 3.7.3. Protocol: 7E018B6508A428A183CCC712F3412432. Config: Debug X86. Built: 03:59:31 May 23 2019. AppID: 4000. UID: 10103. PID: 102280 ----
  INFO root [2019-05-23 05:05:01,524] - Server Black: Intel(R) Core(TM) i7-7700HQ CPU @ 2.80GHz with 2097151kB RAM
  INFO root [2019-05-23 05:05:01,525] - ThreadPool::createThreadPool: creating  threadpool...
  INFO root [2019-05-23 05:05:01,526] - ThreadPool::createThreadPool: successfully(2), newThreadCount=1, normalMaxThreadCount=2, maxThreadCount=8
  INFO root [2019-05-23 05:05:01,746] - Script::install(): is successfully, Python=(3.7.3 (default, May 23 2019, 03:58:29) [MSC v.1916 32 bit (Intel)])!
  INFO root [2019-05-23 05:05:01,747] - Script::install(): OUROxtra is successfully!
  INFO root [2019-05-23 05:05:02,139] - Dbmgr::initializeEnd: digest(A95409634AA737AC5ED3596431383F23)
S_INFO root [2019-05-23 05:05:02,139] - onDBMgrReady: bootstrapGroupIndex=0, bootstrapGlobalIndex=0
  INFO root [2019-05-23 05:05:02,140] - TelnetServer server is running on port 32000
  INFO root [2019-05-23 05:05:02,141] - Dbmgr::initInterfacesHandler: interfaces addr(127.0.0.1:30099), accountType:(interfaces), chargeType:(interfaces).
  WARN root [2019-05-23 05:05:02,529] - DBUtil::initialize: db(default) password is not encrypted!
please use password(rsa):
5F9ABF00B94E31823E92421825D439C8F509FA163B476F8C6880BE00D5CF586D8CF105037D431FB029E4E8868793FB3260D10600F9C2704C9457063597A94DAB501CDEECD830304296D75539E5109FC8E94EF564402F4F7EA9F5CFD29654BD3C079804BDF6E141DE5C28F966258DE5A035D72ADD9D7E4282384F5C4BBD8BD9E2
 DEBUG root [2019-05-23 05:05:02,538] - DBInterfaceMysql::attach: connect: localhost:3306 starting...
 DEBUG root [2019-05-23 05:05:02,561] - DBInterfaceMysql::attach: successfully! addr: localhost:3306
  INFO root [2019-05-23 05:05:02,562] - DBUtil::createInterface[0x1f7ee00]: interface=default, dbtype=mysql, ip=localhost, port=3306, currdatabase=ouro, username=ouro, connected=yes.

  INFO root [2019-05-23 05:05:02,563] - ThreadPool::createThreadPool: creating  threadpool...
  INFO root [2019-05-23 05:05:02,563] - ThreadPool::createThreadPool: successfully(5), newThreadCount=5, normalMaxThreadCount=5, maxThreadCount=5
 DEBUG root [2019-05-23 05:05:02,563] - DBInterfaceMysql::attach: connect: localhost:3306 starting...
 DEBUG root [2019-05-23 05:05:02,563] - DBInterfaceMysql::attach: connect: localhost:3306 starting...
 DEBUG root [2019-05-23 05:05:02,564] - DBInterfaceMysql::attach: connect: localhost:3306 starting...
 DEBUG root [2019-05-23 05:05:02,564] - DBInterfaceMysql::attach: connect: localhost:3306 starting...
 DEBUG root [2019-05-23 05:05:02,564] - DBInterfaceMysql::attach: connect: localhost:3306 starting...
 DEBUG root [2019-05-23 05:05:02,568] - DBInterfaceMysql::attach: successfully! addr: localhost:3306
 DEBUG root [2019-05-23 05:05:02,568] - DBThread::onStart(): 0x22808b0!
 DEBUG root [2019-05-23 05:05:02,570] - DBInterfaceMysql::attach: successfully! addr: localhost:3306
 DEBUG root [2019-05-23 05:05:02,570] - DBThread::onStart(): 0x2280718!
 DEBUG root [2019-05-23 05:05:02,572] - DBInterfaceMysql::attach: successfully! addr: localhost:3306
 DEBUG root [2019-05-23 05:05:02,572] - DBThread::onStart(): 0x2280cf0!
 DEBUG root [2019-05-23 05:05:02,574] - DBInterfaceMysql::attach: successfully! addr: localhost:3306
 DEBUG root [2019-05-23 05:05:02,574] - DBThread::onStart(): 0x2280030!
 DEBUG root [2019-05-23 05:05:02,577] - DBInterfaceMysql::attach: successfully! addr: localhost:3306
 DEBUG root [2019-05-23 05:05:02,577] - DBThread::onStart(): 0x22804f8!
  INFO root [2019-05-23 05:05:02,668] - DBInterfaceMysql::query: successfully!
  INFO root [2019-05-23 05:05:02,672] - DBInterfaceMysql::query: successfully!
  INFO root [2019-05-23 05:05:02,673] - DBInterfaceMysql::query: successfully!
  INFO root [2019-05-23 05:05:02,673] - DBInterfaceMysql::query: successfully!
  INFO root [2019-05-23 05:05:02,686] - DBInterfaceMysql::query: successfully!
  INFO root [2019-05-23 05:05:02,687] - DBInterfaceMysql::query: successfully!
  INFO root [2019-05-23 05:05:02,687] - DBInterfaceMysql::query: successfully!
  WARN root [2019-05-23 05:05:02,704] - d:\scratch\___kbe__\ouroboros-2.5.0\ouro\src\server\dbmgr\dbmgr.cpp:306: Profile scriptCall took 0.56 seconds
 ERROR root [2019-05-23 05:05:02,704] - app::initialize(): initialization failed!
 DEBUG root [2019-05-23 05:05:02,705] - ThreadPool::destroy(): starting size 5.
  INFO root [2019-05-23 05:05:02,726] - DBInterfaceMysql::query: successfully!
  INFO root [2019-05-23 05:05:02,728] - DBInterfaceMysql::query: successfully!
  WARN root [2019-05-23 05:05:03,006] - ThreadPool::destroy(): waiting for thread(5)[0x2280030,0x22808b0,0x2280718,0x2280cf0,0x22804f8,], try=1
 DEBUG root [2019-05-23 05:05:03,007] - DBThread::onEnd(): 0x22804f8!
 DEBUG root [2019-05-23 05:05:03,007] - DBThread::onEnd(): 0x2280030!
 DEBUG root [2019-05-23 05:05:03,007] - DBThread::onEnd(): 0x22808b0!
 DEBUG root [2019-05-23 05:05:03,007] - DBThread::onEnd(): 0x2280718!
 DEBUG root [2019-05-23 05:05:03,008] - DBThread::onEnd(): 0x2280cf0!
 DEBUG root [2019-05-23 05:05:03,408] - TPThread::~TPThread(): 0x2280030
 DEBUG root [2019-05-23 05:05:03,408] - TPThread::~TPThread(): 0x22808b0
 DEBUG root [2019-05-23 05:05:03,408] - TPThread::~TPThread(): 0x2280718
 DEBUG root [2019-05-23 05:05:03,408] - TPThread::~TPThread(): 0x2280cf0
 DEBUG root [2019-05-23 05:05:03,409] - TPThread::~TPThread(): 0x22804f8
  WARN root [2019-05-23 05:05:03,409] - ThreadPool::~ThreadPool(): Discarding 5 finished tasks.
 DEBUG root [2019-05-23 05:05:03,409] - ThreadPool::destroy(): successfully!
  INFO root [2019-05-23 05:05:03,431] - Script::uninstall(): is successfully!
 DEBUG root [2019-05-23 05:05:03,431] - ThreadPool::destroy(): starting size 2.
  WARN root [2019-05-23 05:05:03,733] - ThreadPool::destroy(): waiting for thread(2)[0x226f220,0x226fb10,], try=1
 DEBUG root [2019-05-23 05:05:04,135] - TPThread::~TPThread(): 0x226f220
 DEBUG root [2019-05-23 05:05:04,135] - TPThread::~TPThread(): 0x226fb10
 DEBUG root [2019-05-23 05:05:04,135] - ThreadPool::destroy(): successfully!
 DEBUG root [2019-05-23 05:05:04,136] - Bundle::destroyObjPool(): size 2.
 DEBUG root [2019-05-23 05:05:04,136] - Channel::destroyObjPool(): size 14.
 DEBUG root [2019-05-23 05:05:04,137] - TCPPacket::destroyObjPool(): size 0.
 DEBUG root [2019-05-23 05:05:04,137] - UDPPacket::destroyObjPool(): size 14.
 DEBUG root [2019-05-23 05:05:04,137] - EndPoint::destroyObjPool(): size 14.
 DEBUG root [2019-05-23 05:05:04,137] - Address::destroyObjPool(): size 0.
 DEBUG root [2019-05-23 05:05:04,137] - TCPPacketReceiver::destroyObjPool(): size 0.
 DEBUG root [2019-05-23 05:05:04,138] - UDPPacketReceiver::destroyObjPool(): size 0.
  WARN root [2019-05-23 05:05:04,140] - Forwarding logs to logger[192.168.27.1:4033/0/0/0]...
  INFO root [2019-05-23 05:05:10,961] - EventDispatcher()::~EventDispatcher: Num timers = 1
  INFO root [2019-05-23 05:27:18,286] - 
  INFO root [2019-05-23 05:27:18,288] - -----------------------------------------------------------------------------------------


  INFO root [2019-05-23 05:27:18,291] - Resmgr::initialize: OURO_ROOT=C:/Users/Black/Ouroboros/
  INFO root [2019-05-23 05:27:18,291] - Resmgr::initialize: OURO_RES_PATH=C:/Users/Black/Ouroboros/ouro/res/;C:/Users/Black/Ouroboros/assets/;C:/Users/Black/Ouroboros/assets/scripts/;C:/Users/Black/Ouroboros/assets/res/
  INFO root [2019-05-23 05:27:18,291] - Resmgr::initialize: OURO_BIN_PATH=C:/Users/Black/Ouroboros/ouro/bin/server/
  INFO root [2019-05-23 05:27:18,330] - NetworkInterface::initialize(INTERNAL-TCP): bound to all interfaces with default route interface on 192.168.27.1 ( 192.168.27.1:6878 )
  INFO root [2019-05-23 05:27:18,330] - NetworkInterface::initialize(INTERNAL-TCP): address 192.168.27.1:6878, SOMAXCONN=5.
  INFO root [2019-05-23 05:27:18,330] - server-configs:
  INFO root [2019-05-23 05:27:18,331] - 	internalTcpAddr : 192.168.27.1:6878
  INFO root [2019-05-23 05:27:18,331] - 	componentID : 4000
  INFO root [2019-05-23 05:27:19,845] - ---- dbmgr Version: 2.5.0. ScriptVersion: 0.1.0. Pythoncore: 3.7.3. Protocol: 7E018B6508A428A183CCC712F3412432. Config: Debug X86. Built: 03:59:31 May 23 2019. AppID: 4000. UID: 10103. PID: 144664 ----
  INFO root [2019-05-23 05:27:19,847] - Server Black: Intel(R) Core(TM) i7-7700HQ CPU @ 2.80GHz with 2097151kB RAM
  INFO root [2019-05-23 05:27:19,849] - ThreadPool::createThreadPool: creating  threadpool...
  INFO root [2019-05-23 05:27:19,849] - ThreadPool::createThreadPool: successfully(2), newThreadCount=1, normalMaxThreadCount=2, maxThreadCount=8
  INFO root [2019-05-23 05:27:20,528] - Script::install(): is successfully, Python=(3.7.3 (default, May 23 2019, 03:58:29) [MSC v.1916 32 bit (Intel)])!
  INFO root [2019-05-23 05:27:20,528] - Script::install(): OUROxtra is successfully!
  INFO root [2019-05-23 05:27:21,005] - Dbmgr::initializeEnd: digest(A95409634AA737AC5ED3596431383F23)
S_INFO root [2019-05-23 05:27:21,006] - onDBMgrReady: bootstrapGroupIndex=0, bootstrapGlobalIndex=0
  INFO root [2019-05-23 05:27:21,007] - TelnetServer server is running on port 32000
  INFO root [2019-05-23 05:27:21,012] - Dbmgr::initInterfacesHandler: interfaces addr(127.0.0.1:30099), accountType:(interfaces), chargeType:(interfaces).
  WARN root [2019-05-23 05:27:21,702] - DBUtil::initialize: db(default) password is not encrypted!
please use password(rsa):
535D7B84FA46DC9A332A1AB1414DF69CCE869CCB5343DF84EA9D13F40165CC53B09D64E2E847FBA6D8D5C9A77991E65FB586AA95002738BECC8CA5351A2B43C1E7FFA6D2F4271A0FD4FB284136ED5C71B2C8460D2A12B5B5BC993CBC9D58A9B2BA1F130846247E6D168C674A0E3A2C282B1C6C080E36C79799DD087ED7FF35CA
 DEBUG root [2019-05-23 05:27:21,729] - DBInterfaceMysql::attach: connect: localhost:3306 starting...
 DEBUG root [2019-05-23 05:27:21,738] - DBInterfaceMysql::attach: successfully! addr: localhost:3306
  INFO root [2019-05-23 05:27:21,738] - DBUtil::createInterface[0x4febb4]: interface=default, dbtype=mysql, ip=localhost, port=3306, currdatabase=ouro, username=ouro, connected=yes.

  INFO root [2019-05-23 05:27:21,739] - ThreadPool::createThreadPool: creating  threadpool...
  INFO root [2019-05-23 05:27:21,739] - ThreadPool::createThreadPool: successfully(5), newThreadCount=5, normalMaxThreadCount=5, maxThreadCount=5
 DEBUG root [2019-05-23 05:27:21,740] - DBInterfaceMysql::attach: connect: localhost:3306 starting...
 DEBUG root [2019-05-23 05:27:21,744] - DBInterfaceMysql::attach: successfully! addr: localhost:3306
 DEBUG root [2019-05-23 05:27:21,744] - DBThread::onStart(): 0x3fdb6e8!
 DEBUG root [2019-05-23 05:27:21,745] - DBInterfaceMysql::attach: connect: localhost:3306 starting...
 DEBUG root [2019-05-23 05:27:21,749] - DBInterfaceMysql::attach: successfully! addr: localhost:3306
 DEBUG root [2019-05-23 05:27:21,750] - DBThread::onStart(): 0x3fdbf68!
 DEBUG root [2019-05-23 05:27:21,793] - DBInterfaceMysql::attach: connect: localhost:3306 starting...
 DEBUG root [2019-05-23 05:27:21,798] - DBInterfaceMysql::attach: successfully! addr: localhost:3306
 DEBUG root [2019-05-23 05:27:21,799] - DBThread::onStart(): 0x3fdbaa0!
 DEBUG root [2019-05-23 05:27:21,806] - DBInterfaceMysql::attach: connect: localhost:3306 starting...
 DEBUG root [2019-05-23 05:27:21,810] - DBInterfaceMysql::attach: connect: localhost:3306 starting...
 DEBUG root [2019-05-23 05:27:21,819] - DBInterfaceMysql::attach: successfully! addr: localhost:3306
 DEBUG root [2019-05-23 05:27:21,819] - DBThread::onStart(): 0x3fdc540!
 DEBUG root [2019-05-23 05:27:21,821] - DBInterfaceMysql::attach: successfully! addr: localhost:3306
 DEBUG root [2019-05-23 05:27:21,821] - DBThread::onStart(): 0x3fdbc38!
  INFO root [2019-05-23 05:27:21,844] - DBInterfaceMysql::query: successfully!
  INFO root [2019-05-23 05:27:21,846] - DBInterfaceMysql::query: successfully!
  INFO root [2019-05-23 05:27:21,846] - DBInterfaceMysql::query: successfully!
  INFO root [2019-05-23 05:27:21,847] - DBInterfaceMysql::query: successfully!
  INFO root [2019-05-23 05:27:21,847] - DBInterfaceMysql::query: successfully!
  INFO root [2019-05-23 05:27:21,848] - DBInterfaceMysql::query: successfully!
  INFO root [2019-05-23 05:27:21,848] - DBInterfaceMysql::query: successfully!
  WARN root [2019-05-23 05:27:21,866] - d:\scratch\___kbe__\ouroboros-2.5.0\ouro\src\server\dbmgr\dbmgr.cpp:306: Profile scriptCall took 0.86 seconds
 ERROR root [2019-05-23 05:27:21,875] - app::initialize(): initialization failed!
 DEBUG root [2019-05-23 05:27:21,890] - ThreadPool::destroy(): starting size 5.
  INFO root [2019-05-23 05:27:21,908] - DBInterfaceMysql::query: successfully!
  INFO root [2019-05-23 05:27:21,910] - DBInterfaceMysql::query: successfully!
 DEBUG root [2019-05-23 05:27:22,191] - DBThread::onEnd(): 0x3fdbf68!
 DEBUG root [2019-05-23 05:27:22,192] - DBThread::onEnd(): 0x3fdb6e8!
  WARN root [2019-05-23 05:27:22,192] - ThreadPool::destroy(): waiting for thread(5)[0x3fdbaa0,0x3fdb6e8,0x3fdbf68,0x3fdc540,0x3fdbc38,], try=1
 DEBUG root [2019-05-23 05:27:22,199] - DBThread::onEnd(): 0x3fdbaa0!
 DEBUG root [2019-05-23 05:27:22,199] - DBThread::onEnd(): 0x3fdc540!
 DEBUG root [2019-05-23 05:27:22,199] - DBThread::onEnd(): 0x3fdbc38!
 DEBUG root [2019-05-23 05:27:22,647] - TPThread::~TPThread(): 0x3fdbaa0
 DEBUG root [2019-05-23 05:27:22,647] - TPThread::~TPThread(): 0x3fdb6e8
 DEBUG root [2019-05-23 05:27:22,647] - TPThread::~TPThread(): 0x3fdbf68
 DEBUG root [2019-05-23 05:27:22,648] - TPThread::~TPThread(): 0x3fdc540
 DEBUG root [2019-05-23 05:27:22,648] - TPThread::~TPThread(): 0x3fdbc38
  WARN root [2019-05-23 05:27:22,648] - ThreadPool::~ThreadPool(): Discarding 8 finished tasks.
 DEBUG root [2019-05-23 05:27:22,679] - ThreadPool::destroy(): successfully!
  INFO root [2019-05-23 05:27:22,704] - Script::uninstall(): is successfully!
 DEBUG root [2019-05-23 05:27:22,705] - ThreadPool::destroy(): starting size 2.
  WARN root [2019-05-23 05:27:23,006] - ThreadPool::destroy(): waiting for thread(2)[0x8b30f8,0x8b2ef0,], try=1
 DEBUG root [2019-05-23 05:27:23,408] - TPThread::~TPThread(): 0x8b30f8
 DEBUG root [2019-05-23 05:27:23,408] - TPThread::~TPThread(): 0x8b2ef0
 DEBUG root [2019-05-23 05:27:23,408] - ThreadPool::destroy(): successfully!
 DEBUG root [2019-05-23 05:27:23,409] - Bundle::destroyObjPool(): size 5.
 DEBUG root [2019-05-23 05:27:23,409] - Channel::destroyObjPool(): size 15.
 DEBUG root [2019-05-23 05:27:23,409] - TCPPacket::destroyObjPool(): size 0.
 DEBUG root [2019-05-23 05:27:23,409] - UDPPacket::destroyObjPool(): size 14.
 DEBUG root [2019-05-23 05:27:23,409] - EndPoint::destroyObjPool(): size 15.
 DEBUG root [2019-05-23 05:27:23,410] - Address::destroyObjPool(): size 0.
 DEBUG root [2019-05-23 05:27:23,410] - TCPPacketReceiver::destroyObjPool(): size 0.
 DEBUG root [2019-05-23 05:27:23,410] - UDPPacketReceiver::destroyObjPool(): size 0.
  INFO root [2019-05-23 05:27:30,214] - EventDispatcher()::~EventDispatcher: Num timers = 1
  INFO root [2019-05-23 05:53:52,400] - 
  INFO root [2019-05-23 05:53:52,400] - -----------------------------------------------------------------------------------------


  INFO root [2019-05-23 05:53:52,402] - Resmgr::initialize: OURO_ROOT=C:/Users/Black/Ouroboros/
  INFO root [2019-05-23 05:53:52,402] - Resmgr::initialize: OURO_RES_PATH=C:/Users/Black/Ouroboros/ouro/res/;C:/Users/Black/Ouroboros/assets/;C:/Users/Black/Ouroboros/assets/scripts/;C:/Users/Black/Ouroboros/assets/res/
  INFO root [2019-05-23 05:53:52,402] - Resmgr::initialize: OURO_BIN_PATH=C:/Users/Black/Ouroboros/ouro/bin/server/
  INFO root [2019-05-23 05:53:52,417] - NetworkInterface::initialize(INTERNAL-TCP): bound to all interfaces with default route interface on 192.168.27.1 ( 192.168.27.1:10290 )
  INFO root [2019-05-23 05:53:52,417] - NetworkInterface::initialize(INTERNAL-TCP): address 192.168.27.1:10290, SOMAXCONN=5.
  INFO root [2019-05-23 05:53:52,418] - server-configs:
  INFO root [2019-05-23 05:53:52,418] - 	internalTcpAddr : 192.168.27.1:10290
  INFO root [2019-05-23 05:53:52,418] - 	componentID : 4000
  INFO root [2019-05-23 05:53:53,926] - ---- dbmgr Version: 2.5.0. ScriptVersion: 0.1.0. Pythoncore: 3.7.3. Protocol: 7E018B6508A428A183CCC712F3412432. Config: Debug X86. Built: 03:59:31 May 23 2019. AppID: 4000. UID: 10103. PID: 83472 ----
  INFO root [2019-05-23 05:53:53,930] - Server Black: Intel(R) Core(TM) i7-7700HQ CPU @ 2.80GHz with 2097151kB RAM
  INFO root [2019-05-23 05:53:53,931] - ThreadPool::createThreadPool: creating  threadpool...
  INFO root [2019-05-23 05:53:53,931] - ThreadPool::createThreadPool: successfully(2), newThreadCount=1, normalMaxThreadCount=2, maxThreadCount=8
  INFO root [2019-05-23 05:53:54,179] - Script::install(): is successfully, Python=(3.7.3 (default, May 23 2019, 03:58:29) [MSC v.1916 32 bit (Intel)])!
  INFO root [2019-05-23 05:53:54,180] - Script::install(): OUROxtra is successfully!
  INFO root [2019-05-23 05:53:54,607] - Dbmgr::initializeEnd: digest(A95409634AA737AC5ED3596431383F23)
S_INFO root [2019-05-23 05:53:54,607] - onDBMgrReady: bootstrapGroupIndex=0, bootstrapGlobalIndex=0
  INFO root [2019-05-23 05:53:54,608] - TelnetServer server is running on port 32000
  INFO root [2019-05-23 05:53:54,609] - Dbmgr::initInterfacesHandler: interfaces addr(127.0.0.1:30099), accountType:(interfaces), chargeType:(interfaces).
  WARN root [2019-05-23 05:53:55,183] - DBUtil::initialize: db(default) password is not encrypted!
please use password(rsa):
6E136712B2CD160600F6D1E5FCDBAE88AC1C57668F5161B0CA18AD5180C3A59281F4CE9DBD0B82B43AE75935D13AC902EACE204BB60F9139B97418CDAABE676CA45D5A8F669C40D23C3B6924560170A5C8BAC6CC08535B1E965D234C038658FD829C76FB61DB7F38AF8E3E8F0D47A7756E76FA10430D82F3C27BFC5B44AEBA18
 DEBUG root [2019-05-23 05:53:55,209] - DBInterfaceMysql::attach: connect: localhost:3306 starting...
 DEBUG root [2019-05-23 05:53:55,217] - DBInterfaceMysql::attach: successfully! addr: localhost:3306
  INFO root [2019-05-23 05:53:55,217] - DBUtil::createInterface[0x1f7ebc0]: interface=default, dbtype=mysql, ip=localhost, port=3306, currdatabase=ouro, username=ouro, connected=yes.

  INFO root [2019-05-23 05:53:55,217] - ThreadPool::createThreadPool: creating  threadpool...
  INFO root [2019-05-23 05:53:55,218] - ThreadPool::createThreadPool: successfully(5), newThreadCount=5, normalMaxThreadCount=5, maxThreadCount=5
 DEBUG root [2019-05-23 05:53:55,225] - DBInterfaceMysql::attach: connect: localhost:3306 starting...
 DEBUG root [2019-05-23 05:53:55,225] - DBInterfaceMysql::attach: connect: localhost:3306 starting...
 DEBUG root [2019-05-23 05:53:55,230] - DBInterfaceMysql::attach: successfully! addr: localhost:3306
 DEBUG root [2019-05-23 05:53:55,230] - DBThread::onStart(): 0x2098618!
 DEBUG root [2019-05-23 05:53:55,232] - DBInterfaceMysql::attach: successfully! addr: localhost:3306
 DEBUG root [2019-05-23 05:53:55,232] - DBThread::onStart(): 0x2098ae0!
 DEBUG root [2019-05-23 05:53:55,244] - DBInterfaceMysql::attach: connect: localhost:3306 starting...
 DEBUG root [2019-05-23 05:53:55,245] - DBInterfaceMysql::attach: connect: localhost:3306 starting...
 DEBUG root [2019-05-23 05:53:55,246] - DBInterfaceMysql::attach: connect: localhost:3306 starting...
 DEBUG root [2019-05-23 05:53:55,250] - DBInterfaceMysql::attach: successfully! addr: localhost:3306
 DEBUG root [2019-05-23 05:53:55,250] - DBThread::onStart(): 0x2098370!
 DEBUG root [2019-05-23 05:53:55,252] - DBInterfaceMysql::attach: successfully! addr: localhost:3306
 DEBUG root [2019-05-23 05:53:55,252] - DBThread::onStart(): 0x2098b68!
 DEBUG root [2019-05-23 05:53:55,254] - DBInterfaceMysql::attach: successfully! addr: localhost:3306
 DEBUG root [2019-05-23 05:53:55,254] - DBThread::onStart(): 0x2098e98!
  INFO root [2019-05-23 05:53:55,322] - DBInterfaceMysql::query: successfully!
  INFO root [2019-05-23 05:53:55,324] - DBInterfaceMysql::query: successfully!
  INFO root [2019-05-23 05:53:55,324] - DBInterfaceMysql::query: successfully!
  INFO root [2019-05-23 05:53:55,325] - DBInterfaceMysql::query: successfully!
  INFO root [2019-05-23 05:53:55,326] - DBInterfaceMysql::query: successfully!
  INFO root [2019-05-23 05:53:55,326] - DBInterfaceMysql::query: successfully!
  INFO root [2019-05-23 05:53:55,327] - DBInterfaceMysql::query: successfully!
  INFO root [2019-05-23 05:53:55,395] - DBInterfaceMysql::query: successfully!
  INFO root [2019-05-23 05:53:55,397] - DBInterfaceMysql::query: successfully!
  WARN root [2019-05-23 05:53:55,421] - d:\scratch\___kbe__\ouroboros-2.5.0\ouro\src\server\dbmgr\dbmgr.cpp:306: Profile scriptCall took 0.82 seconds
  INFO root [2019-05-23 05:53:56,059] - ---- dbmgr is running ----
 DEBUG root [2019-05-23 05:53:56,059] - Components::process(): Request for the process of identity...
  INFO root [2019-05-23 05:54:03,061] - ServerApp::onRegisterNewApp: uid:10103, username:Black, componentType:interfaces, componentID:3000, globalorderID=-1, grouporderID=-1, intaddr:192.168.27.1, intport:30099, extaddr:nonsupport, extport:0,  from 127.0.0.1:30099/0/0/0.
  INFO root [2019-05-23 05:54:03,062] - Components::addComponent: reset orderLog, uid=10103!
  INFO root [2019-05-23 05:54:03,062] - Components::addComponent[interfaces], uid=10103, componentID=3000, globalorderid=1, grouporderid=1, totalcount=1
  INFO root [2019-05-23 05:54:04,066] - Components::findComponents: find logger(1)...
  INFO root [2019-05-23 05:54:04,082] - Components::findComponents: found logger, addr:192.168.27.1:10288
  INFO root [2019-05-23 05:54:04,082] - Components::addComponent: reset orderLog, uid=10103!
  INFO root [2019-05-23 05:54:04,083] - Components::addComponent[logger], uid=10103, componentID=2000, globalorderid=1, grouporderid=1, totalcount=1
  WARN root [2019-05-23 05:54:04,086] - Forwarding logs to logger[192.168.27.1:10288/0/0/0]...
 ERROR root [2019-05-23 05:58:30,937] - Components::removeComponentByChannel: baseappmgr : 5000, Abnormal exit(reason=TCPPacketReceiver::processRecv(): error=10054
)! Channel(timestamp=6043919678283, lastReceivedTime=6043834264779, inactivityExceptionPeriod=597543232)
 ERROR root [2019-05-23 05:58:30,975] - Components::removeComponentByChannel: logger : 2000, Abnormal exit(reason=TCPPacketReceiver::processRecv(): error=10054
)! Channel(timestamp=6043920055018, lastReceivedTime=6043832035811, inactivityExceptionPeriod=597543232)
  INFO root [2019-05-23 05:58:31,420] - The following logs sent to logger failed:
  WARN root [2019-05-23 05:58:31,421] - ==> [2019-05-23 05:58:30 918] TCPPacketReceiver::processPendingEvents(192.168.27.1:10337): Throwing REASON_GENERAL_NETWORK - WSAECONNRESET
 ERROR root [2019-05-23 05:58:31,422] - ==> [2019-05-23 05:58:30 939] Components::removeComponentByChannel: baseappmgr : 5000, Abnormal exit(reason=TCPPacketReceiver::processRecv(): error=10054
)! Channel(timestamp=6043919678283, lastReceivedTime=6043834264779, inactivityExceptionPeriod=597543232)
  WARN root [2019-05-23 05:58:31,422] - ==> [2019-05-23 05:58:30 959] TCPPacketReceiver::processPendingEvents(192.168.27.1:10288): Throwing REASON_GENERAL_NETWORK - WSAECONNRESET
 ERROR root [2019-05-23 05:58:31,423] - ==> [2019-05-23 05:58:30 976] Components::removeComponentByChannel: logger : 2000, Abnormal exit(reason=TCPPacketReceiver::processRecv(): error=10054
)! Channel(timestamp=6043920055018, lastReceivedTime=6043832035811, inactivityExceptionPeriod=597543232)
  WARN root [2019-05-23 05:58:31,423] - TCPPacketReceiver::processPendingEvents(192.168.27.1:10339): Throwing REASON_GENERAL_NETWORK - WSAECONNRESET
 ERROR root [2019-05-23 05:58:31,432] - Components::removeComponentByChannel: cellappmgr : 6000, Abnormal exit(reason=TCPPacketReceiver::processRecv(): error=10054
)! Channel(timestamp=6043924617170, lastReceivedTime=6043835750975, inactivityExceptionPeriod=597543232)
  WARN root [2019-05-23 05:58:31,440] - TCPPacketReceiver::processPendingEvents(192.168.27.1:10344): Throwing REASON_GENERAL_NETWORK - WSAECONNRESET
 ERROR root [2019-05-23 05:58:31,447] - Components::removeComponentByChannel: loginapp : 9000, Abnormal exit(reason=TCPPacketReceiver::processRecv(): error=10054
)! Channel(timestamp=6043924768209, lastReceivedTime=6043839889843, inactivityExceptionPeriod=597543232)
  WARN root [2019-05-23 05:58:31,456] - TCPPacketReceiver::processPendingEvents(192.168.27.1:10349): Throwing REASON_GENERAL_NETWORK - WSAECONNRESET
 ERROR root [2019-05-23 05:58:31,460] - Components::removeComponentByChannel: cellapp : 8001, Abnormal exit(reason=TCPPacketReceiver::processRecv(): error=10054
)! Channel(timestamp=6043924904244, lastReceivedTime=6043836420177, inactivityExceptionPeriod=597543232)
  WARN root [2019-05-23 05:58:31,465] - TCPPacketReceiver::processPendingEvents(192.168.27.1:10353): Throwing REASON_GENERAL_NETWORK - WSAECONNRESET
  WARN root [2019-05-23 05:58:31,466] - Dbmgr::onChannelDeregister(): If the process cannot be resumed, the entitylog(baseapp=7001) will be cleaned up after 60 seconds!
 ERROR root [2019-05-23 05:58:31,467] - Components::removeComponentByChannel: baseapp : 7001, Abnormal exit(reason=TCPPacketReceiver::processRecv(): error=10054
)! Channel(timestamp=6043924972479, lastReceivedTime=6043839653124, inactivityExceptionPeriod=597543232)
  WARN root [2019-05-23 17:57:12,516] - Dbmgr::DBTaskEraseBaseappEntityLog(): erase all baseapp(7001) entitylogs! success=true, dbInterface=default
  WARN root [2019-05-23 17:57:14,072] - d:\scratch\___kbe__\ouroboros-2.5.0\ouro\src\server\dbmgr\dbmgr.cpp:213: Profile mainTick took 1.56 seconds
 DEBUG root [2019-05-23 17:57:16,836] - Dbmgr::DBTaskServerLog()
 DEBUG root [2019-05-23 17:57:19,724] - Dbmgr::DBTaskServerLog()
 DEBUG root [2019-05-23 17:57:23,290] - Dbmgr::DBTaskServerLog()
 DEBUG root [2019-05-23 17:57:26,274] - Dbmgr::DBTaskServerLog()
 DEBUG root [2019-05-23 17:57:29,717] - Dbmgr::DBTaskServerLog()
 DEBUG root [2019-05-23 17:57:32,245] - Dbmgr::DBTaskServerLog()
 DEBUG root [2019-05-23 17:57:34,497] - Dbmgr::DBTaskServerLog()
 DEBUG root [2019-05-23 17:57:37,245] - Dbmgr::DBTaskServerLog()
 DEBUG root [2019-05-23 17:57:40,600] - Dbmgr::DBTaskServerLog()
 DEBUG root [2019-05-23 17:57:43,395] - Dbmgr::DBTaskServerLog()
 DEBUG root [2019-05-23 17:57:45,542] - Dbmgr::DBTaskServerLog()
 DEBUG root [2019-05-23 17:57:47,612] - Dbmgr::DBTaskServerLog()
  WARN root [2019-05-23 17:57:47,830] - d:\scratch\___kbe__\ouroboros-2.5.0\ouro\src\lib\network\event_dispatcher.cpp:153: Profile callSystemTimers took 35.43 seconds
 DEBUG root [2019-05-23 18:51:22,677] - Dbmgr::DBTaskServerLog()
 DEBUG root [2019-05-23 19:51:10,923] - Dbmgr::DBTaskServerLog()
 DEBUG root [2019-05-23 20:50:59,168] - Dbmgr::DBTaskServerLog()
 DEBUG root [2019-05-23 21:50:47,434] - Dbmgr::DBTaskServerLog()
 DEBUG root [2019-05-23 22:50:37,755] - Dbmgr::DBTaskServerLog()
 DEBUG root [2019-05-23 23:50:26,001] - Dbmgr::DBTaskServerLog()
