 DEBUG root [2019-05-29 00:30:44,597] - Dbmgr::DBTaskServerLog()
 DEBUG root [2019-05-29 01:30:44,528] - Dbmgr::DBTaskServerLog()
  INFO root [2019-05-29 01:44:48,348] - 
  INFO root [2019-05-29 01:44:48,348] - -----------------------------------------------------------------------------------------


  INFO root [2019-05-29 01:44:48,352] - Resmgr::initialize: OURO_ROOT=C:/Users/Black/Ouroboros/
  INFO root [2019-05-29 01:44:48,352] - Resmgr::initialize: OURO_RES_PATH=C:/Users/Black/Ouroboros/ouro/res/;C:/Users/Black/Ouroboros/assets/;C:/Users/Black/Ouroboros/assets/scripts/;C:/Users/Black/Ouroboros/assets/res/
  INFO root [2019-05-29 01:44:48,352] - Resmgr::initialize: OURO_BIN_PATH=C:/Users/Black/Ouroboros/ouro/bin/server/
  INFO root [2019-05-29 01:44:48,385] - NetworkInterface::initialize(INTERNAL-TCP): bound to all interfaces with default route interface on 192.168.27.1 ( 192.168.27.1:4846 )
  INFO root [2019-05-29 01:44:48,386] - NetworkInterface::initialize(INTERNAL-TCP): address 192.168.27.1:4846, SOMAXCONN=5.
  INFO root [2019-05-29 01:44:48,387] - server-configs:
  INFO root [2019-05-29 01:44:48,387] - 	internalTcpAddr : 192.168.27.1:4846
  INFO root [2019-05-29 01:44:48,387] - 	componentID : 4000
  INFO root [2019-05-29 01:44:48,531] - Components::findLogger: found logger, addr:192.168.27.1:4775
  INFO root [2019-05-29 01:44:48,531] - Components::addComponent: reset orderLog, uid=10103!
  INFO root [2019-05-29 01:44:48,531] - Components::addComponent[logger], uid=10103, componentID=2000, globalorderid=1, grouporderid=1, totalcount=1
  INFO root [2019-05-29 01:44:48,546] - ---- dbmgr Version: 2.5.0. ScriptVersion: 0.1.0. Pythoncore: 3.7.3. Protocol: 7E018B6508A428A183CCC712F3412432. Config: Debug X86. Built: 03:59:31 May 23 2019. AppID: 4000. UID: 10103. PID: 26484 ----
  INFO root [2019-05-29 01:44:48,547] - Server Black: Intel(R) Core(TM) i7-7700HQ CPU @ 2.80GHz with 2097151kB RAM
  INFO root [2019-05-29 01:44:48,548] - ThreadPool::createThreadPool: creating  threadpool...
  INFO root [2019-05-29 01:44:48,549] - ThreadPool::createThreadPool: successfully(2), newThreadCount=1, normalMaxThreadCount=2, maxThreadCount=8
  INFO root [2019-05-29 01:44:48,784] - Script::install(): is successfully, Python=(3.7.3 (default, May 23 2019, 03:58:29) [MSC v.1916 32 bit (Intel)])!
  INFO root [2019-05-29 01:44:48,785] - Script::install(): OUROxtra is successfully!
  INFO root [2019-05-29 01:44:49,519] - Dbmgr::initializeEnd: digest(A95409634AA737AC5ED3596431383F23)
S_INFO root [2019-05-29 01:44:49,519] - onDBMgrReady: bootstrapGroupIndex=0, bootstrapGlobalIndex=0
  INFO root [2019-05-29 01:44:49,519] - TelnetServer server is running on port 32000
  INFO root [2019-05-29 01:44:49,520] - Dbmgr::initInterfacesHandler: interfaces addr(127.0.0.1:30099), accountType:(interfaces), chargeType:(interfaces).
  WARN root [2019-05-29 01:44:49,847] - DBUtil::initialize: db(default) password is not encrypted!
please use password(rsa):
BD17AB4604FAD22AA2CD6A40CE4F810CCF251F55191EE537C0AE90E2EE704AB652C5EAE2AB80314299A82F433B8F6D3064E2B20A6A27864D4DC12B7446CF2751FB76F635A44700B0D8AA38D8A303E326614479BF4EE7A44954032B7EBC3D2AEF80D31827F6701FC37D7DA217F948696327649D2BCD6A2201FD3A2CFAE8B98341
 DEBUG root [2019-05-29 01:44:49,855] - DBInterfaceMysql::attach: connect: localhost:3306 starting...
 DEBUG root [2019-05-29 01:44:49,943] - DBInterfaceMysql::attach: successfully! addr: localhost:3306
  INFO root [2019-05-29 01:44:49,951] - DBUtil::createInterface[0xa4eda4]: interface=default, dbtype=mysql, ip=localhost, port=3306, currdatabase=ouro, username=ouro, connected=yes.

  INFO root [2019-05-29 01:44:49,956] - ThreadPool::createThreadPool: creating  threadpool...
  INFO root [2019-05-29 01:44:49,956] - ThreadPool::createThreadPool: successfully(5), newThreadCount=5, normalMaxThreadCount=5, maxThreadCount=5
 DEBUG root [2019-05-29 01:44:49,957] - DBInterfaceMysql::attach: connect: localhost:3306 starting...
 DEBUG root [2019-05-29 01:44:49,957] - DBInterfaceMysql::attach: connect: localhost:3306 starting...
 DEBUG root [2019-05-29 01:44:49,957] - DBInterfaceMysql::attach: connect: localhost:3306 starting...
 DEBUG root [2019-05-29 01:44:49,957] - DBInterfaceMysql::attach: connect: localhost:3306 starting...
 DEBUG root [2019-05-29 01:44:49,958] - DBInterfaceMysql::attach: connect: localhost:3306 starting...
 DEBUG root [2019-05-29 01:44:49,961] - DBInterfaceMysql::attach: successfully! addr: localhost:3306
 DEBUG root [2019-05-29 01:44:49,962] - DBThread::onStart(): 0x2042fa0!
 DEBUG root [2019-05-29 01:44:49,963] - DBInterfaceMysql::attach: successfully! addr: localhost:3306
 DEBUG root [2019-05-29 01:44:49,963] - DBThread::onStart(): 0x2043a40!
 DEBUG root [2019-05-29 01:44:49,964] - DBInterfaceMysql::attach: successfully! addr: localhost:3306
 DEBUG root [2019-05-29 01:44:49,964] - DBThread::onStart(): 0x2043710!
 DEBUG root [2019-05-29 01:44:49,966] - DBInterfaceMysql::attach: successfully! addr: localhost:3306
 DEBUG root [2019-05-29 01:44:49,966] - DBThread::onStart(): 0x20434f0!
 DEBUG root [2019-05-29 01:44:49,967] - DBInterfaceMysql::attach: successfully! addr: localhost:3306
 DEBUG root [2019-05-29 01:44:49,967] - DBThread::onStart(): 0x2043bd8!
  INFO root [2019-05-29 01:44:50,063] - DBInterfaceMysql::query: successfully!
  INFO root [2019-05-29 01:44:50,065] - DBInterfaceMysql::query: successfully!
  INFO root [2019-05-29 01:44:50,067] - DBInterfaceMysql::query: successfully!
  INFO root [2019-05-29 01:44:50,067] - DBInterfaceMysql::query: successfully!
  INFO root [2019-05-29 01:44:50,070] - DBInterfaceMysql::query: successfully!
  INFO root [2019-05-29 01:44:50,071] - DBInterfaceMysql::query: successfully!
  INFO root [2019-05-29 01:44:50,071] - DBInterfaceMysql::query: successfully!
  INFO root [2019-05-29 01:44:50,200] - DBInterfaceMysql::query: successfully!
  INFO root [2019-05-29 01:44:50,201] - DBInterfaceMysql::query: successfully!
  WARN root [2019-05-29 01:44:50,217] - d:\scratch\___kbe__\ouroboros-2.5.0\ouro\src\server\dbmgr\dbmgr.cpp:306: Profile scriptCall took 0.70 seconds
  INFO root [2019-05-29 01:44:50,664] - ---- dbmgr is running ----
 DEBUG root [2019-05-29 01:44:50,665] - Components::process(): Request for the process of identity...
  WARN root [2019-05-29 01:44:57,521] - Forwarding logs to logger[192.168.27.1:4775/0/0/0]...
 ERROR root [2019-05-29 06:21:32,612] - Components::removeComponentByChannel: logger : 2000, Abnormal exit(reason=TCPPacketReceiver::processRecv(): error=10054
)! Channel(timestamp=11241679198172, lastReceivedTime=11241488900151, inactivityExceptionPeriod=599494501)
  INFO root [2019-05-29 06:21:32,625] - The following logs sent to logger failed:
  WARN root [2019-05-29 06:21:32,626] - ==> [2019-05-29 06:21:32 584] TCPPacketReceiver::processPendingEvents(192.168.27.1:4775): Throwing REASON_GENERAL_NETWORK - WSAECONNRESET
 ERROR root [2019-05-29 06:21:32,626] - ==> [2019-05-29 06:21:32 614] Components::removeComponentByChannel: logger : 2000, Abnormal exit(reason=TCPPacketReceiver::processRecv(): error=10054
)! Channel(timestamp=11241679198172, lastReceivedTime=11241488900151, inactivityExceptionPeriod=599494501)
  WARN root [2019-05-29 06:21:32,627] - TCPPacketReceiver::processPendingEvents(192.168.27.1:4944): Throwing REASON_GENERAL_NETWORK - WSAECONNRESET
 ERROR root [2019-05-29 06:21:32,637] - Components::removeComponentByChannel: baseappmgr : 5000, Abnormal exit(reason=TCPPacketReceiver::processRecv(): error=10054
)! Channel(timestamp=11241679451460, lastReceivedTime=11241411003898, inactivityExceptionPeriod=599494501)
  WARN root [2019-05-29 06:21:32,766] - TCPPacketReceiver::processPendingEvents(192.168.27.1:4961): Throwing REASON_GENERAL_NETWORK - WSAECONNRESET
 ERROR root [2019-05-29 06:21:32,802] - Components::removeComponentByChannel: cellappmgr : 6000, Abnormal exit(reason=TCPPacketReceiver::processRecv(): error=10054
)! Channel(timestamp=11241681100176, lastReceivedTime=11241588390675, inactivityExceptionPeriod=599494501)
  WARN root [2019-05-29 06:21:32,839] - TCPPacketReceiver::processPendingEvents(192.168.27.1:5004): Throwing REASON_GENERAL_NETWORK - WSAECONNRESET
  WARN root [2019-05-29 06:21:32,873] - Dbmgr::onChannelDeregister(): If the process cannot be resumed, the entitylog(baseapp=7001) will be cleaned up after 60 seconds!
 ERROR root [2019-05-29 06:21:32,879] - Components::removeComponentByChannel: baseapp : 7001, Abnormal exit(reason=TCPPacketReceiver::processRecv(): error=10054
)! Channel(timestamp=11241681874981, lastReceivedTime=11241458579144, inactivityExceptionPeriod=599494501)
  WARN root [2019-05-29 06:21:32,884] - TCPPacketReceiver::processPendingEvents(192.168.27.1:5056): Throwing REASON_GENERAL_NETWORK - WSAECONNRESET
 ERROR root [2019-05-29 06:21:32,906] - Components::removeComponentByChannel: cellapp : 8001, Abnormal exit(reason=TCPPacketReceiver::processRecv(): error=10054
)! Channel(timestamp=11241682143829, lastReceivedTime=11241641360463, inactivityExceptionPeriod=599494501)
  WARN root [2019-05-29 06:21:32,912] - TCPPacketReceiver::processPendingEvents(192.168.27.1:5071): Throwing REASON_GENERAL_NETWORK - WSAECONNRESET
 ERROR root [2019-05-29 06:21:32,913] - Components::removeComponentByChannel: loginapp : 9000, Abnormal exit(reason=TCPPacketReceiver::processRecv(): error=10054
)! Channel(timestamp=11241682208156, lastReceivedTime=11241431198913, inactivityExceptionPeriod=599494501)
  WARN root [2019-05-29 21:22:50,292] - Dbmgr::DBTaskEraseBaseappEntityLog(): erase all baseapp(7001) entitylogs! success=true, dbInterface=default
 DEBUG root [2019-05-29 21:22:52,045] - Dbmgr::DBTaskServerLog()
  WARN root [2019-05-29 21:22:57,063] - d:\scratch\___kbe__\ouroboros-2.5.0\ouro\src\server\dbmgr\dbmgr.cpp:213: Profile mainTick took 0.10 seconds
 DEBUG root [2019-05-29 21:22:57,561] - Dbmgr::DBTaskServerLog()
 DEBUG root [2019-05-29 21:23:01,103] - Dbmgr::DBTaskServerLog()
 DEBUG root [2019-05-29 21:23:03,693] - Dbmgr::DBTaskServerLog()
 DEBUG root [2019-05-29 21:23:07,163] - Dbmgr::DBTaskServerLog()
 DEBUG root [2019-05-29 21:23:09,917] - Dbmgr::DBTaskServerLog()
 DEBUG root [2019-05-29 21:23:12,054] - Dbmgr::DBTaskServerLog()
 DEBUG root [2019-05-29 21:23:14,511] - Dbmgr::DBTaskServerLog()
 DEBUG root [2019-05-29 21:23:17,398] - Dbmgr::DBTaskServerLog()
 DEBUG root [2019-05-29 21:23:20,131] - Dbmgr::DBTaskServerLog()
 DEBUG root [2019-05-29 21:23:22,684] - Dbmgr::DBTaskServerLog()
 DEBUG root [2019-05-29 21:23:24,306] - Dbmgr::DBTaskServerLog()
 DEBUG root [2019-05-29 21:23:26,387] - Dbmgr::DBTaskServerLog()
 DEBUG root [2019-05-29 21:23:28,782] - Dbmgr::DBTaskServerLog()
 DEBUG root [2019-05-29 21:23:30,386] - Dbmgr::DBTaskServerLog()
  WARN root [2019-05-29 21:23:31,313] - d:\scratch\___kbe__\ouroboros-2.5.0\ouro\src\lib\network\event_dispatcher.cpp:153: Profile callSystemTimers took 42.78 seconds
 DEBUG root [2019-05-29 21:44:49,573] - Dbmgr::DBTaskServerLog()
