  INFO root [2019-06-03 20:29:19,529] - 
  INFO root [2019-06-03 20:29:19,530] - -----------------------------------------------------------------------------------------


  INFO root [2019-06-03 20:29:19,532] - Resmgr::initialize: OURO_ROOT=C:/Users/Black/Ouroboros/
  INFO root [2019-06-03 20:29:19,532] - Resmgr::initialize: OURO_RES_PATH=C:/Users/Black/Ouroboros/ouro/res/;C:/Users/Black/Ouroboros/assets/;C:/Users/Black/Ouroboros/assets/scripts/;C:/Users/Black/Ouroboros/assets/res/
  INFO root [2019-06-03 20:29:19,533] - Resmgr::initialize: OURO_BIN_PATH=C:/Users/Black/Ouroboros/ouro/bin/server/
  INFO root [2019-06-03 20:29:19,549] - NetworkInterface::initialize(INTERNAL-TCP): bound to all interfaces with default route interface on 192.168.27.1 ( 192.168.27.1:13551 )
  INFO root [2019-06-03 20:29:19,550] - NetworkInterface::initialize(INTERNAL-TCP): address 192.168.27.1:13551, SOMAXCONN=5.
  INFO root [2019-06-03 20:29:19,550] - server-configs:
  INFO root [2019-06-03 20:29:19,550] - 	internalTcpAddr : 192.168.27.1:13551
  INFO root [2019-06-03 20:29:19,551] - 	componentID : 4000
  INFO root [2019-06-03 20:29:19,584] - Components::findLogger: found logger, addr:192.168.27.1:13455
  INFO root [2019-06-03 20:29:19,585] - Components::addComponent: reset orderLog, uid=10103!
  INFO root [2019-06-03 20:29:19,585] - Components::addComponent[logger], uid=10103, componentID=2000, globalorderid=1, grouporderid=1, totalcount=1
  INFO root [2019-06-03 20:29:19,593] - ---- dbmgr Version: 2.5.0. ScriptVersion: 0.1.0. Pythoncore: 3.7.3. Protocol: 7E018B6508A428A183CCC712F3412432. Config: Debug X86. Built: 03:59:31 May 23 2019. AppID: 4000. UID: 10103. PID: 39108 ----
  INFO root [2019-06-03 20:29:19,593] - Server Black: Intel(R) Core(TM) i7-7700HQ CPU @ 2.80GHz with 2097151kB RAM
  INFO root [2019-06-03 20:29:19,594] - ThreadPool::createThreadPool: creating  threadpool...
  INFO root [2019-06-03 20:29:19,594] - ThreadPool::createThreadPool: successfully(2), newThreadCount=1, normalMaxThreadCount=2, maxThreadCount=8
  INFO root [2019-06-03 20:29:19,855] - Script::install(): is successfully, Python=(3.7.3 (default, May 23 2019, 03:58:29) [MSC v.1916 32 bit (Intel)])!
  INFO root [2019-06-03 20:29:19,856] - Script::install(): OUROxtra is successfully!
  INFO root [2019-06-03 20:29:21,028] - Dbmgr::initializeEnd: digest(A95409634AA737AC5ED3596431383F23)
S_INFO root [2019-06-03 20:29:21,029] - onDBMgrReady: bootstrapGroupIndex=0, bootstrapGlobalIndex=0
  INFO root [2019-06-03 20:29:21,029] - TelnetServer server is running on port 32000
  INFO root [2019-06-03 20:29:21,030] - Dbmgr::initInterfacesHandler: interfaces addr(127.0.0.1:30099), accountType:(interfaces), chargeType:(interfaces).
  WARN root [2019-06-03 20:29:21,427] - DBUtil::initialize: db(default) password is not encrypted!
please use password(rsa):
DD5E55EB7C7306C56DF2001CE75A30EF6B49623CD7EC0CA67A5E5969ABCCB02E5FD2252EBD4621C5759864BAE73CDC31A811DFCAD0AFAD888744286FC5D8C026298E695ECAC220EA5D81F6E5841ABA4CC64CC6FA6BDE42A14029576BEB4F08A34B1D518D43525946B29341BAD1D2D51EAC772FE18765734B2B9AA3C2CB1D64E6
 DEBUG root [2019-06-03 20:29:21,438] - DBInterfaceMysql::attach: connect: localhost:3306 starting...
 DEBUG root [2019-06-03 20:29:21,451] - DBInterfaceMysql::attach: successfully! addr: localhost:3306
  INFO root [2019-06-03 20:29:21,452] - DBUtil::createInterface[0x21af0cc]: interface=default, dbtype=mysql, ip=localhost, port=3306, currdatabase=ouro, username=ouro, connected=yes.

  INFO root [2019-06-03 20:29:21,452] - ThreadPool::createThreadPool: creating  threadpool...
  INFO root [2019-06-03 20:29:21,453] - ThreadPool::createThreadPool: successfully(5), newThreadCount=5, normalMaxThreadCount=5, maxThreadCount=5
 DEBUG root [2019-06-03 20:29:21,453] - DBInterfaceMysql::attach: connect: localhost:3306 starting...
 DEBUG root [2019-06-03 20:29:21,454] - DBInterfaceMysql::attach: connect: localhost:3306 starting...
 DEBUG root [2019-06-03 20:29:21,454] - DBInterfaceMysql::attach: connect: localhost:3306 starting...
 DEBUG root [2019-06-03 20:29:21,454] - DBInterfaceMysql::attach: connect: localhost:3306 starting...
 DEBUG root [2019-06-03 20:29:21,455] - DBInterfaceMysql::attach: connect: localhost:3306 starting...
 DEBUG root [2019-06-03 20:29:21,459] - DBInterfaceMysql::attach: successfully! addr: localhost:3306
 DEBUG root [2019-06-03 20:29:21,459] - DBThread::onStart(): 0x250ecf0!
 DEBUG root [2019-06-03 20:29:21,461] - DBInterfaceMysql::attach: successfully! addr: localhost:3306
 DEBUG root [2019-06-03 20:29:21,461] - DBThread::onStart(): 0x250ef10!
 DEBUG root [2019-06-03 20:29:21,463] - DBInterfaceMysql::attach: successfully! addr: localhost:3306
 DEBUG root [2019-06-03 20:29:21,463] - DBThread::onStart(): 0x250f020!
 DEBUG root [2019-06-03 20:29:21,465] - DBInterfaceMysql::attach: successfully! addr: localhost:3306
 DEBUG root [2019-06-03 20:29:21,465] - DBThread::onStart(): 0x250ef98!
 DEBUG root [2019-06-03 20:29:21,467] - DBInterfaceMysql::attach: successfully! addr: localhost:3306
 DEBUG root [2019-06-03 20:29:21,467] - DBThread::onStart(): 0x250f460!
  INFO root [2019-06-03 20:29:21,557] - DBInterfaceMysql::query: successfully!
  INFO root [2019-06-03 20:29:21,558] - DBInterfaceMysql::query: successfully!
  INFO root [2019-06-03 20:29:21,559] - DBInterfaceMysql::query: successfully!
  INFO root [2019-06-03 20:29:21,560] - DBInterfaceMysql::query: successfully!
  INFO root [2019-06-03 20:29:21,560] - DBInterfaceMysql::query: successfully!
  INFO root [2019-06-03 20:29:21,561] - DBInterfaceMysql::query: successfully!
  INFO root [2019-06-03 20:29:21,561] - DBInterfaceMysql::query: successfully!
  INFO root [2019-06-03 20:29:21,642] - DBInterfaceMysql::query: successfully!
  INFO root [2019-06-03 20:29:21,645] - DBInterfaceMysql::query: successfully!
  WARN root [2019-06-03 20:29:21,668] - d:\scratch\___kbe__\ouroboros-2.5.0\ouro\src\server\dbmgr\dbmgr.cpp:306: Profile scriptCall took 0.64 seconds
  INFO root [2019-06-03 20:29:22,154] - ---- dbmgr is running ----
 DEBUG root [2019-06-03 20:29:22,155] - Components::process(): Request for the process of identity...
  WARN root [2019-06-03 20:29:28,777] - Forwarding logs to logger[192.168.27.1:13455/0/0/0]...
