  INFO root [2019-06-13 02:01:57,791] - 
  INFO root [2019-06-13 02:01:57,792] - -----------------------------------------------------------------------------------------


  INFO root [2019-06-13 02:01:57,795] - Resmgr::initialize: OURO_ROOT=C:/Users/Black/Ouroboros/
  INFO root [2019-06-13 02:01:57,796] - Resmgr::initialize: OURO_RES_PATH=C:/Users/Black/Ouroboros/ouro/res/;C:/Users/Black/Ouroboros/assets/;C:/Users/Black/Ouroboros/assets/scripts/;C:/Users/Black/Ouroboros/assets/res/
  INFO root [2019-06-13 02:01:57,796] - Resmgr::initialize: OURO_BIN_PATH=C:/Users/Black/Ouroboros/ouro/bin/server/
  INFO root [2019-06-13 02:01:57,811] - NetworkInterface::initialize(INTERNAL-TCP): bound to all interfaces with default route interface on 192.168.27.1 ( 192.168.27.1:4780 )
  INFO root [2019-06-13 02:01:57,811] - NetworkInterface::initialize(INTERNAL-TCP): address 192.168.27.1:4780, SOMAXCONN=5.
  INFO root [2019-06-13 02:01:57,812] - server-configs:
  INFO root [2019-06-13 02:01:57,812] - 	internalTcpAddr : 192.168.27.1:4780
  INFO root [2019-06-13 02:01:57,812] - 	componentID : 4000
  INFO root [2019-06-13 02:01:57,901] - Components::findLogger: found logger, addr:192.168.27.1:4720
  INFO root [2019-06-13 02:01:57,901] - Components::addComponent: reset orderLog, uid=10103!
  INFO root [2019-06-13 02:01:57,902] - Components::addComponent[logger], uid=10103, componentID=2000, globalorderid=1, grouporderid=1, totalcount=1
  INFO root [2019-06-13 02:01:57,907] - ---- dbmgr Version: 2.5.0. ScriptVersion: 0.1.0. Pythoncore: 3.7.3. Protocol: 7E018B6508A428A183CCC712F3412432. Config: Debug X86. Built: 03:59:31 May 23 2019. AppID: 4000. UID: 10103. PID: 12672 ----
  INFO root [2019-06-13 02:01:57,907] - Server Black: Intel(R) Core(TM) i7-7700HQ CPU @ 2.80GHz with 2097151kB RAM
  INFO root [2019-06-13 02:01:57,908] - ThreadPool::createThreadPool: creating  threadpool...
  INFO root [2019-06-13 02:01:57,908] - ThreadPool::createThreadPool: successfully(2), newThreadCount=1, normalMaxThreadCount=2, maxThreadCount=8
  INFO root [2019-06-13 02:01:58,096] - Script::install(): is successfully, Python=(3.7.3 (default, Jun  7 2019, 22:47:18) [MSC v.1916 32 bit (Intel)])!
  INFO root [2019-06-13 02:01:58,097] - Script::install(): OUROxtra is successfully!
  INFO root [2019-06-13 02:01:58,905] - Dbmgr::initializeEnd: digest(B5FE60E9D05957ED8896B2F64BBB057D)
S_INFO root [2019-06-13 02:01:58,906] - onDBMgrReady: bootstrapGroupIndex=0, bootstrapGlobalIndex=0
  INFO root [2019-06-13 02:01:58,907] - TelnetServer server is running on port 32000
  INFO root [2019-06-13 02:01:58,907] - Dbmgr::initInterfacesHandler: interfaces addr(127.0.0.1:30099), accountType:(interfaces), chargeType:(interfaces).
  WARN root [2019-06-13 02:01:59,172] - DBUtil::initialize: db(default) password is not encrypted!
please use password(rsa):
3F8DA656E443B10EE144BB8647E6C12331913193117531F34994F6E495C3D9EF7DB42C0D2A82E9F8DBF05BC31EBF6DB2520A17DDF4B5DD7FDF3D9E166151C3E14ADD9CE76FF9FAA85E7F2A9152265AB0E10103869DE66F9A42403BDE2702A8841BA2CFF2494D2404DFFF871B13D1C76A84541DCC1401A8F005A162F10D3A0793
 DEBUG root [2019-06-13 02:01:59,176] - DBInterfaceMysql::attach: connect: localhost:3306 starting...
 DEBUG root [2019-06-13 02:01:59,194] - DBInterfaceMysql::attach: successfully! addr: localhost:3306
  INFO root [2019-06-13 02:01:59,194] - DBUtil::createInterface[0x1ff088]: interface=default, dbtype=mysql, ip=localhost, port=3306, currdatabase=ouro, username=ouro, connected=yes.

  INFO root [2019-06-13 02:01:59,195] - ThreadPool::createThreadPool: creating  threadpool...
  INFO root [2019-06-13 02:01:59,196] - ThreadPool::createThreadPool: successfully(5), newThreadCount=5, normalMaxThreadCount=5, maxThreadCount=5
 DEBUG root [2019-06-13 02:01:59,196] - DBInterfaceMysql::attach: connect: localhost:3306 starting...
 DEBUG root [2019-06-13 02:01:59,196] - DBInterfaceMysql::attach: connect: localhost:3306 starting...
 DEBUG root [2019-06-13 02:01:59,197] - DBInterfaceMysql::attach: connect: localhost:3306 starting...
 DEBUG root [2019-06-13 02:01:59,197] - DBInterfaceMysql::attach: connect: localhost:3306 starting...
 DEBUG root [2019-06-13 02:01:59,197] - DBInterfaceMysql::attach: connect: localhost:3306 starting...
 DEBUG root [2019-06-13 02:01:59,200] - DBInterfaceMysql::attach: successfully! addr: localhost:3306
 DEBUG root [2019-06-13 02:01:59,201] - DBThread::onStart(): 0x5f1e98!
 DEBUG root [2019-06-13 02:01:59,202] - DBInterfaceMysql::attach: successfully! addr: localhost:3306
 DEBUG root [2019-06-13 02:01:59,202] - DBThread::onStart(): 0x5f1a58!
 DEBUG root [2019-06-13 02:01:59,203] - DBInterfaceMysql::attach: successfully! addr: localhost:3306
 DEBUG root [2019-06-13 02:01:59,203] - DBThread::onStart(): 0x5f23e8!
 DEBUG root [2019-06-13 02:01:59,204] - DBInterfaceMysql::attach: successfully! addr: localhost:3306
 DEBUG root [2019-06-13 02:01:59,204] - DBThread::onStart(): 0x5f1b68!
 DEBUG root [2019-06-13 02:01:59,205] - DBInterfaceMysql::attach: successfully! addr: localhost:3306
 DEBUG root [2019-06-13 02:01:59,205] - DBThread::onStart(): 0x5f1ae0!
  INFO root [2019-06-13 02:01:59,301] - DBInterfaceMysql::query: successfully!
  INFO root [2019-06-13 02:01:59,313] - DBInterfaceMysql::query: successfully!
  INFO root [2019-06-13 02:01:59,313] - DBInterfaceMysql::query: successfully!
  INFO root [2019-06-13 02:01:59,314] - DBInterfaceMysql::query: successfully!
  INFO root [2019-06-13 02:01:59,323] - DBInterfaceMysql::query: successfully!
  INFO root [2019-06-13 02:01:59,323] - DBInterfaceMysql::query: successfully!
  INFO root [2019-06-13 02:01:59,323] - DBInterfaceMysql::query: successfully!
  INFO root [2019-06-13 02:01:59,400] - DBInterfaceMysql::query: successfully!
  INFO root [2019-06-13 02:01:59,402] - DBInterfaceMysql::query: successfully!
  WARN root [2019-06-13 02:01:59,433] - d:\scratch\___kbe__\ouroboros-2.5.0\ouro\src\server\dbmgr\dbmgr.cpp:306: Profile scriptCall took 0.53 seconds
  INFO root [2019-06-13 02:01:59,773] - ---- dbmgr is running ----
 DEBUG root [2019-06-13 02:01:59,774] - Components::process(): Request for the process of identity...
  WARN root [2019-06-13 02:02:06,048] - Forwarding logs to logger[192.168.27.1:4720/0/0/0]...
 ERROR root [2019-06-13 04:58:47,096] - Components::removeComponentByChannel: logger : 2000, Abnormal exit(reason=TCPPacketReceiver::processRecv(): error=10054
)! Channel(timestamp=819098261610, lastReceivedTime=818907601626, inactivityExceptionPeriod=599484653)
  INFO root [2019-06-13 04:58:47,099] - The following logs sent to logger failed:
  WARN root [2019-06-13 04:58:47,100] - ==> [2019-06-13 04:58:47 096] TCPPacketReceiver::processPendingEvents(192.168.27.1:4720): Throwing REASON_GENERAL_NETWORK - WSAECONNRESET
 ERROR root [2019-06-13 04:58:47,100] - ==> [2019-06-13 04:58:47 097] Components::removeComponentByChannel: logger : 2000, Abnormal exit(reason=TCPPacketReceiver::processRecv(): error=10054
)! Channel(timestamp=819098261610, lastReceivedTime=818907601626, inactivityExceptionPeriod=599484653)
  INFO root [2019-06-13 04:58:51,586] - 
  INFO root [2019-06-13 04:58:51,587] - -----------------------------------------------------------------------------------------


  INFO root [2019-06-13 04:58:51,588] - Resmgr::initialize: OURO_ROOT=C:/Users/Black/Ouroboros/
  INFO root [2019-06-13 04:58:51,588] - Resmgr::initialize: OURO_RES_PATH=C:/Users/Black/Ouroboros/ouro/res/;C:/Users/Black/Ouroboros/assets/;C:/Users/Black/Ouroboros/assets/scripts/;C:/Users/Black/Ouroboros/assets/res/
  INFO root [2019-06-13 04:58:51,588] - Resmgr::initialize: OURO_BIN_PATH=C:/Users/Black/Ouroboros/ouro/bin/server/
  INFO root [2019-06-13 04:58:51,601] - NetworkInterface::initialize(INTERNAL-TCP): bound to all interfaces with default route interface on 192.168.27.1 ( 192.168.27.1:12410 )
  INFO root [2019-06-13 04:58:51,601] - NetworkInterface::initialize(INTERNAL-TCP): address 192.168.27.1:12410, SOMAXCONN=5.
  INFO root [2019-06-13 04:58:51,601] - server-configs:
  INFO root [2019-06-13 04:58:51,601] - 	internalTcpAddr : 192.168.27.1:12410
  INFO root [2019-06-13 04:58:51,601] - 	componentID : 4000
  INFO root [2019-06-13 04:58:53,118] - ---- dbmgr Version: 2.5.0. ScriptVersion: 0.1.0. Pythoncore: 3.7.3. Protocol: 7E018B6508A428A183CCC712F3412432. Config: Debug X86. Built: 03:59:31 May 23 2019. AppID: 4000. UID: 10103. PID: 20808 ----
  INFO root [2019-06-13 04:58:53,121] - Server Black: Intel(R) Core(TM) i7-7700HQ CPU @ 2.80GHz with 2097151kB RAM
  INFO root [2019-06-13 04:58:53,122] - ThreadPool::createThreadPool: creating  threadpool...
  INFO root [2019-06-13 04:58:53,123] - ThreadPool::createThreadPool: successfully(2), newThreadCount=1, normalMaxThreadCount=2, maxThreadCount=8
  INFO root [2019-06-13 04:58:53,351] - Script::install(): is successfully, Python=(3.7.3 (default, Jun  7 2019, 22:47:18) [MSC v.1916 32 bit (Intel)])!
  INFO root [2019-06-13 04:58:53,351] - Script::install(): OUROxtra is successfully!
  INFO root [2019-06-13 04:58:53,727] - Dbmgr::initializeEnd: digest(41157AFFB8BF39DA41E0737A47CCB149)
S_INFO root [2019-06-13 04:58:53,727] - onDBMgrReady: bootstrapGroupIndex=0, bootstrapGlobalIndex=0
  INFO root [2019-06-13 04:58:53,728] - TelnetServer server is running on port 32000
  INFO root [2019-06-13 04:58:53,728] - Dbmgr::initInterfacesHandler: interfaces addr(127.0.0.1:30099), accountType:(interfaces), chargeType:(interfaces).
  WARN root [2019-06-13 04:58:54,151] - DBUtil::initialize: db(default) password is not encrypted!
please use password(rsa):
CF8B7D90B798B7C660FBF72F793E07684851F01ACCEE0CEBD1F0112B42777F75760BA02183FD7FDD233895FAFA1E892AD902D7DDEEC6B7265AF71977E99FD6C02C8DD8E1E19EAD5030C6FC3E071E42B61CF49FA6C042BB2FA6FD47DF9BC8C80FD63B4A6BEBCF8B2ED5C641431580CF1DE39D9BF1FBEBB8ECC57B30096FD576CA
 DEBUG root [2019-06-13 04:58:54,154] - DBInterfaceMysql::attach: connect: localhost:3306 starting...
 DEBUG root [2019-06-13 04:58:54,160] - DBInterfaceMysql::attach: successfully! addr: localhost:3306
  INFO root [2019-06-13 04:58:54,161] - DBUtil::createInterface[0xb7f0d8]: interface=default, dbtype=mysql, ip=localhost, port=3306, currdatabase=ouro, username=ouro, connected=yes.

  INFO root [2019-06-13 04:58:54,161] - ThreadPool::createThreadPool: creating  threadpool...
  INFO root [2019-06-13 04:58:54,161] - ThreadPool::createThreadPool: successfully(5), newThreadCount=5, normalMaxThreadCount=5, maxThreadCount=5
 DEBUG root [2019-06-13 04:58:54,162] - DBInterfaceMysql::attach: connect: localhost:3306 starting...
 DEBUG root [2019-06-13 04:58:54,162] - DBInterfaceMysql::attach: connect: localhost:3306 starting...
 DEBUG root [2019-06-13 04:58:54,162] - DBInterfaceMysql::attach: connect: localhost:3306 starting...
 DEBUG root [2019-06-13 04:58:54,162] - DBInterfaceMysql::attach: connect: localhost:3306 starting...
 DEBUG root [2019-06-13 04:58:54,162] - DBInterfaceMysql::attach: connect: localhost:3306 starting...
 DEBUG root [2019-06-13 04:58:54,166] - DBInterfaceMysql::attach: successfully! addr: localhost:3306
 DEBUG root [2019-06-13 04:58:54,166] - DBThread::onStart(): 0xed1290!
 DEBUG root [2019-06-13 04:58:54,167] - DBInterfaceMysql::attach: successfully! addr: localhost:3306
 DEBUG root [2019-06-13 04:58:54,168] - DBThread::onStart(): 0xed0dc8!
 DEBUG root [2019-06-13 04:58:54,169] - DBInterfaceMysql::attach: successfully! addr: localhost:3306
 DEBUG root [2019-06-13 04:58:54,169] - DBThread::onStart(): 0xed0a98!
 DEBUG root [2019-06-13 04:58:54,173] - DBInterfaceMysql::attach: successfully! addr: localhost:3306
 DEBUG root [2019-06-13 04:58:54,173] - DBThread::onStart(): 0xed0b20!
 DEBUG root [2019-06-13 04:58:54,174] - DBInterfaceMysql::attach: successfully! addr: localhost:3306
 DEBUG root [2019-06-13 04:58:54,174] - DBThread::onStart(): 0xed1318!
  INFO root [2019-06-13 04:58:54,266] - DBInterfaceMysql::query: successfully!
  INFO root [2019-06-13 04:58:54,269] - DBInterfaceMysql::query: successfully!
  INFO root [2019-06-13 04:58:54,269] - DBInterfaceMysql::query: successfully!
  INFO root [2019-06-13 04:58:54,269] - DBInterfaceMysql::query: successfully!
  INFO root [2019-06-13 04:58:54,270] - DBInterfaceMysql::query: successfully!
  INFO root [2019-06-13 04:58:54,271] - DBInterfaceMysql::query: successfully!
  INFO root [2019-06-13 04:58:54,271] - DBInterfaceMysql::query: successfully!
  INFO root [2019-06-13 04:58:54,319] - DBInterfaceMysql::query: successfully!
  INFO root [2019-06-13 04:58:54,320] - DBInterfaceMysql::query: successfully!
  WARN root [2019-06-13 04:58:54,342] - d:\scratch\___kbe__\ouroboros-2.5.0\ouro\src\server\dbmgr\dbmgr.cpp:306: Profile scriptCall took 0.62 seconds
  INFO root [2019-06-13 04:58:54,810] - ---- dbmgr is running ----
 DEBUG root [2019-06-13 04:58:54,810] - Components::process(): Request for the process of identity...
  INFO root [2019-06-13 04:59:01,151] - ServerApp::onRegisterNewApp: uid:10103, username:Black, componentType:interfaces, componentID:3000, globalorderID=-1, grouporderID=-1, intaddr:192.168.27.1, intport:30099, extaddr:nonsupport, extport:0,  from 127.0.0.1:30099/0/0/0.
  INFO root [2019-06-13 04:59:01,151] - Components::addComponent: reset orderLog, uid=10103!
  INFO root [2019-06-13 04:59:01,151] - Components::addComponent[interfaces], uid=10103, componentID=3000, globalorderid=1, grouporderid=1, totalcount=1
  INFO root [2019-06-13 04:59:02,168] - Components::findComponents: find logger(1)...
  INFO root [2019-06-13 04:59:02,231] - Components::findComponents: found logger, addr:192.168.27.1:12409
  INFO root [2019-06-13 04:59:02,231] - Components::addComponent: reset orderLog, uid=10103!
  INFO root [2019-06-13 04:59:02,232] - Components::addComponent[logger], uid=10103, componentID=2000, globalorderid=1, grouporderid=1, totalcount=1
  WARN root [2019-06-13 04:59:02,233] - Forwarding logs to logger[192.168.27.1:12409/0/0/0]...
 ERROR root [2019-06-13 05:24:32,458] - Components::removeComponentByChannel: logger : 2000, Abnormal exit(reason=TCPPacketReceiver::processRecv(): error=10054
)! Channel(timestamp=834551881563, lastReceivedTime=834441278370, inactivityExceptionPeriod=599494949)
  INFO root [2019-06-13 05:24:32,463] - The following logs sent to logger failed:
  WARN root [2019-06-13 05:24:32,463] - ==> [2019-06-13 05:24:32 458] TCPPacketReceiver::processPendingEvents(192.168.27.1:12409): Throwing REASON_GENERAL_NETWORK - WSAECONNRESET
 ERROR root [2019-06-13 05:24:32,463] - ==> [2019-06-13 05:24:32 459] Components::removeComponentByChannel: logger : 2000, Abnormal exit(reason=TCPPacketReceiver::processRecv(): error=10054
)! Channel(timestamp=834551881563, lastReceivedTime=834441278370, inactivityExceptionPeriod=599494949)
  INFO root [2019-06-13 05:24:36,694] - 
  INFO root [2019-06-13 05:24:36,694] - -----------------------------------------------------------------------------------------


  INFO root [2019-06-13 05:24:36,696] - Resmgr::initialize: OURO_ROOT=C:/Users/Black/Ouroboros/
  INFO root [2019-06-13 05:24:36,696] - Resmgr::initialize: OURO_RES_PATH=C:/Users/Black/Ouroboros/ouro/res/;C:/Users/Black/Ouroboros/assets/;C:/Users/Black/Ouroboros/assets/scripts/;C:/Users/Black/Ouroboros/assets/res/
  INFO root [2019-06-13 05:24:36,696] - Resmgr::initialize: OURO_BIN_PATH=C:/Users/Black/Ouroboros/ouro/bin/server/
  INFO root [2019-06-13 05:24:36,710] - NetworkInterface::initialize(INTERNAL-TCP): bound to all interfaces with default route interface on 192.168.27.1 ( 192.168.27.1:1401 )
  INFO root [2019-06-13 05:24:36,710] - NetworkInterface::initialize(INTERNAL-TCP): address 192.168.27.1:1401, SOMAXCONN=5.
  INFO root [2019-06-13 05:24:36,711] - server-configs:
  INFO root [2019-06-13 05:24:36,711] - 	internalTcpAddr : 192.168.27.1:1401
  INFO root [2019-06-13 05:24:36,711] - 	componentID : 4000
  INFO root [2019-06-13 05:24:38,217] - ---- dbmgr Version: 2.5.0. ScriptVersion: 0.1.0. Pythoncore: 3.7.3. Protocol: 7E018B6508A428A183CCC712F3412432. Config: Debug X86. Built: 03:59:31 May 23 2019. AppID: 4000. UID: 10103. PID: 25796 ----
  INFO root [2019-06-13 05:24:38,218] - Server Black: Intel(R) Core(TM) i7-7700HQ CPU @ 2.80GHz with 2097151kB RAM
  INFO root [2019-06-13 05:24:38,218] - ThreadPool::createThreadPool: creating  threadpool...
  INFO root [2019-06-13 05:24:38,219] - ThreadPool::createThreadPool: successfully(2), newThreadCount=1, normalMaxThreadCount=2, maxThreadCount=8
  INFO root [2019-06-13 05:24:38,421] - Script::install(): is successfully, Python=(3.7.3 (default, Jun  7 2019, 22:47:18) [MSC v.1916 32 bit (Intel)])!
  INFO root [2019-06-13 05:24:38,422] - Script::install(): OUROxtra is successfully!
  INFO root [2019-06-13 05:24:38,796] - Dbmgr::initializeEnd: digest(41157AFFB8BF39DA41E0737A47CCB149)
S_INFO root [2019-06-13 05:24:38,797] - onDBMgrReady: bootstrapGroupIndex=0, bootstrapGlobalIndex=0
  INFO root [2019-06-13 05:24:38,797] - TelnetServer server is running on port 32000
  INFO root [2019-06-13 05:24:38,797] - Dbmgr::initInterfacesHandler: interfaces addr(127.0.0.1:30099), accountType:(interfaces), chargeType:(interfaces).
  WARN root [2019-06-13 05:24:39,185] - DBUtil::initialize: db(default) password is not encrypted!
please use password(rsa):
9EAC84A37EE9FCAB6087D4B8F5A5EA3BE448D7EC0A9FEB15C26A64C1CF3671F3C8E4BC64C3BAE47EF5D7126332E775CB3CC45621F7312ACFEBA01A48E7EA77FA4FD115EB5E0C509FD1CDFD5F87641C3D022D823BE0710A6C1A0CCEF81358A0FF1DAFF31131CC7CC337E7ED1152D9D0E030EED64098EB3A947BC9C719334A0E7D
 DEBUG root [2019-06-13 05:24:39,187] - DBInterfaceMysql::attach: connect: localhost:3306 starting...
 DEBUG root [2019-06-13 05:24:39,191] - DBInterfaceMysql::attach: successfully! addr: localhost:3306
  INFO root [2019-06-13 05:24:39,191] - DBUtil::createInterface[0xefebe0]: interface=default, dbtype=mysql, ip=localhost, port=3306, currdatabase=ouro, username=ouro, connected=yes.

  INFO root [2019-06-13 05:24:39,192] - ThreadPool::createThreadPool: creating  threadpool...
  INFO root [2019-06-13 05:24:39,192] - ThreadPool::createThreadPool: successfully(5), newThreadCount=5, normalMaxThreadCount=5, maxThreadCount=5
 DEBUG root [2019-06-13 05:24:39,192] - DBInterfaceMysql::attach: connect: localhost:3306 starting...
 DEBUG root [2019-06-13 05:24:39,193] - DBInterfaceMysql::attach: connect: localhost:3306 starting...
 DEBUG root [2019-06-13 05:24:39,193] - DBInterfaceMysql::attach: connect: localhost:3306 starting...
 DEBUG root [2019-06-13 05:24:39,193] - DBInterfaceMysql::attach: connect: localhost:3306 starting...
 DEBUG root [2019-06-13 05:24:39,193] - DBInterfaceMysql::attach: connect: localhost:3306 starting...
 DEBUG root [2019-06-13 05:24:39,196] - DBInterfaceMysql::attach: successfully! addr: localhost:3306
 DEBUG root [2019-06-13 05:24:39,197] - DBThread::onStart(): 0x11ef258!
 DEBUG root [2019-06-13 05:24:39,197] - DBInterfaceMysql::attach: successfully! addr: localhost:3306
 DEBUG root [2019-06-13 05:24:39,197] - DBThread::onStart(): 0x11ef148!
 DEBUG root [2019-06-13 05:24:39,199] - DBInterfaceMysql::attach: successfully! addr: localhost:3306
 DEBUG root [2019-06-13 05:24:39,199] - DBThread::onStart(): 0x11ef830!
 DEBUG root [2019-06-13 05:24:39,200] - DBInterfaceMysql::attach: successfully! addr: localhost:3306
 DEBUG root [2019-06-13 05:24:39,200] - DBThread::onStart(): 0x11ef0c0!
 DEBUG root [2019-06-13 05:24:39,201] - DBInterfaceMysql::attach: successfully! addr: localhost:3306
 DEBUG root [2019-06-13 05:24:39,202] - DBThread::onStart(): 0x11ef3f0!
  INFO root [2019-06-13 05:24:39,297] - DBInterfaceMysql::query: successfully!
  INFO root [2019-06-13 05:24:39,300] - DBInterfaceMysql::query: successfully!
  INFO root [2019-06-13 05:24:39,301] - DBInterfaceMysql::query: successfully!
  INFO root [2019-06-13 05:24:39,301] - DBInterfaceMysql::query: successfully!
  INFO root [2019-06-13 05:24:39,301] - DBInterfaceMysql::query: successfully!
  INFO root [2019-06-13 05:24:39,302] - DBInterfaceMysql::query: successfully!
  INFO root [2019-06-13 05:24:39,302] - DBInterfaceMysql::query: successfully!
  INFO root [2019-06-13 05:24:39,349] - DBInterfaceMysql::query: successfully!
  INFO root [2019-06-13 05:24:39,350] - DBInterfaceMysql::query: successfully!
  WARN root [2019-06-13 05:24:39,364] - d:\scratch\___kbe__\ouroboros-2.5.0\ouro\src\server\dbmgr\dbmgr.cpp:306: Profile scriptCall took 0.57 seconds
  INFO root [2019-06-13 05:24:39,943] - ---- dbmgr is running ----
 DEBUG root [2019-06-13 05:24:39,943] - Components::process(): Request for the process of identity...
  INFO root [2019-06-13 05:24:46,338] - ServerApp::onRegisterNewApp: uid:10103, username:Black, componentType:interfaces, componentID:3000, globalorderID=-1, grouporderID=-1, intaddr:192.168.27.1, intport:30099, extaddr:nonsupport, extport:0,  from 127.0.0.1:30099/0/0/0.
  INFO root [2019-06-13 05:24:46,339] - Components::addComponent: reset orderLog, uid=10103!
  INFO root [2019-06-13 05:24:46,339] - Components::addComponent[interfaces], uid=10103, componentID=3000, globalorderid=1, grouporderid=1, totalcount=1
  INFO root [2019-06-13 05:24:47,358] - Components::findComponents: find logger(1)...
  INFO root [2019-06-13 05:24:47,409] - Components::findComponents: found logger, addr:192.168.27.1:1400
  INFO root [2019-06-13 05:24:47,409] - Components::addComponent: reset orderLog, uid=10103!
  INFO root [2019-06-13 05:24:47,410] - Components::addComponent[logger], uid=10103, componentID=2000, globalorderid=1, grouporderid=1, totalcount=1
  WARN root [2019-06-13 05:24:47,413] - Forwarding logs to logger[192.168.27.1:1400/0/0/0]...
 ERROR root [2019-06-13 05:30:09,621] - Components::removeComponentByChannel: logger : 2000, Abnormal exit(reason=TCPPacketReceiver::processRecv(): error=10054
)! Channel(timestamp=837923506914, lastReceivedTime=837893568678, inactivityExceptionPeriod=599493670)
  INFO root [2019-06-13 05:30:09,624] - The following logs sent to logger failed:
  WARN root [2019-06-13 05:30:09,624] - ==> [2019-06-13 05:30:09 621] TCPPacketReceiver::processPendingEvents(192.168.27.1:1400): Throwing REASON_GENERAL_NETWORK - WSAECONNRESET
 ERROR root [2019-06-13 05:30:09,625] - ==> [2019-06-13 05:30:09 622] Components::removeComponentByChannel: logger : 2000, Abnormal exit(reason=TCPPacketReceiver::processRecv(): error=10054
)! Channel(timestamp=837923506914, lastReceivedTime=837893568678, inactivityExceptionPeriod=599493670)
