 DEBUG root [2019-06-06 00:29:22,902] - Dbmgr::DBTaskServerLog()
 DEBUG root [2019-06-06 01:29:22,886] - Dbmgr::DBTaskServerLog()
 DEBUG root [2019-06-06 02:29:22,851] - Dbmgr::DBTaskServerLog()
 DEBUG root [2019-06-06 03:29:22,814] - Dbmgr::DBTaskServerLog()
 DEBUG root [2019-06-06 04:29:25,244] - Dbmgr::DBTaskServerLog()
 DEBUG root [2019-06-06 15:21:49,779] - Dbmgr::DBTaskServerLog()
  WARN root [2019-06-06 15:21:50,861] - d:\scratch\___kbe__\ouroboros-2.5.0\ouro\src\server\dbmgr\dbmgr.cpp:213: Profile mainTick took 0.11 seconds
 DEBUG root [2019-06-06 15:21:54,260] - Dbmgr::DBTaskServerLog()
 DEBUG root [2019-06-06 15:21:57,297] - Dbmgr::DBTaskServerLog()
  WARN root [2019-06-06 15:22:00,242] - d:\scratch\___kbe__\ouroboros-2.5.0\ouro\src\server\dbmgr\dbmgr.cpp:213: Profile mainTick took 0.11 seconds
 DEBUG root [2019-06-06 15:22:01,218] - Dbmgr::DBTaskServerLog()
 DEBUG root [2019-06-06 15:22:04,448] - Dbmgr::DBTaskServerLog()
 DEBUG root [2019-06-06 15:22:07,271] - Dbmgr::DBTaskServerLog()
 DEBUG root [2019-06-06 15:22:10,394] - Dbmgr::DBTaskServerLog()
 DEBUG root [2019-06-06 15:22:12,912] - Dbmgr::DBTaskServerLog()
 DEBUG root [2019-06-06 15:22:15,361] - Dbmgr::DBTaskServerLog()
 DEBUG root [2019-06-06 15:22:17,195] - Dbmgr::DBTaskServerLog()
  WARN root [2019-06-06 15:22:18,547] - d:\scratch\___kbe__\ouroboros-2.5.0\ouro\src\lib\network\event_dispatcher.cpp:153: Profile callSystemTimers took 30.04 seconds
 DEBUG root [2019-06-06 15:29:24,862] - Dbmgr::DBTaskServerLog()
  INFO root [2019-06-06 15:56:40,008] - 
  INFO root [2019-06-06 15:56:40,008] - -----------------------------------------------------------------------------------------


  INFO root [2019-06-06 15:56:40,009] - Resmgr::initialize: OURO_ROOT=C:/Users/Black/Ouroboros/
  INFO root [2019-06-06 15:56:40,009] - Resmgr::initialize: OURO_RES_PATH=C:/Users/Black/Ouroboros/ouro/res/;C:/Users/Black/Ouroboros/assets/;C:/Users/Black/Ouroboros/assets/scripts/;C:/Users/Black/Ouroboros/assets/res/
  INFO root [2019-06-06 15:56:40,009] - Resmgr::initialize: OURO_BIN_PATH=C:/Users/Black/Ouroboros/ouro/bin/server/
  INFO root [2019-06-06 15:56:40,024] - NetworkInterface::initialize(INTERNAL-TCP): bound to all interfaces with default route interface on 192.168.27.1 ( 192.168.27.1:11298 )
  INFO root [2019-06-06 15:56:40,024] - NetworkInterface::initialize(INTERNAL-TCP): address 192.168.27.1:11298, SOMAXCONN=5.
  INFO root [2019-06-06 15:56:40,025] - server-configs:
  INFO root [2019-06-06 15:56:40,025] - 	internalTcpAddr : 192.168.27.1:11298
  INFO root [2019-06-06 15:56:40,025] - 	componentID : 4000
  INFO root [2019-06-06 15:56:41,530] - ---- dbmgr Version: 2.5.0. ScriptVersion: 0.1.0. Pythoncore: 3.7.3. Protocol: 7E018B6508A428A183CCC712F3412432. Config: Debug X86. Built: 03:59:31 May 23 2019. AppID: 4000. UID: 10103. PID: 55352 ----
  INFO root [2019-06-06 15:56:41,531] - Server Black: Intel(R) Core(TM) i7-7700HQ CPU @ 2.80GHz with 2097151kB RAM
  INFO root [2019-06-06 15:56:41,531] - ThreadPool::createThreadPool: creating  threadpool...
  INFO root [2019-06-06 15:56:41,532] - ThreadPool::createThreadPool: successfully(2), newThreadCount=1, normalMaxThreadCount=2, maxThreadCount=8
  INFO root [2019-06-06 15:56:41,735] - Script::install(): is successfully, Python=(3.7.3 (default, May 23 2019, 03:58:29) [MSC v.1916 32 bit (Intel)])!
  INFO root [2019-06-06 15:56:41,735] - Script::install(): OUROxtra is successfully!
  INFO root [2019-06-06 15:56:42,387] - Dbmgr::initializeEnd: digest(A95409634AA737AC5ED3596431383F23)
S_INFO root [2019-06-06 15:56:42,387] - onDBMgrReady: bootstrapGroupIndex=0, bootstrapGlobalIndex=0
  INFO root [2019-06-06 15:56:42,388] - TelnetServer server is running on port 32000
  INFO root [2019-06-06 15:56:42,388] - Dbmgr::initInterfacesHandler: interfaces addr(127.0.0.1:30099), accountType:(interfaces), chargeType:(interfaces).
  WARN root [2019-06-06 15:56:42,778] - DBUtil::initialize: db(default) password is not encrypted!
please use password(rsa):
E631AFF77BF6CE050B19CA8EEC6A22149BFF1FC21EEA3DE9AC57E3C0EB0AD9E8E8EC2496254EB8F5E3CC4F542141FC29C5DE519B18EE2A411152F5B4DCACC178D51AE3C28D4FC420FB540D7C81A1355E179873841621360604F3324AA06AA74C0CD8CEEF939F7630C4D6768A45D9E8F8ABFC875B33CC5B14FB06F4D4F6920C05
 DEBUG root [2019-06-06 15:56:42,785] - DBInterfaceMysql::attach: connect: localhost:3306 starting...
 DEBUG root [2019-06-06 15:56:42,794] - DBInterfaceMysql::attach: successfully! addr: localhost:3306
  INFO root [2019-06-06 15:56:42,794] - DBUtil::createInterface[0x8ff1c0]: interface=default, dbtype=mysql, ip=localhost, port=3306, currdatabase=ouro, username=ouro, connected=yes.

  INFO root [2019-06-06 15:56:42,794] - ThreadPool::createThreadPool: creating  threadpool...
  INFO root [2019-06-06 15:56:42,795] - ThreadPool::createThreadPool: successfully(5), newThreadCount=5, normalMaxThreadCount=5, maxThreadCount=5
 DEBUG root [2019-06-06 15:56:42,795] - DBInterfaceMysql::attach: connect: localhost:3306 starting...
 DEBUG root [2019-06-06 15:56:42,795] - DBInterfaceMysql::attach: connect: localhost:3306 starting...
 DEBUG root [2019-06-06 15:56:42,796] - DBInterfaceMysql::attach: connect: localhost:3306 starting...
 DEBUG root [2019-06-06 15:56:42,796] - DBInterfaceMysql::attach: connect: localhost:3306 starting...
 DEBUG root [2019-06-06 15:56:42,796] - DBInterfaceMysql::attach: connect: localhost:3306 starting...
 DEBUG root [2019-06-06 15:56:42,800] - DBInterfaceMysql::attach: successfully! addr: localhost:3306
 DEBUG root [2019-06-06 15:56:42,800] - DBThread::onStart(): 0xd5de50!
 DEBUG root [2019-06-06 15:56:42,802] - DBInterfaceMysql::attach: successfully! addr: localhost:3306
 DEBUG root [2019-06-06 15:56:42,802] - DBThread::onStart(): 0xd5ea00!
 DEBUG root [2019-06-06 15:56:42,819] - DBInterfaceMysql::attach: successfully! addr: localhost:3306
 DEBUG root [2019-06-06 15:56:42,819] - DBThread::onStart(): 0xd5e8f0!
 DEBUG root [2019-06-06 15:56:42,821] - DBInterfaceMysql::attach: successfully! addr: localhost:3306
 DEBUG root [2019-06-06 15:56:42,821] - DBThread::onStart(): 0xd5e3a0!
 DEBUG root [2019-06-06 15:56:42,823] - DBInterfaceMysql::attach: successfully! addr: localhost:3306
 DEBUG root [2019-06-06 15:56:42,823] - DBThread::onStart(): 0xd5dfe8!
  INFO root [2019-06-06 15:56:42,899] - DBInterfaceMysql::query: successfully!
  INFO root [2019-06-06 15:56:42,900] - DBInterfaceMysql::query: successfully!
  INFO root [2019-06-06 15:56:42,900] - DBInterfaceMysql::query: successfully!
  INFO root [2019-06-06 15:56:42,901] - DBInterfaceMysql::query: successfully!
  INFO root [2019-06-06 15:56:42,904] - DBInterfaceMysql::query: successfully!
  INFO root [2019-06-06 15:56:42,905] - DBInterfaceMysql::query: successfully!
  INFO root [2019-06-06 15:56:42,905] - DBInterfaceMysql::query: successfully!
  INFO root [2019-06-06 15:56:42,967] - DBInterfaceMysql::query: successfully!
  INFO root [2019-06-06 15:56:42,968] - DBInterfaceMysql::query: successfully!
  WARN root [2019-06-06 15:56:42,986] - d:\scratch\___kbe__\ouroboros-2.5.0\ouro\src\server\dbmgr\dbmgr.cpp:306: Profile scriptCall took 0.60 seconds
  INFO root [2019-06-06 15:56:43,500] - ---- dbmgr is running ----
 DEBUG root [2019-06-06 15:56:43,501] - Components::process(): Request for the process of identity...
  WARN root [2019-06-06 15:56:43,841] - BundleBroadcast::BundleBroadcast: Cannot bind to port 20186, errorno=10048
  INFO root [2019-06-06 15:56:50,436] - ServerApp::onRegisterNewApp: uid:10103, username:Black, componentType:interfaces, componentID:3000, globalorderID=-1, grouporderID=-1, intaddr:192.168.27.1, intport:30099, extaddr:nonsupport, extport:0,  from 127.0.0.1:30099/0/0/0.
  INFO root [2019-06-06 15:56:50,437] - Components::addComponent: reset orderLog, uid=10103!
  INFO root [2019-06-06 15:56:50,437] - Components::addComponent[interfaces], uid=10103, componentID=3000, globalorderid=1, grouporderid=1, totalcount=1
  INFO root [2019-06-06 15:56:51,448] - Components::findComponents: find logger(1)...
  INFO root [2019-06-06 15:56:51,534] - Components::findComponents: found logger, addr:192.168.27.1:11296
  INFO root [2019-06-06 15:56:51,534] - Components::addComponent: reset orderLog, uid=10103!
  INFO root [2019-06-06 15:56:51,535] - Components::addComponent[logger], uid=10103, componentID=2000, globalorderid=1, grouporderid=1, totalcount=1
  WARN root [2019-06-06 15:56:51,536] - Forwarding logs to logger[192.168.27.1:11296/0/0/0]...
