  INFO root [2019-05-24 00:30:47,408] - 
  INFO root [2019-05-24 00:30:47,409] - -----------------------------------------------------------------------------------------


  INFO root [2019-05-24 00:30:47,412] - Resmgr::initialize: OURO_ROOT=C:/Users/Black/Ouroboros/
  INFO root [2019-05-24 00:30:47,412] - Resmgr::initialize: OURO_RES_PATH=C:/Users/Black/Ouroboros/ouro/res/;C:/Users/Black/Ouroboros/assets/;C:/Users/Black/Ouroboros/assets/scripts/;C:/Users/Black/Ouroboros/assets/res/
  INFO root [2019-05-24 00:30:47,412] - Resmgr::initialize: OURO_BIN_PATH=C:/Users/Black/Ouroboros/ouro/bin/server/
  INFO root [2019-05-24 00:30:47,424] - NetworkInterface::initialize(INTERNAL-TCP): bound to all interfaces with default route interface on 192.168.27.1 ( 192.168.27.1:4216 )
  INFO root [2019-05-24 00:30:47,424] - NetworkInterface::initialize(INTERNAL-TCP): address 192.168.27.1:4216, SOMAXCONN=5.
  INFO root [2019-05-24 00:30:47,425] - server-configs:
  INFO root [2019-05-24 00:30:47,425] - 	internalTcpAddr : 192.168.27.1:4216
  INFO root [2019-05-24 00:30:47,425] - 	componentID : 4000
  INFO root [2019-05-24 00:30:48,930] - ---- dbmgr Version: 2.5.0. ScriptVersion: 0.1.0. Pythoncore: 3.7.3. Protocol: 7E018B6508A428A183CCC712F3412432. Config: Debug X86. Built: 03:59:31 May 23 2019. AppID: 4000. UID: 10103. PID: 57056 ----
  INFO root [2019-05-24 00:30:48,931] - Server Black: Intel(R) Core(TM) i7-7700HQ CPU @ 2.80GHz with 2097151kB RAM
  INFO root [2019-05-24 00:30:48,932] - ThreadPool::createThreadPool: creating  threadpool...
  INFO root [2019-05-24 00:30:48,932] - ThreadPool::createThreadPool: successfully(2), newThreadCount=1, normalMaxThreadCount=2, maxThreadCount=8
  INFO root [2019-05-24 00:30:49,148] - Script::install(): is successfully, Python=(3.7.3 (default, May 23 2019, 03:58:29) [MSC v.1916 32 bit (Intel)])!
  INFO root [2019-05-24 00:30:49,148] - Script::install(): OUROxtra is successfully!
  INFO root [2019-05-24 00:30:49,903] - Dbmgr::initializeEnd: digest(A95409634AA737AC5ED3596431383F23)
S_INFO root [2019-05-24 00:30:49,903] - onDBMgrReady: bootstrapGroupIndex=0, bootstrapGlobalIndex=0
  INFO root [2019-05-24 00:30:49,904] - TelnetServer server is running on port 32000
  INFO root [2019-05-24 00:30:49,904] - Dbmgr::initInterfacesHandler: interfaces addr(127.0.0.1:30099), accountType:(interfaces), chargeType:(interfaces).
  WARN root [2019-05-24 00:30:50,225] - DBUtil::initialize: db(default) password is not encrypted!
please use password(rsa):
279AC932171FB8EF01EFCC1A13F0C4D8FE730FC5AB5BF838611EE95AED63AED099ED922A931BD692D940106738E2B65D3CA80AA956B175564623A0507DC1C085E7D14548C87FE5D9EE433D053FF5D6445E55C70644E007480B4ACB9901D4DC24078B8BEDD0A657858612C8F889C21F232C8CF6B8FCF80DF34D6009E37A9FB464
 DEBUG root [2019-05-24 00:30:50,229] - DBInterfaceMysql::attach: connect: localhost:3306 starting...
 DEBUG root [2019-05-24 00:30:50,240] - DBInterfaceMysql::attach: successfully! addr: localhost:3306
  INFO root [2019-05-24 00:30:50,240] - DBUtil::createInterface[0x1f7ef40]: interface=default, dbtype=mysql, ip=localhost, port=3306, currdatabase=ouro, username=ouro, connected=yes.

  INFO root [2019-05-24 00:30:50,240] - ThreadPool::createThreadPool: creating  threadpool...
  INFO root [2019-05-24 00:30:50,241] - ThreadPool::createThreadPool: successfully(5), newThreadCount=5, normalMaxThreadCount=5, maxThreadCount=5
 DEBUG root [2019-05-24 00:30:50,241] - DBInterfaceMysql::attach: connect: localhost:3306 starting...
 DEBUG root [2019-05-24 00:30:50,241] - DBInterfaceMysql::attach: connect: localhost:3306 starting...
 DEBUG root [2019-05-24 00:30:50,242] - DBInterfaceMysql::attach: connect: localhost:3306 starting...
 DEBUG root [2019-05-24 00:30:50,242] - DBInterfaceMysql::attach: connect: localhost:3306 starting...
 DEBUG root [2019-05-24 00:30:50,242] - DBInterfaceMysql::attach: connect: localhost:3306 starting...
 DEBUG root [2019-05-24 00:30:50,245] - DBInterfaceMysql::attach: successfully! addr: localhost:3306
 DEBUG root [2019-05-24 00:30:50,246] - DBThread::onStart(): 0x2206628!
 DEBUG root [2019-05-24 00:30:50,247] - DBInterfaceMysql::attach: successfully! addr: localhost:3306
 DEBUG root [2019-05-24 00:30:50,247] - DBThread::onStart(): 0x2206f30!
 DEBUG root [2019-05-24 00:30:50,248] - DBInterfaceMysql::attach: successfully! addr: localhost:3306
 DEBUG root [2019-05-24 00:30:50,248] - DBThread::onStart(): 0x2207150!
 DEBUG root [2019-05-24 00:30:50,249] - DBInterfaceMysql::attach: successfully! addr: localhost:3306
 DEBUG root [2019-05-24 00:30:50,249] - DBThread::onStart(): 0x2207260!
 DEBUG root [2019-05-24 00:30:50,250] - DBInterfaceMysql::attach: successfully! addr: localhost:3306
 DEBUG root [2019-05-24 00:30:50,250] - DBThread::onStart(): 0x2207040!
  INFO root [2019-05-24 00:30:50,344] - DBInterfaceMysql::query: successfully!
  INFO root [2019-05-24 00:30:50,347] - DBInterfaceMysql::query: successfully!
  INFO root [2019-05-24 00:30:50,348] - DBInterfaceMysql::query: successfully!
  INFO root [2019-05-24 00:30:50,348] - DBInterfaceMysql::query: successfully!
  INFO root [2019-05-24 00:30:50,349] - DBInterfaceMysql::query: successfully!
  INFO root [2019-05-24 00:30:50,349] - DBInterfaceMysql::query: successfully!
  INFO root [2019-05-24 00:30:50,350] - DBInterfaceMysql::query: successfully!
  INFO root [2019-05-24 00:30:50,410] - DBInterfaceMysql::query: successfully!
  INFO root [2019-05-24 00:30:50,412] - DBInterfaceMysql::query: successfully!
  WARN root [2019-05-24 00:30:50,432] - d:\scratch\___kbe__\ouroboros-2.5.0\ouro\src\server\dbmgr\dbmgr.cpp:306: Profile scriptCall took 0.53 seconds
  INFO root [2019-05-24 00:30:50,884] - ---- dbmgr is running ----
 DEBUG root [2019-05-24 00:30:50,884] - Components::process(): Request for the process of identity...
  INFO root [2019-05-24 00:30:57,623] - ServerApp::onRegisterNewApp: uid:10103, username:Black, componentType:interfaces, componentID:3000, globalorderID=-1, grouporderID=-1, intaddr:192.168.27.1, intport:30099, extaddr:nonsupport, extport:0,  from 127.0.0.1:30099/0/0/0.
  INFO root [2019-05-24 00:30:57,624] - Components::addComponent: reset orderLog, uid=10103!
  INFO root [2019-05-24 00:30:57,624] - Components::addComponent[interfaces], uid=10103, componentID=3000, globalorderid=1, grouporderid=1, totalcount=1
  INFO root [2019-05-24 00:30:58,644] - Components::findComponents: find logger(1)...
  INFO root [2019-05-24 00:30:58,722] - Components::findComponents: found logger, addr:192.168.27.1:4218
  INFO root [2019-05-24 00:30:58,722] - Components::addComponent: reset orderLog, uid=10103!
  INFO root [2019-05-24 00:30:58,722] - Components::addComponent[logger], uid=10103, componentID=2000, globalorderid=1, grouporderid=1, totalcount=1
  WARN root [2019-05-24 00:30:58,723] - Forwarding logs to logger[192.168.27.1:4218/0/0/0]...
 ERROR root [2019-05-24 04:46:50,223] - Components::removeComponentByChannel: logger : 2000, Abnormal exit(reason=TCPPacketReceiver::processRecv(): error=10054
)! Channel(timestamp=6864891834947, lastReceivedTime=6864861410609, inactivityExceptionPeriod=599486827)
  INFO root [2019-05-24 04:46:50,392] - The following logs sent to logger failed:
  WARN root [2019-05-24 04:46:50,393] - ==> [2019-05-24 04:46:50 196] TCPPacketReceiver::processPendingEvents(192.168.27.1:4218): Throwing REASON_GENERAL_NETWORK - WSAECONNRESET
 ERROR root [2019-05-24 04:46:50,393] - ==> [2019-05-24 04:46:50 224] Components::removeComponentByChannel: logger : 2000, Abnormal exit(reason=TCPPacketReceiver::processRecv(): error=10054
)! Channel(timestamp=6864891834947, lastReceivedTime=6864861410609, inactivityExceptionPeriod=599486827)
  WARN root [2019-05-24 04:46:50,394] - TCPPacketReceiver::processPendingEvents(192.168.27.1:4287): Throwing REASON_GENERAL_NETWORK - WSAECONNRESET
 ERROR root [2019-05-24 04:46:50,418] - Components::removeComponentByChannel: baseappmgr : 5000, Abnormal exit(reason=TCPPacketReceiver::processRecv(): error=10054
)! Channel(timestamp=6864893792248, lastReceivedTime=6864750415099, inactivityExceptionPeriod=599486827)
  WARN root [2019-05-24 04:46:50,425] - TCPPacketReceiver::processPendingEvents(192.168.27.1:4303): Throwing REASON_GENERAL_NETWORK - WSAECONNRESET
 ERROR root [2019-05-24 04:46:50,427] - Components::removeComponentByChannel: cellappmgr : 6000, Abnormal exit(reason=TCPPacketReceiver::processRecv(): error=10054
)! Channel(timestamp=6864893876057, lastReceivedTime=6864843739919, inactivityExceptionPeriod=599486827)
  WARN root [2019-05-24 04:46:50,428] - TCPPacketReceiver::processPendingEvents(192.168.27.1:4349): Throwing REASON_GENERAL_NETWORK - WSAECONNRESET
  WARN root [2019-05-24 04:46:50,429] - Dbmgr::onChannelDeregister(): If the process cannot be resumed, the entitylog(baseapp=7001) will be cleaned up after 60 seconds!
 ERROR root [2019-05-24 04:46:50,429] - Components::removeComponentByChannel: baseapp : 7001, Abnormal exit(reason=TCPPacketReceiver::processRecv(): error=10054
)! Channel(timestamp=6864893905251, lastReceivedTime=6864714639056, inactivityExceptionPeriod=599486827)
  WARN root [2019-05-24 04:46:50,431] - TCPPacketReceiver::processPendingEvents(192.168.27.1:4422): Throwing REASON_GENERAL_NETWORK - WSAECONNRESET
 ERROR root [2019-05-24 04:46:50,431] - Components::removeComponentByChannel: cellapp : 8001, Abnormal exit(reason=TCPPacketReceiver::processRecv(): error=10054
)! Channel(timestamp=6864893926717, lastReceivedTime=6864595270531, inactivityExceptionPeriod=599486827)
  WARN root [2019-05-24 04:46:50,617] - TCPPacketReceiver::processPendingEvents(192.168.27.1:4440): Throwing REASON_GENERAL_NETWORK - WSAECONNRESET
 ERROR root [2019-05-24 15:53:21,486] - Components::removeComponentByChannel: loginapp : 9000, Abnormal exit(reason=TCPPacketReceiver::processRecv(): error=10054
)! Channel(timestamp=7264804524598, lastReceivedTime=6864688029134, inactivityExceptionPeriod=599486827)
  WARN root [2019-05-24 15:53:22,237] - Dbmgr::DBTaskEraseBaseappEntityLog(): erase all baseapp(7001) entitylogs! success=true, dbInterface=default
 DEBUG root [2019-05-24 15:53:24,281] - Dbmgr::DBTaskServerLog()
 DEBUG root [2019-05-24 15:53:26,517] - Dbmgr::DBTaskServerLog()
 DEBUG root [2019-05-24 15:53:29,113] - Dbmgr::DBTaskServerLog()
 DEBUG root [2019-05-24 15:53:32,013] - Dbmgr::DBTaskServerLog()
 DEBUG root [2019-05-24 15:53:34,511] - Dbmgr::DBTaskServerLog()
 DEBUG root [2019-05-24 15:53:36,340] - Dbmgr::DBTaskServerLog()
 DEBUG root [2019-05-24 15:53:37,926] - Dbmgr::DBTaskServerLog()
 DEBUG root [2019-05-24 15:53:39,455] - Dbmgr::DBTaskServerLog()
 DEBUG root [2019-05-24 15:53:40,676] - Dbmgr::DBTaskServerLog()
 DEBUG root [2019-05-24 15:53:41,915] - Dbmgr::DBTaskServerLog()
 DEBUG root [2019-05-24 15:53:43,112] - Dbmgr::DBTaskServerLog()
  WARN root [2019-05-24 15:53:43,608] - d:\scratch\___kbe__\ouroboros-2.5.0\ouro\src\lib\network\event_dispatcher.cpp:153: Profile callSystemTimers took 21.37 seconds
 DEBUG root [2019-05-24 16:30:49,178] - Dbmgr::DBTaskServerLog()
 DEBUG root [2019-05-24 17:30:49,088] - Dbmgr::DBTaskServerLog()
 DEBUG root [2019-05-24 18:30:49,018] - Dbmgr::DBTaskServerLog()
 DEBUG root [2019-05-24 19:30:48,948] - Dbmgr::DBTaskServerLog()
 DEBUG root [2019-05-24 20:30:48,858] - Dbmgr::DBTaskServerLog()
 DEBUG root [2019-05-24 21:30:48,768] - Dbmgr::DBTaskServerLog()
 DEBUG root [2019-05-24 22:30:48,698] - Dbmgr::DBTaskServerLog()
 DEBUG root [2019-05-24 23:30:48,628] - Dbmgr::DBTaskServerLog()
