  WARN root [2019-05-31 20:43:18,520] - Dbmgr::DBTaskEraseBaseappEntityLog(): erase all baseapp(7001) entitylogs! success=true, dbInterface=default
  WARN root [2019-05-31 20:43:20,645] - d:\scratch\___kbe__\ouroboros-2.5.0\ouro\src\server\dbmgr\dbmgr.cpp:213: Profile mainTick took 2.12 seconds
 DEBUG root [2019-05-31 20:43:22,676] - Dbmgr::DBTaskServerLog()
 DEBUG root [2019-05-31 20:43:25,576] - Dbmgr::DBTaskServerLog()
 DEBUG root [2019-05-31 20:43:27,707] - Dbmgr::DBTaskServerLog()
 DEBUG root [2019-05-31 20:43:29,878] - Dbmgr::DBTaskServerLog()
 DEBUG root [2019-05-31 20:43:32,194] - Dbmgr::DBTaskServerLog()
 DEBUG root [2019-05-31 20:43:34,728] - Dbmgr::DBTaskServerLog()
 DEBUG root [2019-05-31 20:43:37,202] - Dbmgr::DBTaskServerLog()
 DEBUG root [2019-05-31 20:43:39,501] - Dbmgr::DBTaskServerLog()
 DEBUG root [2019-05-31 20:43:41,206] - Dbmgr::DBTaskServerLog()
 DEBUG root [2019-05-31 20:43:42,657] - Dbmgr::DBTaskServerLog()
 DEBUG root [2019-05-31 20:43:43,906] - Dbmgr::DBTaskServerLog()
 DEBUG root [2019-05-31 20:43:45,312] - Dbmgr::DBTaskServerLog()
 DEBUG root [2019-05-31 20:43:46,606] - Dbmgr::DBTaskServerLog()
 DEBUG root [2019-05-31 20:43:47,886] - Dbmgr::DBTaskServerLog()
 DEBUG root [2019-05-31 20:43:49,188] - Dbmgr::DBTaskServerLog()
 DEBUG root [2019-05-31 20:43:50,602] - Dbmgr::DBTaskServerLog()
 DEBUG root [2019-05-31 20:43:52,145] - Dbmgr::DBTaskServerLog()
 DEBUG root [2019-05-31 20:43:53,507] - Dbmgr::DBTaskServerLog()
 DEBUG root [2019-05-31 20:43:54,819] - Dbmgr::DBTaskServerLog()
 DEBUG root [2019-05-31 20:43:56,259] - Dbmgr::DBTaskServerLog()
 DEBUG root [2019-05-31 20:43:57,719] - Dbmgr::DBTaskServerLog()
 DEBUG root [2019-05-31 20:43:59,300] - Dbmgr::DBTaskServerLog()
 DEBUG root [2019-05-31 20:44:00,988] - Dbmgr::DBTaskServerLog()
 DEBUG root [2019-05-31 20:44:02,442] - Dbmgr::DBTaskServerLog()
 DEBUG root [2019-05-31 20:44:03,848] - Dbmgr::DBTaskServerLog()
 DEBUG root [2019-05-31 20:44:05,533] - Dbmgr::DBTaskServerLog()
 DEBUG root [2019-05-31 20:44:07,126] - Dbmgr::DBTaskServerLog()
 DEBUG root [2019-05-31 20:44:08,506] - Dbmgr::DBTaskServerLog()
 DEBUG root [2019-05-31 20:44:09,793] - Dbmgr::DBTaskServerLog()
 DEBUG root [2019-05-31 20:44:10,870] - Dbmgr::DBTaskServerLog()
 DEBUG root [2019-05-31 20:44:12,100] - Dbmgr::DBTaskServerLog()
 DEBUG root [2019-05-31 20:44:13,163] - Dbmgr::DBTaskServerLog()
 DEBUG root [2019-05-31 20:44:14,291] - Dbmgr::DBTaskServerLog()
 DEBUG root [2019-05-31 20:44:15,392] - Dbmgr::DBTaskServerLog()
 DEBUG root [2019-05-31 20:44:16,558] - Dbmgr::DBTaskServerLog()
 DEBUG root [2019-05-31 20:44:17,597] - Dbmgr::DBTaskServerLog()
 DEBUG root [2019-05-31 20:44:18,815] - Dbmgr::DBTaskServerLog()
 DEBUG root [2019-05-31 20:44:20,087] - Dbmgr::DBTaskServerLog()
 DEBUG root [2019-05-31 20:44:22,353] - Dbmgr::DBTaskServerLog()
  WARN root [2019-05-31 20:44:23,431] - d:\scratch\___kbe__\ouroboros-2.5.0\ouro\src\lib\network\event_dispatcher.cpp:153: Profile callSystemTimers took 64.93 seconds
 DEBUG root [2019-05-31 21:01:00,573] - Dbmgr::DBTaskServerLog()
 DEBUG root [2019-05-31 22:01:00,464] - Dbmgr::DBTaskServerLog()
  INFO root [2019-05-31 22:58:46,638] - 
  INFO root [2019-05-31 22:58:46,639] - -----------------------------------------------------------------------------------------


  INFO root [2019-05-31 22:58:46,640] - Resmgr::initialize: OURO_ROOT=C:/Users/Black/Ouroboros/
  INFO root [2019-05-31 22:58:46,641] - Resmgr::initialize: OURO_RES_PATH=C:/Users/Black/Ouroboros/ouro/res/;C:/Users/Black/Ouroboros/assets/;C:/Users/Black/Ouroboros/assets/scripts/;C:/Users/Black/Ouroboros/assets/res/
  INFO root [2019-05-31 22:58:46,641] - Resmgr::initialize: OURO_BIN_PATH=C:/Users/Black/Ouroboros/ouro/bin/server/
  INFO root [2019-05-31 22:58:46,654] - NetworkInterface::initialize(INTERNAL-TCP): bound to all interfaces with default route interface on 192.168.27.1 ( 192.168.27.1:2476 )
  INFO root [2019-05-31 22:58:46,655] - NetworkInterface::initialize(INTERNAL-TCP): address 192.168.27.1:2476, SOMAXCONN=5.
  INFO root [2019-05-31 22:58:46,655] - server-configs:
  INFO root [2019-05-31 22:58:46,655] - 	internalTcpAddr : 192.168.27.1:2476
  INFO root [2019-05-31 22:58:46,655] - 	componentID : 4000
  INFO root [2019-05-31 22:58:46,730] - Components::findLogger: found logger, addr:192.168.27.1:2423
  INFO root [2019-05-31 22:58:46,730] - Components::addComponent: reset orderLog, uid=10103!
  INFO root [2019-05-31 22:58:46,731] - Components::addComponent[logger], uid=10103, componentID=2000, globalorderid=1, grouporderid=1, totalcount=1
  INFO root [2019-05-31 22:58:46,738] - ---- dbmgr Version: 2.5.0. ScriptVersion: 0.1.0. Pythoncore: 3.7.3. Protocol: 7E018B6508A428A183CCC712F3412432. Config: Debug X86. Built: 03:59:31 May 23 2019. AppID: 4000. UID: 10103. PID: 28460 ----
  INFO root [2019-05-31 22:58:46,738] - Server Black: Intel(R) Core(TM) i7-7700HQ CPU @ 2.80GHz with 2097151kB RAM
  INFO root [2019-05-31 22:58:46,739] - ThreadPool::createThreadPool: creating  threadpool...
  INFO root [2019-05-31 22:58:46,739] - ThreadPool::createThreadPool: successfully(2), newThreadCount=1, normalMaxThreadCount=2, maxThreadCount=8
  INFO root [2019-05-31 22:58:46,941] - Script::install(): is successfully, Python=(3.7.3 (default, May 23 2019, 03:58:29) [MSC v.1916 32 bit (Intel)])!
  INFO root [2019-05-31 22:58:46,942] - Script::install(): OUROxtra is successfully!
  INFO root [2019-05-31 22:58:47,672] - Dbmgr::initializeEnd: digest(A95409634AA737AC5ED3596431383F23)
S_INFO root [2019-05-31 22:58:47,672] - onDBMgrReady: bootstrapGroupIndex=0, bootstrapGlobalIndex=0
  INFO root [2019-05-31 22:58:47,673] - TelnetServer server is running on port 32000
  INFO root [2019-05-31 22:58:47,673] - Dbmgr::initInterfacesHandler: interfaces addr(127.0.0.1:30099), accountType:(interfaces), chargeType:(interfaces).
  WARN root [2019-05-31 22:58:47,981] - DBUtil::initialize: db(default) password is not encrypted!
please use password(rsa):
031B2049E68CF7C31707A2BCDED34ECF96CBAB9019C246EADA845B63A2CCB1D541B096B6F81FC7101B79F6CF7A6EB898712BB29080F97D73718C735A994EC45E7F2BD8E6C91B568F8515EE1F0E92407334590F85198940638D5C6A10C5E24D4DE791AF6F615F0EFAB69022E467F6872854BED475ABF8CCEE06ED8CB7A0119D0B
 DEBUG root [2019-05-31 22:58:47,987] - DBInterfaceMysql::attach: connect: localhost:3306 starting...
 DEBUG root [2019-05-31 22:58:47,994] - DBInterfaceMysql::attach: successfully! addr: localhost:3306
  INFO root [2019-05-31 22:58:47,994] - DBUtil::createInterface[0x9fef8c]: interface=default, dbtype=mysql, ip=localhost, port=3306, currdatabase=ouro, username=ouro, connected=yes.

  INFO root [2019-05-31 22:58:47,994] - ThreadPool::createThreadPool: creating  threadpool...
  INFO root [2019-05-31 22:58:47,994] - ThreadPool::createThreadPool: successfully(5), newThreadCount=5, normalMaxThreadCount=5, maxThreadCount=5
 DEBUG root [2019-05-31 22:58:47,995] - DBInterfaceMysql::attach: connect: localhost:3306 starting...
 DEBUG root [2019-05-31 22:58:47,995] - DBInterfaceMysql::attach: connect: localhost:3306 starting...
 DEBUG root [2019-05-31 22:58:47,995] - DBInterfaceMysql::attach: connect: localhost:3306 starting...
 DEBUG root [2019-05-31 22:58:47,996] - DBInterfaceMysql::attach: connect: localhost:3306 starting...
 DEBUG root [2019-05-31 22:58:47,996] - DBInterfaceMysql::attach: connect: localhost:3306 starting...
 DEBUG root [2019-05-31 22:58:47,999] - DBInterfaceMysql::attach: successfully! addr: localhost:3306
 DEBUG root [2019-05-31 22:58:47,999] - DBThread::onStart(): 0x21dc50!
 DEBUG root [2019-05-31 22:58:48,000] - DBInterfaceMysql::attach: successfully! addr: localhost:3306
 DEBUG root [2019-05-31 22:58:48,000] - DBThread::onStart(): 0x21d5f0!
 DEBUG root [2019-05-31 22:58:48,001] - DBInterfaceMysql::attach: successfully! addr: localhost:3306
 DEBUG root [2019-05-31 22:58:48,001] - DBThread::onStart(): 0x21d788!
 DEBUG root [2019-05-31 22:58:48,002] - DBInterfaceMysql::attach: successfully! addr: localhost:3306
 DEBUG root [2019-05-31 22:58:48,003] - DBThread::onStart(): 0x21d700!
 DEBUG root [2019-05-31 22:58:48,004] - DBInterfaceMysql::attach: successfully! addr: localhost:3306
 DEBUG root [2019-05-31 22:58:48,004] - DBThread::onStart(): 0x21d2c0!
  INFO root [2019-05-31 22:58:48,100] - DBInterfaceMysql::query: successfully!
  INFO root [2019-05-31 22:58:48,102] - DBInterfaceMysql::query: successfully!
  INFO root [2019-05-31 22:58:48,102] - DBInterfaceMysql::query: successfully!
  INFO root [2019-05-31 22:58:48,103] - DBInterfaceMysql::query: successfully!
  INFO root [2019-05-31 22:58:48,103] - DBInterfaceMysql::query: successfully!
  INFO root [2019-05-31 22:58:48,104] - DBInterfaceMysql::query: successfully!
  INFO root [2019-05-31 22:58:48,104] - DBInterfaceMysql::query: successfully!
  INFO root [2019-05-31 22:58:48,181] - DBInterfaceMysql::query: successfully!
  INFO root [2019-05-31 22:58:48,182] - DBInterfaceMysql::query: successfully!
  WARN root [2019-05-31 22:58:48,199] - d:\scratch\___kbe__\ouroboros-2.5.0\ouro\src\server\dbmgr\dbmgr.cpp:306: Profile scriptCall took 0.53 seconds
  INFO root [2019-05-31 22:58:48,540] - ---- dbmgr is running ----
 DEBUG root [2019-05-31 22:58:48,540] - Components::process(): Request for the process of identity...
  WARN root [2019-05-31 22:58:54,869] - Forwarding logs to logger[192.168.27.1:2423/0/0/0]...
