 ERROR root [2019-06-01 05:21:58,126] - Components::removeComponentByChannel: baseappmgr : 5000, Abnormal exit(reason=TCPPacketReceiver::processRecv(): error=10054
)! Channel(timestamp=1997731936065, lastReceivedTime=1997617380021, inactivityExceptionPeriod=599471736)
 ERROR root [2019-06-01 05:21:58,157] - Components::removeComponentByChannel: logger : 2000, Abnormal exit(reason=TCPPacketReceiver::processRecv(): error=10054
)! Channel(timestamp=1997732243042, lastReceivedTime=1997671622401, inactivityExceptionPeriod=599471736)
  INFO root [2019-06-01 05:21:58,165] - The following logs sent to logger failed:
  WARN root [2019-06-01 05:21:58,165] - ==> [2019-06-01 05:21:58 150] TCPPacketReceiver::processPendingEvents(192.168.27.1:2423): Throwing REASON_GENERAL_NETWORK - WSAECONNRESET
 ERROR root [2019-06-01 05:21:58,166] - ==> [2019-06-01 05:21:58 157] Components::removeComponentByChannel: logger : 2000, Abnormal exit(reason=TCPPacketReceiver::processRecv(): error=10054
)! Channel(timestamp=1997732243042, lastReceivedTime=1997671622401, inactivityExceptionPeriod=599471736)
  WARN root [2019-06-01 05:21:58,166] - TCPPacketReceiver::processPendingEvents(192.168.27.1:2514): Throwing REASON_GENERAL_NETWORK - WSAECONNRESET
 ERROR root [2019-06-01 05:21:58,166] - Components::removeComponentByChannel: cellappmgr : 6000, Abnormal exit(reason=TCPPacketReceiver::processRecv(): error=10054
)! Channel(timestamp=1997732342195, lastReceivedTime=1997618055280, inactivityExceptionPeriod=599471736)
  WARN root [2019-06-01 05:21:58,168] - TCPPacketReceiver::processPendingEvents(192.168.27.1:2548): Throwing REASON_GENERAL_NETWORK - WSAECONNRESET
  WARN root [2019-06-01 05:21:58,169] - Dbmgr::onChannelDeregister(): If the process cannot be resumed, the entitylog(baseapp=7001) will be cleaned up after 60 seconds!
 ERROR root [2019-06-01 05:21:58,169] - Components::removeComponentByChannel: baseapp : 7001, Abnormal exit(reason=TCPPacketReceiver::processRecv(): error=10054
)! Channel(timestamp=1997732368986, lastReceivedTime=1997476524965, inactivityExceptionPeriod=599471736)
  WARN root [2019-06-01 05:21:58,171] - TCPPacketReceiver::processPendingEvents(192.168.27.1:2589): Throwing REASON_GENERAL_NETWORK - WSAECONNRESET
 ERROR root [2019-06-01 05:21:58,176] - Components::removeComponentByChannel: cellapp : 8001, Abnormal exit(reason=TCPPacketReceiver::processRecv(): error=10054
)! Channel(timestamp=1997732434041, lastReceivedTime=1997642135251, inactivityExceptionPeriod=599471736)
  WARN root [2019-06-01 05:21:58,184] - TCPPacketReceiver::processPendingEvents(192.168.27.1:2604): Throwing REASON_GENERAL_NETWORK - WSAECONNRESET
 ERROR root [2019-06-01 05:21:58,184] - Components::removeComponentByChannel: loginapp : 9000, Abnormal exit(reason=TCPPacketReceiver::processRecv(): error=10054
)! Channel(timestamp=1997732518630, lastReceivedTime=1997726153539, inactivityExceptionPeriod=599471736)
  WARN root [2019-06-01 17:09:50,503] - Dbmgr::DBTaskEraseBaseappEntityLog(): erase all baseapp(7001) entitylogs! success=true, dbInterface=default
  WARN root [2019-06-01 17:09:52,183] - d:\scratch\___kbe__\ouroboros-2.5.0\ouro\src\server\dbmgr\dbmgr.cpp:213: Profile mainTick took 1.68 seconds
  WARN root [2019-06-01 17:09:52,837] - d:\scratch\___kbe__\ouroboros-2.5.0\ouro\src\server\dbmgr\dbmgr.cpp:213: Profile mainTick took 0.11 seconds
 DEBUG root [2019-06-01 17:09:55,284] - Dbmgr::DBTaskServerLog()
 DEBUG root [2019-06-01 17:09:57,979] - Dbmgr::DBTaskServerLog()
 DEBUG root [2019-06-01 17:10:00,123] - Dbmgr::DBTaskServerLog()
 DEBUG root [2019-06-01 17:10:02,711] - Dbmgr::DBTaskServerLog()
 DEBUG root [2019-06-01 17:10:05,520] - Dbmgr::DBTaskServerLog()
 DEBUG root [2019-06-01 17:10:07,712] - Dbmgr::DBTaskServerLog()
 DEBUG root [2019-06-01 17:10:09,564] - Dbmgr::DBTaskServerLog()
 DEBUG root [2019-06-01 17:10:10,811] - Dbmgr::DBTaskServerLog()
 DEBUG root [2019-06-01 17:10:12,313] - Dbmgr::DBTaskServerLog()
 DEBUG root [2019-06-01 17:10:13,598] - Dbmgr::DBTaskServerLog()
 DEBUG root [2019-06-01 17:10:14,722] - Dbmgr::DBTaskServerLog()
 DEBUG root [2019-06-01 17:10:15,905] - Dbmgr::DBTaskServerLog()
  WARN root [2019-06-01 17:10:16,104] - d:\scratch\___kbe__\ouroboros-2.5.0\ouro\src\lib\network\event_dispatcher.cpp:153: Profile callSystemTimers took 25.60 seconds
 DEBUG root [2019-06-01 17:58:44,986] - Dbmgr::DBTaskServerLog()
 DEBUG root [2019-06-01 18:58:44,806] - Dbmgr::DBTaskServerLog()
 DEBUG root [2019-06-01 19:58:44,646] - Dbmgr::DBTaskServerLog()
 DEBUG root [2019-06-01 20:58:44,467] - Dbmgr::DBTaskServerLog()
 DEBUG root [2019-06-01 21:58:44,307] - Dbmgr::DBTaskServerLog()
