  INFO root [2019-05-30 01:20:09,426] - 
  INFO root [2019-05-30 01:20:09,426] - -----------------------------------------------------------------------------------------


  INFO root [2019-05-30 01:20:09,430] - Resmgr::initialize: OURO_ROOT=C:/Users/Black/Ouroboros/
  INFO root [2019-05-30 01:20:09,430] - Resmgr::initialize: OURO_RES_PATH=C:/Users/Black/Ouroboros/ouro/res/;C:/Users/Black/Ouroboros/assets/;C:/Users/Black/Ouroboros/assets/scripts/;C:/Users/Black/Ouroboros/assets/res/
  INFO root [2019-05-30 01:20:09,430] - Resmgr::initialize: OURO_BIN_PATH=C:/Users/Black/Ouroboros/ouro/bin/server/
  INFO root [2019-05-30 01:20:09,443] - NetworkInterface::initialize(INTERNAL-TCP): bound to all interfaces with default route interface on 192.168.27.1 ( 192.168.27.1:9696 )
  INFO root [2019-05-30 01:20:09,443] - NetworkInterface::initialize(INTERNAL-TCP): address 192.168.27.1:9696, SOMAXCONN=5.
  INFO root [2019-05-30 01:20:09,444] - server-configs:
  INFO root [2019-05-30 01:20:09,444] - 	internalTcpAddr : 192.168.27.1:9696
  INFO root [2019-05-30 01:20:09,444] - 	componentID : 4000
  INFO root [2019-05-30 01:20:09,460] - Components::findLogger: found logger, addr:192.168.27.1:9616
  INFO root [2019-05-30 01:20:09,461] - Components::addComponent: reset orderLog, uid=10103!
  INFO root [2019-05-30 01:20:09,461] - Components::addComponent[logger], uid=10103, componentID=2000, globalorderid=1, grouporderid=1, totalcount=1
  INFO root [2019-05-30 01:20:09,466] - ---- dbmgr Version: 2.5.0. ScriptVersion: 0.1.0. Pythoncore: 3.7.3. Protocol: 7E018B6508A428A183CCC712F3412432. Config: Debug X86. Built: 03:59:31 May 23 2019. AppID: 4000. UID: 10103. PID: 6080 ----
  INFO root [2019-05-30 01:20:09,466] - Server Black: Intel(R) Core(TM) i7-7700HQ CPU @ 2.80GHz with 2097151kB RAM
  INFO root [2019-05-30 01:20:09,467] - ThreadPool::createThreadPool: creating  threadpool...
  INFO root [2019-05-30 01:20:09,468] - ThreadPool::createThreadPool: successfully(2), newThreadCount=1, normalMaxThreadCount=2, maxThreadCount=8
  INFO root [2019-05-30 01:20:09,720] - Script::install(): is successfully, Python=(3.7.3 (default, May 23 2019, 03:58:29) [MSC v.1916 32 bit (Intel)])!
  INFO root [2019-05-30 01:20:09,720] - Script::install(): OUROxtra is successfully!
  INFO root [2019-05-30 01:20:10,579] - Dbmgr::initializeEnd: digest(A95409634AA737AC5ED3596431383F23)
S_INFO root [2019-05-30 01:20:10,579] - onDBMgrReady: bootstrapGroupIndex=0, bootstrapGlobalIndex=0
  INFO root [2019-05-30 01:20:10,580] - TelnetServer server is running on port 32000
  INFO root [2019-05-30 01:20:10,580] - Dbmgr::initInterfacesHandler: interfaces addr(127.0.0.1:30099), accountType:(interfaces), chargeType:(interfaces).
  WARN root [2019-05-30 01:20:10,850] - DBUtil::initialize: db(default) password is not encrypted!
please use password(rsa):
21B1371C5098A8613463534580C2F1F13B5AEA5B6BB93BADFD98AA40AB0123115F7E6CE702FC6EB8AD02B77F4699B422D13D127DDE935283874D5117F3E8B0AA3C305F934E25DC54685BA39E759C34C8DE588F6C74814A1000F2DFA36A3DC56ECA641490A245423B7165EA0478BE52E5B8E056BF56A12405A21CC0EDD24687AC
 DEBUG root [2019-05-30 01:20:10,861] - DBInterfaceMysql::attach: connect: localhost:3306 starting...
 DEBUG root [2019-05-30 01:20:10,972] - DBInterfaceMysql::attach: successfully! addr: localhost:3306
  INFO root [2019-05-30 01:20:10,973] - DBUtil::createInterface[0xdef044]: interface=default, dbtype=mysql, ip=localhost, port=3306, currdatabase=ouro, username=ouro, connected=yes.

  INFO root [2019-05-30 01:20:10,974] - ThreadPool::createThreadPool: creating  threadpool...
  INFO root [2019-05-30 01:20:10,974] - ThreadPool::createThreadPool: successfully(5), newThreadCount=5, normalMaxThreadCount=5, maxThreadCount=5
 DEBUG root [2019-05-30 01:20:10,975] - DBInterfaceMysql::attach: connect: localhost:3306 starting...
 DEBUG root [2019-05-30 01:20:10,975] - DBInterfaceMysql::attach: connect: localhost:3306 starting...
 DEBUG root [2019-05-30 01:20:10,975] - DBInterfaceMysql::attach: connect: localhost:3306 starting...
 DEBUG root [2019-05-30 01:20:10,975] - DBInterfaceMysql::attach: connect: localhost:3306 starting...
 DEBUG root [2019-05-30 01:20:10,975] - DBInterfaceMysql::attach: connect: localhost:3306 starting...
 DEBUG root [2019-05-30 01:20:10,979] - DBInterfaceMysql::attach: successfully! addr: localhost:3306
 DEBUG root [2019-05-30 01:20:10,979] - DBThread::onStart(): 0x1d69b8!
 DEBUG root [2019-05-30 01:20:10,980] - DBInterfaceMysql::attach: successfully! addr: localhost:3306
 DEBUG root [2019-05-30 01:20:10,980] - DBThread::onStart(): 0x1d6930!
 DEBUG root [2019-05-30 01:20:10,981] - DBInterfaceMysql::attach: successfully! addr: localhost:3306
 DEBUG root [2019-05-30 01:20:10,981] - DBThread::onStart(): 0x1d6578!
 DEBUG root [2019-05-30 01:20:10,982] - DBInterfaceMysql::attach: successfully! addr: localhost:3306
 DEBUG root [2019-05-30 01:20:10,983] - DBThread::onStart(): 0x1d62d0!
 DEBUG root [2019-05-30 01:20:10,984] - DBInterfaceMysql::attach: successfully! addr: localhost:3306
 DEBUG root [2019-05-30 01:20:10,984] - DBThread::onStart(): 0x1d6468!
  INFO root [2019-05-30 01:20:11,080] - DBInterfaceMysql::query: successfully!
  INFO root [2019-05-30 01:20:11,115] - DBInterfaceMysql::query: successfully!
  INFO root [2019-05-30 01:20:11,115] - DBInterfaceMysql::query: successfully!
  INFO root [2019-05-30 01:20:11,115] - DBInterfaceMysql::query: successfully!
  INFO root [2019-05-30 01:20:11,126] - DBInterfaceMysql::query: successfully!
  INFO root [2019-05-30 01:20:11,127] - DBInterfaceMysql::query: successfully!
  INFO root [2019-05-30 01:20:11,127] - DBInterfaceMysql::query: successfully!
  INFO root [2019-05-30 01:20:11,210] - DBInterfaceMysql::query: successfully!
  INFO root [2019-05-30 01:20:11,212] - DBInterfaceMysql::query: successfully!
  WARN root [2019-05-30 01:20:11,235] - d:\scratch\___kbe__\ouroboros-2.5.0\ouro\src\server\dbmgr\dbmgr.cpp:306: Profile scriptCall took 0.65 seconds
  INFO root [2019-05-30 01:20:11,640] - ---- dbmgr is running ----
 DEBUG root [2019-05-30 01:20:11,641] - Components::process(): Request for the process of identity...
  WARN root [2019-05-30 01:20:17,885] - Forwarding logs to logger[192.168.27.1:9616/0/0/0]...
 ERROR root [2019-05-30 04:00:39,229] - Components::removeComponentByChannel: logger : 2000, Abnormal exit(reason=TCPPacketReceiver::processRecv(): error=10054
)! Channel(timestamp=220992169033, lastReceivedTime=220953100264, inactivityExceptionPeriod=599478770)
  INFO root [2019-05-30 04:00:39,232] - The following logs sent to logger failed:
  WARN root [2019-05-30 04:00:39,232] - ==> [2019-05-30 04:00:39 228] TCPPacketReceiver::processPendingEvents(192.168.27.1:9616): Throwing REASON_GENERAL_NETWORK - WSAECONNRESET
 ERROR root [2019-05-30 04:00:39,233] - ==> [2019-05-30 04:00:39 230] Components::removeComponentByChannel: logger : 2000, Abnormal exit(reason=TCPPacketReceiver::processRecv(): error=10054
)! Channel(timestamp=220992169033, lastReceivedTime=220953100264, inactivityExceptionPeriod=599478770)
  INFO root [2019-05-30 04:01:02,330] - 
  INFO root [2019-05-30 04:01:02,330] - -----------------------------------------------------------------------------------------


  INFO root [2019-05-30 04:01:02,332] - Resmgr::initialize: OURO_ROOT=C:/Users/Black/Ouroboros/
  INFO root [2019-05-30 04:01:02,332] - Resmgr::initialize: OURO_RES_PATH=C:/Users/Black/Ouroboros/ouro/res/;C:/Users/Black/Ouroboros/assets/;C:/Users/Black/Ouroboros/assets/scripts/;C:/Users/Black/Ouroboros/assets/res/
  INFO root [2019-05-30 04:01:02,332] - Resmgr::initialize: OURO_BIN_PATH=C:/Users/Black/Ouroboros/ouro/bin/server/
  INFO root [2019-05-30 04:01:02,343] - NetworkInterface::initialize(INTERNAL-TCP): bound to all interfaces with default route interface on 192.168.27.1 ( 192.168.27.1:1946 )
  INFO root [2019-05-30 04:01:02,344] - NetworkInterface::initialize(INTERNAL-TCP): address 192.168.27.1:1946, SOMAXCONN=5.
  INFO root [2019-05-30 04:01:02,344] - server-configs:
  INFO root [2019-05-30 04:01:02,344] - 	internalTcpAddr : 192.168.27.1:1946
  INFO root [2019-05-30 04:01:02,344] - 	componentID : 4000
  INFO root [2019-05-30 04:01:03,849] - ---- dbmgr Version: 2.5.0. ScriptVersion: 0.1.0. Pythoncore: 3.7.3. Protocol: 7E018B6508A428A183CCC712F3412432. Config: Debug X86. Built: 03:59:31 May 23 2019. AppID: 4000. UID: 10103. PID: 25208 ----
  INFO root [2019-05-30 04:01:03,850] - Server Black: Intel(R) Core(TM) i7-7700HQ CPU @ 2.80GHz with 2097151kB RAM
  INFO root [2019-05-30 04:01:03,850] - ThreadPool::createThreadPool: creating  threadpool...
  INFO root [2019-05-30 04:01:03,851] - ThreadPool::createThreadPool: successfully(2), newThreadCount=1, normalMaxThreadCount=2, maxThreadCount=8
  INFO root [2019-05-30 04:01:04,061] - Script::install(): is successfully, Python=(3.7.3 (default, May 23 2019, 03:58:29) [MSC v.1916 32 bit (Intel)])!
  INFO root [2019-05-30 04:01:04,062] - Script::install(): OUROxtra is successfully!
  INFO root [2019-05-30 04:01:04,366] - Dbmgr::initializeEnd: digest(A95409634AA737AC5ED3596431383F23)
S_INFO root [2019-05-30 04:01:04,366] - onDBMgrReady: bootstrapGroupIndex=0, bootstrapGlobalIndex=0
  INFO root [2019-05-30 04:01:04,366] - TelnetServer server is running on port 32000
  INFO root [2019-05-30 04:01:04,367] - Dbmgr::initInterfacesHandler: interfaces addr(127.0.0.1:30099), accountType:(interfaces), chargeType:(interfaces).
  WARN root [2019-05-30 04:01:04,597] - DBUtil::initialize: db(default) password is not encrypted!
please use password(rsa):
7505CEA4474D1D813A5E5A48A7C97421DC9D99EA8424A014C6B8FB297C787A285CCC2E37093D875FF0721D13D487B4A83CA386B6060E95DD2408639B2F99019EADC9F086EEE00C7DAF5BEEF6EC3B9C83F3F79124866BEFFFF0C5F8C1DDC8480871E2F7729B371A1FA99BC83A88EFCE4D01D42E6C09275165B352AF22F980F028
 DEBUG root [2019-05-30 04:01:04,599] - DBInterfaceMysql::attach: connect: localhost:3306 starting...
 DEBUG root [2019-05-30 04:01:04,605] - DBInterfaceMysql::attach: successfully! addr: localhost:3306
  INFO root [2019-05-30 04:01:04,605] - DBUtil::createInterface[0xaff054]: interface=default, dbtype=mysql, ip=localhost, port=3306, currdatabase=ouro, username=ouro, connected=yes.

  INFO root [2019-05-30 04:01:04,605] - ThreadPool::createThreadPool: creating  threadpool...
  INFO root [2019-05-30 04:01:04,605] - ThreadPool::createThreadPool: successfully(5), newThreadCount=5, normalMaxThreadCount=5, maxThreadCount=5
 DEBUG root [2019-05-30 04:01:04,605] - DBInterfaceMysql::attach: connect: localhost:3306 starting...
 DEBUG root [2019-05-30 04:01:04,606] - DBInterfaceMysql::attach: connect: localhost:3306 starting...
 DEBUG root [2019-05-30 04:01:04,606] - DBInterfaceMysql::attach: connect: localhost:3306 starting...
 DEBUG root [2019-05-30 04:01:04,606] - DBInterfaceMysql::attach: connect: localhost:3306 starting...
 DEBUG root [2019-05-30 04:01:04,607] - DBInterfaceMysql::attach: connect: localhost:3306 starting...
 DEBUG root [2019-05-30 04:01:04,610] - DBInterfaceMysql::attach: successfully! addr: localhost:3306
 DEBUG root [2019-05-30 04:01:04,610] - DBThread::onStart(): 0x135470!
 DEBUG root [2019-05-30 04:01:04,611] - DBInterfaceMysql::attach: successfully! addr: localhost:3306
 DEBUG root [2019-05-30 04:01:04,611] - DBThread::onStart(): 0x135718!
 DEBUG root [2019-05-30 04:01:04,612] - DBInterfaceMysql::attach: successfully! addr: localhost:3306
 DEBUG root [2019-05-30 04:01:04,612] - DBThread::onStart(): 0x135cf0!
 DEBUG root [2019-05-30 04:01:04,614] - DBInterfaceMysql::attach: successfully! addr: localhost:3306
 DEBUG root [2019-05-30 04:01:04,614] - DBThread::onStart(): 0x135828!
 DEBUG root [2019-05-30 04:01:04,615] - DBInterfaceMysql::attach: successfully! addr: localhost:3306
 DEBUG root [2019-05-30 04:01:04,615] - DBThread::onStart(): 0x1354f8!
  INFO root [2019-05-30 04:01:04,709] - DBInterfaceMysql::query: successfully!
  INFO root [2019-05-30 04:01:04,712] - DBInterfaceMysql::query: successfully!
  INFO root [2019-05-30 04:01:04,713] - DBInterfaceMysql::query: successfully!
  INFO root [2019-05-30 04:01:04,713] - DBInterfaceMysql::query: successfully!
  INFO root [2019-05-30 04:01:04,715] - DBInterfaceMysql::query: successfully!
  INFO root [2019-05-30 04:01:04,715] - DBInterfaceMysql::query: successfully!
  INFO root [2019-05-30 04:01:04,715] - DBInterfaceMysql::query: successfully!
  INFO root [2019-05-30 04:01:04,769] - DBInterfaceMysql::query: successfully!
  INFO root [2019-05-30 04:01:04,771] - DBInterfaceMysql::query: successfully!
  WARN root [2019-05-30 04:01:04,787] - d:\scratch\___kbe__\ouroboros-2.5.0\ouro\src\server\dbmgr\dbmgr.cpp:306: Profile scriptCall took 0.42 seconds
  INFO root [2019-05-30 04:01:05,152] - ---- dbmgr is running ----
 DEBUG root [2019-05-30 04:01:05,153] - Components::process(): Request for the process of identity...
  INFO root [2019-05-30 04:01:11,426] - ServerApp::onRegisterNewApp: uid:10103, username:Black, componentType:interfaces, componentID:3000, globalorderID=-1, grouporderID=-1, intaddr:192.168.27.1, intport:30099, extaddr:nonsupport, extport:0,  from 127.0.0.1:30099/0/0/0.
  INFO root [2019-05-30 04:01:11,428] - Components::addComponent: reset orderLog, uid=10103!
  INFO root [2019-05-30 04:01:11,428] - Components::addComponent[interfaces], uid=10103, componentID=3000, globalorderid=1, grouporderid=1, totalcount=1
  INFO root [2019-05-30 04:01:12,433] - Components::findComponents: find logger(1)...
  INFO root [2019-05-30 04:01:12,472] - Components::findComponents: found logger, addr:192.168.27.1:1945
  INFO root [2019-05-30 04:01:12,473] - Components::addComponent: reset orderLog, uid=10103!
  INFO root [2019-05-30 04:01:12,473] - Components::addComponent[logger], uid=10103, componentID=2000, globalorderid=1, grouporderid=1, totalcount=1
  WARN root [2019-05-30 04:01:12,476] - Forwarding logs to logger[192.168.27.1:1945/0/0/0]...
 ERROR root [2019-05-30 05:40:20,788] - Components::removeComponentByChannel: cellapp : 8001, Abnormal exit(reason=TCPPacketReceiver::processRecv(): error=10054
)! Channel(timestamp=280807761475, lastReceivedTime=280625006925, inactivityExceptionPeriod=599482863)
 ERROR root [2019-05-30 05:40:20,830] - Components::removeComponentByChannel: logger : 2000, Abnormal exit(reason=TCPPacketReceiver::processRecv(): error=10054
)! Channel(timestamp=280808178060, lastReceivedTime=280622251924, inactivityExceptionPeriod=599482863)
  INFO root [2019-05-30 05:40:20,838] - The following logs sent to logger failed:
  WARN root [2019-05-30 05:40:20,838] - ==> [2019-05-30 05:40:20 815] TCPPacketReceiver::processPendingEvents(192.168.27.1:1945): Throwing REASON_GENERAL_NETWORK - WSAECONNRESET
 ERROR root [2019-05-30 05:40:20,838] - ==> [2019-05-30 05:40:20 831] Components::removeComponentByChannel: logger : 2000, Abnormal exit(reason=TCPPacketReceiver::processRecv(): error=10054
)! Channel(timestamp=280808178060, lastReceivedTime=280622251924, inactivityExceptionPeriod=599482863)
  WARN root [2019-05-30 05:40:20,839] - TCPPacketReceiver::processPendingEvents(192.168.27.1:1994): Throwing REASON_GENERAL_NETWORK - WSAECONNRESET
 ERROR root [2019-05-30 05:40:20,841] - Components::removeComponentByChannel: baseappmgr : 5000, Abnormal exit(reason=TCPPacketReceiver::processRecv(): error=10054
)! Channel(timestamp=280808283020, lastReceivedTime=280624016997, inactivityExceptionPeriod=599482863)
  WARN root [2019-05-30 05:40:20,843] - TCPPacketReceiver::processPendingEvents(192.168.27.1:1996): Throwing REASON_GENERAL_NETWORK - WSAECONNRESET
 ERROR root [2019-05-30 05:40:20,845] - Components::removeComponentByChannel: loginapp : 9000, Abnormal exit(reason=TCPPacketReceiver::processRecv(): error=10054
)! Channel(timestamp=280808329648, lastReceivedTime=280627707069, inactivityExceptionPeriod=599482863)
  WARN root [2019-05-30 05:40:20,863] - TCPPacketReceiver::processPendingEvents(192.168.27.1:1997): Throwing REASON_GENERAL_NETWORK - WSAECONNRESET
 ERROR root [2019-05-30 05:40:20,879] - Components::removeComponentByChannel: cellappmgr : 6000, Abnormal exit(reason=TCPPacketReceiver::processRecv(): error=10054
)! Channel(timestamp=280808663301, lastReceivedTime=280624335324, inactivityExceptionPeriod=599482863)
  WARN root [2019-05-30 05:40:20,881] - TCPPacketReceiver::processPendingEvents(192.168.27.1:2007): Throwing REASON_GENERAL_NETWORK - WSAECONNRESET
  WARN root [2019-05-30 05:40:20,881] - Dbmgr::onChannelDeregister(): If the process cannot be resumed, the entitylog(baseapp=7001) will be cleaned up after 60 seconds!
 ERROR root [2019-05-30 05:40:20,883] - Components::removeComponentByChannel: baseapp : 7001, Abnormal exit(reason=TCPPacketReceiver::processRecv(): error=10054
)! Channel(timestamp=280808701458, lastReceivedTime=280626712814, inactivityExceptionPeriod=599482863)
