  WARN root [2019-05-24 00:30:44,657] - TCPPacketReceiver::processPendingEvents(127.0.0.1:10301): Throwing REASON_GENERAL_NETWORK - WSAECONNRESET
  INFO root [2019-05-24 00:30:44,661] - Components::removeComponentByChannel: dbmgr : 4000, Normal exit!
  INFO root [2019-05-24 00:30:47,373] - 
  INFO root [2019-05-24 00:30:47,374] - -----------------------------------------------------------------------------------------


  INFO root [2019-05-24 00:30:47,377] - Resmgr::initialize: OURO_ROOT=C:/Users/Black/Ouroboros/
  INFO root [2019-05-24 00:30:47,377] - Resmgr::initialize: OURO_RES_PATH=C:/Users/Black/Ouroboros/ouro/res/;C:/Users/Black/Ouroboros/assets/;C:/Users/Black/Ouroboros/assets/scripts/;C:/Users/Black/Ouroboros/assets/res/
  INFO root [2019-05-24 00:30:47,377] - Resmgr::initialize: OURO_BIN_PATH=C:/Users/Black/Ouroboros/ouro/bin/server/
  INFO root [2019-05-24 00:30:47,393] - NetworkInterface::initialize(INTERNAL-TCP): bound to all interfaces with default route interface on 192.168.27.1 ( 192.168.27.1:30099 )
  INFO root [2019-05-24 00:30:47,393] - NetworkInterface::initialize(INTERNAL-TCP): address 192.168.27.1:30099, SOMAXCONN=5.
  INFO root [2019-05-24 00:30:47,408] - ---- interfaces Version: 2.5.0. ScriptVersion: 0.1.0. Pythoncore: 3.7.3. Protocol: 0E59D11FC12211A3C85A025234B77AAF. Config: Debug X86. Built: 02:53:00 May 23 2019. AppID: 3000. UID: 10103. PID: 44840 ----
  INFO root [2019-05-24 00:30:47,410] - Server Black: Intel(R) Core(TM) i7-7700HQ CPU @ 2.80GHz with 2097151kB RAM
  INFO root [2019-05-24 00:30:47,411] - ThreadPool::createThreadPool: creating  threadpool...
  INFO root [2019-05-24 00:30:47,411] - ThreadPool::createThreadPool: successfully(2), newThreadCount=1, normalMaxThreadCount=2, maxThreadCount=8
  INFO root [2019-05-24 00:30:47,756] - Script::install(): is successfully, Python=(3.7.3 (default, May 23 2019, 03:58:29) [MSC v.1916 32 bit (Intel)])!
  INFO root [2019-05-24 00:30:47,756] - Script::install(): OUROxtra is successfully!
S_INFO root [2019-05-24 00:30:47,840] - onInterfaceAppReady: bootstrapGroupIndex=0, bootstrapGlobalIndex=0
  INFO root [2019-05-24 00:30:47,842] - TelnetServer server is running on port 33000
  INFO root [2019-05-24 00:30:48,360] - ---- interfaces is running ----
 DEBUG root [2019-05-24 00:30:48,360] - Components::process(): Request for the process of identity...
  WARN root [2019-05-24 00:30:52,480] - BundleBroadcast::BundleBroadcast: Cannot bind to port 20086, errorno=10048
  INFO root [2019-05-24 00:30:55,535] - ServerApp::onRegisterNewApp: uid:10103, username:Black, componentType:dbmgr, componentID:4000, globalorderID=-1, grouporderID=-1, intaddr:192.168.27.1, intport:4216, extaddr:nonsupport, extport:0,  from 127.0.0.1:4222/0/0/0.
  INFO root [2019-05-24 00:30:55,535] - Components::addComponent: reset orderLog, uid=10103!
  INFO root [2019-05-24 00:30:55,535] - Components::addComponent[dbmgr], uid=10103, componentID=4000, globalorderid=1, grouporderid=1, totalcount=1
  INFO root [2019-05-24 00:30:56,582] - Components::process(): Found all the components!
S_INFO root [2019-05-24 02:12:45,984] - onRequestAccountLogin: registerName=test13
S_INFO root [2019-05-24 02:14:07,462] - onRequestCreateAccount: registerName=killingbosser1
S_INFO root [2019-05-24 02:14:09,226] - onRequestAccountLogin: registerName=killingbosser1
S_INFO root [2019-05-24 02:15:01,120] - onRequestAccountLogin: registerName=test13
S_INFO root [2019-05-24 02:28:50,461] - onRequestAccountLogin: registerName=killingbosser1
S_INFO root [2019-05-24 02:28:56,524] - onRequestAccountLogin: registerName=test13
S_INFO root [2019-05-24 02:38:11,206] - onRequestAccountLogin: registerName=killingbosser1
S_INFO root [2019-05-24 02:38:36,230] - onRequestAccountLogin: registerName=test13
S_INFO root [2019-05-24 02:39:10,462] - onRequestAccountLogin: registerName=test13
S_INFO root [2019-05-24 02:42:39,098] - onRequestAccountLogin: registerName=killingbosser1
S_INFO root [2019-05-24 02:42:51,039] - onRequestAccountLogin: registerName=test13
S_INFO root [2019-05-24 02:46:43,856] - onRequestAccountLogin: registerName=killingbosser1
S_INFO root [2019-05-24 02:47:14,114] - onRequestAccountLogin: registerName=test13
  WARN root [2019-05-24 15:53:22,433] - d:\scratch\___kbe__\ouroboros-2.5.0\ouro\src\lib\server\serverapp.cpp:252: Profile callScriptTimers took 0.14 seconds
  WARN root [2019-05-24 15:53:26,858] - d:\scratch\___kbe__\ouroboros-2.5.0\ouro\src\lib\network\event_dispatcher.cpp:153: Profile callSystemTimers took 7.35 seconds
