  INFO root [2019-05-30 01:19:52,279] - 
  INFO root [2019-05-30 01:19:52,280] - -----------------------------------------------------------------------------------------


  INFO root [2019-05-30 01:19:52,283] - Resmgr::initialize: OURO_ROOT=C:/Users/Black/Ouroboros/
  INFO root [2019-05-30 01:19:52,283] - Resmgr::initialize: OURO_RES_PATH=C:/Users/Black/Ouroboros/ouro/res/;C:/Users/Black/Ouroboros/assets/;C:/Users/Black/Ouroboros/assets/scripts/;C:/Users/Black/Ouroboros/assets/res/
  INFO root [2019-05-30 01:19:52,284] - Resmgr::initialize: OURO_BIN_PATH=C:/Users/Black/Ouroboros/ouro/bin/server/
  INFO root [2019-05-30 01:19:52,295] - NetworkInterface::initialize(INTERNAL-TCP): bound to all interfaces with default route interface on 192.168.27.1 ( 192.168.27.1:30099 )
  INFO root [2019-05-30 01:19:52,295] - NetworkInterface::initialize(INTERNAL-TCP): address 192.168.27.1:30099, SOMAXCONN=5.
  INFO root [2019-05-30 01:19:52,302] - ---- interfaces Version: 2.5.0. ScriptVersion: 0.1.0. Pythoncore: 3.7.3. Protocol: 0E59D11FC12211A3C85A025234B77AAF. Config: Debug X86. Built: 02:53:00 May 23 2019. AppID: 3000. UID: 10103. PID: 23776 ----
  INFO root [2019-05-30 01:19:52,303] - Server Black: Intel(R) Core(TM) i7-7700HQ CPU @ 2.80GHz with 2097151kB RAM
  INFO root [2019-05-30 01:19:52,303] - ThreadPool::createThreadPool: creating  threadpool...
  INFO root [2019-05-30 01:19:52,304] - ThreadPool::createThreadPool: successfully(2), newThreadCount=1, normalMaxThreadCount=2, maxThreadCount=8
  INFO root [2019-05-30 01:19:52,498] - Script::install(): is successfully, Python=(3.7.3 (default, May 23 2019, 03:58:29) [MSC v.1916 32 bit (Intel)])!
  INFO root [2019-05-30 01:19:52,498] - Script::install(): OUROxtra is successfully!
S_INFO root [2019-05-30 01:19:52,584] - onInterfaceAppReady: bootstrapGroupIndex=0, bootstrapGlobalIndex=0
  INFO root [2019-05-30 01:19:52,585] - TelnetServer server is running on port 33000
  INFO root [2019-05-30 01:19:52,966] - ---- interfaces is running ----
 DEBUG root [2019-05-30 01:19:52,967] - Components::process(): Request for the process of identity...
  INFO root [2019-05-30 01:20:00,286] - Components::process(): Found all the components!
  INFO root [2019-05-30 01:20:10,583] - ServerApp::onRegisterNewApp: uid:10103, username:Black, componentType:dbmgr, componentID:4000, globalorderID=-1, grouporderID=-1, intaddr:192.168.27.1, intport:9696, extaddr:nonsupport, extport:0,  from 127.0.0.1:9701/0/0/0.
  INFO root [2019-05-30 01:20:10,583] - Components::addComponent: reset orderLog, uid=10103!
  INFO root [2019-05-30 01:20:10,583] - Components::addComponent[dbmgr], uid=10103, componentID=4000, globalorderid=1, grouporderid=1, totalcount=1
S_INFO root [2019-05-30 01:35:46,601] - onRequestAccountLogin: registerName=test13
S_INFO root [2019-05-30 01:36:07,778] - onRequestAccountLogin: registerName=killingbosser1
S_INFO root [2019-05-30 02:35:39,517] - onRequestAccountLogin: registerName=killingbosser1
S_INFO root [2019-05-30 02:35:55,714] - onRequestAccountLogin: registerName=test13
S_INFO root [2019-05-30 02:38:27,941] - onRequestAccountLogin: registerName=test13
S_INFO root [2019-05-30 02:42:01,768] - onRequestAccountLogin: registerName=test13
S_INFO root [2019-05-30 02:44:14,325] - onRequestAccountLogin: registerName=test13
S_INFO root [2019-05-30 02:48:27,099] - onRequestAccountLogin: registerName=test13
S_INFO root [2019-05-30 02:51:49,439] - onRequestAccountLogin: registerName=test13
S_INFO root [2019-05-30 02:57:07,206] - onRequestAccountLogin: registerName=test13
S_INFO root [2019-05-30 03:00:09,570] - onRequestAccountLogin: registerName=test13
S_INFO root [2019-05-30 03:06:58,442] - onRequestAccountLogin: registerName=test13
S_INFO root [2019-05-30 03:10:00,846] - onRequestAccountLogin: registerName=test13
S_INFO root [2019-05-30 03:32:28,235] - onRequestAccountLogin: registerName=test13
S_INFO root [2019-05-30 03:33:19,457] - onRequestAccountLogin: registerName=test13
S_INFO root [2019-05-30 03:37:09,335] - onRequestAccountLogin: registerName=test13
S_INFO root [2019-05-30 03:37:46,288] - onRequestAccountLogin: registerName=test13
  WARN root [2019-05-30 04:00:39,354] - TCPPacketReceiver::processPendingEvents(127.0.0.1:9701): Throwing REASON_GENERAL_NETWORK - WSAECONNRESET
  INFO root [2019-05-30 04:00:39,355] - Components::removeComponentByChannel: dbmgr : 4000, Normal exit!
  INFO root [2019-05-30 04:01:02,322] - 
  INFO root [2019-05-30 04:01:02,322] - -----------------------------------------------------------------------------------------


  INFO root [2019-05-30 04:01:02,324] - Resmgr::initialize: OURO_ROOT=C:/Users/Black/Ouroboros/
  INFO root [2019-05-30 04:01:02,325] - Resmgr::initialize: OURO_RES_PATH=C:/Users/Black/Ouroboros/ouro/res/;C:/Users/Black/Ouroboros/assets/;C:/Users/Black/Ouroboros/assets/scripts/;C:/Users/Black/Ouroboros/assets/res/
  INFO root [2019-05-30 04:01:02,325] - Resmgr::initialize: OURO_BIN_PATH=C:/Users/Black/Ouroboros/ouro/bin/server/
  INFO root [2019-05-30 04:01:02,335] - NetworkInterface::initialize(INTERNAL-TCP): bound to all interfaces with default route interface on 192.168.27.1 ( 192.168.27.1:30099 )
  INFO root [2019-05-30 04:01:02,336] - NetworkInterface::initialize(INTERNAL-TCP): address 192.168.27.1:30099, SOMAXCONN=5.
  INFO root [2019-05-30 04:01:02,340] - ---- interfaces Version: 2.5.0. ScriptVersion: 0.1.0. Pythoncore: 3.7.3. Protocol: 0E59D11FC12211A3C85A025234B77AAF. Config: Debug X86. Built: 02:53:00 May 23 2019. AppID: 3000. UID: 10103. PID: 4716 ----
  INFO root [2019-05-30 04:01:02,341] - Server Black: Intel(R) Core(TM) i7-7700HQ CPU @ 2.80GHz with 2097151kB RAM
  INFO root [2019-05-30 04:01:02,341] - ThreadPool::createThreadPool: creating  threadpool...
  INFO root [2019-05-30 04:01:02,342] - ThreadPool::createThreadPool: successfully(2), newThreadCount=1, normalMaxThreadCount=2, maxThreadCount=8
  INFO root [2019-05-30 04:01:02,572] - Script::install(): is successfully, Python=(3.7.3 (default, May 23 2019, 03:58:29) [MSC v.1916 32 bit (Intel)])!
  INFO root [2019-05-30 04:01:02,573] - Script::install(): OUROxtra is successfully!
S_INFO root [2019-05-30 04:01:02,611] - onInterfaceAppReady: bootstrapGroupIndex=0, bootstrapGlobalIndex=0
  INFO root [2019-05-30 04:01:02,613] - TelnetServer server is running on port 33000
  INFO root [2019-05-30 04:01:03,025] - ---- interfaces is running ----
 DEBUG root [2019-05-30 04:01:03,026] - Components::process(): Request for the process of identity...
  INFO root [2019-05-30 04:01:09,355] - ServerApp::onRegisterNewApp: uid:10103, username:Black, componentType:dbmgr, componentID:4000, globalorderID=-1, grouporderID=-1, intaddr:192.168.27.1, intport:1946, extaddr:nonsupport, extport:0,  from 127.0.0.1:1965/0/0/0.
  INFO root [2019-05-30 04:01:09,357] - Components::addComponent: reset orderLog, uid=10103!
  INFO root [2019-05-30 04:01:09,357] - Components::addComponent[dbmgr], uid=10103, componentID=4000, globalorderid=1, grouporderid=1, totalcount=1
  INFO root [2019-05-30 04:01:10,427] - Components::process(): Found all the components!
S_INFO root [2019-05-30 04:02:20,101] - onRequestAccountLogin: registerName=test13
S_INFO root [2019-05-30 04:28:55,179] - onRequestAccountLogin: registerName=test13
S_INFO root [2019-05-30 04:30:35,039] - onRequestAccountLogin: registerName=killingbosser1
S_INFO root [2019-05-30 04:30:59,533] - onRequestAccountLogin: registerName=test13
S_INFO root [2019-05-30 04:35:36,474] - onRequestAccountLogin: registerName=test13
S_INFO root [2019-05-30 04:35:39,697] - onRequestAccountLogin: registerName=killingbosser1
