  INFO root [2019-06-13 02:01:41,845] - 
  INFO root [2019-06-13 02:01:41,846] - -----------------------------------------------------------------------------------------


  INFO root [2019-06-13 02:01:41,848] - Resmgr::initialize: OURO_ROOT=C:/Users/Black/Ouroboros/
  INFO root [2019-06-13 02:01:41,848] - Resmgr::initialize: OURO_RES_PATH=C:/Users/Black/Ouroboros/ouro/res/;C:/Users/Black/Ouroboros/assets/;C:/Users/Black/Ouroboros/assets/scripts/;C:/Users/Black/Ouroboros/assets/res/
  INFO root [2019-06-13 02:01:41,849] - Resmgr::initialize: OURO_BIN_PATH=C:/Users/Black/Ouroboros/ouro/bin/server/
  INFO root [2019-06-13 02:01:41,863] - NetworkInterface::initialize(INTERNAL-TCP): bound to all interfaces with default route interface on 192.168.27.1 ( 192.168.27.1:30099 )
  INFO root [2019-06-13 02:01:41,863] - NetworkInterface::initialize(INTERNAL-TCP): address 192.168.27.1:30099, SOMAXCONN=5.
  INFO root [2019-06-13 02:01:41,868] - ---- interfaces Version: 2.5.0. ScriptVersion: 0.1.0. Pythoncore: 3.7.3. Protocol: 0E59D11FC12211A3C85A025234B77AAF. Config: Debug X86. Built: 02:53:00 May 23 2019. AppID: 3000. UID: 10103. PID: 10588 ----
  INFO root [2019-06-13 02:01:41,868] - Server Black: Intel(R) Core(TM) i7-7700HQ CPU @ 2.80GHz with 2097151kB RAM
  INFO root [2019-06-13 02:01:41,870] - ThreadPool::createThreadPool: creating  threadpool...
  INFO root [2019-06-13 02:01:41,870] - ThreadPool::createThreadPool: successfully(2), newThreadCount=1, normalMaxThreadCount=2, maxThreadCount=8
  INFO root [2019-06-13 02:01:42,063] - Script::install(): is successfully, Python=(3.7.3 (default, Jun  7 2019, 22:47:18) [MSC v.1916 32 bit (Intel)])!
  INFO root [2019-06-13 02:01:42,064] - Script::install(): OUROxtra is successfully!
S_INFO root [2019-06-13 02:01:42,146] - onInterfaceAppReady: bootstrapGroupIndex=0, bootstrapGlobalIndex=0
  INFO root [2019-06-13 02:01:42,147] - TelnetServer server is running on port 33000
  INFO root [2019-06-13 02:01:42,490] - ---- interfaces is running ----
 DEBUG root [2019-06-13 02:01:42,491] - Components::process(): Request for the process of identity...
  INFO root [2019-06-13 02:01:49,853] - Components::process(): Found all the components!
  INFO root [2019-06-13 02:01:58,909] - ServerApp::onRegisterNewApp: uid:10103, username:Black, componentType:dbmgr, componentID:4000, globalorderID=-1, grouporderID=-1, intaddr:192.168.27.1, intport:4780, extaddr:nonsupport, extport:0,  from 127.0.0.1:4784/0/0/0.
  INFO root [2019-06-13 02:01:58,910] - Components::addComponent: reset orderLog, uid=10103!
  INFO root [2019-06-13 02:01:58,911] - Components::addComponent[dbmgr], uid=10103, componentID=4000, globalorderid=1, grouporderid=1, totalcount=1
S_INFO root [2019-06-13 02:13:24,699] - onRequestAccountLogin: registerName=test13
S_INFO root [2019-06-13 02:14:41,465] - onRequestAccountLogin: registerName=test13
S_INFO root [2019-06-13 02:23:10,678] - onRequestAccountLogin: registerName=test13
S_INFO root [2019-06-13 02:43:24,719] - onRequestAccountLogin: registerName=test13
S_INFO root [2019-06-13 03:12:54,486] - onRequestAccountLogin: registerName=test13
S_INFO root [2019-06-13 03:15:02,776] - onRequestAccountLogin: registerName=test13
S_INFO root [2019-06-13 03:20:24,585] - onRequestAccountLogin: registerName=test13
S_INFO root [2019-06-13 03:24:13,674] - onRequestAccountLogin: registerName=test13
S_INFO root [2019-06-13 03:26:45,946] - onRequestAccountLogin: registerName=test13
S_INFO root [2019-06-13 03:32:28,165] - onRequestAccountLogin: registerName=test13
S_INFO root [2019-06-13 03:39:00,029] - onRequestAccountLogin: registerName=test13
S_INFO root [2019-06-13 04:06:50,020] - onRequestAccountLogin: registerName=test13
S_INFO root [2019-06-13 04:10:14,352] - onRequestAccountLogin: registerName=test13
S_INFO root [2019-06-13 04:19:57,143] - onRequestAccountLogin: registerName=test13
S_INFO root [2019-06-13 04:20:53,866] - onRequestAccountLogin: registerName=test13
S_INFO root [2019-06-13 04:22:51,892] - onRequestAccountLogin: registerName=test13
S_INFO root [2019-06-13 04:27:01,860] - onRequestAccountLogin: registerName=test13
S_INFO root [2019-06-13 04:28:33,939] - onRequestAccountLogin: registerName=test13
  WARN root [2019-06-13 04:58:47,268] - TCPPacketReceiver::processPendingEvents(127.0.0.1:4784): Throwing REASON_GENERAL_NETWORK - WSAECONNRESET
  INFO root [2019-06-13 04:58:47,269] - Components::removeComponentByChannel: dbmgr : 4000, Normal exit!
  INFO root [2019-06-13 04:58:51,548] - 
  INFO root [2019-06-13 04:58:51,548] - -----------------------------------------------------------------------------------------


  INFO root [2019-06-13 04:58:51,549] - Resmgr::initialize: OURO_ROOT=C:/Users/Black/Ouroboros/
  INFO root [2019-06-13 04:58:51,549] - Resmgr::initialize: OURO_RES_PATH=C:/Users/Black/Ouroboros/ouro/res/;C:/Users/Black/Ouroboros/assets/;C:/Users/Black/Ouroboros/assets/scripts/;C:/Users/Black/Ouroboros/assets/res/
  INFO root [2019-06-13 04:58:51,549] - Resmgr::initialize: OURO_BIN_PATH=C:/Users/Black/Ouroboros/ouro/bin/server/
  INFO root [2019-06-13 04:58:51,562] - NetworkInterface::initialize(INTERNAL-TCP): bound to all interfaces with default route interface on 192.168.27.1 ( 192.168.27.1:30099 )
  INFO root [2019-06-13 04:58:51,563] - NetworkInterface::initialize(INTERNAL-TCP): address 192.168.27.1:30099, SOMAXCONN=5.
  INFO root [2019-06-13 04:58:51,567] - ---- interfaces Version: 2.5.0. ScriptVersion: 0.1.0. Pythoncore: 3.7.3. Protocol: 0E59D11FC12211A3C85A025234B77AAF. Config: Debug X86. Built: 02:53:00 May 23 2019. AppID: 3000. UID: 10103. PID: 31988 ----
  INFO root [2019-06-13 04:58:51,567] - Server Black: Intel(R) Core(TM) i7-7700HQ CPU @ 2.80GHz with 2097151kB RAM
  INFO root [2019-06-13 04:58:51,567] - ThreadPool::createThreadPool: creating  threadpool...
  INFO root [2019-06-13 04:58:51,568] - ThreadPool::createThreadPool: successfully(2), newThreadCount=1, normalMaxThreadCount=2, maxThreadCount=8
  INFO root [2019-06-13 04:58:51,792] - Script::install(): is successfully, Python=(3.7.3 (default, Jun  7 2019, 22:47:18) [MSC v.1916 32 bit (Intel)])!
  INFO root [2019-06-13 04:58:51,792] - Script::install(): OUROxtra is successfully!
S_INFO root [2019-06-13 04:58:51,830] - onInterfaceAppReady: bootstrapGroupIndex=0, bootstrapGlobalIndex=0
  INFO root [2019-06-13 04:58:51,831] - TelnetServer server is running on port 33000
  INFO root [2019-06-13 04:58:52,399] - ---- interfaces is running ----
 DEBUG root [2019-06-13 04:58:52,400] - Components::process(): Request for the process of identity...
  INFO root [2019-06-13 04:58:58,737] - ServerApp::onRegisterNewApp: uid:10103, username:Black, componentType:dbmgr, componentID:4000, globalorderID=-1, grouporderID=-1, intaddr:192.168.27.1, intport:12410, extaddr:nonsupport, extport:0,  from 127.0.0.1:12421/0/0/0.
  INFO root [2019-06-13 04:58:58,738] - Components::addComponent: reset orderLog, uid=10103!
  INFO root [2019-06-13 04:58:58,738] - Components::addComponent[dbmgr], uid=10103, componentID=4000, globalorderid=1, grouporderid=1, totalcount=1
  INFO root [2019-06-13 04:58:59,830] - Components::process(): Found all the components!
S_INFO root [2019-06-13 05:22:01,222] - onRequestAccountLogin: registerName=test13
  WARN root [2019-06-13 05:24:32,619] - TCPPacketReceiver::processPendingEvents(127.0.0.1:12421): Throwing REASON_GENERAL_NETWORK - WSAECONNRESET
  INFO root [2019-06-13 05:24:32,620] - Components::removeComponentByChannel: dbmgr : 4000, Normal exit!
  INFO root [2019-06-13 05:24:36,644] - 
  INFO root [2019-06-13 05:24:36,645] - -----------------------------------------------------------------------------------------


  INFO root [2019-06-13 05:24:36,646] - Resmgr::initialize: OURO_ROOT=C:/Users/Black/Ouroboros/
  INFO root [2019-06-13 05:24:36,646] - Resmgr::initialize: OURO_RES_PATH=C:/Users/Black/Ouroboros/ouro/res/;C:/Users/Black/Ouroboros/assets/;C:/Users/Black/Ouroboros/assets/scripts/;C:/Users/Black/Ouroboros/assets/res/
  INFO root [2019-06-13 05:24:36,646] - Resmgr::initialize: OURO_BIN_PATH=C:/Users/Black/Ouroboros/ouro/bin/server/
  INFO root [2019-06-13 05:24:36,658] - NetworkInterface::initialize(INTERNAL-TCP): bound to all interfaces with default route interface on 192.168.27.1 ( 192.168.27.1:30099 )
  INFO root [2019-06-13 05:24:36,658] - NetworkInterface::initialize(INTERNAL-TCP): address 192.168.27.1:30099, SOMAXCONN=5.
  INFO root [2019-06-13 05:24:36,662] - ---- interfaces Version: 2.5.0. ScriptVersion: 0.1.0. Pythoncore: 3.7.3. Protocol: 0E59D11FC12211A3C85A025234B77AAF. Config: Debug X86. Built: 02:53:00 May 23 2019. AppID: 3000. UID: 10103. PID: 23704 ----
  INFO root [2019-06-13 05:24:36,662] - Server Black: Intel(R) Core(TM) i7-7700HQ CPU @ 2.80GHz with 2097151kB RAM
  INFO root [2019-06-13 05:24:36,662] - ThreadPool::createThreadPool: creating  threadpool...
  INFO root [2019-06-13 05:24:36,663] - ThreadPool::createThreadPool: successfully(2), newThreadCount=1, normalMaxThreadCount=2, maxThreadCount=8
  INFO root [2019-06-13 05:24:36,892] - Script::install(): is successfully, Python=(3.7.3 (default, Jun  7 2019, 22:47:18) [MSC v.1916 32 bit (Intel)])!
  INFO root [2019-06-13 05:24:36,892] - Script::install(): OUROxtra is successfully!
S_INFO root [2019-06-13 05:24:36,930] - onInterfaceAppReady: bootstrapGroupIndex=0, bootstrapGlobalIndex=0
  INFO root [2019-06-13 05:24:36,931] - TelnetServer server is running on port 33000
  INFO root [2019-06-13 05:24:37,402] - ---- interfaces is running ----
 DEBUG root [2019-06-13 05:24:37,403] - Components::process(): Request for the process of identity...
  INFO root [2019-06-13 05:24:43,785] - ServerApp::onRegisterNewApp: uid:10103, username:Black, componentType:dbmgr, componentID:4000, globalorderID=-1, grouporderID=-1, intaddr:192.168.27.1, intport:1401, extaddr:nonsupport, extport:0,  from 127.0.0.1:1414/0/0/0.
  INFO root [2019-06-13 05:24:43,786] - Components::addComponent: reset orderLog, uid=10103!
  INFO root [2019-06-13 05:24:43,786] - Components::addComponent[dbmgr], uid=10103, componentID=4000, globalorderid=1, grouporderid=1, totalcount=1
  INFO root [2019-06-13 05:24:44,848] - Components::process(): Found all the components!
S_INFO root [2019-06-13 05:27:43,461] - onRequestAccountLogin: registerName=test13
  WARN root [2019-06-13 05:30:09,753] - TCPPacketReceiver::processPendingEvents(127.0.0.1:1414): Throwing REASON_GENERAL_NETWORK - WSAECONNRESET
  INFO root [2019-06-13 05:30:09,754] - Components::removeComponentByChannel: dbmgr : 4000, Normal exit!
