  WARN root [2019-06-06 15:21:54,785] - d:\scratch\___kbe__\ouroboros-2.5.0\ouro\src\lib\network\event_dispatcher.cpp:153: Profile callSystemTimers took 6.27 seconds
  WARN root [2019-06-06 15:56:17,818] - TCPPacketReceiver::processPendingEvents(127.0.0.1:13561): Throwing REASON_GENERAL_NETWORK - WSAECONNRESET
  INFO root [2019-06-06 15:56:17,819] - Components::removeComponentByChannel: dbmgr : 4000, Normal exit!
  INFO root [2019-06-06 15:56:40,038] - 
  INFO root [2019-06-06 15:56:40,039] - -----------------------------------------------------------------------------------------


  INFO root [2019-06-06 15:56:40,040] - Resmgr::initialize: OURO_ROOT=C:/Users/Black/Ouroboros/
  INFO root [2019-06-06 15:56:40,041] - Resmgr::initialize: OURO_RES_PATH=C:/Users/Black/Ouroboros/ouro/res/;C:/Users/Black/Ouroboros/assets/;C:/Users/Black/Ouroboros/assets/scripts/;C:/Users/Black/Ouroboros/assets/res/
  INFO root [2019-06-06 15:56:40,041] - Resmgr::initialize: OURO_BIN_PATH=C:/Users/Black/Ouroboros/ouro/bin/server/
  INFO root [2019-06-06 15:56:40,054] - NetworkInterface::initialize(INTERNAL-TCP): bound to all interfaces with default route interface on 192.168.27.1 ( 192.168.27.1:30099 )
  INFO root [2019-06-06 15:56:40,054] - NetworkInterface::initialize(INTERNAL-TCP): address 192.168.27.1:30099, SOMAXCONN=5.
  INFO root [2019-06-06 15:56:40,060] - ---- interfaces Version: 2.5.0. ScriptVersion: 0.1.0. Pythoncore: 3.7.3. Protocol: 0E59D11FC12211A3C85A025234B77AAF. Config: Debug X86. Built: 02:53:00 May 23 2019. AppID: 3000. UID: 10103. PID: 53396 ----
  INFO root [2019-06-06 15:56:40,061] - Server Black: Intel(R) Core(TM) i7-7700HQ CPU @ 2.80GHz with 2097151kB RAM
  INFO root [2019-06-06 15:56:40,061] - ThreadPool::createThreadPool: creating  threadpool...
  INFO root [2019-06-06 15:56:40,062] - ThreadPool::createThreadPool: successfully(2), newThreadCount=1, normalMaxThreadCount=2, maxThreadCount=8
  INFO root [2019-06-06 15:56:40,323] - Script::install(): is successfully, Python=(3.7.3 (default, May 23 2019, 03:58:29) [MSC v.1916 32 bit (Intel)])!
  INFO root [2019-06-06 15:56:40,323] - Script::install(): OUROxtra is successfully!
S_INFO root [2019-06-06 15:56:40,418] - onInterfaceAppReady: bootstrapGroupIndex=0, bootstrapGlobalIndex=0
  INFO root [2019-06-06 15:56:40,420] - TelnetServer server is running on port 33000
  INFO root [2019-06-06 15:56:40,791] - ---- interfaces is running ----
 DEBUG root [2019-06-06 15:56:40,791] - Components::process(): Request for the process of identity...
  INFO root [2019-06-06 15:56:47,510] - ServerApp::onRegisterNewApp: uid:10103, username:Black, componentType:dbmgr, componentID:4000, globalorderID=-1, grouporderID=-1, intaddr:192.168.27.1, intport:11298, extaddr:nonsupport, extport:0,  from 127.0.0.1:11308/0/0/0.
  INFO root [2019-06-06 15:56:47,510] - Components::addComponent: reset orderLog, uid=10103!
  INFO root [2019-06-06 15:56:47,511] - Components::addComponent[dbmgr], uid=10103, componentID=4000, globalorderid=1, grouporderid=1, totalcount=1
  INFO root [2019-06-06 15:56:48,542] - Components::process(): Found all the components!
S_INFO root [2019-06-06 15:58:54,341] - onRequestAccountLogin: registerName=test13
S_INFO root [2019-06-06 15:58:56,039] - onRequestAccountLogin: registerName=killingbosser1
S_INFO root [2019-06-06 16:01:50,089] - onRequestAccountLogin: registerName=test13
S_INFO root [2019-06-06 16:01:55,567] - onRequestAccountLogin: registerName=killingbosser1
S_INFO root [2019-06-06 16:17:19,468] - onRequestAccountLogin: registerName=test13
S_INFO root [2019-06-06 16:17:25,687] - onRequestAccountLogin: registerName=killingbosser1
S_INFO root [2019-06-06 16:20:56,154] - onRequestAccountLogin: registerName=killingbosser1
S_INFO root [2019-06-06 16:21:24,723] - onRequestAccountLogin: registerName=test13
S_INFO root [2019-06-06 17:09:02,074] - onRequestAccountLogin: registerName=killingbosser1
S_INFO root [2019-06-06 17:09:11,699] - onRequestAccountLogin: registerName=test13
S_INFO root [2019-06-06 17:12:26,315] - onRequestAccountLogin: registerName=killingbosser1
S_INFO root [2019-06-06 17:12:41,354] - onRequestAccountLogin: registerName=test13
S_INFO root [2019-06-06 17:17:25,134] - onRequestAccountLogin: registerName=killingbosser1
S_INFO root [2019-06-06 17:17:43,404] - onRequestAccountLogin: registerName=test13
S_INFO root [2019-06-06 17:30:46,370] - onRequestAccountLogin: registerName=killingbosser1
S_INFO root [2019-06-06 17:31:00,005] - onRequestAccountLogin: registerName=test13
S_INFO root [2019-06-06 17:35:28,525] - onRequestAccountLogin: registerName=killingbosser1
S_INFO root [2019-06-06 17:35:47,256] - onRequestAccountLogin: registerName=test13
S_INFO root [2019-06-06 17:46:21,870] - onRequestAccountLogin: registerName=killingbosser1
S_INFO root [2019-06-06 17:46:31,345] - onRequestAccountLogin: registerName=test13
S_INFO root [2019-06-06 18:26:39,897] - onRequestAccountLogin: registerName=killingbosser1
S_INFO root [2019-06-06 18:26:56,545] - onRequestAccountLogin: registerName=test13
S_INFO root [2019-06-06 20:30:40,737] - onRequestAccountLogin: registerName=test13
S_INFO root [2019-06-06 20:40:13,648] - onRequestAccountLogin: registerName=killingbosser1
S_INFO root [2019-06-06 20:40:20,190] - onRequestAccountLogin: registerName=test13
S_INFO root [2019-06-06 21:09:48,584] - onRequestAccountLogin: registerName=test13
S_INFO root [2019-06-06 21:10:02,907] - onRequestAccountLogin: registerName=killingbosser1
S_INFO root [2019-06-06 21:20:26,470] - onRequestAccountLogin: registerName=killingbosser1
S_INFO root [2019-06-06 21:20:31,342] - onRequestAccountLogin: registerName=test13
S_INFO root [2019-06-06 21:48:38,152] - onRequestAccountLogin: registerName=killingbosser1
S_INFO root [2019-06-06 21:48:49,026] - onRequestAccountLogin: registerName=test13
S_INFO root [2019-06-06 22:00:51,402] - onRequestAccountLogin: registerName=killingbosser1
S_INFO root [2019-06-06 22:01:13,200] - onRequestAccountLogin: registerName=test13
S_INFO root [2019-06-06 22:25:00,016] - onRequestAccountLogin: registerName=killingbosser1
S_INFO root [2019-06-06 22:26:04,414] - onRequestAccountLogin: registerName=test13
S_INFO root [2019-06-06 22:32:02,546] - onRequestAccountLogin: registerName=killingbosser1
S_INFO root [2019-06-06 22:32:04,977] - onRequestAccountLogin: registerName=test13
S_INFO root [2019-06-06 23:01:47,942] - onRequestAccountLogin: registerName=test13
S_INFO root [2019-06-06 23:01:52,661] - onRequestAccountLogin: registerName=killingbosser1
S_INFO root [2019-06-06 23:57:39,214] - onRequestAccountLogin: registerName=killingbosser1
S_INFO root [2019-06-06 23:57:46,316] - onRequestAccountLogin: registerName=test13
