    INFO    cellapp-1 10103 8001  [2019-06-03 20:30:07 783] - -----------------------------------------------------------------------------------------


    INFO    cellapp-1 10103 8001  [2019-06-03 20:30:07 784] - Resmgr::initialize: OURO_ROOT=C:/Users/Black/Ouroboros/
    INFO    cellapp-1 10103 8001  [2019-06-03 20:30:07 785] - Resmgr::initialize: OURO_RES_PATH=C:/Users/Black/Ouroboros/ouro/res/;C:/Users/Black/Ouroboros/assets/;C:/Users/Black/Ouroboros/assets/scripts/;C:/Users/Black/Ouroboros/assets/res/
    INFO    cellapp-1 10103 8001  [2019-06-03 20:30:07 785] - Resmgr::initialize: OURO_BIN_PATH=C:/Users/Black/Ouroboros/ouro/bin/server/
    INFO    cellapp-1 10103 8001  [2019-06-03 20:30:07 832] - NetworkInterface::initialize(INTERNAL-TCP): bound to all interfaces with default route interface on 192.168.27.1 ( 192.168.27.1:13690 )
    INFO    cellapp-1 10103 8001  [2019-06-03 20:30:07 832] - NetworkInterface::initialize(INTERNAL-TCP): address 192.168.27.1:13690, SOMAXCONN=5.
    INFO    cellapp-1 10103 8001  [2019-06-03 20:30:07 833] - server-configs:
    INFO    cellapp-1 10103 8001  [2019-06-03 20:30:07 833] - 	gameUpdateHertz : 10
    INFO    cellapp-1 10103 8001  [2019-06-03 20:30:07 833] - 	defaultViewRadius : 80
    INFO    cellapp-1 10103 8001  [2019-06-03 20:30:07 833] - 	defaultViewHysteresisArea : 5
    INFO    cellapp-1 10103 8001  [2019-06-03 20:30:07 834] - 	entryScriptFile : ouromain
    INFO    cellapp-1 10103 8001  [2019-06-03 20:30:07 834] - 	internalTcpAddr : 192.168.27.1:13690
    INFO    cellapp-1 10103 8001  [2019-06-03 20:30:07 834] - 	componentID : 8001
    INFO    cellapp-1 10103 8001  [2019-06-03 20:30:07 896] - Components::findLogger: found logger, addr:192.168.27.1:13455
    INFO    cellapp-1 10103 8001  [2019-06-03 20:30:07 897] - Components::addComponent: reset orderLog, uid=10103!
    INFO    cellapp-1 10103 8001  [2019-06-03 20:30:07 897] - Components::addComponent[logger], uid=10103, componentID=2000, globalorderid=1, grouporderid=1, totalcount=1
    INFO    cellapp-1 10103 8001  [2019-06-03 20:30:07 908] - ---- cellapp Version: 2.5.0. ScriptVersion: 0.1.0. Pythoncore: 3.7.3. Protocol: 8652043B9D1A1F169DDC4E8CD899D692. Config: Debug X86. Built: 02:55:12 May 23 2019. AppID: 8001. UID: 10103. PID: 1284 ----
    INFO    cellapp-1 10103 8001  [2019-06-03 20:30:07 910] - Server Black: Intel(R) Core(TM) i7-7700HQ CPU @ 2.80GHz with 2097151kB RAM
    INFO    cellapp-1 10103 8001  [2019-06-03 20:30:07 911] - ThreadPool::createThreadPool: creating  threadpool...
    INFO    cellapp-1 10103 8001  [2019-06-03 20:30:07 912] - ThreadPool::createThreadPool: successfully(2), newThreadCount=1, normalMaxThreadCount=2, maxThreadCount=8
    INFO    cellapp-1 10103 8001  [2019-06-03 20:30:08 300] - Script::install(): is successfully, Python=(3.7.3 (default, May 23 2019, 03:58:29) [MSC v.1916 32 bit (Intel)])!
    INFO    cellapp-1 10103 8001  [2019-06-03 20:30:08 300] - Script::install(): OUROxtra is successfully!
   DEBUG    cellapp-1 10103 8001  [2019-06-03 20:30:09 200] - loaded entity-script:Account(1).
 WARNING    cellapp-1 10103 8001  [2019-06-03 20:30:09 203] - EntityDef::checkDefMethod: exposed of method: Avatar.updateEG, check the caller can use "def updateEG(self, callerID, ...)", such as: if callerID == self.id!
 WARNING    cellapp-1 10103 8001  [2019-06-03 20:30:09 236] - EntityDef::checkDefMethod: exposed of method: Avatar.updateLastSyncTime, check the caller can use "def updateLastSyncTime(self, callerID, ...)", such as: if callerID == self.id!
 WARNING    cellapp-1 10103 8001  [2019-06-03 20:30:09 237] - EntityDef::checkDefMethod: exposed of method: Avatar.updatePositionSynced, check the caller can use "def updatePositionSynced(self, callerID, ...)", such as: if callerID == self.id!
   DEBUG    cellapp-1 10103 8001  [2019-06-03 20:30:09 237] - loaded entity-script:Avatar(2).
   DEBUG    cellapp-1 10103 8001  [2019-06-03 20:30:09 239] - loaded entity-script:FirstEntity(3).
   DEBUG    cellapp-1 10103 8001  [2019-06-03 20:30:09 244] - loaded entity-script:Scene(4).
   DEBUG    cellapp-1 10103 8001  [2019-06-03 20:30:09 245] - loaded entity-script:Space(5).
   DEBUG    cellapp-1 10103 8001  [2019-06-03 20:30:09 246] - loaded entity-script:SpaceDuplicate(6).
   DEBUG    cellapp-1 10103 8001  [2019-06-03 20:30:09 256] - loaded entity-script:SpawnPoint(8).
    INFO    cellapp-1 10103 8001  [2019-06-03 20:30:09 265] - TelnetServer server is running on port 50000
    INFO    cellapp-1 10103 8001  [2019-06-03 20:30:10 492] - ---- cellapp is running ----
   DEBUG    cellapp-1 10103 8001  [2019-06-03 20:30:10 493] - Components::process(): Request for the process of identity...
 WARNING    cellapp-1 10103 8001  [2019-06-03 20:30:17 614] - EntityApp::checkTickPeriod: tick took 7121% (7.12 seconds)!
    INFO    cellapp-1 10103 8001  [2019-06-03 20:30:18 693] - Components::findComponents: find dbmgr(1)...
    INFO    cellapp-1 10103 8001  [2019-06-03 20:30:18 803] - Components::findComponents: found dbmgr, addr:192.168.27.1:13551
    INFO    cellapp-1 10103 8001  [2019-06-03 20:30:18 803] - Components::addComponent: reset orderLog, uid=10103!
    INFO    cellapp-1 10103 8001  [2019-06-03 20:30:18 803] - Components::addComponent[dbmgr], uid=10103, componentID=4000, globalorderid=1, grouporderid=1, totalcount=1
    INFO    cellapp-1 10103 8001  [2019-06-03 20:30:18 804] - Components::findComponents: found dbmgr, addr:192.168.27.1:13551
 WARNING    cellapp-1 10103 8001  [2019-06-03 20:30:19 804] - EntityApp::checkTickPeriod: tick took 1212% (1.21 seconds)!
    INFO    cellapp-1 10103 8001  [2019-06-03 20:30:20 889] - Components::findComponents: find cellappmgr(1)...
    INFO    cellapp-1 10103 8001  [2019-06-03 20:30:20 934] - Components::findComponents: found cellappmgr, addr:192.168.27.1:13555
    INFO    cellapp-1 10103 8001  [2019-06-03 20:30:20 934] - Components::addComponent[cellappmgr], uid=10103, componentID=6000, globalorderid=2, grouporderid=1, totalcount=1
    INFO    cellapp-1 10103 8001  [2019-06-03 20:30:20 935] - Components::findComponents: found cellappmgr, addr:192.168.27.1:13555
 WARNING    cellapp-1 10103 8001  [2019-06-03 20:30:21 935] - EntityApp::checkTickPeriod: tick took 1142% (1.14 seconds)!
    INFO    cellapp-1 10103 8001  [2019-06-03 20:30:22 989] - Components::findComponents: find baseappmgr(1)...
    INFO    cellapp-1 10103 8001  [2019-06-03 20:30:23 061] - Components::findComponents: found baseappmgr, addr:192.168.27.1:13552
    INFO    cellapp-1 10103 8001  [2019-06-03 20:30:23 061] - Components::addComponent[baseappmgr], uid=10103, componentID=5000, globalorderid=3, grouporderid=1, totalcount=1
    INFO    cellapp-1 10103 8001  [2019-06-03 20:30:23 062] - Components::findComponents: found baseappmgr, addr:192.168.27.1:13552
 WARNING    cellapp-1 10103 8001  [2019-06-03 20:30:24 063] - EntityApp::checkTickPeriod: tick took 1170% (1.17 seconds)!
    INFO    cellapp-1 10103 8001  [2019-06-03 20:30:25 092] - Components::findComponents: register self to dbmgr...
    INFO    cellapp-1 10103 8001  [2019-06-03 20:30:25 095] - Components::findComponents: register self to cellappmgr...
    INFO    cellapp-1 10103 8001  [2019-06-03 20:30:25 095] - ServerApp::onRegisterNewApp: uid:10103, username:Black, componentType:baseapp, componentID:7001, globalorderID=3, grouporderID=1, intaddr:192.168.27.1, intport:13618, extaddr:192.168.27.1, extport:20015,  from 192.168.27.1:13742/0/0/0.
    INFO    cellapp-1 10103 8001  [2019-06-03 20:30:25 095] - Components::addComponent[baseapp], uid=10103, componentID=7001, globalorderid=3, grouporderid=1, totalcount=1
    INFO    cellapp-1 10103 8001  [2019-06-03 20:30:25 096] - ServerApp::onRegisterNewApp: uid:10103, username:Black, componentType:baseapp, componentID:7001, globalorderID=3, grouporderID=1, intaddr:192.168.27.1, intport:13618, extaddr:192.168.27.1, extport:20015,  from 192.168.27.1:13742/0/0/0.
    INFO    cellapp-1 10103 8001  [2019-06-03 20:30:25 096] - Components::findComponents: register self to baseappmgr...
    INFO    cellapp-1 10103 8001  [2019-06-03 20:30:25 188] - Components::process(): Found all the components!
   S_DBG    cellapp-1 10103 8001  [2019-06-03 20:30:28 109] - onGlobalData: Spaces
    INFO    cellapp-1 10103 8001  [2019-06-03 20:30:28 109] - EntityApp::onDbmgrInitCompleted: entityID alloc(2001-4001), startGlobalOrder=4, startGroupOrder=1, digest=A95409634AA737AC5ED3596431383F23.
    INFO    cellapp01 10103 8001  [2019-06-03 20:30:28 109] - IDClient::onAddRange: number of ids increased from 2001 to 4001.
   S_DBG    cellapp01 10103 8001  [2019-06-03 20:30:29 328] - onInit::isReload:0
 WARNING    cellapp01 10103 8001  [2019-06-03 20:30:29 328] - d:\scratch\___kbe__\ouroboros-2.5.0\ouro\src\lib\network\channel.cpp:1023: Profile processRecvMessages took 1.22 seconds
 WARNING    cellapp01 10103 8001  [2019-06-03 20:30:29 328] - EntityApp::checkTickPeriod: tick took 1237% (1.24 seconds)!
   DEBUG    cellapp01 10103 8001  [2019-06-03 20:30:29 389] - InitProgressHandler::~InitProgressHandler()
   DEBUG    cellapp01 10103 8001  [2019-06-03 20:30:29 390] - Spaces::createNewSpace: new space(Space) 1.
    INFO    cellapp01 10103 8001  [2019-06-03 20:30:29 390] - EntityApp::createEntity: new Space 2
    INFO    cellapp01 10103 8001  [2019-06-03 20:30:29 391] - Ouroboros::addSpaceGeometryMapping: spaceID=1, respath=spaces/novice_1, shouldLoadOnServer=true!
   S_DBG    cellapp01 10103 8001  [2019-06-03 20:30:29 391] - onSpaceData: spaceID=1, key=_mapping, value=spaces/novice_1.
   S_DBG    cellapp01 10103 8001  [2019-06-03 20:30:29 391] - created space[1] entityID = 2, res = spaces/novice_1.
   DEBUG    cellapp01 10103 8001  [2019-06-03 20:30:29 392] - Spaces::createNewSpace: new space(Space) 2.
    INFO    cellapp01 10103 8001  [2019-06-03 20:30:29 393] - EntityApp::createEntity: new Space 3
    INFO    cellapp01 10103 8001  [2019-06-03 20:30:29 393] - Ouroboros::addSpaceGeometryMapping: spaceID=2, respath=spaces/novice_2, shouldLoadOnServer=true!
   S_DBG    cellapp01 10103 8001  [2019-06-03 20:30:29 393] - onSpaceData: spaceID=2, key=_mapping, value=spaces/novice_2.
   S_DBG    cellapp01 10103 8001  [2019-06-03 20:30:29 393] - created space[2] entityID = 3, res = spaces/novice_2.
   DEBUG    cellapp01 10103 8001  [2019-06-03 20:30:29 398] - NavMeshHandle::create: (C:/Users/Black/Ouroboros/assets/res/spaces/novice_1/srv_novice_village_1.navmesh), layer=0
   DEBUG    cellapp01 10103 8001  [2019-06-03 20:30:29 398] - 	==> tiles loaded: 1
   DEBUG    cellapp01 10103 8001  [2019-06-03 20:30:29 398] - 	==> BVTree nodes: 2
   DEBUG    cellapp01 10103 8001  [2019-06-03 20:30:29 398] - 	==> 1 polygons (4 vertices)
   DEBUG    cellapp01 10103 8001  [2019-06-03 20:30:29 398] - 	==> 2 triangles (0 vertices)
   DEBUG    cellapp01 10103 8001  [2019-06-03 20:30:29 398] - 	==> 0.00 MB of data (not including pointers)
   DEBUG    cellapp01 10103 8001  [2019-06-03 20:30:29 400] - NavMeshHandle::create: (C:/Users/Black/Ouroboros/assets/res/spaces/novice_2/srv_novice_village_2.navmesh), layer=0
   DEBUG    cellapp01 10103 8001  [2019-06-03 20:30:29 400] - 	==> tiles loaded: 1
   DEBUG    cellapp01 10103 8001  [2019-06-03 20:30:29 400] - 	==> BVTree nodes: 2
   DEBUG    cellapp01 10103 8001  [2019-06-03 20:30:29 400] - 	==> 1 polygons (4 vertices)
   DEBUG    cellapp01 10103 8001  [2019-06-03 20:30:29 400] - 	==> 2 triangles (0 vertices)
   DEBUG    cellapp01 10103 8001  [2019-06-03 20:30:29 400] - 	==> 0.00 MB of data (not including pointers)
    INFO    cellapp01 10103 8001  [2019-06-03 20:30:29 493] - Ouroboros::onLoadedSpaceGeometryMapping: spaceID=1, respath=spaces/novice_1!
   S_DBG    cellapp01 10103 8001  [2019-06-03 20:30:29 493] - onSpaceGeometryLoaded: spaceID=1, mapping=spaces/novice_1.
   S_DBG    cellapp01 10103 8001  [2019-06-03 20:30:29 493] - onAllSpaceGeometryLoaded: spaceID=1, isBootstrap=1, mapping=spaces/novice_1.
    INFO    cellapp01 10103 8001  [2019-06-03 20:30:29 493] - Ouroboros::onLoadedSpaceGeometryMapping: spaceID=2, respath=spaces/novice_2!
   S_DBG    cellapp01 10103 8001  [2019-06-03 20:30:29 493] - onSpaceGeometryLoaded: spaceID=2, mapping=spaces/novice_2.
   S_DBG    cellapp01 10103 8001  [2019-06-03 20:30:29 493] - onAllSpaceGeometryLoaded: spaceID=2, isBootstrap=1, mapping=spaces/novice_2.
    INFO    cellapp01 10103 8001  [2019-06-03 20:35:08 730] - EntityApp::createEntity: new Avatar 8
   S_ERR    cellapp01 10103 8001  [2019-06-03 20:35:08 735] - TypeError: must be set to a FLOAT type.
   S_ERR    cellapp01 10103 8001  [2019-06-03 20:35:08 736] - ValueError: can't set Avatar.lastPositionSyncTime to int.
   S_DBG    cellapp01 10103 8001  [2019-06-03 20:35:08 740] - Avatar::onGetWitness: 8.
   S_DBG    cellapp01 10103 8001  [2019-06-03 20:35:08 740] - Space::onEnter space[1] entityID = 8.
    INFO    cellapp01 10103 8001  [2019-06-03 20:35:13 988] - EntityApp::createEntity: new Avatar 9
   S_ERR    cellapp01 10103 8001  [2019-06-03 20:35:13 989] - TypeError: must be set to a FLOAT type.
   S_ERR    cellapp01 10103 8001  [2019-06-03 20:35:13 990] - ValueError: can't set Avatar.lastPositionSyncTime to int.
   S_DBG    cellapp01 10103 8001  [2019-06-03 20:35:13 990] - Avatar::onWitnessed: 9 isWitnessed=1.
   S_DBG    cellapp01 10103 8001  [2019-06-03 20:35:13 991] - Avatar::onWitnessed: 8 isWitnessed=1.
   S_DBG    cellapp01 10103 8001  [2019-06-03 20:35:13 991] - Avatar::onGetWitness: 9.
   S_DBG    cellapp01 10103 8001  [2019-06-03 20:35:13 991] - Space::onEnter space[1] entityID = 9.
   S_DBG    cellapp01 10103 8001  [2019-06-03 20:37:36 597] - Avatar::onDestroy: 8.
   DEBUG    cellapp01 10103 8001  [2019-06-03 20:37:36 676] - Avatar::~Avatar(): 8
   S_DBG    cellapp01 10103 8001  [2019-06-03 20:37:39 397] - Avatar::onDestroy: 9.
   DEBUG    cellapp01 10103 8001  [2019-06-03 20:37:39 476] - Avatar::~Avatar(): 9
   DEBUG    cellapp01 10103 8001  [2019-06-03 20:37:51 598] - WitnessedTimeoutHandler::handleTimeout: witnesseds is empty, timer is canceled!
    INFO    cellapp01 10103 8001  [2019-06-03 20:45:24 782] - EntityApp::createEntity: new Avatar 11
   S_ERR    cellapp01 10103 8001  [2019-06-03 20:45:24 783] - TypeError: must be set to a FLOAT type.
   S_ERR    cellapp01 10103 8001  [2019-06-03 20:45:24 784] - ValueError: can't set Avatar.lastPositionSyncTime to int.
   S_DBG    cellapp01 10103 8001  [2019-06-03 20:45:24 785] - Avatar::onGetWitness: 11.
   S_DBG    cellapp01 10103 8001  [2019-06-03 20:45:24 785] - Space::onEnter space[1] entityID = 11.
    INFO    cellapp01 10103 8001  [2019-06-03 20:45:34 482] - EntityApp::createEntity: new Avatar 13
   S_ERR    cellapp01 10103 8001  [2019-06-03 20:45:34 484] - TypeError: must be set to a FLOAT type.
   S_ERR    cellapp01 10103 8001  [2019-06-03 20:45:34 485] - ValueError: can't set Avatar.lastPositionSyncTime to int.
   S_DBG    cellapp01 10103 8001  [2019-06-03 20:45:34 486] - Avatar::onWitnessed: 13 isWitnessed=1.
   S_DBG    cellapp01 10103 8001  [2019-06-03 20:45:34 487] - Avatar::onWitnessed: 11 isWitnessed=1.
   S_DBG    cellapp01 10103 8001  [2019-06-03 20:45:34 487] - Avatar::onGetWitness: 13.
   S_DBG    cellapp01 10103 8001  [2019-06-03 20:45:34 487] - Space::onEnter space[1] entityID = 13.
   S_DBG    cellapp01 10103 8001  [2019-06-03 20:47:09 889] - Avatar::onDestroy: 11.
   DEBUG    cellapp01 10103 8001  [2019-06-03 20:47:09 954] - Avatar::~Avatar(): 11
   S_DBG    cellapp01 10103 8001  [2019-06-03 20:47:24 890] - Avatar::onWitnessed: 13 isWitnessed=0.
   DEBUG    cellapp01 10103 8001  [2019-06-03 20:47:24 890] - WitnessedTimeoutHandler::handleTimeout: witnesseds is empty, timer is canceled!
   S_DBG    cellapp01 10103 8001  [2019-06-03 20:48:32 236] - Avatar::onDestroy: 13.
   DEBUG    cellapp01 10103 8001  [2019-06-03 20:48:32 251] - Avatar::~Avatar(): 13
    INFO    cellapp01 10103 8001  [2019-06-03 20:49:06 221] - EntityApp::createEntity: new Avatar 16
   S_ERR    cellapp01 10103 8001  [2019-06-03 20:49:06 223] - TypeError: must be set to a FLOAT type.
   S_ERR    cellapp01 10103 8001  [2019-06-03 20:49:06 224] - ValueError: can't set Avatar.lastPositionSyncTime to int.
   S_DBG    cellapp01 10103 8001  [2019-06-03 20:49:06 227] - Avatar::onGetWitness: 16.
   S_DBG    cellapp01 10103 8001  [2019-06-03 20:49:06 227] - Space::onEnter space[1] entityID = 16.
    INFO    cellapp01 10103 8001  [2019-06-03 20:49:21 622] - EntityApp::createEntity: new Avatar 17
   S_ERR    cellapp01 10103 8001  [2019-06-03 20:49:21 623] - TypeError: must be set to a FLOAT type.
   S_ERR    cellapp01 10103 8001  [2019-06-03 20:49:21 623] - ValueError: can't set Avatar.lastPositionSyncTime to int.
   S_DBG    cellapp01 10103 8001  [2019-06-03 20:49:21 624] - Avatar::onWitnessed: 17 isWitnessed=1.
   S_DBG    cellapp01 10103 8001  [2019-06-03 20:49:21 625] - Avatar::onWitnessed: 16 isWitnessed=1.
   S_DBG    cellapp01 10103 8001  [2019-06-03 20:49:21 625] - Avatar::onGetWitness: 17.
   S_DBG    cellapp01 10103 8001  [2019-06-03 20:49:21 625] - Space::onEnter space[1] entityID = 17.
   S_DBG    cellapp01 10103 8001  [2019-06-03 20:52:49 682] - Avatar::onDestroy: 16.
   DEBUG    cellapp01 10103 8001  [2019-06-03 20:52:49 741] - Avatar::~Avatar(): 16
   S_DBG    cellapp01 10103 8001  [2019-06-03 20:53:04 683] - Avatar::onWitnessed: 17 isWitnessed=0.
   DEBUG    cellapp01 10103 8001  [2019-06-03 20:53:04 683] - WitnessedTimeoutHandler::handleTimeout: witnesseds is empty, timer is canceled!
   S_DBG    cellapp01 10103 8001  [2019-06-03 20:53:47 547] - Avatar::onDestroy: 17.
   DEBUG    cellapp01 10103 8001  [2019-06-03 20:53:47 639] - Avatar::~Avatar(): 17
    INFO    cellapp01 10103 8001  [2019-06-03 20:55:21 517] - EntityApp::createEntity: new Avatar 19
   S_ERR    cellapp01 10103 8001  [2019-06-03 20:55:21 519] - TypeError: must be set to a FLOAT type.
   S_ERR    cellapp01 10103 8001  [2019-06-03 20:55:21 520] - ValueError: can't set Avatar.lastPositionSyncTime to int.
   S_DBG    cellapp01 10103 8001  [2019-06-03 20:55:21 522] - Avatar::onGetWitness: 19.
   S_DBG    cellapp01 10103 8001  [2019-06-03 20:55:21 522] - Space::onEnter space[1] entityID = 19.
    INFO    cellapp01 10103 8001  [2019-06-03 20:55:28 216] - EntityApp::createEntity: new Avatar 21
   S_ERR    cellapp01 10103 8001  [2019-06-03 20:55:28 218] - TypeError: must be set to a FLOAT type.
   S_ERR    cellapp01 10103 8001  [2019-06-03 20:55:28 219] - ValueError: can't set Avatar.lastPositionSyncTime to int.
   S_DBG    cellapp01 10103 8001  [2019-06-03 20:55:28 220] - Avatar::onWitnessed: 21 isWitnessed=1.
   S_DBG    cellapp01 10103 8001  [2019-06-03 20:55:28 222] - Avatar::onWitnessed: 19 isWitnessed=1.
   S_DBG    cellapp01 10103 8001  [2019-06-03 20:55:28 222] - Avatar::onGetWitness: 21.
   S_DBG    cellapp01 10103 8001  [2019-06-03 20:55:28 222] - Space::onEnter space[1] entityID = 21.
   S_DBG    cellapp01 10103 8001  [2019-06-03 21:26:11 451] - Avatar::onDestroy: 19.
   DEBUG    cellapp01 10103 8001  [2019-06-03 21:26:11 466] - Avatar::~Avatar(): 19
   S_DBG    cellapp01 10103 8001  [2019-06-03 21:26:26 452] - Avatar::onWitnessed: 21 isWitnessed=0.
   DEBUG    cellapp01 10103 8001  [2019-06-03 21:26:26 452] - WitnessedTimeoutHandler::handleTimeout: witnesseds is empty, timer is canceled!
   S_DBG    cellapp01 10103 8001  [2019-06-03 21:27:26 057] - Avatar::onDestroy: 21.
   DEBUG    cellapp01 10103 8001  [2019-06-03 21:27:26 063] - Avatar::~Avatar(): 21
    INFO    cellapp01 10103 8001  [2019-06-03 23:09:02 607] - EntityApp::createEntity: new Avatar 23
   S_ERR    cellapp01 10103 8001  [2019-06-03 23:09:02 609] - TypeError: must be set to a FLOAT type.
   S_ERR    cellapp01 10103 8001  [2019-06-03 23:09:02 610] - ValueError: can't set Avatar.lastPositionSyncTime to int.
   S_DBG    cellapp01 10103 8001  [2019-06-03 23:09:02 611] - Avatar::onGetWitness: 23.
   S_DBG    cellapp01 10103 8001  [2019-06-03 23:09:02 611] - Space::onEnter space[1] entityID = 23.
    INFO    cellapp01 10103 8001  [2019-06-03 23:09:08 689] - EntityApp::createEntity: new Avatar 25
   S_ERR    cellapp01 10103 8001  [2019-06-03 23:09:08 690] - TypeError: must be set to a FLOAT type.
   S_ERR    cellapp01 10103 8001  [2019-06-03 23:09:08 690] - ValueError: can't set Avatar.lastPositionSyncTime to int.
   S_DBG    cellapp01 10103 8001  [2019-06-03 23:09:08 691] - Avatar::onWitnessed: 25 isWitnessed=1.
   S_DBG    cellapp01 10103 8001  [2019-06-03 23:09:08 691] - Avatar::onWitnessed: 23 isWitnessed=1.
   S_DBG    cellapp01 10103 8001  [2019-06-03 23:09:08 691] - Avatar::onGetWitness: 25.
   S_DBG    cellapp01 10103 8001  [2019-06-03 23:09:08 692] - Space::onEnter space[1] entityID = 25.
   S_DBG    cellapp01 10103 8001  [2019-06-03 23:16:51 596] - Avatar::onDestroy: 23.
   DEBUG    cellapp01 10103 8001  [2019-06-03 23:16:51 665] - Avatar::~Avatar(): 23
   S_DBG    cellapp01 10103 8001  [2019-06-03 23:17:06 597] - Avatar::onWitnessed: 25 isWitnessed=0.
   DEBUG    cellapp01 10103 8001  [2019-06-03 23:17:06 597] - WitnessedTimeoutHandler::handleTimeout: witnesseds is empty, timer is canceled!
   S_DBG    cellapp01 10103 8001  [2019-06-03 23:18:06 093] - Avatar::onDestroy: 25.
   DEBUG    cellapp01 10103 8001  [2019-06-03 23:18:06 162] - Avatar::~Avatar(): 25
    INFO    cellapp01 10103 8001  [2019-06-03 23:21:48 761] - EntityApp::createEntity: new Avatar 28
   S_ERR    cellapp01 10103 8001  [2019-06-03 23:21:48 763] - TypeError: must be set to a FLOAT type.
   S_ERR    cellapp01 10103 8001  [2019-06-03 23:21:48 765] - ValueError: can't set Avatar.lastPositionSyncTime to int.
   S_DBG    cellapp01 10103 8001  [2019-06-03 23:21:48 766] - Avatar::onGetWitness: 28.
   S_DBG    cellapp01 10103 8001  [2019-06-03 23:21:48 767] - Space::onEnter space[1] entityID = 28.
    INFO    cellapp01 10103 8001  [2019-06-03 23:21:54 080] - EntityApp::createEntity: new Avatar 29
   S_ERR    cellapp01 10103 8001  [2019-06-03 23:21:54 081] - TypeError: must be set to a FLOAT type.
   S_ERR    cellapp01 10103 8001  [2019-06-03 23:21:54 082] - ValueError: can't set Avatar.lastPositionSyncTime to int.
   S_DBG    cellapp01 10103 8001  [2019-06-03 23:21:54 084] - Avatar::onWitnessed: 29 isWitnessed=1.
   S_DBG    cellapp01 10103 8001  [2019-06-03 23:21:54 084] - Avatar::onWitnessed: 28 isWitnessed=1.
   S_DBG    cellapp01 10103 8001  [2019-06-03 23:21:54 084] - Avatar::onGetWitness: 29.
   S_DBG    cellapp01 10103 8001  [2019-06-03 23:21:54 085] - Space::onEnter space[1] entityID = 29.
   S_DBG    cellapp01 10103 8001  [2019-06-03 23:25:34 488] - Avatar::onDestroy: 28.
   DEBUG    cellapp01 10103 8001  [2019-06-03 23:25:34 545] - Avatar::~Avatar(): 28
   S_DBG    cellapp01 10103 8001  [2019-06-03 23:25:49 489] - Avatar::onWitnessed: 29 isWitnessed=0.
   DEBUG    cellapp01 10103 8001  [2019-06-03 23:25:49 489] - WitnessedTimeoutHandler::handleTimeout: witnesseds is empty, timer is canceled!
   S_DBG    cellapp01 10103 8001  [2019-06-03 23:26:42 890] - Avatar::onDestroy: 29.
   DEBUG    cellapp01 10103 8001  [2019-06-03 23:26:42 943] - Avatar::~Avatar(): 29
    INFO    cellapp01 10103 8001  [2019-06-03 23:27:52 237] - EntityApp::createEntity: new Avatar 32
   S_ERR    cellapp01 10103 8001  [2019-06-03 23:27:52 238] - TypeError: must be set to a FLOAT type.
   S_ERR    cellapp01 10103 8001  [2019-06-03 23:27:52 239] - ValueError: can't set Avatar.lastPositionSyncTime to int.
   S_DBG    cellapp01 10103 8001  [2019-06-03 23:27:52 240] - Avatar::onGetWitness: 32.
   S_DBG    cellapp01 10103 8001  [2019-06-03 23:27:52 241] - Space::onEnter space[1] entityID = 32.
    INFO    cellapp01 10103 8001  [2019-06-03 23:27:55 297] - EntityApp::createEntity: new Avatar 33
   S_ERR    cellapp01 10103 8001  [2019-06-03 23:27:55 298] - TypeError: must be set to a FLOAT type.
   S_ERR    cellapp01 10103 8001  [2019-06-03 23:27:55 299] - ValueError: can't set Avatar.lastPositionSyncTime to int.
   S_DBG    cellapp01 10103 8001  [2019-06-03 23:27:55 300] - Avatar::onWitnessed: 33 isWitnessed=1.
   S_DBG    cellapp01 10103 8001  [2019-06-03 23:27:55 301] - Avatar::onWitnessed: 32 isWitnessed=1.
   S_DBG    cellapp01 10103 8001  [2019-06-03 23:27:55 301] - Avatar::onGetWitness: 33.
   S_DBG    cellapp01 10103 8001  [2019-06-03 23:27:55 301] - Space::onEnter space[1] entityID = 33.
   S_DBG    cellapp01 10103 8001  [2019-06-03 23:28:25 885] - Avatar::onDestroy: 33.
   DEBUG    cellapp01 10103 8001  [2019-06-03 23:28:25 939] - Avatar::~Avatar(): 33
   S_DBG    cellapp01 10103 8001  [2019-06-03 23:28:40 887] - Avatar::onWitnessed: 32 isWitnessed=0.
   DEBUG    cellapp01 10103 8001  [2019-06-03 23:28:40 887] - WitnessedTimeoutHandler::handleTimeout: witnesseds is empty, timer is canceled!
   S_DBG    cellapp01 10103 8001  [2019-06-03 23:29:25 073] - Avatar::onLoseWitness: 32.
   S_DBG    cellapp01 10103 8001  [2019-06-03 23:29:25 073] - Avatar::onDestroy: 32.
   DEBUG    cellapp01 10103 8001  [2019-06-03 23:29:25 136] - Avatar::~Avatar(): 32
    INFO    cellapp01 10103 8001  [2019-06-03 23:29:30 455] - EntityApp::createEntity: new Avatar 35
   S_ERR    cellapp01 10103 8001  [2019-06-03 23:29:30 457] - TypeError: must be set to a FLOAT type.
   S_ERR    cellapp01 10103 8001  [2019-06-03 23:29:30 458] - ValueError: can't set Avatar.lastPositionSyncTime to int.
   S_DBG    cellapp01 10103 8001  [2019-06-03 23:29:30 459] - Avatar::onGetWitness: 35.
   S_DBG    cellapp01 10103 8001  [2019-06-03 23:29:30 459] - Space::onEnter space[1] entityID = 35.
    INFO    cellapp01 10103 8001  [2019-06-03 23:29:33 214] - EntityApp::createEntity: new Avatar 36
   S_ERR    cellapp01 10103 8001  [2019-06-03 23:29:33 216] - TypeError: must be set to a FLOAT type.
   S_ERR    cellapp01 10103 8001  [2019-06-03 23:29:33 217] - ValueError: can't set Avatar.lastPositionSyncTime to int.
   S_DBG    cellapp01 10103 8001  [2019-06-03 23:29:33 218] - Avatar::onWitnessed: 36 isWitnessed=1.
   S_DBG    cellapp01 10103 8001  [2019-06-03 23:29:33 218] - Avatar::onWitnessed: 35 isWitnessed=1.
   S_DBG    cellapp01 10103 8001  [2019-06-03 23:29:33 218] - Avatar::onGetWitness: 36.
   S_DBG    cellapp01 10103 8001  [2019-06-03 23:29:33 219] - Space::onEnter space[1] entityID = 36.
   S_DBG    cellapp01 10103 8001  [2019-06-03 23:29:53 384] - Avatar::onDestroy: 35.
   DEBUG    cellapp01 10103 8001  [2019-06-03 23:29:53 434] - Avatar::~Avatar(): 35
   S_DBG    cellapp01 10103 8001  [2019-06-03 23:29:55 483] - Avatar::onDestroy: 36.
   DEBUG    cellapp01 10103 8001  [2019-06-03 23:29:55 535] - Avatar::~Avatar(): 36
   DEBUG    cellapp01 10103 8001  [2019-06-03 23:30:08 385] - WitnessedTimeoutHandler::handleTimeout: witnesseds is empty, timer is canceled!
    INFO    cellapp01 10103 8001  [2019-06-03 23:31:06 156] - EntityApp::createEntity: new Avatar 38
   S_ERR    cellapp01 10103 8001  [2019-06-03 23:31:06 158] - TypeError: must be set to a FLOAT type.
   S_ERR    cellapp01 10103 8001  [2019-06-03 23:31:06 159] - ValueError: can't set Avatar.lastPositionSyncTime to int.
   S_DBG    cellapp01 10103 8001  [2019-06-03 23:31:06 162] - Avatar::onGetWitness: 38.
   S_DBG    cellapp01 10103 8001  [2019-06-03 23:31:06 162] - Space::onEnter space[1] entityID = 38.
    INFO    cellapp01 10103 8001  [2019-06-03 23:31:10 155] - EntityApp::createEntity: new Avatar 40
   S_ERR    cellapp01 10103 8001  [2019-06-03 23:31:10 157] - TypeError: must be set to a FLOAT type.
   S_ERR    cellapp01 10103 8001  [2019-06-03 23:31:10 159] - ValueError: can't set Avatar.lastPositionSyncTime to int.
   S_DBG    cellapp01 10103 8001  [2019-06-03 23:31:10 160] - Avatar::onWitnessed: 40 isWitnessed=1.
   S_DBG    cellapp01 10103 8001  [2019-06-03 23:31:10 161] - Avatar::onWitnessed: 38 isWitnessed=1.
   S_DBG    cellapp01 10103 8001  [2019-06-03 23:31:10 161] - Avatar::onGetWitness: 40.
   S_DBG    cellapp01 10103 8001  [2019-06-03 23:31:10 161] - Space::onEnter space[1] entityID = 40.
   S_DBG    cellapp01 10103 8001  [2019-06-03 23:34:02 780] - Avatar::onDestroy: 38.
   DEBUG    cellapp01 10103 8001  [2019-06-03 23:34:02 825] - Avatar::~Avatar(): 38
   S_DBG    cellapp01 10103 8001  [2019-06-03 23:34:17 781] - Avatar::onWitnessed: 40 isWitnessed=0.
   DEBUG    cellapp01 10103 8001  [2019-06-03 23:34:17 781] - WitnessedTimeoutHandler::handleTimeout: witnesseds is empty, timer is canceled!
   S_DBG    cellapp01 10103 8001  [2019-06-03 23:34:38 308] - Avatar::onDestroy: 40.
   DEBUG    cellapp01 10103 8001  [2019-06-03 23:34:38 324] - Avatar::~Avatar(): 40
    INFO    cellapp01 10103 8001  [2019-06-03 23:35:48 512] - EntityApp::createEntity: new Avatar 42
   S_ERR    cellapp01 10103 8001  [2019-06-03 23:35:48 513] - TypeError: must be set to a FLOAT type.
   S_ERR    cellapp01 10103 8001  [2019-06-03 23:35:48 514] - ValueError: can't set Avatar.lastPositionSyncTime to int.
   S_DBG    cellapp01 10103 8001  [2019-06-03 23:35:48 515] - Avatar::onGetWitness: 42.
   S_DBG    cellapp01 10103 8001  [2019-06-03 23:35:48 515] - Space::onEnter space[1] entityID = 42.
    INFO    cellapp01 10103 8001  [2019-06-03 23:35:53 513] - EntityApp::createEntity: new Avatar 44
   S_ERR    cellapp01 10103 8001  [2019-06-03 23:35:53 515] - TypeError: must be set to a FLOAT type.
   S_ERR    cellapp01 10103 8001  [2019-06-03 23:35:53 517] - ValueError: can't set Avatar.lastPositionSyncTime to int.
   S_DBG    cellapp01 10103 8001  [2019-06-03 23:35:53 518] - Avatar::onWitnessed: 44 isWitnessed=1.
   S_DBG    cellapp01 10103 8001  [2019-06-03 23:35:53 519] - Avatar::onWitnessed: 42 isWitnessed=1.
   S_DBG    cellapp01 10103 8001  [2019-06-03 23:35:53 519] - Avatar::onGetWitness: 44.
   S_DBG    cellapp01 10103 8001  [2019-06-03 23:35:53 519] - Space::onEnter space[1] entityID = 44.
   S_DBG    cellapp01 10103 8001  [2019-06-03 23:37:37 176] - Avatar::onDestroy: 44.
   DEBUG    cellapp01 10103 8001  [2019-06-03 23:37:37 218] - Avatar::~Avatar(): 44
   S_DBG    cellapp01 10103 8001  [2019-06-03 23:37:52 177] - Avatar::onWitnessed: 42 isWitnessed=0.
   DEBUG    cellapp01 10103 8001  [2019-06-03 23:37:52 177] - WitnessedTimeoutHandler::handleTimeout: witnesseds is empty, timer is canceled!
   S_DBG    cellapp01 10103 8001  [2019-06-03 23:38:40 568] - Avatar::onDestroy: 42.
   DEBUG    cellapp01 10103 8001  [2019-06-03 23:38:40 614] - Avatar::~Avatar(): 42
