    INFO      dbmgr-1 10103 4000  [2019-05-30 01:20:09 427] - -----------------------------------------------------------------------------------------


    INFO      dbmgr-1 10103 4000  [2019-05-30 01:20:09 431] - Resmgr::initialize: OURO_ROOT=C:/Users/Black/Ouroboros/
    INFO      dbmgr-1 10103 4000  [2019-05-30 01:20:09 431] - Resmgr::initialize: OURO_RES_PATH=C:/Users/Black/Ouroboros/ouro/res/;C:/Users/Black/Ouroboros/assets/;C:/Users/Black/Ouroboros/assets/scripts/;C:/Users/Black/Ouroboros/assets/res/
    INFO      dbmgr-1 10103 4000  [2019-05-30 01:20:09 431] - Resmgr::initialize: OURO_BIN_PATH=C:/Users/Black/Ouroboros/ouro/bin/server/
    INFO      dbmgr-1 10103 4000  [2019-05-30 01:20:09 444] - NetworkInterface::initialize(INTERNAL-TCP): bound to all interfaces with default route interface on 192.168.27.1 ( 192.168.27.1:9696 )
    INFO      dbmgr-1 10103 4000  [2019-05-30 01:20:09 444] - NetworkInterface::initialize(INTERNAL-TCP): address 192.168.27.1:9696, SOMAXCONN=5.
    INFO      dbmgr-1 10103 4000  [2019-05-30 01:20:09 444] - server-configs:
    INFO      dbmgr-1 10103 4000  [2019-05-30 01:20:09 444] - 	internalTcpAddr : 192.168.27.1:9696
    INFO      dbmgr-1 10103 4000  [2019-05-30 01:20:09 444] - 	componentID : 4000
    INFO      dbmgr-1 10103 4000  [2019-05-30 01:20:09 461] - Components::findLogger: found logger, addr:192.168.27.1:9616
    INFO      dbmgr-1 10103 4000  [2019-05-30 01:20:09 462] - Components::addComponent: reset orderLog, uid=10103!
    INFO      dbmgr-1 10103 4000  [2019-05-30 01:20:09 462] - Components::addComponent[logger], uid=10103, componentID=2000, globalorderid=1, grouporderid=1, totalcount=1
    INFO      dbmgr-1 10103 4000  [2019-05-30 01:20:09 467] - ---- dbmgr Version: 2.5.0. ScriptVersion: 0.1.0. Pythoncore: 3.7.3. Protocol: 7E018B6508A428A183CCC712F3412432. Config: Debug X86. Built: 03:59:31 May 23 2019. AppID: 4000. UID: 10103. PID: 6080 ----
    INFO      dbmgr-1 10103 4000  [2019-05-30 01:20:09 467] - Server Black: Intel(R) Core(TM) i7-7700HQ CPU @ 2.80GHz with 2097151kB RAM
    INFO      dbmgr-1 10103 4000  [2019-05-30 01:20:09 468] - ThreadPool::createThreadPool: creating  threadpool...
    INFO      dbmgr-1 10103 4000  [2019-05-30 01:20:09 468] - ThreadPool::createThreadPool: successfully(2), newThreadCount=1, normalMaxThreadCount=2, maxThreadCount=8
    INFO      dbmgr-1 10103 4000  [2019-05-30 01:20:09 721] - Script::install(): is successfully, Python=(3.7.3 (default, May 23 2019, 03:58:29) [MSC v.1916 32 bit (Intel)])!
    INFO      dbmgr-1 10103 4000  [2019-05-30 01:20:09 722] - Script::install(): OUROxtra is successfully!
    INFO      dbmgr-1 10103 4000  [2019-05-30 01:20:10 579] - Dbmgr::initializeEnd: digest(A95409634AA737AC5ED3596431383F23)
  S_INFO      dbmgr-1 10103 4000  [2019-05-30 01:20:10 580] - onDBMgrReady: bootstrapGroupIndex=0, bootstrapGlobalIndex=0
    INFO      dbmgr-1 10103 4000  [2019-05-30 01:20:10 580] - TelnetServer server is running on port 32000
    INFO      dbmgr-1 10103 4000  [2019-05-30 01:20:10 581] - Dbmgr::initInterfacesHandler: interfaces addr(127.0.0.1:30099), accountType:(interfaces), chargeType:(interfaces).
 WARNING      dbmgr-1 10103 4000  [2019-05-30 01:20:10 851] - DBUtil::initialize: db(default) password is not encrypted!
please use password(rsa):
21B1371C5098A8613463534580C2F1F13B5AEA5B6BB93BADFD98AA40AB0123115F7E6CE702FC6EB8AD02B77F4699B422D13D127DDE935283874D5117F3E8B0AA3C305F934E25DC54685BA39E759C34C8DE588F6C74814A1000F2DFA36A3DC56ECA641490A245423B7165EA0478BE52E5B8E056BF56A12405A21CC0EDD24687AC
   DEBUG      dbmgr-1 10103 4000  [2019-05-30 01:20:10 861] - DBInterfaceMysql::attach: connect: localhost:3306 starting...
   DEBUG      dbmgr-1 10103 4000  [2019-05-30 01:20:10 973] - DBInterfaceMysql::attach: successfully! addr: localhost:3306
    INFO      dbmgr-1 10103 4000  [2019-05-30 01:20:10 974] - DBUtil::createInterface[0xdef044]: interface=default, dbtype=mysql, ip=localhost, port=3306, currdatabase=ouro, username=ouro, connected=yes.

    INFO      dbmgr-1 10103 4000  [2019-05-30 01:20:10 975] - ThreadPool::createThreadPool: creating  threadpool...
    INFO      dbmgr-1 10103 4000  [2019-05-30 01:20:10 975] - ThreadPool::createThreadPool: successfully(5), newThreadCount=5, normalMaxThreadCount=5, maxThreadCount=5
    INFO      dbmgr-1 10103 4000  [2019-05-30 01:20:11 081] - DBInterfaceMysql::query: successfully!
 WARNING      dbmgr-1 10103 4000  [2019-05-30 01:20:11 235] - d:\scratch\___kbe__\ouroboros-2.5.0\ouro\src\server\dbmgr\dbmgr.cpp:306: Profile scriptCall took 0.65 seconds
    INFO      dbmgr-1 10103 4000  [2019-05-30 01:20:11 641] - ---- dbmgr is running ----
   DEBUG      dbmgr-1 10103 4000  [2019-05-30 01:20:11 641] - Components::process(): Request for the process of identity...
   DEBUG      dbmgr-1 10103 4000  [2019-05-30 01:20:10 976] - DBInterfaceMysql::attach: connect: localhost:3306 starting...
   DEBUG      dbmgr-1 10103 4000  [2019-05-30 01:20:10 976] - DBInterfaceMysql::attach: connect: localhost:3306 starting...
   DEBUG      dbmgr-1 10103 4000  [2019-05-30 01:20:10 976] - DBInterfaceMysql::attach: connect: localhost:3306 starting...
   DEBUG      dbmgr-1 10103 4000  [2019-05-30 01:20:10 976] - DBInterfaceMysql::attach: connect: localhost:3306 starting...
   DEBUG      dbmgr-1 10103 4000  [2019-05-30 01:20:10 977] - DBInterfaceMysql::attach: connect: localhost:3306 starting...
   DEBUG      dbmgr-1 10103 4000  [2019-05-30 01:20:10 980] - DBInterfaceMysql::attach: successfully! addr: localhost:3306
   DEBUG      dbmgr-1 10103 4000  [2019-05-30 01:20:10 980] - DBThread::onStart(): 0x1d69b8!
   DEBUG      dbmgr-1 10103 4000  [2019-05-30 01:20:10 981] - DBInterfaceMysql::attach: successfully! addr: localhost:3306
   DEBUG      dbmgr-1 10103 4000  [2019-05-30 01:20:10 981] - DBThread::onStart(): 0x1d6930!
   DEBUG      dbmgr-1 10103 4000  [2019-05-30 01:20:10 982] - DBInterfaceMysql::attach: successfully! addr: localhost:3306
   DEBUG      dbmgr-1 10103 4000  [2019-05-30 01:20:10 982] - DBThread::onStart(): 0x1d6578!
   DEBUG      dbmgr-1 10103 4000  [2019-05-30 01:20:10 983] - DBInterfaceMysql::attach: successfully! addr: localhost:3306
   DEBUG      dbmgr-1 10103 4000  [2019-05-30 01:20:10 984] - DBThread::onStart(): 0x1d62d0!
   DEBUG      dbmgr-1 10103 4000  [2019-05-30 01:20:10 985] - DBInterfaceMysql::attach: successfully! addr: localhost:3306
   DEBUG      dbmgr-1 10103 4000  [2019-05-30 01:20:10 985] - DBThread::onStart(): 0x1d6468!
    INFO      dbmgr-1 10103 4000  [2019-05-30 01:20:11 115] - DBInterfaceMysql::query: successfully!
    INFO      dbmgr-1 10103 4000  [2019-05-30 01:20:11 115] - DBInterfaceMysql::query: successfully!
    INFO      dbmgr-1 10103 4000  [2019-05-30 01:20:11 116] - DBInterfaceMysql::query: successfully!
    INFO      dbmgr-1 10103 4000  [2019-05-30 01:20:11 127] - DBInterfaceMysql::query: successfully!
    INFO      dbmgr-1 10103 4000  [2019-05-30 01:20:11 127] - DBInterfaceMysql::query: successfully!
    INFO      dbmgr-1 10103 4000  [2019-05-30 01:20:11 128] - DBInterfaceMysql::query: successfully!
    INFO      dbmgr-1 10103 4000  [2019-05-30 01:20:11 211] - DBInterfaceMysql::query: successfully!
    INFO      dbmgr-1 10103 4000  [2019-05-30 01:20:11 213] - DBInterfaceMysql::query: successfully!
    INFO      dbmgr-1 10103 4000  [2019-05-30 01:20:17 896] - ServerApp::onRegisterNewApp: uid:10103, username:Black, componentType:interfaces, componentID:3000, globalorderID=-1, grouporderID=-1, intaddr:192.168.27.1, intport:30099, extaddr:nonsupport, extport:0,  from 127.0.0.1:30099/0/0/0.
    INFO      dbmgr-1 10103 4000  [2019-05-30 01:20:17 896] - Components::addComponent: reset orderLog, uid=10103!
    INFO      dbmgr-1 10103 4000  [2019-05-30 01:20:17 896] - Components::addComponent[interfaces], uid=10103, componentID=3000, globalorderid=1, grouporderid=1, totalcount=1
    INFO      dbmgr-1 10103 4000  [2019-05-30 01:20:18 919] - Components::process(): Found all the components!
    INFO      dbmgr-1 10103 4000  [2019-05-30 01:20:30 440] - ServerApp::onRegisterNewApp: uid:10103, username:Black, componentType:baseappmgr, componentID:5000, globalorderID=-1, grouporderID=-1, intaddr:192.168.27.1, intport:9732, extaddr:nonsupport, extport:0,  from 192.168.27.1:9771/0/0/0.
    INFO      dbmgr-1 10103 4000  [2019-05-30 01:20:30 440] - Components::addComponent: reset orderLog, uid=10103!
    INFO      dbmgr-1 10103 4000  [2019-05-30 01:20:30 440] - Components::addComponent[baseappmgr], uid=10103, componentID=5000, globalorderid=1, grouporderid=1, totalcount=1
    INFO      dbmgr-1 10103 4000  [2019-05-30 01:20:39 113] - ServerApp::onRegisterNewApp: uid:10103, username:Black, componentType:cellappmgr, componentID:6000, globalorderID=-1, grouporderID=-1, intaddr:192.168.27.1, intport:9759, extaddr:nonsupport, extport:0,  from 192.168.27.1:9796/0/0/0.
    INFO      dbmgr-1 10103 4000  [2019-05-30 01:20:39 113] - Components::addComponent[cellappmgr], uid=10103, componentID=6000, globalorderid=2, grouporderid=1, totalcount=1
    INFO      dbmgr-1 10103 4000  [2019-05-30 01:20:59 381] - ServerApp::onRegisterNewApp: uid:10103, username:Black, componentType:baseapp, componentID:7001, globalorderID=-1, grouporderID=-1, intaddr:192.168.27.1, intport:9810, extaddr:192.168.27.1, extport:20015,  from 192.168.27.1:9851/0/0/0.
    INFO      dbmgr-1 10103 4000  [2019-05-30 01:20:59 381] - Components::addComponent[baseapp], uid=10103, componentID=7001, globalorderid=3, grouporderid=1, totalcount=1
    INFO      dbmgr-1 10103 4000  [2019-05-30 01:21:02 398] - IDServer::allocRange: 1-2001.
   DEBUG      dbmgr-1 10103 4000  [2019-05-30 01:21:02 398] - SyncAppDatasHandler::~SyncAppDatasHandler()
    INFO      dbmgr-1 10103 4000  [2019-05-30 01:21:03 898] - GlobalDataServer::broadcastDataChanged: writer(baseapp, addr=192.168.27.1:9851/0/0/0), keySize=12, valSize=45, isDelete=0
    INFO      dbmgr-1 10103 4000  [2019-05-30 01:21:16 549] - ServerApp::onRegisterNewApp: uid:10103, username:Black, componentType:cellapp, componentID:8001, globalorderID=-1, grouporderID=-1, intaddr:192.168.27.1, intport:9859, extaddr:nonsupport, extport:0,  from 192.168.27.1:9899/0/0/0.
    INFO      dbmgr-1 10103 4000  [2019-05-30 01:21:16 549] - Components::addComponent[cellapp], uid=10103, componentID=8001, globalorderid=4, grouporderid=1, totalcount=1
    INFO      dbmgr-1 10103 4000  [2019-05-30 01:21:19 557] - IDServer::allocRange: 2001-4001.
   DEBUG      dbmgr-1 10103 4000  [2019-05-30 01:21:19 557] - SyncAppDatasHandler::~SyncAppDatasHandler()
    INFO      dbmgr-1 10103 4000  [2019-05-30 01:21:20 809] - GlobalDataServer::broadcastDataChanged: writer(cellapp, addr=192.168.27.1:9899/0/0/0), keySize=13, valSize=45, isDelete=0
    INFO      dbmgr-1 10103 4000  [2019-05-30 01:21:20 812] - GlobalDataServer::broadcastDataChanged: writer(cellapp, addr=192.168.27.1:9899/0/0/0), keySize=13, valSize=45, isDelete=0
    INFO      dbmgr-1 10103 4000  [2019-05-30 01:21:23 153] - ServerApp::onRegisterNewApp: uid:10103, username:Black, componentType:loginapp, componentID:9000, globalorderID=-1, grouporderID=-1, intaddr:192.168.27.1, intport:9880, extaddr:192.168.27.1, extport:20013,  from 192.168.27.1:9923/0/0/0.
    INFO      dbmgr-1 10103 4000  [2019-05-30 01:21:23 153] - Components::addComponent[loginapp], uid=10103, componentID=9000, globalorderid=5, grouporderid=1, totalcount=1
   DEBUG      dbmgr-1 10103 4000  [2019-05-30 01:21:26 157] - SyncAppDatasHandler::~SyncAppDatasHandler()
   DEBUG      dbmgr-1 10103 4000  [2019-05-30 01:35:46 623] - Dbmgr::onAccountLogin:loginName=test13, accountName=test13, success=0, componentID=0, entityID=0, dbid=1, flags=0, deadline=0.
   DEBUG      dbmgr-1 10103 4000  [2019-05-30 01:35:46 862] - Dbmgr::queryAccount: test13, success=true, flags=0, deadline=0.
   DEBUG      dbmgr-1 10103 4000  [2019-05-30 01:36:04 402] - Dbmgr::writeEntity: Avatar(7).
   DEBUG      dbmgr-1 10103 4000  [2019-05-30 01:36:04 422] - Dbmgr::onEntityOffline: 7, entityType=2.
   DEBUG      dbmgr-1 10103 4000  [2019-05-30 01:36:04 422] - Dbmgr::writeEntity: Account(1).
   DEBUG      dbmgr-1 10103 4000  [2019-05-30 01:36:07 802] - Dbmgr::onAccountLogin:loginName=killingbosser1, accountName=killingbosser1, success=0, componentID=0, entityID=0, dbid=2, flags=0, deadline=0.
   DEBUG      dbmgr-1 10103 4000  [2019-05-30 01:36:08 041] - Dbmgr::queryAccount: killingbosser1, success=true, flags=0, deadline=0.
   DEBUG      dbmgr-1 10103 4000  [2019-05-30 01:36:19 982] - Dbmgr::writeEntity: Avatar(8).
   DEBUG      dbmgr-1 10103 4000  [2019-05-30 01:36:20 001] - Dbmgr::onEntityOffline: 8, entityType=2.
   DEBUG      dbmgr-1 10103 4000  [2019-05-30 01:36:20 002] - Dbmgr::writeEntity: Account(2).
   DEBUG      dbmgr-1 10103 4000  [2019-05-30 01:36:23 321] - Dbmgr::DBTaskQueryEntity: Avatar, dbid=8, entityID=8, wasActive=false, queryMode=0, componentID=7001, success=true.
   DEBUG      dbmgr-1 10103 4000  [2019-05-30 01:36:26 341] - Dbmgr::DBTaskQueryEntity: Avatar, dbid=7, entityID=9, wasActive=false, queryMode=0, componentID=7001, success=true.
   DEBUG      dbmgr-1 10103 4000  [2019-05-30 01:42:00 808] - Dbmgr::writeEntity: Avatar(8).
   DEBUG      dbmgr-1 10103 4000  [2019-05-30 01:44:30 801] - Dbmgr::writeEntity: Avatar(7).
   DEBUG      dbmgr-1 10103 4000  [2019-05-30 02:00:45 722] - Dbmgr::writeEntity: Avatar(8).
   DEBUG      dbmgr-1 10103 4000  [2019-05-30 02:20:11 116] - Dbmgr::DBTaskServerLog()
   DEBUG      dbmgr-1 10103 4000  [2019-05-30 02:31:23 289] - Dbmgr::onEntityOffline: 2, entityType=1.
   DEBUG      dbmgr-1 10103 4000  [2019-05-30 02:31:23 289] - Dbmgr::onEntityOffline: 8, entityType=2.
   DEBUG      dbmgr-1 10103 4000  [2019-05-30 02:32:16 426] - Dbmgr::onEntityOffline: 7, entityType=2.
   DEBUG      dbmgr-1 10103 4000  [2019-05-30 02:32:16 426] - Dbmgr::onEntityOffline: 1, entityType=1.
   DEBUG      dbmgr-1 10103 4000  [2019-05-30 02:35:39 538] - Dbmgr::onAccountLogin:loginName=killingbosser1, accountName=killingbosser1, success=0, componentID=0, entityID=0, dbid=2, flags=0, deadline=0.
   DEBUG      dbmgr-1 10103 4000  [2019-05-30 02:35:39 779] - Dbmgr::queryAccount: killingbosser1, success=true, flags=0, deadline=0.
   DEBUG      dbmgr-1 10103 4000  [2019-05-30 02:35:45 719] - Dbmgr::writeEntity: Avatar(9).
   DEBUG      dbmgr-1 10103 4000  [2019-05-30 02:35:45 739] - Dbmgr::onEntityOffline: 9, entityType=2.
   DEBUG      dbmgr-1 10103 4000  [2019-05-30 02:35:45 739] - Dbmgr::writeEntity: Account(2).
   DEBUG      dbmgr-1 10103 4000  [2019-05-30 02:35:55 738] - Dbmgr::onAccountLogin:loginName=test13, accountName=test13, success=0, componentID=0, entityID=0, dbid=1, flags=0, deadline=0.
   DEBUG      dbmgr-1 10103 4000  [2019-05-30 02:35:55 978] - Dbmgr::queryAccount: test13, success=true, flags=0, deadline=0.
   DEBUG      dbmgr-1 10103 4000  [2019-05-30 02:36:03 238] - Dbmgr::writeEntity: Avatar(10).
   DEBUG      dbmgr-1 10103 4000  [2019-05-30 02:36:03 258] - Dbmgr::onEntityOffline: 10, entityType=2.
   DEBUG      dbmgr-1 10103 4000  [2019-05-30 02:36:03 258] - Dbmgr::writeEntity: Account(1).
   DEBUG      dbmgr-1 10103 4000  [2019-05-30 02:36:08 018] - Dbmgr::DBTaskQueryEntity: Avatar, dbid=10, entityID=14, wasActive=false, queryMode=0, componentID=7001, success=true.
   DEBUG      dbmgr-1 10103 4000  [2019-05-30 02:36:16 277] - Dbmgr::DBTaskQueryEntity: Avatar, dbid=9, entityID=15, wasActive=false, queryMode=0, componentID=7001, success=true.
   DEBUG      dbmgr-1 10103 4000  [2019-05-30 02:38:09 573] - Dbmgr::onEntityOffline: 2, entityType=1.
   DEBUG      dbmgr-1 10103 4000  [2019-05-30 02:38:09 593] - Dbmgr::writeEntity: Avatar(9).
   DEBUG      dbmgr-1 10103 4000  [2019-05-30 02:38:09 593] - Dbmgr::onEntityOffline: 9, entityType=2.
    INFO      dbmgr-1 10103 4000  [2019-05-30 02:38:09 574] - Buffered_DBTasks::onFiniTask: Playing buffered task for entityID=0, dbid=9, dbid_tasks_size=1, entityid_tasks_size=0.
   DEBUG      dbmgr-1 10103 4000  [2019-05-30 02:38:25 772] - Dbmgr::onEntityOffline: 1, entityType=1.
   DEBUG      dbmgr-1 10103 4000  [2019-05-30 02:38:25 792] - Dbmgr::writeEntity: Avatar(10).
   DEBUG      dbmgr-1 10103 4000  [2019-05-30 02:38:25 792] - Dbmgr::onEntityOffline: 10, entityType=2.
    INFO      dbmgr-1 10103 4000  [2019-05-30 02:38:25 772] - Buffered_DBTasks::onFiniTask: Playing buffered task for entityID=0, dbid=10, dbid_tasks_size=1, entityid_tasks_size=0.
   DEBUG      dbmgr-1 10103 4000  [2019-05-30 02:38:27 952] - Dbmgr::onAccountLogin:loginName=test13, accountName=test13, success=0, componentID=0, entityID=0, dbid=1, flags=0, deadline=0.
   DEBUG      dbmgr-1 10103 4000  [2019-05-30 02:38:28 192] - Dbmgr::queryAccount: test13, success=true, flags=0, deadline=0.
   DEBUG      dbmgr-1 10103 4000  [2019-05-30 02:38:50 271] - Dbmgr::DBTaskQueryEntity: Avatar, dbid=10, entityID=17, wasActive=false, queryMode=0, componentID=7001, success=true.
   DEBUG      dbmgr-1 10103 4000  [2019-05-30 02:42:01 783] - Dbmgr::onAccountLogin:loginName=test13, accountName=test13, success=10, componentID=7001, entityID=16, dbid=1, flags=0, deadline=0.
   DEBUG      dbmgr-1 10103 4000  [2019-05-30 02:42:02 023] - Dbmgr::writeEntity: Avatar(10).
   DEBUG      dbmgr-1 10103 4000  [2019-05-30 02:42:02 023] - Dbmgr::onEntityOffline: 10, entityType=2.
    INFO      dbmgr-1 10103 4000  [2019-05-30 02:42:02 019] - Buffered_DBTasks::onFiniTask: Playing buffered task for entityID=0, dbid=10, dbid_tasks_size=1, entityid_tasks_size=0.
   DEBUG      dbmgr-1 10103 4000  [2019-05-30 02:42:11 483] - Dbmgr::writeEntity: Avatar(11).
   DEBUG      dbmgr-1 10103 4000  [2019-05-30 02:42:11 502] - Dbmgr::onEntityOffline: 11, entityType=2.
   DEBUG      dbmgr-1 10103 4000  [2019-05-30 02:42:11 503] - Dbmgr::writeEntity: Account(1).
   DEBUG      dbmgr-1 10103 4000  [2019-05-30 02:42:15 442] - Dbmgr::DBTaskQueryEntity: Avatar, dbid=11, entityID=19, wasActive=false, queryMode=0, componentID=7001, success=true.
   DEBUG      dbmgr-1 10103 4000  [2019-05-30 02:44:14 338] - Dbmgr::onAccountLogin:loginName=test13, accountName=test13, success=10, componentID=7001, entityID=16, dbid=1, flags=0, deadline=0.
   DEBUG      dbmgr-1 10103 4000  [2019-05-30 02:44:14 578] - Dbmgr::writeEntity: Avatar(11).
   DEBUG      dbmgr-1 10103 4000  [2019-05-30 02:44:14 598] - Dbmgr::onEntityOffline: 11, entityType=2.
    INFO      dbmgr-1 10103 4000  [2019-05-30 02:44:14 577] - Buffered_DBTasks::onFiniTask: Playing buffered task for entityID=0, dbid=11, dbid_tasks_size=1, entityid_tasks_size=0.
   DEBUG      dbmgr-1 10103 4000  [2019-05-30 02:44:19 458] - Dbmgr::writeEntity: Avatar(12).
   DEBUG      dbmgr-1 10103 4000  [2019-05-30 02:44:19 478] - Dbmgr::onEntityOffline: 12, entityType=2.
   DEBUG      dbmgr-1 10103 4000  [2019-05-30 02:44:19 478] - Dbmgr::writeEntity: Account(1).
   DEBUG      dbmgr-1 10103 4000  [2019-05-30 02:44:20 998] - Dbmgr::DBTaskQueryEntity: Avatar, dbid=12, entityID=21, wasActive=false, queryMode=0, componentID=7001, success=true.
   DEBUG      dbmgr-1 10103 4000  [2019-05-30 02:47:14 391] - Dbmgr::onEntityOffline: 1, entityType=1.
   DEBUG      dbmgr-1 10103 4000  [2019-05-30 02:47:14 391] - Dbmgr::writeEntity: Avatar(12).
   DEBUG      dbmgr-1 10103 4000  [2019-05-30 02:47:14 391] - Dbmgr::onEntityOffline: 12, entityType=2.
    INFO      dbmgr-1 10103 4000  [2019-05-30 02:47:14 379] - Buffered_DBTasks::onFiniTask: Playing buffered task for entityID=0, dbid=12, dbid_tasks_size=1, entityid_tasks_size=0.
   DEBUG      dbmgr-1 10103 4000  [2019-05-30 02:48:27 108] - Dbmgr::onAccountLogin:loginName=test13, accountName=test13, success=0, componentID=0, entityID=0, dbid=1, flags=0, deadline=0.
   DEBUG      dbmgr-1 10103 4000  [2019-05-30 02:48:27 368] - Dbmgr::queryAccount: test13, success=true, flags=0, deadline=0.
   DEBUG      dbmgr-1 10103 4000  [2019-05-30 02:48:34 028] - Dbmgr::writeEntity: Avatar(13).
   DEBUG      dbmgr-1 10103 4000  [2019-05-30 02:48:34 048] - Dbmgr::onEntityOffline: 13, entityType=2.
   DEBUG      dbmgr-1 10103 4000  [2019-05-30 02:48:34 048] - Dbmgr::writeEntity: Account(1).
   DEBUG      dbmgr-1 10103 4000  [2019-05-30 02:48:40 887] - Dbmgr::DBTaskQueryEntity: Avatar, dbid=12, entityID=24, wasActive=false, queryMode=0, componentID=7001, success=true.
   DEBUG      dbmgr-1 10103 4000  [2019-05-30 02:51:49 460] - Dbmgr::onAccountLogin:loginName=test13, accountName=test13, success=10, componentID=7001, entityID=22, dbid=1, flags=0, deadline=0.
   DEBUG      dbmgr-1 10103 4000  [2019-05-30 02:51:49 700] - Dbmgr::writeEntity: Avatar(12).
   DEBUG      dbmgr-1 10103 4000  [2019-05-30 02:51:49 700] - Dbmgr::onEntityOffline: 12, entityType=2.
    INFO      dbmgr-1 10103 4000  [2019-05-30 02:51:49 692] - Buffered_DBTasks::onFiniTask: Playing buffered task for entityID=0, dbid=12, dbid_tasks_size=1, entityid_tasks_size=0.
   DEBUG      dbmgr-1 10103 4000  [2019-05-30 02:52:03 119] - Dbmgr::writeEntity: Avatar(14).
   DEBUG      dbmgr-1 10103 4000  [2019-05-30 02:52:03 139] - Dbmgr::onEntityOffline: 14, entityType=2.
   DEBUG      dbmgr-1 10103 4000  [2019-05-30 02:52:03 139] - Dbmgr::writeEntity: Account(1).
   DEBUG      dbmgr-1 10103 4000  [2019-05-30 02:52:07 179] - Dbmgr::DBTaskQueryEntity: Avatar, dbid=14, entityID=26, wasActive=false, queryMode=0, componentID=7001, success=true.
   DEBUG      dbmgr-1 10103 4000  [2019-05-30 02:57:07 229] - Dbmgr::onAccountLogin:loginName=test13, accountName=test13, success=10, componentID=7001, entityID=22, dbid=1, flags=0, deadline=0.
   DEBUG      dbmgr-1 10103 4000  [2019-05-30 02:57:07 467] - Dbmgr::writeEntity: Avatar(14).
   DEBUG      dbmgr-1 10103 4000  [2019-05-30 02:57:07 467] - Dbmgr::onEntityOffline: 14, entityType=2.
    INFO      dbmgr-1 10103 4000  [2019-05-30 02:57:07 454] - Buffered_DBTasks::onFiniTask: Playing buffered task for entityID=0, dbid=14, dbid_tasks_size=1, entityid_tasks_size=0.
   DEBUG      dbmgr-1 10103 4000  [2019-05-30 02:57:17 367] - Dbmgr::writeEntity: Avatar(15).
   DEBUG      dbmgr-1 10103 4000  [2019-05-30 02:57:17 387] - Dbmgr::onEntityOffline: 15, entityType=2.
   DEBUG      dbmgr-1 10103 4000  [2019-05-30 02:57:17 387] - Dbmgr::writeEntity: Account(1).
   DEBUG      dbmgr-1 10103 4000  [2019-05-30 02:57:20 066] - Dbmgr::DBTaskQueryEntity: Avatar, dbid=15, entityID=28, wasActive=false, queryMode=0, componentID=7001, success=true.
   DEBUG      dbmgr-1 10103 4000  [2019-05-30 03:00:07 260] - Dbmgr::onEntityOffline: 1, entityType=1.
   DEBUG      dbmgr-1 10103 4000  [2019-05-30 03:00:07 260] - Dbmgr::writeEntity: Avatar(15).
   DEBUG      dbmgr-1 10103 4000  [2019-05-30 03:00:07 280] - Dbmgr::onEntityOffline: 15, entityType=2.
    INFO      dbmgr-1 10103 4000  [2019-05-30 03:00:07 257] - Buffered_DBTasks::onFiniTask: Playing buffered task for entityID=0, dbid=15, dbid_tasks_size=1, entityid_tasks_size=0.
   DEBUG      dbmgr-1 10103 4000  [2019-05-30 03:00:09 580] - Dbmgr::onAccountLogin:loginName=test13, accountName=test13, success=0, componentID=0, entityID=0, dbid=1, flags=0, deadline=0.
   DEBUG      dbmgr-1 10103 4000  [2019-05-30 03:00:09 840] - Dbmgr::queryAccount: test13, success=true, flags=0, deadline=0.
   DEBUG      dbmgr-1 10103 4000  [2019-05-30 03:00:45 699] - Dbmgr::DBTaskQueryEntity: Avatar, dbid=15, entityID=30, wasActive=false, queryMode=0, componentID=7001, success=true.
   DEBUG      dbmgr-1 10103 4000  [2019-05-30 03:05:45 426] - Dbmgr::writeEntity: Account(1).
   DEBUG      dbmgr-1 10103 4000  [2019-05-30 03:06:58 464] - Dbmgr::onAccountLogin:loginName=test13, accountName=test13, success=10, componentID=7001, entityID=29, dbid=1, flags=0, deadline=0.
    INFO      dbmgr-1 10103 4000  [2019-05-30 03:06:58 693] - Buffered_DBTasks::onFiniTask: Playing buffered task for entityID=0, dbid=15, dbid_tasks_size=1, entityid_tasks_size=0.
   DEBUG      dbmgr-1 10103 4000  [2019-05-30 03:06:58 703] - Dbmgr::writeEntity: Avatar(15).
   DEBUG      dbmgr-1 10103 4000  [2019-05-30 03:06:58 704] - Dbmgr::onEntityOffline: 15, entityType=2.
   DEBUG      dbmgr-1 10103 4000  [2019-05-30 03:07:06 583] - Dbmgr::writeEntity: Avatar(16).
   DEBUG      dbmgr-1 10103 4000  [2019-05-30 03:07:06 603] - Dbmgr::onEntityOffline: 16, entityType=2.
   DEBUG      dbmgr-1 10103 4000  [2019-05-30 03:07:06 603] - Dbmgr::writeEntity: Account(1).
   DEBUG      dbmgr-1 10103 4000  [2019-05-30 03:07:11 563] - Dbmgr::DBTaskQueryEntity: Avatar, dbid=16, entityID=32, wasActive=false, queryMode=0, componentID=7001, success=true.
   DEBUG      dbmgr-1 10103 4000  [2019-05-30 03:10:00 856] - Dbmgr::onAccountLogin:loginName=test13, accountName=test13, success=10, componentID=7001, entityID=29, dbid=1, flags=0, deadline=0.
   DEBUG      dbmgr-1 10103 4000  [2019-05-30 03:10:01 097] - Dbmgr::writeEntity: Avatar(16).
   DEBUG      dbmgr-1 10103 4000  [2019-05-30 03:10:01 116] - Dbmgr::onEntityOffline: 16, entityType=2.
    INFO      dbmgr-1 10103 4000  [2019-05-30 03:10:01 096] - Buffered_DBTasks::onFiniTask: Playing buffered task for entityID=0, dbid=16, dbid_tasks_size=1, entityid_tasks_size=0.
   DEBUG      dbmgr-1 10103 4000  [2019-05-30 03:10:08 936] - Dbmgr::writeEntity: Avatar(17).
   DEBUG      dbmgr-1 10103 4000  [2019-05-30 03:10:08 956] - Dbmgr::onEntityOffline: 17, entityType=2.
   DEBUG      dbmgr-1 10103 4000  [2019-05-30 03:10:08 956] - Dbmgr::writeEntity: Account(1).
   DEBUG      dbmgr-1 10103 4000  [2019-05-30 03:10:12 296] - Dbmgr::DBTaskQueryEntity: Avatar, dbid=17, entityID=34, wasActive=false, queryMode=0, componentID=7001, success=true.
   DEBUG      dbmgr-1 10103 4000  [2019-05-30 03:13:15 408] - Dbmgr::writeEntity: Avatar(17).
   DEBUG      dbmgr-1 10103 4000  [2019-05-30 03:13:30 908] - Dbmgr::onEntityOffline: 17, entityType=2.
   DEBUG      dbmgr-1 10103 4000  [2019-05-30 03:13:30 908] - Dbmgr::onEntityOffline: 1, entityType=1.
   DEBUG      dbmgr-1 10103 4000  [2019-05-30 03:20:10 991] - Dbmgr::DBTaskServerLog()
   DEBUG      dbmgr-1 10103 4000  [2019-05-30 03:32:28 262] - Dbmgr::onAccountLogin:loginName=test13, accountName=test13, success=0, componentID=0, entityID=0, dbid=1, flags=0, deadline=0.
   DEBUG      dbmgr-1 10103 4000  [2019-05-30 03:32:28 502] - Dbmgr::queryAccount: test13, success=true, flags=0, deadline=0.
   DEBUG      dbmgr-1 10103 4000  [2019-05-30 03:33:19 480] - Dbmgr::onAccountLogin:loginName=test13, accountName=test13, success=10, componentID=7001, entityID=35, dbid=1, flags=0, deadline=0.
   DEBUG      dbmgr-1 10103 4000  [2019-05-30 03:33:42 440] - Dbmgr::writeEntity: Avatar(18).
   DEBUG      dbmgr-1 10103 4000  [2019-05-30 03:33:42 460] - Dbmgr::writeEntity: Account(1).
   DEBUG      dbmgr-1 10103 4000  [2019-05-30 03:33:42 460] - Dbmgr::onEntityOffline: 18, entityType=2.
   DEBUG      dbmgr-1 10103 4000  [2019-05-30 03:33:48 639] - Dbmgr::DBTaskQueryEntity: Avatar, dbid=18, entityID=37, wasActive=false, queryMode=0, componentID=7001, success=true.
   DEBUG      dbmgr-1 10103 4000  [2019-05-30 03:36:19 513] - Dbmgr::onEntityOffline: 1, entityType=1.
   DEBUG      dbmgr-1 10103 4000  [2019-05-30 03:36:19 513] - Dbmgr::writeEntity: Avatar(18).
   DEBUG      dbmgr-1 10103 4000  [2019-05-30 03:36:19 513] - Dbmgr::onEntityOffline: 18, entityType=2.
    INFO      dbmgr-1 10103 4000  [2019-05-30 03:36:19 509] - Buffered_DBTasks::onFiniTask: Playing buffered task for entityID=0, dbid=18, dbid_tasks_size=1, entityid_tasks_size=0.
   DEBUG      dbmgr-1 10103 4000  [2019-05-30 03:37:09 351] - Dbmgr::onAccountLogin:loginName=test13, accountName=test13, success=0, componentID=0, entityID=0, dbid=1, flags=0, deadline=0.
   DEBUG      dbmgr-1 10103 4000  [2019-05-30 03:37:09 591] - Dbmgr::queryAccount: test13, success=true, flags=0, deadline=0.
   DEBUG      dbmgr-1 10103 4000  [2019-05-30 03:37:23 670] - Dbmgr::DBTaskQueryEntity: Avatar, dbid=18, entityID=39, wasActive=false, queryMode=0, componentID=7001, success=true.
   DEBUG      dbmgr-1 10103 4000  [2019-05-30 03:37:46 309] - Dbmgr::onAccountLogin:loginName=test13, accountName=test13, success=10, componentID=7001, entityID=38, dbid=1, flags=0, deadline=0.
   DEBUG      dbmgr-1 10103 4000  [2019-05-30 03:37:46 549] - Dbmgr::writeEntity: Avatar(18).
   DEBUG      dbmgr-1 10103 4000  [2019-05-30 03:37:46 550] - Dbmgr::onEntityOffline: 18, entityType=2.
    INFO      dbmgr-1 10103 4000  [2019-05-30 03:37:46 540] - Buffered_DBTasks::onFiniTask: Playing buffered task for entityID=0, dbid=18, dbid_tasks_size=1, entityid_tasks_size=0.
   DEBUG      dbmgr-1 10103 4000  [2019-05-30 03:37:53 730] - Dbmgr::writeEntity: Avatar(19).
   DEBUG      dbmgr-1 10103 4000  [2019-05-30 03:37:53 750] - Dbmgr::onEntityOffline: 19, entityType=2.
   DEBUG      dbmgr-1 10103 4000  [2019-05-30 03:37:53 750] - Dbmgr::writeEntity: Account(1).
   DEBUG      dbmgr-1 10103 4000  [2019-05-30 03:37:59 869] - Dbmgr::DBTaskQueryEntity: Avatar, dbid=19, entityID=41, wasActive=false, queryMode=0, componentID=7001, success=true.
   DEBUG      dbmgr-1 10103 4000  [2019-05-30 03:41:06 382] - Dbmgr::onEntityOffline: 1, entityType=1.
   DEBUG      dbmgr-1 10103 4000  [2019-05-30 03:41:06 382] - Dbmgr::writeEntity: Avatar(19).
   DEBUG      dbmgr-1 10103 4000  [2019-05-30 03:41:06 382] - Dbmgr::onEntityOffline: 19, entityType=2.
    INFO      dbmgr-1 10103 4000  [2019-05-30 03:41:06 364] - Buffered_DBTasks::onFiniTask: Playing buffered task for entityID=0, dbid=19, dbid_tasks_size=1, entityid_tasks_size=0.
    INFO      dbmgr-1 10103 4000  [2019-05-30 04:01:02 331] - -----------------------------------------------------------------------------------------


    INFO      dbmgr-1 10103 4000  [2019-05-30 04:01:02 332] - Resmgr::initialize: OURO_ROOT=C:/Users/Black/Ouroboros/
    INFO      dbmgr-1 10103 4000  [2019-05-30 04:01:02 332] - Resmgr::initialize: OURO_RES_PATH=C:/Users/Black/Ouroboros/ouro/res/;C:/Users/Black/Ouroboros/assets/;C:/Users/Black/Ouroboros/assets/scripts/;C:/Users/Black/Ouroboros/assets/res/
    INFO      dbmgr-1 10103 4000  [2019-05-30 04:01:02 332] - Resmgr::initialize: OURO_BIN_PATH=C:/Users/Black/Ouroboros/ouro/bin/server/
    INFO      dbmgr-1 10103 4000  [2019-05-30 04:01:02 344] - NetworkInterface::initialize(INTERNAL-TCP): bound to all interfaces with default route interface on 192.168.27.1 ( 192.168.27.1:1946 )
    INFO      dbmgr-1 10103 4000  [2019-05-30 04:01:02 344] - NetworkInterface::initialize(INTERNAL-TCP): address 192.168.27.1:1946, SOMAXCONN=5.
    INFO      dbmgr-1 10103 4000  [2019-05-30 04:01:02 344] - server-configs:
    INFO      dbmgr-1 10103 4000  [2019-05-30 04:01:02 344] - 	internalTcpAddr : 192.168.27.1:1946
    INFO      dbmgr-1 10103 4000  [2019-05-30 04:01:02 344] - 	componentID : 4000
    INFO      dbmgr-1 10103 4000  [2019-05-30 04:01:03 850] - ---- dbmgr Version: 2.5.0. ScriptVersion: 0.1.0. Pythoncore: 3.7.3. Protocol: 7E018B6508A428A183CCC712F3412432. Config: Debug X86. Built: 03:59:31 May 23 2019. AppID: 4000. UID: 10103. PID: 25208 ----
    INFO      dbmgr-1 10103 4000  [2019-05-30 04:01:03 851] - Server Black: Intel(R) Core(TM) i7-7700HQ CPU @ 2.80GHz with 2097151kB RAM
    INFO      dbmgr-1 10103 4000  [2019-05-30 04:01:03 851] - ThreadPool::createThreadPool: creating  threadpool...
    INFO      dbmgr-1 10103 4000  [2019-05-30 04:01:03 851] - ThreadPool::createThreadPool: successfully(2), newThreadCount=1, normalMaxThreadCount=2, maxThreadCount=8
    INFO      dbmgr-1 10103 4000  [2019-05-30 04:01:04 062] - Script::install(): is successfully, Python=(3.7.3 (default, May 23 2019, 03:58:29) [MSC v.1916 32 bit (Intel)])!
    INFO      dbmgr-1 10103 4000  [2019-05-30 04:01:04 062] - Script::install(): OUROxtra is successfully!
    INFO      dbmgr-1 10103 4000  [2019-05-30 04:01:04 367] - Dbmgr::initializeEnd: digest(A95409634AA737AC5ED3596431383F23)
  S_INFO      dbmgr-1 10103 4000  [2019-05-30 04:01:04 367] - onDBMgrReady: bootstrapGroupIndex=0, bootstrapGlobalIndex=0
    INFO      dbmgr-1 10103 4000  [2019-05-30 04:01:04 367] - TelnetServer server is running on port 32000
    INFO      dbmgr-1 10103 4000  [2019-05-30 04:01:04 368] - Dbmgr::initInterfacesHandler: interfaces addr(127.0.0.1:30099), accountType:(interfaces), chargeType:(interfaces).
 WARNING      dbmgr-1 10103 4000  [2019-05-30 04:01:04 597] - DBUtil::initialize: db(default) password is not encrypted!
please use password(rsa):
7505CEA4474D1D813A5E5A48A7C97421DC9D99EA8424A014C6B8FB297C787A285CCC2E37093D875FF0721D13D487B4A83CA386B6060E95DD2408639B2F99019EADC9F086EEE00C7DAF5BEEF6EC3B9C83F3F79124866BEFFFF0C5F8C1DDC8480871E2F7729B371A1FA99BC83A88EFCE4D01D42E6C09275165B352AF22F980F028
   DEBUG      dbmgr-1 10103 4000  [2019-05-30 04:01:04 600] - DBInterfaceMysql::attach: connect: localhost:3306 starting...
   DEBUG      dbmgr-1 10103 4000  [2019-05-30 04:01:04 606] - DBInterfaceMysql::attach: successfully! addr: localhost:3306
    INFO      dbmgr-1 10103 4000  [2019-05-30 04:01:04 606] - DBUtil::createInterface[0xaff054]: interface=default, dbtype=mysql, ip=localhost, port=3306, currdatabase=ouro, username=ouro, connected=yes.

    INFO      dbmgr-1 10103 4000  [2019-05-30 04:01:04 606] - ThreadPool::createThreadPool: creating  threadpool...
    INFO      dbmgr-1 10103 4000  [2019-05-30 04:01:04 606] - ThreadPool::createThreadPool: successfully(5), newThreadCount=5, normalMaxThreadCount=5, maxThreadCount=5
    INFO      dbmgr-1 10103 4000  [2019-05-30 04:01:04 710] - DBInterfaceMysql::query: successfully!
 WARNING      dbmgr-1 10103 4000  [2019-05-30 04:01:04 789] - d:\scratch\___kbe__\ouroboros-2.5.0\ouro\src\server\dbmgr\dbmgr.cpp:306: Profile scriptCall took 0.42 seconds
    INFO      dbmgr-1 10103 4000  [2019-05-30 04:01:05 152] - ---- dbmgr is running ----
   DEBUG      dbmgr-1 10103 4000  [2019-05-30 04:01:05 153] - Components::process(): Request for the process of identity...
   DEBUG      dbmgr-1 10103 4000  [2019-05-30 04:01:04 607] - DBInterfaceMysql::attach: connect: localhost:3306 starting...
   DEBUG      dbmgr-1 10103 4000  [2019-05-30 04:01:04 607] - DBInterfaceMysql::attach: connect: localhost:3306 starting...
   DEBUG      dbmgr-1 10103 4000  [2019-05-30 04:01:04 607] - DBInterfaceMysql::attach: connect: localhost:3306 starting...
   DEBUG      dbmgr-1 10103 4000  [2019-05-30 04:01:04 607] - DBInterfaceMysql::attach: connect: localhost:3306 starting...
   DEBUG      dbmgr-1 10103 4000  [2019-05-30 04:01:04 608] - DBInterfaceMysql::attach: connect: localhost:3306 starting...
   DEBUG      dbmgr-1 10103 4000  [2019-05-30 04:01:04 611] - DBInterfaceMysql::attach: successfully! addr: localhost:3306
   DEBUG      dbmgr-1 10103 4000  [2019-05-30 04:01:04 611] - DBThread::onStart(): 0x135470!
   DEBUG      dbmgr-1 10103 4000  [2019-05-30 04:01:04 612] - DBInterfaceMysql::attach: successfully! addr: localhost:3306
   DEBUG      dbmgr-1 10103 4000  [2019-05-30 04:01:04 612] - DBThread::onStart(): 0x135718!
   DEBUG      dbmgr-1 10103 4000  [2019-05-30 04:01:04 613] - DBInterfaceMysql::attach: successfully! addr: localhost:3306
   DEBUG      dbmgr-1 10103 4000  [2019-05-30 04:01:04 613] - DBThread::onStart(): 0x135cf0!
   DEBUG      dbmgr-1 10103 4000  [2019-05-30 04:01:04 614] - DBInterfaceMysql::attach: successfully! addr: localhost:3306
   DEBUG      dbmgr-1 10103 4000  [2019-05-30 04:01:04 614] - DBThread::onStart(): 0x135828!
   DEBUG      dbmgr-1 10103 4000  [2019-05-30 04:01:04 615] - DBInterfaceMysql::attach: successfully! addr: localhost:3306
   DEBUG      dbmgr-1 10103 4000  [2019-05-30 04:01:04 615] - DBThread::onStart(): 0x1354f8!
    INFO      dbmgr-1 10103 4000  [2019-05-30 04:01:04 712] - DBInterfaceMysql::query: successfully!
    INFO      dbmgr-1 10103 4000  [2019-05-30 04:01:04 714] - DBInterfaceMysql::query: successfully!
    INFO      dbmgr-1 10103 4000  [2019-05-30 04:01:04 714] - DBInterfaceMysql::query: successfully!
    INFO      dbmgr-1 10103 4000  [2019-05-30 04:01:04 715] - DBInterfaceMysql::query: successfully!
    INFO      dbmgr-1 10103 4000  [2019-05-30 04:01:04 716] - DBInterfaceMysql::query: successfully!
    INFO      dbmgr-1 10103 4000  [2019-05-30 04:01:04 716] - DBInterfaceMysql::query: successfully!
    INFO      dbmgr-1 10103 4000  [2019-05-30 04:01:04 770] - DBInterfaceMysql::query: successfully!
    INFO      dbmgr-1 10103 4000  [2019-05-30 04:01:04 772] - DBInterfaceMysql::query: successfully!
    INFO      dbmgr-1 10103 4000  [2019-05-30 04:01:11 428] - ServerApp::onRegisterNewApp: uid:10103, username:Black, componentType:interfaces, componentID:3000, globalorderID=-1, grouporderID=-1, intaddr:192.168.27.1, intport:30099, extaddr:nonsupport, extport:0,  from 127.0.0.1:30099/0/0/0.
    INFO      dbmgr-1 10103 4000  [2019-05-30 04:01:11 428] - Components::addComponent: reset orderLog, uid=10103!
    INFO      dbmgr-1 10103 4000  [2019-05-30 04:01:11 429] - Components::addComponent[interfaces], uid=10103, componentID=3000, globalorderid=1, grouporderid=1, totalcount=1
    INFO      dbmgr-1 10103 4000  [2019-05-30 04:01:12 434] - Components::findComponents: find logger(1)...
    INFO      dbmgr-1 10103 4000  [2019-05-30 04:01:12 472] - Components::findComponents: found logger, addr:192.168.27.1:1945
    INFO      dbmgr-1 10103 4000  [2019-05-30 04:01:12 473] - Components::addComponent: reset orderLog, uid=10103!
    INFO      dbmgr-1 10103 4000  [2019-05-30 04:01:12 474] - Components::addComponent[logger], uid=10103, componentID=2000, globalorderid=1, grouporderid=1, totalcount=1
    INFO      dbmgr-1 10103 4000  [2019-05-30 04:01:12 507] - Components::process(): Found all the components!
    INFO      dbmgr-1 10103 4000  [2019-05-30 04:01:15 013] - ServerApp::onRegisterNewApp: uid:10103, username:Black, componentType:baseappmgr, componentID:5000, globalorderID=-1, grouporderID=-1, intaddr:192.168.27.1, intport:1948, extaddr:nonsupport, extport:0,  from 192.168.27.1:1994/0/0/0.
    INFO      dbmgr-1 10103 4000  [2019-05-30 04:01:15 013] - Components::addComponent: reset orderLog, uid=10103!
    INFO      dbmgr-1 10103 4000  [2019-05-30 04:01:15 013] - Components::addComponent[baseappmgr], uid=10103, componentID=5000, globalorderid=1, grouporderid=1, totalcount=1
    INFO      dbmgr-1 10103 4000  [2019-05-30 04:01:15 318] - ServerApp::onRegisterNewApp: uid:10103, username:Black, componentType:loginapp, componentID:9000, globalorderID=-1, grouporderID=-1, intaddr:192.168.27.1, intport:1952, extaddr:192.168.27.1, extport:20013,  from 192.168.27.1:1996/0/0/0.
    INFO      dbmgr-1 10103 4000  [2019-05-30 04:01:15 318] - Components::addComponent[loginapp], uid=10103, componentID=9000, globalorderid=2, grouporderid=1, totalcount=1
    INFO      dbmgr-1 10103 4000  [2019-05-30 04:01:15 334] - ServerApp::onRegisterNewApp: uid:10103, username:Black, componentType:cellappmgr, componentID:6000, globalorderID=-1, grouporderID=-1, intaddr:192.168.27.1, intport:1949, extaddr:nonsupport, extport:0,  from 192.168.27.1:1997/0/0/0.
    INFO      dbmgr-1 10103 4000  [2019-05-30 04:01:15 334] - Components::addComponent[cellappmgr], uid=10103, componentID=6000, globalorderid=3, grouporderid=1, totalcount=1
    INFO      dbmgr-1 10103 4000  [2019-05-30 04:01:17 795] - ServerApp::onRegisterNewApp: uid:10103, username:Black, componentType:cellapp, componentID:8001, globalorderID=-1, grouporderID=-1, intaddr:192.168.27.1, intport:1950, extaddr:nonsupport, extport:0,  from 192.168.27.1:2003/0/0/0.
    INFO      dbmgr-1 10103 4000  [2019-05-30 04:01:17 795] - Components::addComponent[cellapp], uid=10103, componentID=8001, globalorderid=4, grouporderid=1, totalcount=1
    INFO      dbmgr-1 10103 4000  [2019-05-30 04:01:18 111] - ServerApp::onRegisterNewApp: uid:10103, username:Black, componentType:baseapp, componentID:7001, globalorderID=-1, grouporderID=-1, intaddr:192.168.27.1, intport:1951, extaddr:192.168.27.1, extport:20015,  from 192.168.27.1:2007/0/0/0.
    INFO      dbmgr-1 10103 4000  [2019-05-30 04:01:18 111] - Components::addComponent[baseapp], uid=10103, componentID=7001, globalorderid=5, grouporderid=1, totalcount=1
    INFO      dbmgr-1 10103 4000  [2019-05-30 04:01:21 126] - IDServer::allocRange: 1-2001.
    INFO      dbmgr-1 10103 4000  [2019-05-30 04:01:21 126] - IDServer::allocRange: 2001-4001.
   DEBUG      dbmgr-1 10103 4000  [2019-05-30 04:01:21 127] - SyncAppDatasHandler::~SyncAppDatasHandler()
    INFO      dbmgr-1 10103 4000  [2019-05-30 04:01:23 312] - GlobalDataServer::broadcastDataChanged: writer(baseapp, addr=192.168.27.1:2007/0/0/0), keySize=12, valSize=48, isDelete=0
    INFO      dbmgr-1 10103 4000  [2019-05-30 04:01:26 219] - GlobalDataServer::broadcastDataChanged: writer(cellapp, addr=192.168.27.1:2003/0/0/0), keySize=13, valSize=48, isDelete=0
    INFO      dbmgr-1 10103 4000  [2019-05-30 04:01:27 218] - GlobalDataServer::broadcastDataChanged: writer(cellapp, addr=192.168.27.1:2003/0/0/0), keySize=13, valSize=48, isDelete=0
   DEBUG      dbmgr-1 10103 4000  [2019-05-30 04:02:20 125] - Dbmgr::onAccountLogin:loginName=test13, accountName=test13, success=0, componentID=0, entityID=0, dbid=1, flags=0, deadline=0.
   DEBUG      dbmgr-1 10103 4000  [2019-05-30 04:02:20 365] - Dbmgr::queryAccount: test13, success=true, flags=0, deadline=0.
   DEBUG      dbmgr-1 10103 4000  [2019-05-30 04:02:30 884] - Dbmgr::writeEntity: Avatar(20).
   DEBUG      dbmgr-1 10103 4000  [2019-05-30 04:02:30 904] - Dbmgr::onEntityOffline: 20, entityType=2.
   DEBUG      dbmgr-1 10103 4000  [2019-05-30 04:02:30 904] - Dbmgr::writeEntity: Account(1).
   DEBUG      dbmgr-1 10103 4000  [2019-05-30 04:02:35 824] - Dbmgr::DBTaskQueryEntity: Avatar, dbid=20, entityID=2006, wasActive=false, queryMode=0, componentID=7001, success=true.
   DEBUG      dbmgr-1 10103 4000  [2019-05-30 04:11:04 109] - Dbmgr::writeEntity: Avatar(20).
   DEBUG      dbmgr-1 10103 4000  [2019-05-30 04:24:33 905] - Dbmgr::onEntityOffline: 20, entityType=2.
   DEBUG      dbmgr-1 10103 4000  [2019-05-30 04:24:33 905] - Dbmgr::onEntityOffline: 1, entityType=1.
   DEBUG      dbmgr-1 10103 4000  [2019-05-30 04:28:55 196] - Dbmgr::onAccountLogin:loginName=test13, accountName=test13, success=0, componentID=0, entityID=0, dbid=1, flags=0, deadline=0.
   DEBUG      dbmgr-1 10103 4000  [2019-05-30 04:28:55 437] - Dbmgr::queryAccount: test13, success=true, flags=0, deadline=0.
   DEBUG      dbmgr-1 10103 4000  [2019-05-30 04:29:27 976] - Dbmgr::writeEntity: Avatar(21).
   DEBUG      dbmgr-1 10103 4000  [2019-05-30 04:29:27 996] - Dbmgr::onEntityOffline: 21, entityType=2.
   DEBUG      dbmgr-1 10103 4000  [2019-05-30 04:29:27 996] - Dbmgr::writeEntity: Account(1).
   DEBUG      dbmgr-1 10103 4000  [2019-05-30 04:29:32 495] - Dbmgr::DBTaskQueryEntity: Avatar, dbid=21, entityID=2009, wasActive=false, queryMode=0, componentID=7001, success=true.
   DEBUG      dbmgr-1 10103 4000  [2019-05-30 04:30:35 054] - Dbmgr::onAccountLogin:loginName=killingbosser1, accountName=killingbosser1, success=0, componentID=0, entityID=0, dbid=2, flags=0, deadline=0.
   DEBUG      dbmgr-1 10103 4000  [2019-05-30 04:30:35 293] - Dbmgr::queryAccount: killingbosser1, success=true, flags=0, deadline=0.
   DEBUG      dbmgr-1 10103 4000  [2019-05-30 04:30:44 594] - Dbmgr::writeEntity: Avatar(22).
   DEBUG      dbmgr-1 10103 4000  [2019-05-30 04:30:44 614] - Dbmgr::onEntityOffline: 22, entityType=2.
   DEBUG      dbmgr-1 10103 4000  [2019-05-30 04:30:44 614] - Dbmgr::writeEntity: Account(2).
   DEBUG      dbmgr-1 10103 4000  [2019-05-30 04:30:48 493] - Dbmgr::DBTaskQueryEntity: Avatar, dbid=22, entityID=2012, wasActive=false, queryMode=0, componentID=7001, success=true.
   DEBUG      dbmgr-1 10103 4000  [2019-05-30 04:30:55 253] - Dbmgr::onEntityOffline: 1, entityType=1.
   DEBUG      dbmgr-1 10103 4000  [2019-05-30 04:30:55 253] - Dbmgr::writeEntity: Avatar(21).
   DEBUG      dbmgr-1 10103 4000  [2019-05-30 04:30:55 253] - Dbmgr::onEntityOffline: 21, entityType=2.
    INFO      dbmgr-1 10103 4000  [2019-05-30 04:30:55 241] - Buffered_DBTasks::onFiniTask: Playing buffered task for entityID=0, dbid=21, dbid_tasks_size=1, entityid_tasks_size=0.
   DEBUG      dbmgr-1 10103 4000  [2019-05-30 04:30:59 553] - Dbmgr::onAccountLogin:loginName=test13, accountName=test13, success=0, componentID=0, entityID=0, dbid=1, flags=0, deadline=0.
   DEBUG      dbmgr-1 10103 4000  [2019-05-30 04:30:59 793] - Dbmgr::queryAccount: test13, success=true, flags=0, deadline=0.
   DEBUG      dbmgr-1 10103 4000  [2019-05-30 04:31:14 393] - Dbmgr::DBTaskQueryEntity: Avatar, dbid=21, entityID=2014, wasActive=false, queryMode=0, componentID=7001, success=true.
   DEBUG      dbmgr-1 10103 4000  [2019-05-30 04:32:39 090] - Dbmgr::onEntityOffline: 2, entityType=1.
   DEBUG      dbmgr-1 10103 4000  [2019-05-30 04:32:39 090] - Dbmgr::writeEntity: Avatar(22).
   DEBUG      dbmgr-1 10103 4000  [2019-05-30 04:32:39 090] - Dbmgr::onEntityOffline: 22, entityType=2.
    INFO      dbmgr-1 10103 4000  [2019-05-30 04:32:39 081] - Buffered_DBTasks::onFiniTask: Playing buffered task for entityID=0, dbid=22, dbid_tasks_size=1, entityid_tasks_size=0.
   DEBUG      dbmgr-1 10103 4000  [2019-05-30 04:33:59 608] - Dbmgr::writeEntity: Avatar(21).
   DEBUG      dbmgr-1 10103 4000  [2019-05-30 04:33:59 608] - Dbmgr::writeEntity: Account(1).
   DEBUG      dbmgr-1 10103 4000  [2019-05-30 04:33:59 608] - Dbmgr::onEntityOffline: 21, entityType=2.
   DEBUG      dbmgr-1 10103 4000  [2019-05-30 04:33:59 609] - Dbmgr::onEntityOffline: 1, entityType=1.
    INFO      dbmgr-1 10103 4000  [2019-05-30 04:33:59 591] - Buffered_DBTasks::onFiniTask: Playing buffered task for entityID=0, dbid=21, dbid_tasks_size=3, entityid_tasks_size=0.
    INFO      dbmgr-1 10103 4000  [2019-05-30 04:33:59 592] - Buffered_DBTasks::onFiniTask: Playing buffered task for entityID=0, dbid=1, dbid_tasks_size=2, entityid_tasks_size=0.
   DEBUG      dbmgr-1 10103 4000  [2019-05-30 04:35:36 485] - Dbmgr::onAccountLogin:loginName=test13, accountName=test13, success=0, componentID=0, entityID=0, dbid=1, flags=0, deadline=0.
   DEBUG      dbmgr-1 10103 4000  [2019-05-30 04:35:36 725] - Dbmgr::queryAccount: test13, success=true, flags=0, deadline=0.
   DEBUG      dbmgr-1 10103 4000  [2019-05-30 04:35:39 705] - Dbmgr::onAccountLogin:loginName=killingbosser1, accountName=killingbosser1, success=0, componentID=0, entityID=0, dbid=2, flags=0, deadline=0.
   DEBUG      dbmgr-1 10103 4000  [2019-05-30 04:35:39 965] - Dbmgr::queryAccount: killingbosser1, success=true, flags=0, deadline=0.
   DEBUG      dbmgr-1 10103 4000  [2019-05-30 04:35:47 945] - Dbmgr::DBTaskQueryEntity: Avatar, dbid=21, entityID=2017, wasActive=false, queryMode=0, componentID=7001, success=true.
   DEBUG      dbmgr-1 10103 4000  [2019-05-30 04:35:55 584] - Dbmgr::DBTaskQueryEntity: Avatar, dbid=22, entityID=2018, wasActive=false, queryMode=0, componentID=7001, success=true.
   DEBUG      dbmgr-1 10103 4000  [2019-05-30 04:37:19 082] - Dbmgr::writeEntity: Avatar(22).
   DEBUG      dbmgr-1 10103 4000  [2019-05-30 04:38:34 100] - Dbmgr::writeEntity: Account(2).
   DEBUG      dbmgr-1 10103 4000  [2019-05-30 04:39:49 077] - Dbmgr::writeEntity: Account(1).
   DEBUG      dbmgr-1 10103 4000  [2019-05-30 04:41:04 096] - Dbmgr::writeEntity: Avatar(21).
   DEBUG      dbmgr-1 10103 4000  [2019-05-30 04:43:34 091] - Dbmgr::writeEntity: Avatar(22).
   DEBUG      dbmgr-1 10103 4000  [2019-05-30 04:44:49 068] - Dbmgr::writeEntity: Avatar(21).
   DEBUG      dbmgr-1 10103 4000  [2019-05-30 04:47:19 084] - Dbmgr::writeEntity: Avatar(21).
   DEBUG      dbmgr-1 10103 4000  [2019-05-30 04:47:25 684] - Dbmgr::onEntityOffline: 21, entityType=2.
   DEBUG      dbmgr-1 10103 4000  [2019-05-30 04:47:25 684] - Dbmgr::onEntityOffline: 1, entityType=1.
   DEBUG      dbmgr-1 10103 4000  [2019-05-30 04:47:28 483] - Dbmgr::onEntityOffline: 2, entityType=1.
   DEBUG      dbmgr-1 10103 4000  [2019-05-30 04:47:28 483] - Dbmgr::writeEntity: Avatar(22).
   DEBUG      dbmgr-1 10103 4000  [2019-05-30 04:47:28 484] - Dbmgr::onEntityOffline: 22, entityType=2.
    INFO      dbmgr-1 10103 4000  [2019-05-30 04:47:28 468] - Buffered_DBTasks::onFiniTask: Playing buffered task for entityID=0, dbid=22, dbid_tasks_size=1, entityid_tasks_size=0.
   DEBUG      dbmgr-1 10103 4000  [2019-05-30 05:01:04 699] - Dbmgr::DBTaskServerLog()
