    INFO    cellapp-1 10103 8001  [2019-05-24 00:31:50 551] - -----------------------------------------------------------------------------------------


    INFO    cellapp-1 10103 8001  [2019-05-24 00:31:50 553] - Resmgr::initialize: OURO_ROOT=C:/Users/Black/Ouroboros/
    INFO    cellapp-1 10103 8001  [2019-05-24 00:31:50 553] - Resmgr::initialize: OURO_RES_PATH=C:/Users/Black/Ouroboros/ouro/res/;C:/Users/Black/Ouroboros/assets/;C:/Users/Black/Ouroboros/assets/scripts/;C:/Users/Black/Ouroboros/assets/res/
    INFO    cellapp-1 10103 8001  [2019-05-24 00:31:50 553] - Resmgr::initialize: OURO_BIN_PATH=C:/Users/Black/Ouroboros/ouro/bin/server/
    INFO    cellapp-1 10103 8001  [2019-05-24 00:31:50 568] - NetworkInterface::initialize(INTERNAL-TCP): bound to all interfaces with default route interface on 192.168.27.1 ( 192.168.27.1:4356 )
    INFO    cellapp-1 10103 8001  [2019-05-24 00:31:50 568] - NetworkInterface::initialize(INTERNAL-TCP): address 192.168.27.1:4356, SOMAXCONN=5.
    INFO    cellapp-1 10103 8001  [2019-05-24 00:31:50 568] - server-configs:
    INFO    cellapp-1 10103 8001  [2019-05-24 00:31:50 568] - 	gameUpdateHertz : 10
    INFO    cellapp-1 10103 8001  [2019-05-24 00:31:50 569] - 	defaultViewRadius : 80
    INFO    cellapp-1 10103 8001  [2019-05-24 00:31:50 569] - 	defaultViewHysteresisArea : 5
    INFO    cellapp-1 10103 8001  [2019-05-24 00:31:50 569] - 	entryScriptFile : ouromain
    INFO    cellapp-1 10103 8001  [2019-05-24 00:31:50 569] - 	internalTcpAddr : 192.168.27.1:4356
    INFO    cellapp-1 10103 8001  [2019-05-24 00:31:50 569] - 	componentID : 8001
    INFO    cellapp-1 10103 8001  [2019-05-24 00:31:50 601] - Components::findLogger: found logger, addr:192.168.27.1:4218
    INFO    cellapp-1 10103 8001  [2019-05-24 00:31:50 601] - Components::addComponent: reset orderLog, uid=10103!
    INFO    cellapp-1 10103 8001  [2019-05-24 00:31:50 601] - Components::addComponent[logger], uid=10103, componentID=2000, globalorderid=1, grouporderid=1, totalcount=1
    INFO    cellapp-1 10103 8001  [2019-05-24 00:31:50 607] - ---- cellapp Version: 2.5.0. ScriptVersion: 0.1.0. Pythoncore: 3.7.3. Protocol: 8652043B9D1A1F169DDC4E8CD899D692. Config: Debug X86. Built: 02:55:12 May 23 2019. AppID: 8001. UID: 10103. PID: 136728 ----
    INFO    cellapp-1 10103 8001  [2019-05-24 00:31:50 607] - Server Black: Intel(R) Core(TM) i7-7700HQ CPU @ 2.80GHz with 2097151kB RAM
    INFO    cellapp-1 10103 8001  [2019-05-24 00:31:50 608] - ThreadPool::createThreadPool: creating  threadpool...
    INFO    cellapp-1 10103 8001  [2019-05-24 00:31:50 608] - ThreadPool::createThreadPool: successfully(2), newThreadCount=1, normalMaxThreadCount=2, maxThreadCount=8
    INFO    cellapp-1 10103 8001  [2019-05-24 00:31:50 810] - Script::install(): is successfully, Python=(3.7.3 (default, May 23 2019, 03:58:29) [MSC v.1916 32 bit (Intel)])!
    INFO    cellapp-1 10103 8001  [2019-05-24 00:31:50 810] - Script::install(): OUROxtra is successfully!
   DEBUG    cellapp-1 10103 8001  [2019-05-24 00:31:51 078] - loaded entity-script:Account(1).
 WARNING    cellapp-1 10103 8001  [2019-05-24 00:31:51 080] - EntityDef::checkDefMethod: exposed of method: Avatar.updateEG, check the caller can use "def updateEG(self, callerID, ...)", such as: if callerID == self.id!
 WARNING    cellapp-1 10103 8001  [2019-05-24 00:31:51 080] - EntityDef::checkDefMethod: exposed of method: Avatar.updateLastSyncTime, check the caller can use "def updateLastSyncTime(self, callerID, ...)", such as: if callerID == self.id!
 WARNING    cellapp-1 10103 8001  [2019-05-24 00:31:51 081] - EntityDef::checkDefMethod: exposed of method: Avatar.updatePositionSynced, check the caller can use "def updatePositionSynced(self, callerID, ...)", such as: if callerID == self.id!
   DEBUG    cellapp-1 10103 8001  [2019-05-24 00:31:51 081] - loaded entity-script:Avatar(2).
   DEBUG    cellapp-1 10103 8001  [2019-05-24 00:31:51 082] - loaded entity-script:FirstEntity(3).
   DEBUG    cellapp-1 10103 8001  [2019-05-24 00:31:51 082] - loaded entity-script:Scene(4).
   DEBUG    cellapp-1 10103 8001  [2019-05-24 00:31:51 082] - loaded entity-script:Space(5).
   DEBUG    cellapp-1 10103 8001  [2019-05-24 00:31:51 083] - loaded entity-script:SpaceDuplicate(6).
   DEBUG    cellapp-1 10103 8001  [2019-05-24 00:31:51 084] - loaded entity-script:SpawnPoint(8).
    INFO    cellapp-1 10103 8001  [2019-05-24 00:31:51 085] - TelnetServer server is running on port 50000
    INFO    cellapp-1 10103 8001  [2019-05-24 00:31:51 515] - ---- cellapp is running ----
   DEBUG    cellapp-1 10103 8001  [2019-05-24 00:31:51 515] - Components::process(): Request for the process of identity...
 WARNING    cellapp-1 10103 8001  [2019-05-24 00:31:58 247] - EntityApp::checkTickPeriod: tick took 6732% (6.73 seconds)!
    INFO    cellapp-1 10103 8001  [2019-05-24 00:31:59 315] - Components::findComponents: find dbmgr(1)...
    INFO    cellapp-1 10103 8001  [2019-05-24 00:31:59 350] - Components::findComponents: found dbmgr, addr:192.168.27.1:4216
    INFO    cellapp-1 10103 8001  [2019-05-24 00:31:59 350] - Components::addComponent: reset orderLog, uid=10103!
    INFO    cellapp-1 10103 8001  [2019-05-24 00:31:59 350] - Components::addComponent[dbmgr], uid=10103, componentID=4000, globalorderid=1, grouporderid=1, totalcount=1
    INFO    cellapp-1 10103 8001  [2019-05-24 00:31:59 351] - Components::findComponents: found dbmgr, addr:192.168.27.1:4216
 WARNING    cellapp-1 10103 8001  [2019-05-24 00:32:00 350] - EntityApp::checkTickPeriod: tick took 1134% (1.13 seconds)!
    INFO    cellapp-1 10103 8001  [2019-05-24 00:32:01 356] - Components::findComponents: find cellappmgr(1)...
    INFO    cellapp-1 10103 8001  [2019-05-24 00:32:01 840] - Components::findComponents: found cellappmgr, addr:192.168.27.1:4275
    INFO    cellapp-1 10103 8001  [2019-05-24 00:32:01 840] - Components::addComponent[cellappmgr], uid=10103, componentID=6000, globalorderid=2, grouporderid=1, totalcount=1
    INFO    cellapp-1 10103 8001  [2019-05-24 00:32:01 942] - Components::findComponents: found cellappmgr, addr:192.168.27.1:4275
 WARNING    cellapp-1 10103 8001  [2019-05-24 00:32:02 942] - EntityApp::checkTickPeriod: tick took 1627% (1.63 seconds)!
    INFO    cellapp-1 10103 8001  [2019-05-24 00:32:03 957] - Components::findComponents: find baseappmgr(1)...
    INFO    cellapp-1 10103 8001  [2019-05-24 00:32:04 079] - Components::findComponents: found baseappmgr, addr:192.168.27.1:4256
    INFO    cellapp-1 10103 8001  [2019-05-24 00:32:04 079] - Components::addComponent[baseappmgr], uid=10103, componentID=5000, globalorderid=3, grouporderid=1, totalcount=1
    INFO    cellapp-1 10103 8001  [2019-05-24 00:32:04 079] - Components::findComponents: found baseappmgr, addr:192.168.27.1:4256
 WARNING    cellapp-1 10103 8001  [2019-05-24 00:32:05 080] - EntityApp::checkTickPeriod: tick took 1164% (1.16 seconds)!
    INFO    cellapp-1 10103 8001  [2019-05-24 00:32:06 156] - Components::findComponents: register self to dbmgr...
    INFO    cellapp-1 10103 8001  [2019-05-24 00:32:06 160] - Components::findComponents: register self to cellappmgr...
    INFO    cellapp-1 10103 8001  [2019-05-24 00:32:06 162] - ServerApp::onRegisterNewApp: uid:10103, username:Black, componentType:baseapp, componentID:7001, globalorderID=3, grouporderID=1, intaddr:192.168.27.1, intport:4317, extaddr:192.168.27.1, extport:20015,  from 192.168.27.1:4423/0/0/0.
    INFO    cellapp-1 10103 8001  [2019-05-24 00:32:06 162] - Components::addComponent[baseapp], uid=10103, componentID=7001, globalorderid=3, grouporderid=1, totalcount=1
    INFO    cellapp-1 10103 8001  [2019-05-24 00:32:06 162] - ServerApp::onRegisterNewApp: uid:10103, username:Black, componentType:baseapp, componentID:7001, globalorderID=3, grouporderID=1, intaddr:192.168.27.1, intport:4317, extaddr:192.168.27.1, extport:20015,  from 192.168.27.1:4423/0/0/0.
    INFO    cellapp-1 10103 8001  [2019-05-24 00:32:06 162] - Components::findComponents: register self to baseappmgr...
    INFO    cellapp-1 10103 8001  [2019-05-24 00:32:06 215] - Components::process(): Found all the components!
   S_DBG    cellapp-1 10103 8001  [2019-05-24 00:32:09 163] - onGlobalData: Spaces
    INFO    cellapp-1 10103 8001  [2019-05-24 00:32:09 163] - EntityApp::onDbmgrInitCompleted: entityID alloc(2001-4001), startGlobalOrder=4, startGroupOrder=1, digest=A95409634AA737AC5ED3596431383F23.
    INFO    cellapp01 10103 8001  [2019-05-24 00:32:09 163] - IDClient::onAddRange: number of ids increased from 2001 to 4001.
   S_DBG    cellapp01 10103 8001  [2019-05-24 00:32:10 380] - onInit::isReload:0
 WARNING    cellapp01 10103 8001  [2019-05-24 00:32:10 380] - d:\scratch\___kbe__\ouroboros-2.5.0\ouro\src\lib\network\channel.cpp:1023: Profile processRecvMessages took 1.22 seconds
 WARNING    cellapp01 10103 8001  [2019-05-24 00:32:10 380] - EntityApp::checkTickPeriod: tick took 1265% (1.26 seconds)!
   DEBUG    cellapp01 10103 8001  [2019-05-24 00:32:10 415] - InitProgressHandler::~InitProgressHandler()
   DEBUG    cellapp01 10103 8001  [2019-05-24 00:32:10 417] - Spaces::createNewSpace: new space(Space) 1.
    INFO    cellapp01 10103 8001  [2019-05-24 00:32:10 418] - EntityApp::createEntity: new Space 2
    INFO    cellapp01 10103 8001  [2019-05-24 00:32:10 420] - Ouroboros::addSpaceGeometryMapping: spaceID=1, respath=spaces/novice_1, shouldLoadOnServer=true!
   S_DBG    cellapp01 10103 8001  [2019-05-24 00:32:10 420] - onSpaceData: spaceID=1, key=_mapping, value=spaces/novice_1.
   S_DBG    cellapp01 10103 8001  [2019-05-24 00:32:10 420] - created space[1] entityID = 2, res = spaces/novice_1.
   DEBUG    cellapp01 10103 8001  [2019-05-24 00:32:10 421] - Spaces::createNewSpace: new space(Space) 2.
    INFO    cellapp01 10103 8001  [2019-05-24 00:32:10 422] - EntityApp::createEntity: new Space 3
    INFO    cellapp01 10103 8001  [2019-05-24 00:32:10 422] - Ouroboros::addSpaceGeometryMapping: spaceID=2, respath=spaces/novice_2, shouldLoadOnServer=true!
   S_DBG    cellapp01 10103 8001  [2019-05-24 00:32:10 422] - onSpaceData: spaceID=2, key=_mapping, value=spaces/novice_2.
   S_DBG    cellapp01 10103 8001  [2019-05-24 00:32:10 423] - created space[2] entityID = 3, res = spaces/novice_2.
   DEBUG    cellapp01 10103 8001  [2019-05-24 00:32:10 426] - NavMeshHandle::create: (C:/Users/Black/Ouroboros/assets/res/spaces/novice_1/srv_novice_village_1.navmesh), layer=0
   DEBUG    cellapp01 10103 8001  [2019-05-24 00:32:10 426] - 	==> tiles loaded: 1
   DEBUG    cellapp01 10103 8001  [2019-05-24 00:32:10 426] - 	==> BVTree nodes: 2
   DEBUG    cellapp01 10103 8001  [2019-05-24 00:32:10 426] - 	==> 1 polygons (4 vertices)
   DEBUG    cellapp01 10103 8001  [2019-05-24 00:32:10 426] - 	==> 2 triangles (0 vertices)
   DEBUG    cellapp01 10103 8001  [2019-05-24 00:32:10 426] - 	==> 0.00 MB of data (not including pointers)
   DEBUG    cellapp01 10103 8001  [2019-05-24 00:32:10 428] - NavMeshHandle::create: (C:/Users/Black/Ouroboros/assets/res/spaces/novice_2/srv_novice_village_2.navmesh), layer=0
   DEBUG    cellapp01 10103 8001  [2019-05-24 00:32:10 428] - 	==> tiles loaded: 1
   DEBUG    cellapp01 10103 8001  [2019-05-24 00:32:10 428] - 	==> BVTree nodes: 2
   DEBUG    cellapp01 10103 8001  [2019-05-24 00:32:10 428] - 	==> 1 polygons (4 vertices)
   DEBUG    cellapp01 10103 8001  [2019-05-24 00:32:10 428] - 	==> 2 triangles (0 vertices)
   DEBUG    cellapp01 10103 8001  [2019-05-24 00:32:10 428] - 	==> 0.00 MB of data (not including pointers)
    INFO    cellapp01 10103 8001  [2019-05-24 00:32:10 516] - Ouroboros::onLoadedSpaceGeometryMapping: spaceID=1, respath=spaces/novice_1!
   S_DBG    cellapp01 10103 8001  [2019-05-24 00:32:10 516] - onSpaceGeometryLoaded: spaceID=1, mapping=spaces/novice_1.
   S_DBG    cellapp01 10103 8001  [2019-05-24 00:32:10 516] - onAllSpaceGeometryLoaded: spaceID=1, isBootstrap=1, mapping=spaces/novice_1.
    INFO    cellapp01 10103 8001  [2019-05-24 00:32:10 517] - Ouroboros::onLoadedSpaceGeometryMapping: spaceID=2, respath=spaces/novice_2!
   S_DBG    cellapp01 10103 8001  [2019-05-24 00:32:10 517] - onSpaceGeometryLoaded: spaceID=2, mapping=spaces/novice_2.
   S_DBG    cellapp01 10103 8001  [2019-05-24 00:32:10 517] - onAllSpaceGeometryLoaded: spaceID=2, isBootstrap=1, mapping=spaces/novice_2.
    INFO    cellapp01 10103 8001  [2019-05-24 02:15:05 394] - EntityApp::createEntity: new Avatar 8
   S_ERR    cellapp01 10103 8001  [2019-05-24 02:15:05 402] - TypeError: must be set to a FLOAT type.
   S_ERR    cellapp01 10103 8001  [2019-05-24 02:15:05 403] - ValueError: can't set Avatar.lastPositionSyncTime to int.
   S_DBG    cellapp01 10103 8001  [2019-05-24 02:15:05 407] - Avatar::onGetWitness: 8.
   S_DBG    cellapp01 10103 8001  [2019-05-24 02:15:05 408] - Space::onEnter space[1] entityID = 8.
    INFO    cellapp01 10103 8001  [2019-05-24 02:15:09 150] - EntityApp::createEntity: new Avatar 9
   S_ERR    cellapp01 10103 8001  [2019-05-24 02:15:09 152] - TypeError: must be set to a FLOAT type.
   S_ERR    cellapp01 10103 8001  [2019-05-24 02:15:09 153] - ValueError: can't set Avatar.lastPositionSyncTime to int.
   S_DBG    cellapp01 10103 8001  [2019-05-24 02:15:09 157] - Avatar::onWitnessed: 9 isWitnessed=1.
   S_DBG    cellapp01 10103 8001  [2019-05-24 02:15:09 160] - Avatar::onWitnessed: 8 isWitnessed=1.
   S_DBG    cellapp01 10103 8001  [2019-05-24 02:15:09 160] - Avatar::onGetWitness: 9.
   S_DBG    cellapp01 10103 8001  [2019-05-24 02:15:09 160] - Space::onEnter space[1] entityID = 9.
   S_DBG    cellapp01 10103 8001  [2019-05-24 02:18:09 901] - Avatar::onDestroy: 9.
   DEBUG    cellapp01 10103 8001  [2019-05-24 02:18:09 909] - Avatar::~Avatar(): 9
   S_DBG    cellapp01 10103 8001  [2019-05-24 02:18:24 903] - Avatar::onWitnessed: 8 isWitnessed=0.
   DEBUG    cellapp01 10103 8001  [2019-05-24 02:18:24 903] - WitnessedTimeoutHandler::handleTimeout: witnesseds is empty, timer is canceled!
   S_DBG    cellapp01 10103 8001  [2019-05-24 02:19:31 170] - Avatar::onDestroy: 8.
   DEBUG    cellapp01 10103 8001  [2019-05-24 02:19:31 209] - Avatar::~Avatar(): 8
    INFO    cellapp01 10103 8001  [2019-05-24 02:28:52 910] - EntityApp::createEntity: new Avatar 11
   S_ERR    cellapp01 10103 8001  [2019-05-24 02:28:52 912] - TypeError: must be set to a FLOAT type.
   S_ERR    cellapp01 10103 8001  [2019-05-24 02:28:52 936] - ValueError: can't set Avatar.lastPositionSyncTime to int.
   S_DBG    cellapp01 10103 8001  [2019-05-24 02:28:52 975] - Avatar::onGetWitness: 11.
   S_DBG    cellapp01 10103 8001  [2019-05-24 02:28:52 975] - Space::onEnter space[1] entityID = 11.
    INFO    cellapp01 10103 8001  [2019-05-24 02:29:01 731] - EntityApp::createEntity: new Avatar 13
   S_ERR    cellapp01 10103 8001  [2019-05-24 02:29:01 734] - TypeError: must be set to a FLOAT type.
   S_ERR    cellapp01 10103 8001  [2019-05-24 02:29:01 737] - ValueError: can't set Avatar.lastPositionSyncTime to int.
   S_DBG    cellapp01 10103 8001  [2019-05-24 02:29:01 738] - Avatar::onWitnessed: 13 isWitnessed=1.
   S_DBG    cellapp01 10103 8001  [2019-05-24 02:29:01 739] - Avatar::onWitnessed: 11 isWitnessed=1.
   S_DBG    cellapp01 10103 8001  [2019-05-24 02:29:01 739] - Avatar::onGetWitness: 13.
   S_DBG    cellapp01 10103 8001  [2019-05-24 02:29:01 739] - Space::onEnter space[1] entityID = 13.
   S_DBG    cellapp01 10103 8001  [2019-05-24 02:30:05 076] - Avatar::onDestroy: 11.
   DEBUG    cellapp01 10103 8001  [2019-05-24 02:30:05 108] - Avatar::~Avatar(): 11
   S_DBG    cellapp01 10103 8001  [2019-05-24 02:30:20 077] - Avatar::onWitnessed: 13 isWitnessed=0.
   DEBUG    cellapp01 10103 8001  [2019-05-24 02:30:20 078] - WitnessedTimeoutHandler::handleTimeout: witnesseds is empty, timer is canceled!
   S_DBG    cellapp01 10103 8001  [2019-05-24 02:31:26 574] - Avatar::onDestroy: 13.
   DEBUG    cellapp01 10103 8001  [2019-05-24 02:31:26 608] - Avatar::~Avatar(): 13
    INFO    cellapp01 10103 8001  [2019-05-24 02:38:13 879] - EntityApp::createEntity: new Avatar 15
   S_ERR    cellapp01 10103 8001  [2019-05-24 02:38:13 880] - TypeError: must be set to a FLOAT type.
   S_ERR    cellapp01 10103 8001  [2019-05-24 02:38:13 884] - ValueError: can't set Avatar.lastPositionSyncTime to int.
   S_DBG    cellapp01 10103 8001  [2019-05-24 02:38:13 885] - Avatar::onGetWitness: 15.
   S_DBG    cellapp01 10103 8001  [2019-05-24 02:38:13 885] - Space::onEnter space[1] entityID = 15.
   S_DBG    cellapp01 10103 8001  [2019-05-24 02:38:23 658] - Avatar::onDestroy: 15.
   DEBUG    cellapp01 10103 8001  [2019-05-24 02:38:23 708] - Avatar::~Avatar(): 15
    INFO    cellapp01 10103 8001  [2019-05-24 02:38:38 215] - EntityApp::createEntity: new Avatar 17
   S_ERR    cellapp01 10103 8001  [2019-05-24 02:38:38 216] - TypeError: must be set to a FLOAT type.
   S_ERR    cellapp01 10103 8001  [2019-05-24 02:38:38 217] - ValueError: can't set Avatar.lastPositionSyncTime to int.
   S_DBG    cellapp01 10103 8001  [2019-05-24 02:38:38 218] - Avatar::onGetWitness: 17.
   S_DBG    cellapp01 10103 8001  [2019-05-24 02:38:38 218] - Space::onEnter space[1] entityID = 17.
   S_DBG    cellapp01 10103 8001  [2019-05-24 02:39:10 709] - Avatar::onLoseWitness: 17.
   S_DBG    cellapp01 10103 8001  [2019-05-24 02:39:10 709] - Avatar::onDestroy: 17.
   DEBUG    cellapp01 10103 8001  [2019-05-24 02:39:10 807] - Avatar::~Avatar(): 17
    INFO    cellapp01 10103 8001  [2019-05-24 02:39:18 492] - EntityApp::createEntity: new Avatar 19
   S_ERR    cellapp01 10103 8001  [2019-05-24 02:39:18 493] - TypeError: must be set to a FLOAT type.
   S_ERR    cellapp01 10103 8001  [2019-05-24 02:39:18 494] - ValueError: can't set Avatar.lastPositionSyncTime to int.
   S_DBG    cellapp01 10103 8001  [2019-05-24 02:39:18 495] - Avatar::onGetWitness: 19.
   S_DBG    cellapp01 10103 8001  [2019-05-24 02:39:18 496] - Space::onEnter space[1] entityID = 19.
   S_DBG    cellapp01 10103 8001  [2019-05-24 02:40:40 516] - Avatar::onDestroy: 19.
   DEBUG    cellapp01 10103 8001  [2019-05-24 02:40:40 607] - Avatar::~Avatar(): 19
    INFO    cellapp01 10103 8001  [2019-05-24 02:42:57 730] - EntityApp::createEntity: new Avatar 23
   S_ERR    cellapp01 10103 8001  [2019-05-24 02:42:57 732] - TypeError: must be set to a FLOAT type.
   S_ERR    cellapp01 10103 8001  [2019-05-24 02:42:57 734] - ValueError: can't set Avatar.lastPositionSyncTime to int.
   S_DBG    cellapp01 10103 8001  [2019-05-24 02:42:57 735] - Avatar::onGetWitness: 23.
   S_DBG    cellapp01 10103 8001  [2019-05-24 02:42:57 736] - Space::onEnter space[1] entityID = 23.
    INFO    cellapp01 10103 8001  [2019-05-24 02:43:00 149] - EntityApp::createEntity: new Avatar 24
   S_ERR    cellapp01 10103 8001  [2019-05-24 02:43:00 151] - TypeError: must be set to a FLOAT type.
   S_ERR    cellapp01 10103 8001  [2019-05-24 02:43:00 153] - ValueError: can't set Avatar.lastPositionSyncTime to int.
   S_DBG    cellapp01 10103 8001  [2019-05-24 02:43:00 155] - Avatar::onWitnessed: 24 isWitnessed=1.
   S_DBG    cellapp01 10103 8001  [2019-05-24 02:43:00 155] - Avatar::onWitnessed: 23 isWitnessed=1.
   S_DBG    cellapp01 10103 8001  [2019-05-24 02:43:00 156] - Avatar::onGetWitness: 24.
   S_DBG    cellapp01 10103 8001  [2019-05-24 02:43:00 156] - Space::onEnter space[1] entityID = 24.
   S_DBG    cellapp01 10103 8001  [2019-05-24 02:44:13 546] - Avatar::onDestroy: 23.
   DEBUG    cellapp01 10103 8001  [2019-05-24 02:44:13 608] - Avatar::~Avatar(): 23
   S_DBG    cellapp01 10103 8001  [2019-05-24 02:44:28 547] - Avatar::onWitnessed: 24 isWitnessed=0.
   DEBUG    cellapp01 10103 8001  [2019-05-24 02:44:28 547] - WitnessedTimeoutHandler::handleTimeout: witnesseds is empty, timer is canceled!
   S_DBG    cellapp01 10103 8001  [2019-05-24 02:45:21 089] - Avatar::onDestroy: 24.
   DEBUG    cellapp01 10103 8001  [2019-05-24 02:45:21 107] - Avatar::~Avatar(): 24
    INFO    cellapp01 10103 8001  [2019-05-24 02:47:02 982] - EntityApp::createEntity: new Avatar 27
   S_ERR    cellapp01 10103 8001  [2019-05-24 02:47:02 983] - TypeError: must be set to a FLOAT type.
   S_ERR    cellapp01 10103 8001  [2019-05-24 02:47:02 984] - ValueError: can't set Avatar.lastPositionSyncTime to int.
   S_DBG    cellapp01 10103 8001  [2019-05-24 02:47:02 985] - Avatar::onGetWitness: 27.
   S_DBG    cellapp01 10103 8001  [2019-05-24 02:47:02 985] - Space::onEnter space[1] entityID = 27.
    INFO    cellapp01 10103 8001  [2019-05-24 02:47:26 883] - EntityApp::createEntity: new Avatar 30
   S_ERR    cellapp01 10103 8001  [2019-05-24 02:47:26 885] - TypeError: must be set to a FLOAT type.
   S_ERR    cellapp01 10103 8001  [2019-05-24 02:47:26 886] - ValueError: can't set Avatar.lastPositionSyncTime to int.
   S_DBG    cellapp01 10103 8001  [2019-05-24 02:47:26 887] - Avatar::onWitnessed: 30 isWitnessed=1.
   S_DBG    cellapp01 10103 8001  [2019-05-24 02:47:26 888] - Avatar::onWitnessed: 27 isWitnessed=1.
   S_DBG    cellapp01 10103 8001  [2019-05-24 02:47:26 888] - Avatar::onGetWitness: 30.
   S_DBG    cellapp01 10103 8001  [2019-05-24 02:47:26 888] - Space::onEnter space[1] entityID = 30.
   S_DBG    cellapp01 10103 8001  [2019-05-24 02:48:22 737] - Avatar::onDestroy: 27.
   DEBUG    cellapp01 10103 8001  [2019-05-24 02:48:22 807] - Avatar::~Avatar(): 27
   S_DBG    cellapp01 10103 8001  [2019-05-24 02:48:37 738] - Avatar::onWitnessed: 30 isWitnessed=0.
   DEBUG    cellapp01 10103 8001  [2019-05-24 02:48:37 738] - WitnessedTimeoutHandler::handleTimeout: witnesseds is empty, timer is canceled!
   S_DBG    cellapp01 10103 8001  [2019-05-24 02:49:44 158] - Avatar::onDestroy: 30.
   DEBUG    cellapp01 10103 8001  [2019-05-24 02:49:44 207] - Avatar::~Avatar(): 30
