    INFO    cellapp01 10103 8001  [2019-06-01 01:41:35 926] - EntityApp::createEntity: new Avatar 6
   S_ERR    cellapp01 10103 8001  [2019-06-01 01:41:35 928] - TypeError: must be set to a FLOAT type.
   S_ERR    cellapp01 10103 8001  [2019-06-01 01:41:35 929] - ValueError: can't set Avatar.lastPositionSyncTime to int.
   S_DBG    cellapp01 10103 8001  [2019-06-01 01:41:35 930] - Avatar::onGetWitness: 6.
   S_DBG    cellapp01 10103 8001  [2019-06-01 01:41:35 930] - Space::onEnter space[1] entityID = 6.
   S_DBG    cellapp01 10103 8001  [2019-06-01 01:43:11 075] - Avatar::onDestroy: 6.
   DEBUG    cellapp01 10103 8001  [2019-06-01 01:43:11 112] - Avatar::~Avatar(): 6
    INFO    cellapp01 10103 8001  [2019-06-01 01:43:39 622] - EntityApp::createEntity: new Avatar 10
   S_ERR    cellapp01 10103 8001  [2019-06-01 01:43:39 623] - TypeError: must be set to a FLOAT type.
   S_ERR    cellapp01 10103 8001  [2019-06-01 01:43:39 624] - ValueError: can't set Avatar.lastPositionSyncTime to int.
   S_DBG    cellapp01 10103 8001  [2019-06-01 01:43:39 625] - Avatar::onGetWitness: 10.
   S_DBG    cellapp01 10103 8001  [2019-06-01 01:43:39 625] - Space::onEnter space[1] entityID = 10.
    INFO    cellapp01 10103 8001  [2019-06-01 01:44:24 558] - EntityApp::createEntity: new Avatar 11
   S_ERR    cellapp01 10103 8001  [2019-06-01 01:44:24 560] - TypeError: must be set to a FLOAT type.
   S_ERR    cellapp01 10103 8001  [2019-06-01 01:44:24 560] - ValueError: can't set Avatar.lastPositionSyncTime to int.
   S_DBG    cellapp01 10103 8001  [2019-06-01 01:44:24 560] - Avatar::onWitnessed: 11 isWitnessed=1.
   S_DBG    cellapp01 10103 8001  [2019-06-01 01:44:24 561] - Avatar::onWitnessed: 10 isWitnessed=1.
   S_DBG    cellapp01 10103 8001  [2019-06-01 01:44:24 561] - Avatar::onGetWitness: 11.
   S_DBG    cellapp01 10103 8001  [2019-06-01 01:44:24 561] - Space::onEnter space[1] entityID = 11.
   S_DBG    cellapp01 10103 8001  [2019-06-01 01:46:57 880] - Avatar::onDestroy: 11.
   DEBUG    cellapp01 10103 8001  [2019-06-01 01:46:57 912] - Avatar::~Avatar(): 11
   S_DBG    cellapp01 10103 8001  [2019-06-01 01:47:12 881] - Avatar::onWitnessed: 10 isWitnessed=0.
   DEBUG    cellapp01 10103 8001  [2019-06-01 01:47:12 881] - WitnessedTimeoutHandler::handleTimeout: witnesseds is empty, timer is canceled!
   S_DBG    cellapp01 10103 8001  [2019-06-01 01:48:03 915] - Avatar::onDestroy: 10.
   DEBUG    cellapp01 10103 8001  [2019-06-01 01:48:04 012] - Avatar::~Avatar(): 10
