   DEBUG      dbmgr-1 10103 4000  [2019-06-07 00:02:57 710] - Dbmgr::writeEntity: Account(2).
   DEBUG      dbmgr-1 10103 4000  [2019-06-07 00:04:12 710] - Dbmgr::writeEntity: Account(1).
   DEBUG      dbmgr-1 10103 4000  [2019-06-07 00:05:27 708] - Dbmgr::writeEntity: Avatar(28).
   DEBUG      dbmgr-1 10103 4000  [2019-06-07 00:06:42 707] - Dbmgr::writeEntity: Avatar(27).
   DEBUG      dbmgr-1 10103 4000  [2019-06-07 00:07:57 706] - Dbmgr::writeEntity: Avatar(28).
   DEBUG      dbmgr-1 10103 4000  [2019-06-07 00:09:14 805] - Dbmgr::writeEntity: Avatar(28).
   DEBUG      dbmgr-1 10103 4000  [2019-06-07 00:09:14 805] - Dbmgr::onEntityOffline: 2, entityType=1.
   DEBUG      dbmgr-1 10103 4000  [2019-06-07 00:09:14 805] - Dbmgr::onEntityOffline: 28, entityType=2.
    INFO      dbmgr-1 10103 4000  [2019-06-07 00:09:14 796] - Buffered_DBTasks::onFiniTask: Playing buffered task for entityID=0, dbid=28, dbid_tasks_size=2, entityid_tasks_size=0.
   DEBUG      dbmgr-1 10103 4000  [2019-06-07 00:10:16 384] - Dbmgr::onEntityOffline: 27, entityType=2.
   DEBUG      dbmgr-1 10103 4000  [2019-06-07 00:10:16 384] - Dbmgr::onEntityOffline: 1, entityType=1.
   DEBUG      dbmgr-1 10103 4000  [2019-06-07 00:56:42 643] - Dbmgr::DBTaskServerLog()
   DEBUG      dbmgr-1 10103 4000  [2019-06-07 01:56:42 608] - Dbmgr::DBTaskServerLog()
   DEBUG      dbmgr-1 10103 4000  [2019-06-07 02:56:42 555] - Dbmgr::DBTaskServerLog()
 WARNING      dbmgr-1 10103 4000  [2019-06-07 03:37:28 412] - TCPPacketReceiver::processPendingEvents(192.168.27.1:11347): Throwing REASON_GENERAL_NETWORK - WSAECONNRESET
   ERROR      dbmgr-1 10103 4000  [2019-06-07 03:37:28 448] - Components::removeComponentByChannel: loginapp : 9000, Abnormal exit(reason=TCPPacketReceiver::processRecv(): error=10054
)! Channel(timestamp=7118981211022, lastReceivedTime=7118801229997, inactivityExceptionPeriod=599493286)
 WARNING      dbmgr-1 10103 4000  [2019-06-07 03:37:28 463] - TCPPacketReceiver::processPendingEvents(192.168.27.1:11356): Throwing REASON_GENERAL_NETWORK - WSAECONNRESET
   ERROR      dbmgr-1 10103 4000  [2019-06-07 03:37:28 464] - Components::removeComponentByChannel: cellapp : 8001, Abnormal exit(reason=TCPPacketReceiver::processRecv(): error=10054
)! Channel(timestamp=7118981441083, lastReceivedTime=7118799374651, inactivityExceptionPeriod=599493286)
    INFO      dbmgr-1 10103 4000  [2019-06-07 21:52:33 853] - -----------------------------------------------------------------------------------------


    INFO      dbmgr-1 10103 4000  [2019-06-07 21:52:33 856] - Resmgr::initialize: OURO_ROOT=C:/Users/Black/Ouroboros/
    INFO      dbmgr-1 10103 4000  [2019-06-07 21:52:33 856] - Resmgr::initialize: OURO_RES_PATH=C:/Users/Black/Ouroboros/ouro/res/;C:/Users/Black/Ouroboros/assets/;C:/Users/Black/Ouroboros/assets/scripts/;C:/Users/Black/Ouroboros/assets/res/
    INFO      dbmgr-1 10103 4000  [2019-06-07 21:52:33 856] - Resmgr::initialize: OURO_BIN_PATH=C:/Users/Black/Ouroboros/ouro/bin/server/
    INFO      dbmgr-1 10103 4000  [2019-06-07 21:52:33 869] - NetworkInterface::initialize(INTERNAL-TCP): bound to all interfaces with default route interface on 192.168.27.1 ( 192.168.27.1:3920 )
    INFO      dbmgr-1 10103 4000  [2019-06-07 21:52:33 869] - NetworkInterface::initialize(INTERNAL-TCP): address 192.168.27.1:3920, SOMAXCONN=5.
    INFO      dbmgr-1 10103 4000  [2019-06-07 21:52:33 869] - server-configs:
    INFO      dbmgr-1 10103 4000  [2019-06-07 21:52:33 869] - 	internalTcpAddr : 192.168.27.1:3920
    INFO      dbmgr-1 10103 4000  [2019-06-07 21:52:33 870] - 	componentID : 4000
    INFO      dbmgr-1 10103 4000  [2019-06-07 21:52:33 914] - Components::findLogger: found logger, addr:192.168.27.1:3862
    INFO      dbmgr-1 10103 4000  [2019-06-07 21:52:33 915] - Components::addComponent: reset orderLog, uid=10103!
    INFO      dbmgr-1 10103 4000  [2019-06-07 21:52:33 915] - Components::addComponent[logger], uid=10103, componentID=2000, globalorderid=1, grouporderid=1, totalcount=1
    INFO      dbmgr-1 10103 4000  [2019-06-07 21:52:33 922] - ---- dbmgr Version: 2.5.0. ScriptVersion: 0.1.0. Pythoncore: 3.7.3. Protocol: 7E018B6508A428A183CCC712F3412432. Config: Debug X86. Built: 03:59:31 May 23 2019. AppID: 4000. UID: 10103. PID: 9884 ----
    INFO      dbmgr-1 10103 4000  [2019-06-07 21:52:33 922] - Server Black: Intel(R) Core(TM) i7-7700HQ CPU @ 2.80GHz with 2097151kB RAM
    INFO      dbmgr-1 10103 4000  [2019-06-07 21:52:33 923] - ThreadPool::createThreadPool: creating  threadpool...
    INFO      dbmgr-1 10103 4000  [2019-06-07 21:52:33 923] - ThreadPool::createThreadPool: successfully(2), newThreadCount=1, normalMaxThreadCount=2, maxThreadCount=8
    INFO      dbmgr-1 10103 4000  [2019-06-07 21:52:34 113] - Script::install(): is successfully, Python=(3.7.3 (default, May 23 2019, 03:58:29) [MSC v.1916 32 bit (Intel)])!
    INFO      dbmgr-1 10103 4000  [2019-06-07 21:52:34 113] - Script::install(): OUROxtra is successfully!
    INFO      dbmgr-1 10103 4000  [2019-06-07 21:52:34 746] - Dbmgr::initializeEnd: digest(A95409634AA737AC5ED3596431383F23)
  S_INFO      dbmgr-1 10103 4000  [2019-06-07 21:52:34 746] - onDBMgrReady: bootstrapGroupIndex=0, bootstrapGlobalIndex=0
    INFO      dbmgr-1 10103 4000  [2019-06-07 21:52:34 747] - TelnetServer server is running on port 32000
    INFO      dbmgr-1 10103 4000  [2019-06-07 21:52:34 748] - Dbmgr::initInterfacesHandler: interfaces addr(127.0.0.1:30099), accountType:(interfaces), chargeType:(interfaces).
 WARNING      dbmgr-1 10103 4000  [2019-06-07 21:52:34 965] - DBUtil::initialize: db(default) password is not encrypted!
please use password(rsa):
AF76FDFC4198483453465BE33FEAE53964CF0FB041991306B044953A10EAAAABF046EBCFBB80044BAF9C997AD11F8B8ACDFCE8AD5D38A2B602317A05490D0262D20477C3D9666C382C250D6ADDBF75412A1BEF221C3BE97534A15AB030A03540C5CF9E6A768889E3140F03B083B95AD999CEBD226AF290F4A1F77B8444699D65
   DEBUG      dbmgr-1 10103 4000  [2019-06-07 21:52:34 974] - DBInterfaceMysql::attach: connect: localhost:3306 starting...
   DEBUG      dbmgr-1 10103 4000  [2019-06-07 21:52:34 987] - DBInterfaceMysql::attach: successfully! addr: localhost:3306
    INFO      dbmgr-1 10103 4000  [2019-06-07 21:52:34 987] - DBUtil::createInterface[0xbef2d8]: interface=default, dbtype=mysql, ip=localhost, port=3306, currdatabase=ouro, username=ouro, connected=yes.

    INFO      dbmgr-1 10103 4000  [2019-06-07 21:52:34 988] - ThreadPool::createThreadPool: creating  threadpool...
    INFO      dbmgr-1 10103 4000  [2019-06-07 21:52:34 989] - ThreadPool::createThreadPool: successfully(5), newThreadCount=5, normalMaxThreadCount=5, maxThreadCount=5
    INFO      dbmgr-1 10103 4000  [2019-06-07 21:52:35 092] - DBInterfaceMysql::query: successfully!
 WARNING      dbmgr-1 10103 4000  [2019-06-07 21:52:35 192] - d:\scratch\___kbe__\ouroboros-2.5.0\ouro\src\server\dbmgr\dbmgr.cpp:306: Profile scriptCall took 0.44 seconds
    INFO      dbmgr-1 10103 4000  [2019-06-07 21:52:35 567] - ---- dbmgr is running ----
   DEBUG      dbmgr-1 10103 4000  [2019-06-07 21:52:35 568] - Components::process(): Request for the process of identity...
   DEBUG      dbmgr-1 10103 4000  [2019-06-07 21:52:34 989] - DBInterfaceMysql::attach: connect: localhost:3306 starting...
   DEBUG      dbmgr-1 10103 4000  [2019-06-07 21:52:34 989] - DBInterfaceMysql::attach: connect: localhost:3306 starting...
   DEBUG      dbmgr-1 10103 4000  [2019-06-07 21:52:34 990] - DBInterfaceMysql::attach: connect: localhost:3306 starting...
   DEBUG      dbmgr-1 10103 4000  [2019-06-07 21:52:34 990] - DBInterfaceMysql::attach: connect: localhost:3306 starting...
   DEBUG      dbmgr-1 10103 4000  [2019-06-07 21:52:34 990] - DBInterfaceMysql::attach: connect: localhost:3306 starting...
   DEBUG      dbmgr-1 10103 4000  [2019-06-07 21:52:34 993] - DBInterfaceMysql::attach: successfully! addr: localhost:3306
   DEBUG      dbmgr-1 10103 4000  [2019-06-07 21:52:34 993] - DBThread::onStart(): 0x104bbd8!
   DEBUG      dbmgr-1 10103 4000  [2019-06-07 21:52:34 994] - DBInterfaceMysql::attach: successfully! addr: localhost:3306
   DEBUG      dbmgr-1 10103 4000  [2019-06-07 21:52:34 994] - DBThread::onStart(): 0x104ba40!
   DEBUG      dbmgr-1 10103 4000  [2019-06-07 21:52:34 995] - DBInterfaceMysql::attach: successfully! addr: localhost:3306
   DEBUG      dbmgr-1 10103 4000  [2019-06-07 21:52:34 995] - DBThread::onStart(): 0x104b4f0!
   DEBUG      dbmgr-1 10103 4000  [2019-06-07 21:52:34 996] - DBInterfaceMysql::attach: successfully! addr: localhost:3306
   DEBUG      dbmgr-1 10103 4000  [2019-06-07 21:52:34 996] - DBThread::onStart(): 0x104b600!
   DEBUG      dbmgr-1 10103 4000  [2019-06-07 21:52:34 997] - DBInterfaceMysql::attach: successfully! addr: localhost:3306
   DEBUG      dbmgr-1 10103 4000  [2019-06-07 21:52:34 997] - DBThread::onStart(): 0x104b710!
    INFO      dbmgr-1 10103 4000  [2019-06-07 21:52:35 100] - DBInterfaceMysql::query: successfully!
    INFO      dbmgr-1 10103 4000  [2019-06-07 21:52:35 101] - DBInterfaceMysql::query: successfully!
    INFO      dbmgr-1 10103 4000  [2019-06-07 21:52:35 101] - DBInterfaceMysql::query: successfully!
    INFO      dbmgr-1 10103 4000  [2019-06-07 21:52:35 110] - DBInterfaceMysql::query: successfully!
    INFO      dbmgr-1 10103 4000  [2019-06-07 21:52:35 110] - DBInterfaceMysql::query: successfully!
    INFO      dbmgr-1 10103 4000  [2019-06-07 21:52:35 110] - DBInterfaceMysql::query: successfully!
    INFO      dbmgr-1 10103 4000  [2019-06-07 21:52:35 175] - DBInterfaceMysql::query: successfully!
    INFO      dbmgr-1 10103 4000  [2019-06-07 21:52:35 177] - DBInterfaceMysql::query: successfully!
    INFO      dbmgr-1 10103 4000  [2019-06-07 21:52:41 778] - ServerApp::onRegisterNewApp: uid:10103, username:Black, componentType:interfaces, componentID:3000, globalorderID=-1, grouporderID=-1, intaddr:192.168.27.1, intport:30099, extaddr:nonsupport, extport:0,  from 127.0.0.1:30099/0/0/0.
    INFO      dbmgr-1 10103 4000  [2019-06-07 21:52:41 778] - Components::addComponent: reset orderLog, uid=10103!
    INFO      dbmgr-1 10103 4000  [2019-06-07 21:52:41 778] - Components::addComponent[interfaces], uid=10103, componentID=3000, globalorderid=1, grouporderid=1, totalcount=1
    INFO      dbmgr-1 10103 4000  [2019-06-07 21:52:42 807] - Components::process(): Found all the components!
    INFO      dbmgr-1 10103 4000  [2019-06-07 21:52:53 889] - ServerApp::onRegisterNewApp: uid:10103, username:Black, componentType:baseappmgr, componentID:5000, globalorderID=-1, grouporderID=-1, intaddr:192.168.27.1, intport:3945, extaddr:nonsupport, extport:0,  from 192.168.27.1:3971/0/0/0.
    INFO      dbmgr-1 10103 4000  [2019-06-07 21:52:53 890] - Components::addComponent: reset orderLog, uid=10103!
    INFO      dbmgr-1 10103 4000  [2019-06-07 21:52:53 890] - Components::addComponent[baseappmgr], uid=10103, componentID=5000, globalorderid=1, grouporderid=1, totalcount=1
    INFO      dbmgr-1 10103 4000  [2019-06-07 21:53:02 074] - ServerApp::onRegisterNewApp: uid:10103, username:Black, componentType:cellappmgr, componentID:6000, globalorderID=-1, grouporderID=-1, intaddr:192.168.27.1, intport:3963, extaddr:nonsupport, extport:0,  from 192.168.27.1:3991/0/0/0.
    INFO      dbmgr-1 10103 4000  [2019-06-07 21:53:02 074] - Components::addComponent[cellappmgr], uid=10103, componentID=6000, globalorderid=2, grouporderid=1, totalcount=1
    INFO      dbmgr-1 10103 4000  [2019-06-07 21:53:12 985] - ServerApp::onRegisterNewApp: uid:10103, username:Black, componentType:baseapp, componentID:7001, globalorderID=-1, grouporderID=-1, intaddr:192.168.27.1, intport:3981, extaddr:192.168.27.1, extport:20015,  from 192.168.27.1:4013/0/0/0.
    INFO      dbmgr-1 10103 4000  [2019-06-07 21:53:12 985] - Components::addComponent[baseapp], uid=10103, componentID=7001, globalorderid=3, grouporderid=1, totalcount=1
    INFO      dbmgr-1 10103 4000  [2019-06-07 21:53:16 005] - IDServer::allocRange: 1-2001.
   DEBUG      dbmgr-1 10103 4000  [2019-06-07 21:53:16 005] - SyncAppDatasHandler::~SyncAppDatasHandler()
    INFO      dbmgr-1 10103 4000  [2019-06-07 21:53:17 517] - GlobalDataServer::broadcastDataChanged: writer(baseapp, addr=192.168.27.1:4013/0/0/0), keySize=12, valSize=45, isDelete=0
    INFO      dbmgr-1 10103 4000  [2019-06-07 21:53:21 104] - ServerApp::onRegisterNewApp: uid:10103, username:Black, componentType:cellapp, componentID:8001, globalorderID=-1, grouporderID=-1, intaddr:192.168.27.1, intport:3999, extaddr:nonsupport, extport:0,  from 192.168.27.1:4033/0/0/0.
    INFO      dbmgr-1 10103 4000  [2019-06-07 21:53:21 104] - Components::addComponent[cellapp], uid=10103, componentID=8001, globalorderid=4, grouporderid=1, totalcount=1
    INFO      dbmgr-1 10103 4000  [2019-06-07 21:53:24 105] - IDServer::allocRange: 2001-4001.
   DEBUG      dbmgr-1 10103 4000  [2019-06-07 21:53:24 105] - SyncAppDatasHandler::~SyncAppDatasHandler()
    INFO      dbmgr-1 10103 4000  [2019-06-07 21:53:25 379] - GlobalDataServer::broadcastDataChanged: writer(cellapp, addr=192.168.27.1:4033/0/0/0), keySize=13, valSize=45, isDelete=0
    INFO      dbmgr-1 10103 4000  [2019-06-07 21:53:25 382] - GlobalDataServer::broadcastDataChanged: writer(cellapp, addr=192.168.27.1:4033/0/0/0), keySize=13, valSize=45, isDelete=0
    INFO      dbmgr-1 10103 4000  [2019-06-07 21:53:26 699] - ServerApp::onRegisterNewApp: uid:10103, username:Black, componentType:loginapp, componentID:9000, globalorderID=-1, grouporderID=-1, intaddr:192.168.27.1, intport:4018, extaddr:192.168.27.1, extport:20013,  from 192.168.27.1:4046/0/0/0.
    INFO      dbmgr-1 10103 4000  [2019-06-07 21:53:26 699] - Components::addComponent[loginapp], uid=10103, componentID=9000, globalorderid=5, grouporderid=1, totalcount=1
   DEBUG      dbmgr-1 10103 4000  [2019-06-07 21:53:29 704] - SyncAppDatasHandler::~SyncAppDatasHandler()
   DEBUG      dbmgr-1 10103 4000  [2019-06-07 22:01:36 920] - Dbmgr::onAccountLogin:loginName=test13, accountName=test13, success=0, componentID=0, entityID=0, dbid=1, flags=0, deadline=0.
   DEBUG      dbmgr-1 10103 4000  [2019-06-07 22:01:37 160] - Dbmgr::queryAccount: test13, success=true, flags=0, deadline=0.
   DEBUG      dbmgr-1 10103 4000  [2019-06-07 22:01:46 359] - Dbmgr::writeEntity: Avatar(29).
   DEBUG      dbmgr-1 10103 4000  [2019-06-07 22:01:46 379] - Dbmgr::onEntityOffline: 29, entityType=2.
   DEBUG      dbmgr-1 10103 4000  [2019-06-07 22:01:46 379] - Dbmgr::writeEntity: Account(1).
   DEBUG      dbmgr-1 10103 4000  [2019-06-07 22:01:52 559] - Dbmgr::DBTaskQueryEntity: Avatar, dbid=29, entityID=6, wasActive=false, queryMode=0, componentID=7001, success=true.
   DEBUG      dbmgr-1 10103 4000  [2019-06-07 22:05:29 408] - Dbmgr::writeEntity: Account(1).
   DEBUG      dbmgr-1 10103 4000  [2019-06-07 22:07:06 964] - Dbmgr::onEntityOffline: 1, entityType=1.
   DEBUG      dbmgr-1 10103 4000  [2019-06-07 22:07:06 964] - Dbmgr::writeEntity: Avatar(29).
   DEBUG      dbmgr-1 10103 4000  [2019-06-07 22:07:06 964] - Dbmgr::onEntityOffline: 29, entityType=2.
    INFO      dbmgr-1 10103 4000  [2019-06-07 22:07:06 946] - Buffered_DBTasks::onFiniTask: Playing buffered task for entityID=0, dbid=29, dbid_tasks_size=1, entityid_tasks_size=0.
   DEBUG      dbmgr-1 10103 4000  [2019-06-07 22:08:12 780] - Dbmgr::onAccountLogin:loginName=killingbosser1, accountName=killingbosser1, success=0, componentID=0, entityID=0, dbid=2, flags=0, deadline=0.
   DEBUG      dbmgr-1 10103 4000  [2019-06-07 22:08:13 024] - Dbmgr::queryAccount: killingbosser1, success=true, flags=0, deadline=0.
   DEBUG      dbmgr-1 10103 4000  [2019-06-07 22:08:29 439] - Dbmgr::writeEntity: Avatar(30).
   DEBUG      dbmgr-1 10103 4000  [2019-06-07 22:08:29 459] - Dbmgr::onEntityOffline: 30, entityType=2.
   DEBUG      dbmgr-1 10103 4000  [2019-06-07 22:08:29 459] - Dbmgr::writeEntity: Account(2).
   DEBUG      dbmgr-1 10103 4000  [2019-06-07 22:08:33 959] - Dbmgr::reqCreateAccount: killingbosser2, success=true.
   DEBUG      dbmgr-1 10103 4000  [2019-06-07 22:08:37 198] - Dbmgr::onAccountLogin:loginName=killingbosser2, accountName=killingbosser2, success=0, componentID=0, entityID=0, dbid=3, flags=0, deadline=0.
   DEBUG      dbmgr-1 10103 4000  [2019-06-07 22:08:37 399] - Dbmgr::queryAccount: killingbosser2, success=true, flags=0, deadline=0.
   DEBUG      dbmgr-1 10103 4000  [2019-06-07 22:08:44 879] - Dbmgr::writeEntity: Avatar(31).
   DEBUG      dbmgr-1 10103 4000  [2019-06-07 22:08:44 899] - Dbmgr::onEntityOffline: 31, entityType=2.
   DEBUG      dbmgr-1 10103 4000  [2019-06-07 22:08:44 899] - Dbmgr::writeEntity: Account(3).
   DEBUG      dbmgr-1 10103 4000  [2019-06-07 22:08:46 738] - Dbmgr::DBTaskQueryEntity: Avatar, dbid=31, entityID=11, wasActive=false, queryMode=0, componentID=7001, success=true.
   DEBUG      dbmgr-1 10103 4000  [2019-06-07 22:08:50 718] - Dbmgr::DBTaskQueryEntity: Avatar, dbid=30, entityID=12, wasActive=false, queryMode=0, componentID=7001, success=true.
    INFO      dbmgr-1 10103 4000  [2019-06-07 22:08:53 699] - Buffered_DBTasks::onFiniTask: Playing buffered task for entityID=0, dbid=30, dbid_tasks_size=1, entityid_tasks_size=0.
   DEBUG      dbmgr-1 10103 4000  [2019-06-07 22:08:53 718] - Dbmgr::onEntityOffline: 2, entityType=1.
   DEBUG      dbmgr-1 10103 4000  [2019-06-07 22:08:53 718] - Dbmgr::writeEntity: Avatar(30).
   DEBUG      dbmgr-1 10103 4000  [2019-06-07 22:08:53 718] - Dbmgr::onEntityOffline: 30, entityType=2.
   DEBUG      dbmgr-1 10103 4000  [2019-06-07 22:09:17 196] - Dbmgr::onEntityOffline: 3, entityType=1.
   DEBUG      dbmgr-1 10103 4000  [2019-06-07 22:09:17 197] - Dbmgr::writeEntity: Avatar(31).
    INFO      dbmgr-1 10103 4000  [2019-06-07 22:09:17 196] - Buffered_DBTasks::onFiniTask: Playing buffered task for entityID=0, dbid=31, dbid_tasks_size=1, entityid_tasks_size=0.
   DEBUG      dbmgr-1 10103 4000  [2019-06-07 22:09:17 217] - Dbmgr::onEntityOffline: 31, entityType=2.
    INFO      dbmgr-1 10103 4000  [2019-06-07 22:14:20 106] - -----------------------------------------------------------------------------------------


    INFO      dbmgr-1 10103 4000  [2019-06-07 22:14:20 107] - Resmgr::initialize: OURO_ROOT=C:/Users/Black/Ouroboros/
    INFO      dbmgr-1 10103 4000  [2019-06-07 22:14:20 107] - Resmgr::initialize: OURO_RES_PATH=C:/Users/Black/Ouroboros/ouro/res/;C:/Users/Black/Ouroboros/assets/;C:/Users/Black/Ouroboros/assets/scripts/;C:/Users/Black/Ouroboros/assets/res/
    INFO      dbmgr-1 10103 4000  [2019-06-07 22:14:20 107] - Resmgr::initialize: OURO_BIN_PATH=C:/Users/Black/Ouroboros/ouro/bin/server/
    INFO      dbmgr-1 10103 4000  [2019-06-07 22:14:20 120] - NetworkInterface::initialize(INTERNAL-TCP): bound to all interfaces with default route interface on 192.168.27.1 ( 192.168.27.1:6201 )
    INFO      dbmgr-1 10103 4000  [2019-06-07 22:14:20 120] - NetworkInterface::initialize(INTERNAL-TCP): address 192.168.27.1:6201, SOMAXCONN=5.
    INFO      dbmgr-1 10103 4000  [2019-06-07 22:14:20 121] - server-configs:
    INFO      dbmgr-1 10103 4000  [2019-06-07 22:14:20 121] - 	internalTcpAddr : 192.168.27.1:6201
    INFO      dbmgr-1 10103 4000  [2019-06-07 22:14:20 121] - 	componentID : 4000
    INFO      dbmgr-1 10103 4000  [2019-06-07 22:14:21 628] - ---- dbmgr Version: 2.5.0. ScriptVersion: 0.1.0. Pythoncore: 3.7.3. Protocol: 7E018B6508A428A183CCC712F3412432. Config: Debug X86. Built: 03:59:31 May 23 2019. AppID: 4000. UID: 10103. PID: 19924 ----
    INFO      dbmgr-1 10103 4000  [2019-06-07 22:14:21 629] - Server Black: Intel(R) Core(TM) i7-7700HQ CPU @ 2.80GHz with 2097151kB RAM
    INFO      dbmgr-1 10103 4000  [2019-06-07 22:14:21 629] - ThreadPool::createThreadPool: creating  threadpool...
    INFO      dbmgr-1 10103 4000  [2019-06-07 22:14:21 630] - ThreadPool::createThreadPool: successfully(2), newThreadCount=1, normalMaxThreadCount=2, maxThreadCount=8
    INFO      dbmgr-1 10103 4000  [2019-06-07 22:14:21 829] - Script::install(): is successfully, Python=(3.7.3 (default, May 23 2019, 03:58:29) [MSC v.1916 32 bit (Intel)])!
    INFO      dbmgr-1 10103 4000  [2019-06-07 22:14:21 829] - Script::install(): OUROxtra is successfully!
    INFO      dbmgr-1 10103 4000  [2019-06-07 22:14:22 103] - Dbmgr::initializeEnd: digest(A95409634AA737AC5ED3596431383F23)
  S_INFO      dbmgr-1 10103 4000  [2019-06-07 22:14:22 104] - onDBMgrReady: bootstrapGroupIndex=0, bootstrapGlobalIndex=0
    INFO      dbmgr-1 10103 4000  [2019-06-07 22:14:22 104] - TelnetServer server is running on port 32000
    INFO      dbmgr-1 10103 4000  [2019-06-07 22:14:22 105] - Dbmgr::initInterfacesHandler: interfaces addr(127.0.0.1:30099), accountType:(interfaces), chargeType:(interfaces).
 WARNING      dbmgr-1 10103 4000  [2019-06-07 22:14:22 372] - DBUtil::initialize: db(default) password is not encrypted!
please use password(rsa):
C27C8610393E0008321F2BCDAE2F22453B3E6B24D409700E102A0A5107B5D6481E5258E49A2E186A37B5A0EE00FA95CD3A34685699D97A7111E62B8858760B3645F40D4E20E71F0FC6963B2F2DEED239A1A4B0D974986B83DD6B8FC99BEE563A5C55E5DC57889417BEE4915F4E7BBDFFC8710F29AE4906D6677E562132A7CBCA
   DEBUG      dbmgr-1 10103 4000  [2019-06-07 22:14:22 375] - DBInterfaceMysql::attach: connect: localhost:3306 starting...
   DEBUG      dbmgr-1 10103 4000  [2019-06-07 22:14:22 381] - DBInterfaceMysql::attach: successfully! addr: localhost:3306
    INFO      dbmgr-1 10103 4000  [2019-06-07 22:14:22 381] - DBUtil::createInterface[0xf5ed58]: interface=default, dbtype=mysql, ip=localhost, port=3306, currdatabase=ouro, username=ouro, connected=yes.

    INFO      dbmgr-1 10103 4000  [2019-06-07 22:14:22 381] - ThreadPool::createThreadPool: creating  threadpool...
    INFO      dbmgr-1 10103 4000  [2019-06-07 22:14:22 382] - ThreadPool::createThreadPool: successfully(5), newThreadCount=5, normalMaxThreadCount=5, maxThreadCount=5
    INFO      dbmgr-1 10103 4000  [2019-06-07 22:14:22 485] - DBInterfaceMysql::query: successfully!
 WARNING      dbmgr-1 10103 4000  [2019-06-07 22:14:22 563] - d:\scratch\___kbe__\ouroboros-2.5.0\ouro\src\server\dbmgr\dbmgr.cpp:306: Profile scriptCall took 0.46 seconds
    INFO      dbmgr-1 10103 4000  [2019-06-07 22:14:22 896] - ---- dbmgr is running ----
   DEBUG      dbmgr-1 10103 4000  [2019-06-07 22:14:22 896] - Components::process(): Request for the process of identity...
   DEBUG      dbmgr-1 10103 4000  [2019-06-07 22:14:22 382] - DBInterfaceMysql::attach: connect: localhost:3306 starting...
   DEBUG      dbmgr-1 10103 4000  [2019-06-07 22:14:22 382] - DBInterfaceMysql::attach: connect: localhost:3306 starting...
   DEBUG      dbmgr-1 10103 4000  [2019-06-07 22:14:22 383] - DBInterfaceMysql::attach: connect: localhost:3306 starting...
   DEBUG      dbmgr-1 10103 4000  [2019-06-07 22:14:22 383] - DBInterfaceMysql::attach: connect: localhost:3306 starting...
   DEBUG      dbmgr-1 10103 4000  [2019-06-07 22:14:22 383] - DBInterfaceMysql::attach: connect: localhost:3306 starting...
   DEBUG      dbmgr-1 10103 4000  [2019-06-07 22:14:22 386] - DBInterfaceMysql::attach: successfully! addr: localhost:3306
   DEBUG      dbmgr-1 10103 4000  [2019-06-07 22:14:22 386] - DBThread::onStart(): 0x109ef30!
   DEBUG      dbmgr-1 10103 4000  [2019-06-07 22:14:22 387] - DBInterfaceMysql::attach: successfully! addr: localhost:3306
   DEBUG      dbmgr-1 10103 4000  [2019-06-07 22:14:22 388] - DBThread::onStart(): 0x109ed98!
   DEBUG      dbmgr-1 10103 4000  [2019-06-07 22:14:22 388] - DBInterfaceMysql::attach: successfully! addr: localhost:3306
   DEBUG      dbmgr-1 10103 4000  [2019-06-07 22:14:22 388] - DBThread::onStart(): 0x109f2e8!
   DEBUG      dbmgr-1 10103 4000  [2019-06-07 22:14:22 390] - DBInterfaceMysql::attach: successfully! addr: localhost:3306
   DEBUG      dbmgr-1 10103 4000  [2019-06-07 22:14:22 390] - DBThread::onStart(): 0x109e408!
   DEBUG      dbmgr-1 10103 4000  [2019-06-07 22:14:22 391] - DBInterfaceMysql::attach: successfully! addr: localhost:3306
   DEBUG      dbmgr-1 10103 4000  [2019-06-07 22:14:22 391] - DBThread::onStart(): 0x109f260!
    INFO      dbmgr-1 10103 4000  [2019-06-07 22:14:22 488] - DBInterfaceMysql::query: successfully!
    INFO      dbmgr-1 10103 4000  [2019-06-07 22:14:22 489] - DBInterfaceMysql::query: successfully!
    INFO      dbmgr-1 10103 4000  [2019-06-07 22:14:22 489] - DBInterfaceMysql::query: successfully!
    INFO      dbmgr-1 10103 4000  [2019-06-07 22:14:22 489] - DBInterfaceMysql::query: successfully!
    INFO      dbmgr-1 10103 4000  [2019-06-07 22:14:22 490] - DBInterfaceMysql::query: successfully!
    INFO      dbmgr-1 10103 4000  [2019-06-07 22:14:22 490] - DBInterfaceMysql::query: successfully!
    INFO      dbmgr-1 10103 4000  [2019-06-07 22:14:22 538] - DBInterfaceMysql::query: successfully!
    INFO      dbmgr-1 10103 4000  [2019-06-07 22:14:22 539] - DBInterfaceMysql::query: successfully!
    INFO      dbmgr-1 10103 4000  [2019-06-07 22:14:29 136] - ServerApp::onRegisterNewApp: uid:10103, username:Black, componentType:interfaces, componentID:3000, globalorderID=-1, grouporderID=-1, intaddr:192.168.27.1, intport:30099, extaddr:nonsupport, extport:0,  from 127.0.0.1:30099/0/0/0.
    INFO      dbmgr-1 10103 4000  [2019-06-07 22:14:29 136] - Components::addComponent: reset orderLog, uid=10103!
    INFO      dbmgr-1 10103 4000  [2019-06-07 22:14:29 137] - Components::addComponent[interfaces], uid=10103, componentID=3000, globalorderid=1, grouporderid=1, totalcount=1
    INFO      dbmgr-1 10103 4000  [2019-06-07 22:14:30 144] - Components::findComponents: find logger(1)...
    INFO      dbmgr-1 10103 4000  [2019-06-07 22:14:30 158] - Components::findComponents: found logger, addr:192.168.27.1:6200
    INFO      dbmgr-1 10103 4000  [2019-06-07 22:14:30 158] - Components::addComponent: reset orderLog, uid=10103!
    INFO      dbmgr-1 10103 4000  [2019-06-07 22:14:30 158] - Components::addComponent[logger], uid=10103, componentID=2000, globalorderid=1, grouporderid=1, totalcount=1
    INFO      dbmgr-1 10103 4000  [2019-06-07 22:14:30 164] - Components::process(): Found all the components!
    INFO      dbmgr-1 10103 4000  [2019-06-07 22:14:32 685] - ServerApp::onRegisterNewApp: uid:10103, username:Black, componentType:baseappmgr, componentID:5000, globalorderID=-1, grouporderID=-1, intaddr:192.168.27.1, intport:6202, extaddr:nonsupport, extport:0,  from 192.168.27.1:6244/0/0/0.
    INFO      dbmgr-1 10103 4000  [2019-06-07 22:14:32 685] - Components::addComponent: reset orderLog, uid=10103!
    INFO      dbmgr-1 10103 4000  [2019-06-07 22:14:32 685] - Components::addComponent[baseappmgr], uid=10103, componentID=5000, globalorderid=1, grouporderid=1, totalcount=1
    INFO      dbmgr-1 10103 4000  [2019-06-07 22:14:32 797] - ServerApp::onRegisterNewApp: uid:10103, username:Black, componentType:loginapp, componentID:9000, globalorderID=-1, grouporderID=-1, intaddr:192.168.27.1, intport:6206, extaddr:192.168.27.1, extport:20013,  from 192.168.27.1:6247/0/0/0.
    INFO      dbmgr-1 10103 4000  [2019-06-07 22:14:32 797] - Components::addComponent[loginapp], uid=10103, componentID=9000, globalorderid=2, grouporderid=1, totalcount=1
    INFO      dbmgr-1 10103 4000  [2019-06-07 22:14:34 047] - ServerApp::onRegisterNewApp: uid:10103, username:Black, componentType:cellappmgr, componentID:6000, globalorderID=-1, grouporderID=-1, intaddr:192.168.27.1, intport:6203, extaddr:nonsupport, extport:0,  from 192.168.27.1:6251/0/0/0.
    INFO      dbmgr-1 10103 4000  [2019-06-07 22:14:34 048] - Components::addComponent[cellappmgr], uid=10103, componentID=6000, globalorderid=3, grouporderid=1, totalcount=1
    INFO      dbmgr-1 10103 4000  [2019-06-07 22:14:35 374] - ServerApp::onRegisterNewApp: uid:10103, username:Black, componentType:baseapp, componentID:7001, globalorderID=-1, grouporderID=-1, intaddr:192.168.27.1, intport:6205, extaddr:192.168.27.1, extport:20015,  from 192.168.27.1:6259/0/0/0.
    INFO      dbmgr-1 10103 4000  [2019-06-07 22:14:35 374] - Components::addComponent[baseapp], uid=10103, componentID=7001, globalorderid=4, grouporderid=1, totalcount=1
    INFO      dbmgr-1 10103 4000  [2019-06-07 22:14:35 787] - ServerApp::onRegisterNewApp: uid:10103, username:Black, componentType:cellapp, componentID:8001, globalorderID=-1, grouporderID=-1, intaddr:192.168.27.1, intport:6204, extaddr:nonsupport, extport:0,  from 192.168.27.1:6263/0/0/0.
    INFO      dbmgr-1 10103 4000  [2019-06-07 22:14:35 787] - Components::addComponent[cellapp], uid=10103, componentID=8001, globalorderid=5, grouporderid=1, totalcount=1
    INFO      dbmgr-1 10103 4000  [2019-06-07 22:14:38 804] - IDServer::allocRange: 1-2001.
    INFO      dbmgr-1 10103 4000  [2019-06-07 22:14:38 804] - IDServer::allocRange: 2001-4001.
   DEBUG      dbmgr-1 10103 4000  [2019-06-07 22:14:38 804] - SyncAppDatasHandler::~SyncAppDatasHandler()
    INFO      dbmgr-1 10103 4000  [2019-06-07 22:14:40 674] - GlobalDataServer::broadcastDataChanged: writer(baseapp, addr=192.168.27.1:6259/0/0/0), keySize=12, valSize=45, isDelete=0
    INFO      dbmgr-1 10103 4000  [2019-06-07 22:14:43 651] - GlobalDataServer::broadcastDataChanged: writer(cellapp, addr=192.168.27.1:6263/0/0/0), keySize=13, valSize=45, isDelete=0
    INFO      dbmgr-1 10103 4000  [2019-06-07 22:14:44 647] - GlobalDataServer::broadcastDataChanged: writer(cellapp, addr=192.168.27.1:6263/0/0/0), keySize=13, valSize=45, isDelete=0
   DEBUG      dbmgr-1 10103 4000  [2019-06-07 22:16:23 922] - Dbmgr::onAccountLogin:loginName=killingbosser1, accountName=killingbosser1, success=0, componentID=0, entityID=0, dbid=2, flags=0, deadline=0.
   DEBUG      dbmgr-1 10103 4000  [2019-06-07 22:16:24 162] - Dbmgr::queryAccount: killingbosser1, success=true, flags=0, deadline=0.
   DEBUG      dbmgr-1 10103 4000  [2019-06-07 22:16:27 321] - Dbmgr::DBTaskQueryEntity: Avatar, dbid=30, entityID=5, wasActive=false, queryMode=0, componentID=7001, success=true.
   DEBUG      dbmgr-1 10103 4000  [2019-06-07 22:16:52 162] - Dbmgr::onAccountLogin:loginName=killingbosser2, accountName=killingbosser2, success=0, componentID=0, entityID=0, dbid=3, flags=0, deadline=0.
   DEBUG      dbmgr-1 10103 4000  [2019-06-07 22:16:52 421] - Dbmgr::queryAccount: killingbosser2, success=true, flags=0, deadline=0.
   DEBUG      dbmgr-1 10103 4000  [2019-06-07 22:17:02 801] - Dbmgr::DBTaskQueryEntity: Avatar, dbid=31, entityID=7, wasActive=false, queryMode=0, componentID=7001, success=true.
   DEBUG      dbmgr-1 10103 4000  [2019-06-07 22:19:48 558] - Dbmgr::writeEntity: Avatar(31).
   DEBUG      dbmgr-1 10103 4000  [2019-06-07 22:19:48 559] - Dbmgr::writeEntity: Account(3).
   DEBUG      dbmgr-1 10103 4000  [2019-06-07 22:19:48 559] - Dbmgr::onEntityOffline: 31, entityType=2.
   DEBUG      dbmgr-1 10103 4000  [2019-06-07 22:19:48 559] - Dbmgr::onEntityOffline: 3, entityType=1.
    INFO      dbmgr-1 10103 4000  [2019-06-07 22:19:48 547] - Buffered_DBTasks::onFiniTask: Playing buffered task for entityID=0, dbid=31, dbid_tasks_size=3, entityid_tasks_size=0.
    INFO      dbmgr-1 10103 4000  [2019-06-07 22:19:48 549] - Buffered_DBTasks::onFiniTask: Playing buffered task for entityID=0, dbid=3, dbid_tasks_size=2, entityid_tasks_size=0.
   DEBUG      dbmgr-1 10103 4000  [2019-06-07 22:19:50 859] - Dbmgr::writeEntity: Avatar(30).
   DEBUG      dbmgr-1 10103 4000  [2019-06-07 22:19:50 859] - Dbmgr::writeEntity: Account(2).
   DEBUG      dbmgr-1 10103 4000  [2019-06-07 22:19:50 859] - Dbmgr::onEntityOffline: 30, entityType=2.
   DEBUG      dbmgr-1 10103 4000  [2019-06-07 22:19:50 859] - Dbmgr::onEntityOffline: 2, entityType=1.
    INFO      dbmgr-1 10103 4000  [2019-06-07 22:19:50 844] - Buffered_DBTasks::onFiniTask: Playing buffered task for entityID=0, dbid=30, dbid_tasks_size=3, entityid_tasks_size=0.
    INFO      dbmgr-1 10103 4000  [2019-06-07 22:19:50 846] - Buffered_DBTasks::onFiniTask: Playing buffered task for entityID=0, dbid=2, dbid_tasks_size=2, entityid_tasks_size=0.
    INFO      dbmgr-1 10103 4000  [2019-06-07 22:28:12 214] - -----------------------------------------------------------------------------------------


    INFO      dbmgr-1 10103 4000  [2019-06-07 22:28:12 215] - Resmgr::initialize: OURO_ROOT=C:/Users/Black/Ouroboros/
    INFO      dbmgr-1 10103 4000  [2019-06-07 22:28:12 215] - Resmgr::initialize: OURO_RES_PATH=C:/Users/Black/Ouroboros/ouro/res/;C:/Users/Black/Ouroboros/assets/;C:/Users/Black/Ouroboros/assets/scripts/;C:/Users/Black/Ouroboros/assets/res/
    INFO      dbmgr-1 10103 4000  [2019-06-07 22:28:12 216] - Resmgr::initialize: OURO_BIN_PATH=C:/Users/Black/Ouroboros/ouro/bin/server/
    INFO      dbmgr-1 10103 4000  [2019-06-07 22:28:12 229] - NetworkInterface::initialize(INTERNAL-TCP): bound to all interfaces with default route interface on 192.168.27.1 ( 192.168.27.1:8448 )
    INFO      dbmgr-1 10103 4000  [2019-06-07 22:28:12 229] - NetworkInterface::initialize(INTERNAL-TCP): address 192.168.27.1:8448, SOMAXCONN=5.
    INFO      dbmgr-1 10103 4000  [2019-06-07 22:28:12 229] - server-configs:
    INFO      dbmgr-1 10103 4000  [2019-06-07 22:28:12 230] - 	internalTcpAddr : 192.168.27.1:8448
    INFO      dbmgr-1 10103 4000  [2019-06-07 22:28:12 230] - 	componentID : 4000
    INFO      dbmgr-1 10103 4000  [2019-06-07 22:28:13 738] - ---- dbmgr Version: 2.5.0. ScriptVersion: 0.1.0. Pythoncore: 3.7.3. Protocol: 7E018B6508A428A183CCC712F3412432. Config: Debug X86. Built: 03:59:31 May 23 2019. AppID: 4000. UID: 10103. PID: 23752 ----
    INFO      dbmgr-1 10103 4000  [2019-06-07 22:28:13 740] - Server Black: Intel(R) Core(TM) i7-7700HQ CPU @ 2.80GHz with 2097151kB RAM
    INFO      dbmgr-1 10103 4000  [2019-06-07 22:28:13 742] - ThreadPool::createThreadPool: creating  threadpool...
    INFO      dbmgr-1 10103 4000  [2019-06-07 22:28:13 743] - ThreadPool::createThreadPool: successfully(2), newThreadCount=1, normalMaxThreadCount=2, maxThreadCount=8
    INFO      dbmgr-1 10103 4000  [2019-06-07 22:28:13 968] - Script::install(): is successfully, Python=(3.7.3 (default, May 23 2019, 03:58:29) [MSC v.1916 32 bit (Intel)])!
    INFO      dbmgr-1 10103 4000  [2019-06-07 22:28:13 968] - Script::install(): OUROxtra is successfully!
    INFO      dbmgr-1 10103 4000  [2019-06-07 22:28:14 293] - Dbmgr::initializeEnd: digest(A95409634AA737AC5ED3596431383F23)
  S_INFO      dbmgr-1 10103 4000  [2019-06-07 22:28:14 293] - onDBMgrReady: bootstrapGroupIndex=0, bootstrapGlobalIndex=0
    INFO      dbmgr-1 10103 4000  [2019-06-07 22:28:14 294] - TelnetServer server is running on port 32000
    INFO      dbmgr-1 10103 4000  [2019-06-07 22:28:14 294] - Dbmgr::initInterfacesHandler: interfaces addr(127.0.0.1:30099), accountType:(interfaces), chargeType:(interfaces).
 WARNING      dbmgr-1 10103 4000  [2019-06-07 22:28:14 605] - DBUtil::initialize: db(default) password is not encrypted!
please use password(rsa):
3A91B382F111963D624D62CDD4CD5156FF1A106A56AEC70F6FF6216DFA7DC3BFF03B8B57AE461A27AD72E1886CCCE20451282CC35E29DF85BA58C73401E292F87364C6AE781A268BBBA7481A952F0E36C356F31C6C10C089B8436B24DFFB660F0D1C38E11229EF50F05CDF78BCABE48AB56DB44AFB303E54F65C6ADB383B053B
   DEBUG      dbmgr-1 10103 4000  [2019-06-07 22:28:14 607] - DBInterfaceMysql::attach: connect: localhost:3306 starting...
   DEBUG      dbmgr-1 10103 4000  [2019-06-07 22:28:14 613] - DBInterfaceMysql::attach: successfully! addr: localhost:3306
    INFO      dbmgr-1 10103 4000  [2019-06-07 22:28:14 613] - DBUtil::createInterface[0xfdf2b0]: interface=default, dbtype=mysql, ip=localhost, port=3306, currdatabase=ouro, username=ouro, connected=yes.

    INFO      dbmgr-1 10103 4000  [2019-06-07 22:28:14 613] - ThreadPool::createThreadPool: creating  threadpool...
    INFO      dbmgr-1 10103 4000  [2019-06-07 22:28:14 614] - ThreadPool::createThreadPool: successfully(5), newThreadCount=5, normalMaxThreadCount=5, maxThreadCount=5
    INFO      dbmgr-1 10103 4000  [2019-06-07 22:28:14 718] - DBInterfaceMysql::query: successfully!
 WARNING      dbmgr-1 10103 4000  [2019-06-07 22:28:14 785] - d:\scratch\___kbe__\ouroboros-2.5.0\ouro\src\server\dbmgr\dbmgr.cpp:306: Profile scriptCall took 0.49 seconds
    INFO      dbmgr-1 10103 4000  [2019-06-07 22:28:15 256] - ---- dbmgr is running ----
   DEBUG      dbmgr-1 10103 4000  [2019-06-07 22:28:15 256] - Components::process(): Request for the process of identity...
   DEBUG      dbmgr-1 10103 4000  [2019-06-07 22:28:14 614] - DBInterfaceMysql::attach: connect: localhost:3306 starting...
   DEBUG      dbmgr-1 10103 4000  [2019-06-07 22:28:14 614] - DBInterfaceMysql::attach: connect: localhost:3306 starting...
   DEBUG      dbmgr-1 10103 4000  [2019-06-07 22:28:14 615] - DBInterfaceMysql::attach: connect: localhost:3306 starting...
   DEBUG      dbmgr-1 10103 4000  [2019-06-07 22:28:14 615] - DBInterfaceMysql::attach: connect: localhost:3306 starting...
   DEBUG      dbmgr-1 10103 4000  [2019-06-07 22:28:14 615] - DBInterfaceMysql::attach: connect: localhost:3306 starting...
   DEBUG      dbmgr-1 10103 4000  [2019-06-07 22:28:14 618] - DBInterfaceMysql::attach: successfully! addr: localhost:3306
   DEBUG      dbmgr-1 10103 4000  [2019-06-07 22:28:14 618] - DBThread::onStart(): 0x24c7830!
   DEBUG      dbmgr-1 10103 4000  [2019-06-07 22:28:14 619] - DBInterfaceMysql::attach: successfully! addr: localhost:3306
   DEBUG      dbmgr-1 10103 4000  [2019-06-07 22:28:14 619] - DBThread::onStart(): 0x24c7a50!
   DEBUG      dbmgr-1 10103 4000  [2019-06-07 22:28:14 620] - DBInterfaceMysql::attach: successfully! addr: localhost:3306
   DEBUG      dbmgr-1 10103 4000  [2019-06-07 22:28:14 620] - DBThread::onStart(): 0x24c7b60!
   DEBUG      dbmgr-1 10103 4000  [2019-06-07 22:28:14 621] - DBInterfaceMysql::attach: successfully! addr: localhost:3306
   DEBUG      dbmgr-1 10103 4000  [2019-06-07 22:28:14 621] - DBThread::onStart(): 0x24c7cf8!
   DEBUG      dbmgr-1 10103 4000  [2019-06-07 22:28:14 622] - DBInterfaceMysql::attach: successfully! addr: localhost:3306
   DEBUG      dbmgr-1 10103 4000  [2019-06-07 22:28:14 622] - DBThread::onStart(): 0x24c7be8!
    INFO      dbmgr-1 10103 4000  [2019-06-07 22:28:14 719] - DBInterfaceMysql::query: successfully!
    INFO      dbmgr-1 10103 4000  [2019-06-07 22:28:14 721] - DBInterfaceMysql::query: successfully!
    INFO      dbmgr-1 10103 4000  [2019-06-07 22:28:14 722] - DBInterfaceMysql::query: successfully!
    INFO      dbmgr-1 10103 4000  [2019-06-07 22:28:14 722] - DBInterfaceMysql::query: successfully!
    INFO      dbmgr-1 10103 4000  [2019-06-07 22:28:14 722] - DBInterfaceMysql::query: successfully!
    INFO      dbmgr-1 10103 4000  [2019-06-07 22:28:14 723] - DBInterfaceMysql::query: successfully!
    INFO      dbmgr-1 10103 4000  [2019-06-07 22:28:14 767] - DBInterfaceMysql::query: successfully!
    INFO      dbmgr-1 10103 4000  [2019-06-07 22:28:14 769] - DBInterfaceMysql::query: successfully!
    INFO      dbmgr-1 10103 4000  [2019-06-07 22:28:21 502] - ServerApp::onRegisterNewApp: uid:10103, username:Black, componentType:interfaces, componentID:3000, globalorderID=-1, grouporderID=-1, intaddr:192.168.27.1, intport:30099, extaddr:nonsupport, extport:0,  from 127.0.0.1:30099/0/0/0.
    INFO      dbmgr-1 10103 4000  [2019-06-07 22:28:21 502] - Components::addComponent: reset orderLog, uid=10103!
    INFO      dbmgr-1 10103 4000  [2019-06-07 22:28:21 503] - Components::addComponent[interfaces], uid=10103, componentID=3000, globalorderid=1, grouporderid=1, totalcount=1
 WARNING      dbmgr-1 10103 4000  [2019-06-07 22:28:21 503] - TCPPacketReceiver::processPendingEvents(192.168.27.1:8481): Throwing REASON_GENERAL_NETWORK - WSAECONNABORTED
    INFO      dbmgr-1 10103 4000  [2019-06-07 22:28:22 512] - Components::findComponents: find logger(1)...
    INFO      dbmgr-1 10103 4000  [2019-06-07 22:28:22 606] - Components::findComponents: found logger, addr:192.168.27.1:8446
    INFO      dbmgr-1 10103 4000  [2019-06-07 22:28:22 606] - Components::addComponent: reset orderLog, uid=10103!
    INFO      dbmgr-1 10103 4000  [2019-06-07 22:28:22 606] - Components::addComponent[logger], uid=10103, componentID=2000, globalorderid=1, grouporderid=1, totalcount=1
    INFO      dbmgr-1 10103 4000  [2019-06-07 22:28:22 616] - Components::process(): Found all the components!
    INFO      dbmgr-1 10103 4000  [2019-06-07 22:28:25 036] - ServerApp::onRegisterNewApp: uid:10103, username:Black, componentType:loginapp, componentID:9000, globalorderID=-1, grouporderID=-1, intaddr:192.168.27.1, intport:8452, extaddr:192.168.27.1, extport:20013,  from 192.168.27.1:8497/0/0/0.
    INFO      dbmgr-1 10103 4000  [2019-06-07 22:28:25 036] - Components::addComponent: reset orderLog, uid=10103!
    INFO      dbmgr-1 10103 4000  [2019-06-07 22:28:25 036] - Components::addComponent[loginapp], uid=10103, componentID=9000, globalorderid=1, grouporderid=1, totalcount=1
    INFO      dbmgr-1 10103 4000  [2019-06-07 22:28:25 786] - ServerApp::onRegisterNewApp: uid:10103, username:Black, componentType:baseappmgr, componentID:5000, globalorderID=-1, grouporderID=-1, intaddr:192.168.27.1, intport:8447, extaddr:nonsupport, extport:0,  from 192.168.27.1:8500/0/0/0.
    INFO      dbmgr-1 10103 4000  [2019-06-07 22:28:25 786] - Components::addComponent[baseappmgr], uid=10103, componentID=5000, globalorderid=2, grouporderid=1, totalcount=1
    INFO      dbmgr-1 10103 4000  [2019-06-07 22:28:25 867] - ServerApp::onRegisterNewApp: uid:10103, username:Black, componentType:cellappmgr, componentID:6000, globalorderID=-1, grouporderID=-1, intaddr:192.168.27.1, intport:8450, extaddr:nonsupport, extport:0,  from 192.168.27.1:8502/0/0/0.
    INFO      dbmgr-1 10103 4000  [2019-06-07 22:28:25 867] - Components::addComponent[cellappmgr], uid=10103, componentID=6000, globalorderid=3, grouporderid=1, totalcount=1
    INFO      dbmgr-1 10103 4000  [2019-06-07 22:28:27 510] - ServerApp::onRegisterNewApp: uid:10103, username:Black, componentType:baseapp, componentID:7001, globalorderID=-1, grouporderID=-1, intaddr:192.168.27.1, intport:8449, extaddr:192.168.27.1, extport:20015,  from 192.168.27.1:8507/0/0/0.
    INFO      dbmgr-1 10103 4000  [2019-06-07 22:28:27 510] - Components::addComponent[baseapp], uid=10103, componentID=7001, globalorderid=4, grouporderid=1, totalcount=1
    INFO      dbmgr-1 10103 4000  [2019-06-07 22:28:28 724] - ServerApp::onRegisterNewApp: uid:10103, username:Black, componentType:cellapp, componentID:8001, globalorderID=-1, grouporderID=-1, intaddr:192.168.27.1, intport:8451, extaddr:nonsupport, extport:0,  from 192.168.27.1:8512/0/0/0.
    INFO      dbmgr-1 10103 4000  [2019-06-07 22:28:28 724] - Components::addComponent[cellapp], uid=10103, componentID=8001, globalorderid=5, grouporderid=1, totalcount=1
    INFO      dbmgr-1 10103 4000  [2019-06-07 22:28:31 732] - IDServer::allocRange: 1-2001.
    INFO      dbmgr-1 10103 4000  [2019-06-07 22:28:31 732] - IDServer::allocRange: 2001-4001.
   DEBUG      dbmgr-1 10103 4000  [2019-06-07 22:28:31 732] - SyncAppDatasHandler::~SyncAppDatasHandler()
    INFO      dbmgr-1 10103 4000  [2019-06-07 22:28:33 536] - GlobalDataServer::broadcastDataChanged: writer(baseapp, addr=192.168.27.1:8507/0/0/0), keySize=12, valSize=45, isDelete=0
    INFO      dbmgr-1 10103 4000  [2019-06-07 22:28:36 520] - GlobalDataServer::broadcastDataChanged: writer(cellapp, addr=192.168.27.1:8512/0/0/0), keySize=13, valSize=45, isDelete=0
    INFO      dbmgr-1 10103 4000  [2019-06-07 22:28:37 515] - GlobalDataServer::broadcastDataChanged: writer(cellapp, addr=192.168.27.1:8512/0/0/0), keySize=13, valSize=45, isDelete=0
   DEBUG      dbmgr-1 10103 4000  [2019-06-07 22:33:38 043] - Dbmgr::onAccountLogin:loginName=killingbosser2, accountName=killingbosser2, success=0, componentID=0, entityID=0, dbid=3, flags=0, deadline=0.
   DEBUG      dbmgr-1 10103 4000  [2019-06-07 22:33:38 302] - Dbmgr::queryAccount: killingbosser2, success=true, flags=0, deadline=0.
   DEBUG      dbmgr-1 10103 4000  [2019-06-07 22:33:42 263] - Dbmgr::DBTaskQueryEntity: Avatar, dbid=31, entityID=5, wasActive=false, queryMode=0, componentID=7001, success=true.
   DEBUG      dbmgr-1 10103 4000  [2019-06-07 22:34:06 720] - Dbmgr::onAccountLogin:loginName=killingbosser1, accountName=killingbosser1, success=0, componentID=0, entityID=0, dbid=2, flags=0, deadline=0.
   DEBUG      dbmgr-1 10103 4000  [2019-06-07 22:34:06 980] - Dbmgr::queryAccount: killingbosser1, success=true, flags=0, deadline=0.
   DEBUG      dbmgr-1 10103 4000  [2019-06-07 22:34:09 220] - Dbmgr::DBTaskQueryEntity: Avatar, dbid=30, entityID=7, wasActive=false, queryMode=0, componentID=7001, success=true.
   DEBUG      dbmgr-1 10103 4000  [2019-06-07 22:37:41 920] - Dbmgr::writeEntity: Avatar(30).
   DEBUG      dbmgr-1 10103 4000  [2019-06-07 22:37:41 920] - Dbmgr::writeEntity: Account(2).
   DEBUG      dbmgr-1 10103 4000  [2019-06-07 22:37:41 920] - Dbmgr::onEntityOffline: 30, entityType=2.
   DEBUG      dbmgr-1 10103 4000  [2019-06-07 22:37:41 920] - Dbmgr::onEntityOffline: 2, entityType=1.
    INFO      dbmgr-1 10103 4000  [2019-06-07 22:37:41 913] - Buffered_DBTasks::onFiniTask: Playing buffered task for entityID=0, dbid=30, dbid_tasks_size=3, entityid_tasks_size=0.
    INFO      dbmgr-1 10103 4000  [2019-06-07 22:37:41 914] - Buffered_DBTasks::onFiniTask: Playing buffered task for entityID=0, dbid=2, dbid_tasks_size=2, entityid_tasks_size=0.
   DEBUG      dbmgr-1 10103 4000  [2019-06-07 22:37:43 919] - Dbmgr::writeEntity: Avatar(31).
   DEBUG      dbmgr-1 10103 4000  [2019-06-07 22:37:43 919] - Dbmgr::writeEntity: Account(3).
   DEBUG      dbmgr-1 10103 4000  [2019-06-07 22:37:43 919] - Dbmgr::onEntityOffline: 31, entityType=2.
   DEBUG      dbmgr-1 10103 4000  [2019-06-07 22:37:43 920] - Dbmgr::onEntityOffline: 3, entityType=1.
    INFO      dbmgr-1 10103 4000  [2019-06-07 22:37:43 912] - Buffered_DBTasks::onFiniTask: Playing buffered task for entityID=0, dbid=31, dbid_tasks_size=3, entityid_tasks_size=0.
    INFO      dbmgr-1 10103 4000  [2019-06-07 22:37:43 914] - Buffered_DBTasks::onFiniTask: Playing buffered task for entityID=0, dbid=3, dbid_tasks_size=2, entityid_tasks_size=0.
    INFO      dbmgr-1 10103 4000  [2019-06-07 22:38:47 342] - -----------------------------------------------------------------------------------------


    INFO      dbmgr-1 10103 4000  [2019-06-07 22:38:47 343] - Resmgr::initialize: OURO_ROOT=C:/Users/Black/Ouroboros/
    INFO      dbmgr-1 10103 4000  [2019-06-07 22:38:47 344] - Resmgr::initialize: OURO_RES_PATH=C:/Users/Black/Ouroboros/ouro/res/;C:/Users/Black/Ouroboros/assets/;C:/Users/Black/Ouroboros/assets/scripts/;C:/Users/Black/Ouroboros/assets/res/
    INFO      dbmgr-1 10103 4000  [2019-06-07 22:38:47 344] - Resmgr::initialize: OURO_BIN_PATH=C:/Users/Black/Ouroboros/ouro/bin/server/
    INFO      dbmgr-1 10103 4000  [2019-06-07 22:38:47 364] - NetworkInterface::initialize(INTERNAL-TCP): bound to all interfaces with default route interface on 192.168.27.1 ( 192.168.27.1:9756 )
    INFO      dbmgr-1 10103 4000  [2019-06-07 22:38:47 364] - NetworkInterface::initialize(INTERNAL-TCP): address 192.168.27.1:9756, SOMAXCONN=5.
    INFO      dbmgr-1 10103 4000  [2019-06-07 22:38:47 364] - server-configs:
    INFO      dbmgr-1 10103 4000  [2019-06-07 22:38:47 364] - 	internalTcpAddr : 192.168.27.1:9756
    INFO      dbmgr-1 10103 4000  [2019-06-07 22:38:47 365] - 	componentID : 4000
    INFO      dbmgr-1 10103 4000  [2019-06-07 22:38:48 097] - Components::findLogger: found logger, addr:192.168.27.1:9753
    INFO      dbmgr-1 10103 4000  [2019-06-07 22:38:48 097] - Components::addComponent: reset orderLog, uid=10103!
    INFO      dbmgr-1 10103 4000  [2019-06-07 22:38:48 098] - Components::addComponent[logger], uid=10103, componentID=2000, globalorderid=1, grouporderid=1, totalcount=1
    INFO      dbmgr-1 10103 4000  [2019-06-07 22:38:48 107] - ---- dbmgr Version: 2.5.0. ScriptVersion: 0.1.0. Pythoncore: 3.7.3. Protocol: 7E018B6508A428A183CCC712F3412432. Config: Debug X86. Built: 03:59:31 May 23 2019. AppID: 4000. UID: 10103. PID: 27668 ----
    INFO      dbmgr-1 10103 4000  [2019-06-07 22:38:48 107] - Server Black: Intel(R) Core(TM) i7-7700HQ CPU @ 2.80GHz with 2097151kB RAM
    INFO      dbmgr-1 10103 4000  [2019-06-07 22:38:48 108] - ThreadPool::createThreadPool: creating  threadpool...
    INFO      dbmgr-1 10103 4000  [2019-06-07 22:38:48 108] - ThreadPool::createThreadPool: successfully(2), newThreadCount=1, normalMaxThreadCount=2, maxThreadCount=8
    INFO      dbmgr-1 10103 4000  [2019-06-07 22:38:48 346] - Script::install(): is successfully, Python=(3.7.3 (default, May 23 2019, 03:58:29) [MSC v.1916 32 bit (Intel)])!
    INFO      dbmgr-1 10103 4000  [2019-06-07 22:38:48 346] - Script::install(): OUROxtra is successfully!
    INFO      dbmgr-1 10103 4000  [2019-06-07 22:38:48 762] - Dbmgr::initializeEnd: digest(A95409634AA737AC5ED3596431383F23)
  S_INFO      dbmgr-1 10103 4000  [2019-06-07 22:38:48 762] - onDBMgrReady: bootstrapGroupIndex=0, bootstrapGlobalIndex=0
    INFO      dbmgr-1 10103 4000  [2019-06-07 22:38:48 762] - TelnetServer server is running on port 32000
    INFO      dbmgr-1 10103 4000  [2019-06-07 22:38:48 765] - Dbmgr::initInterfacesHandler: interfaces addr(127.0.0.1:30099), accountType:(interfaces), chargeType:(interfaces).
 WARNING      dbmgr-1 10103 4000  [2019-06-07 22:38:49 234] - DBUtil::initialize: db(default) password is not encrypted!
please use password(rsa):
264B3D059F28DBA92B7BF4131C4B5542A2CA8A5180BD03397A99CDF30FB3C09DD6681B2D2710CD3B1224A4414EB203321575D3CEFE7E46E44DC1C568761BCA777D0FAC4600CFA3884B7D7119917EB27FA10EB4A052C8053FCE5355AF0592AF4A1E8C8C4F3EAFAB8629E321BEC7AFD7AD8889140ECE4C1ED9CA5B1779BED4DA33
   DEBUG      dbmgr-1 10103 4000  [2019-06-07 22:38:49 241] - DBInterfaceMysql::attach: connect: localhost:3306 starting...
   DEBUG      dbmgr-1 10103 4000  [2019-06-07 22:38:49 246] - DBInterfaceMysql::attach: successfully! addr: localhost:3306
    INFO      dbmgr-1 10103 4000  [2019-06-07 22:38:49 246] - DBUtil::createInterface[0x10ded3c]: interface=default, dbtype=mysql, ip=localhost, port=3306, currdatabase=ouro, username=ouro, connected=yes.

    INFO      dbmgr-1 10103 4000  [2019-06-07 22:38:49 247] - ThreadPool::createThreadPool: creating  threadpool...
    INFO      dbmgr-1 10103 4000  [2019-06-07 22:38:49 247] - ThreadPool::createThreadPool: successfully(5), newThreadCount=5, normalMaxThreadCount=5, maxThreadCount=5
    INFO      dbmgr-1 10103 4000  [2019-06-07 22:38:49 351] - DBInterfaceMysql::query: successfully!
 WARNING      dbmgr-1 10103 4000  [2019-06-07 22:38:49 428] - d:\scratch\___kbe__\ouroboros-2.5.0\ouro\src\server\dbmgr\dbmgr.cpp:306: Profile scriptCall took 0.67 seconds
    INFO      dbmgr-1 10103 4000  [2019-06-07 22:38:49 878] - ---- dbmgr is running ----
   DEBUG      dbmgr-1 10103 4000  [2019-06-07 22:38:49 879] - Components::process(): Request for the process of identity...
   DEBUG      dbmgr-1 10103 4000  [2019-06-07 22:38:49 248] - DBInterfaceMysql::attach: connect: localhost:3306 starting...
   DEBUG      dbmgr-1 10103 4000  [2019-06-07 22:38:49 248] - DBInterfaceMysql::attach: connect: localhost:3306 starting...
   DEBUG      dbmgr-1 10103 4000  [2019-06-07 22:38:49 249] - DBInterfaceMysql::attach: connect: localhost:3306 starting...
   DEBUG      dbmgr-1 10103 4000  [2019-06-07 22:38:49 249] - DBInterfaceMysql::attach: connect: localhost:3306 starting...
   DEBUG      dbmgr-1 10103 4000  [2019-06-07 22:38:49 249] - DBInterfaceMysql::attach: connect: localhost:3306 starting...
   DEBUG      dbmgr-1 10103 4000  [2019-06-07 22:38:49 252] - DBInterfaceMysql::attach: successfully! addr: localhost:3306
   DEBUG      dbmgr-1 10103 4000  [2019-06-07 22:38:49 253] - DBThread::onStart(): 0x277cfd8!
   DEBUG      dbmgr-1 10103 4000  [2019-06-07 22:38:49 254] - DBInterfaceMysql::attach: successfully! addr: localhost:3306
   DEBUG      dbmgr-1 10103 4000  [2019-06-07 22:38:49 254] - DBThread::onStart(): 0x277c5c0!
   DEBUG      dbmgr-1 10103 4000  [2019-06-07 22:38:49 256] - DBInterfaceMysql::attach: successfully! addr: localhost:3306
   DEBUG      dbmgr-1 10103 4000  [2019-06-07 22:38:49 256] - DBThread::onStart(): 0x277c290!
   DEBUG      dbmgr-1 10103 4000  [2019-06-07 22:38:49 258] - DBInterfaceMysql::attach: successfully! addr: localhost:3306
   DEBUG      dbmgr-1 10103 4000  [2019-06-07 22:38:49 258] - DBThread::onStart(): 0x277c3a0!
   DEBUG      dbmgr-1 10103 4000  [2019-06-07 22:38:49 259] - DBInterfaceMysql::attach: successfully! addr: localhost:3306
   DEBUG      dbmgr-1 10103 4000  [2019-06-07 22:38:49 259] - DBThread::onStart(): 0x277cb10!
    INFO      dbmgr-1 10103 4000  [2019-06-07 22:38:49 352] - DBInterfaceMysql::query: successfully!
    INFO      dbmgr-1 10103 4000  [2019-06-07 22:38:49 353] - DBInterfaceMysql::query: successfully!
    INFO      dbmgr-1 10103 4000  [2019-06-07 22:38:49 353] - DBInterfaceMysql::query: successfully!
    INFO      dbmgr-1 10103 4000  [2019-06-07 22:38:49 353] - DBInterfaceMysql::query: successfully!
    INFO      dbmgr-1 10103 4000  [2019-06-07 22:38:49 354] - DBInterfaceMysql::query: successfully!
    INFO      dbmgr-1 10103 4000  [2019-06-07 22:38:49 354] - DBInterfaceMysql::query: successfully!
    INFO      dbmgr-1 10103 4000  [2019-06-07 22:38:49 410] - DBInterfaceMysql::query: successfully!
    INFO      dbmgr-1 10103 4000  [2019-06-07 22:38:49 412] - DBInterfaceMysql::query: successfully!
    INFO      dbmgr-1 10103 4000  [2019-06-07 22:38:56 228] - ServerApp::onRegisterNewApp: uid:10103, username:Black, componentType:interfaces, componentID:3000, globalorderID=-1, grouporderID=-1, intaddr:192.168.27.1, intport:30099, extaddr:nonsupport, extport:0,  from 127.0.0.1:30099/0/0/0.
    INFO      dbmgr-1 10103 4000  [2019-06-07 22:38:56 228] - Components::addComponent: reset orderLog, uid=10103!
    INFO      dbmgr-1 10103 4000  [2019-06-07 22:38:56 228] - Components::addComponent[interfaces], uid=10103, componentID=3000, globalorderid=1, grouporderid=1, totalcount=1
    INFO      dbmgr-1 10103 4000  [2019-06-07 22:38:57 245] - Components::process(): Found all the components!
    INFO      dbmgr-1 10103 4000  [2019-06-07 22:39:00 276] - ServerApp::onRegisterNewApp: uid:10103, username:Black, componentType:cellappmgr, componentID:6000, globalorderID=-1, grouporderID=-1, intaddr:192.168.27.1, intport:9757, extaddr:nonsupport, extport:0,  from 192.168.27.1:9801/0/0/0.
    INFO      dbmgr-1 10103 4000  [2019-06-07 22:39:00 276] - Components::addComponent: reset orderLog, uid=10103!
    INFO      dbmgr-1 10103 4000  [2019-06-07 22:39:00 276] - Components::addComponent[cellappmgr], uid=10103, componentID=6000, globalorderid=1, grouporderid=1, totalcount=1
    INFO      dbmgr-1 10103 4000  [2019-06-07 22:39:00 291] - ServerApp::onRegisterNewApp: uid:10103, username:Black, componentType:baseappmgr, componentID:5000, globalorderID=-1, grouporderID=-1, intaddr:192.168.27.1, intport:9755, extaddr:nonsupport, extport:0,  from 192.168.27.1:9803/0/0/0.
    INFO      dbmgr-1 10103 4000  [2019-06-07 22:39:00 291] - Components::addComponent[baseappmgr], uid=10103, componentID=5000, globalorderid=2, grouporderid=1, totalcount=1
    INFO      dbmgr-1 10103 4000  [2019-06-07 22:39:00 606] - ServerApp::onRegisterNewApp: uid:10103, username:Black, componentType:loginapp, componentID:9000, globalorderID=-1, grouporderID=-1, intaddr:192.168.27.1, intport:9760, extaddr:192.168.27.1, extport:20013,  from 192.168.27.1:9805/0/0/0.
    INFO      dbmgr-1 10103 4000  [2019-06-07 22:39:00 606] - Components::addComponent[loginapp], uid=10103, componentID=9000, globalorderid=3, grouporderid=1, totalcount=1
    INFO      dbmgr-1 10103 4000  [2019-06-07 22:39:03 579] - ServerApp::onRegisterNewApp: uid:10103, username:Black, componentType:cellapp, componentID:8001, globalorderID=-1, grouporderID=-1, intaddr:192.168.27.1, intport:9759, extaddr:nonsupport, extport:0,  from 192.168.27.1:9815/0/0/0.
    INFO      dbmgr-1 10103 4000  [2019-06-07 22:39:03 579] - Components::addComponent[cellapp], uid=10103, componentID=8001, globalorderid=4, grouporderid=1, totalcount=1
    INFO      dbmgr-1 10103 4000  [2019-06-07 22:39:06 582] - IDServer::allocRange: 1-2001.
   DEBUG      dbmgr-1 10103 4000  [2019-06-07 22:39:06 583] - SyncAppDatasHandler::~SyncAppDatasHandler()
    INFO      dbmgr-1 10103 4000  [2019-06-07 22:39:10 038] - ServerApp::onRegisterNewApp: uid:10103, username:Black, componentType:baseapp, componentID:7001, globalorderID=-1, grouporderID=-1, intaddr:192.168.27.1, intport:9761, extaddr:192.168.27.1, extport:20015,  from 192.168.27.1:9827/0/0/0.
    INFO      dbmgr-1 10103 4000  [2019-06-07 22:39:10 038] - Components::addComponent[baseapp], uid=10103, componentID=7001, globalorderid=5, grouporderid=1, totalcount=1
    INFO      dbmgr-1 10103 4000  [2019-06-07 22:39:13 042] - IDServer::allocRange: 2001-4001.
   DEBUG      dbmgr-1 10103 4000  [2019-06-07 22:39:13 042] - SyncAppDatasHandler::~SyncAppDatasHandler()
    INFO      dbmgr-1 10103 4000  [2019-06-07 22:39:14 538] - GlobalDataServer::broadcastDataChanged: writer(baseapp, addr=192.168.27.1:9827/0/0/0), keySize=12, valSize=48, isDelete=0
    INFO      dbmgr-1 10103 4000  [2019-06-07 22:39:17 442] - GlobalDataServer::broadcastDataChanged: writer(cellapp, addr=192.168.27.1:9815/0/0/0), keySize=13, valSize=48, isDelete=0
    INFO      dbmgr-1 10103 4000  [2019-06-07 22:39:18 440] - GlobalDataServer::broadcastDataChanged: writer(cellapp, addr=192.168.27.1:9815/0/0/0), keySize=13, valSize=48, isDelete=0
   DEBUG      dbmgr-1 10103 4000  [2019-06-07 22:43:34 378] - Dbmgr::onAccountLogin:loginName=killingbosser1, accountName=killingbosser1, success=0, componentID=0, entityID=0, dbid=2, flags=0, deadline=0.
   DEBUG      dbmgr-1 10103 4000  [2019-06-07 22:43:34 638] - Dbmgr::queryAccount: killingbosser1, success=true, flags=0, deadline=0.
   DEBUG      dbmgr-1 10103 4000  [2019-06-07 22:43:38 618] - Dbmgr::onAccountLogin:loginName=killingbosser2, accountName=killingbosser2, success=0, componentID=0, entityID=0, dbid=3, flags=0, deadline=0.
   DEBUG      dbmgr-1 10103 4000  [2019-06-07 22:43:38 878] - Dbmgr::queryAccount: killingbosser2, success=true, flags=0, deadline=0.
   DEBUG      dbmgr-1 10103 4000  [2019-06-07 22:43:46 718] - Dbmgr::DBTaskQueryEntity: Avatar, dbid=31, entityID=2006, wasActive=false, queryMode=0, componentID=7001, success=true.
   DEBUG      dbmgr-1 10103 4000  [2019-06-07 22:43:48 897] - Dbmgr::DBTaskQueryEntity: Avatar, dbid=30, entityID=2007, wasActive=false, queryMode=0, componentID=7001, success=true.
    INFO      dbmgr-1 10103 4000  [2019-06-07 22:44:50 338] - Buffered_DBTasks::onFiniTask: Playing buffered task for entityID=0, dbid=31, dbid_tasks_size=3, entityid_tasks_size=0.
    INFO      dbmgr-1 10103 4000  [2019-06-07 22:44:50 339] - Buffered_DBTasks::onFiniTask: Playing buffered task for entityID=0, dbid=3, dbid_tasks_size=2, entityid_tasks_size=0.
   DEBUG      dbmgr-1 10103 4000  [2019-06-07 22:44:50 356] - Dbmgr::writeEntity: Avatar(31).
   DEBUG      dbmgr-1 10103 4000  [2019-06-07 22:44:50 357] - Dbmgr::writeEntity: Account(3).
   DEBUG      dbmgr-1 10103 4000  [2019-06-07 22:44:50 357] - Dbmgr::onEntityOffline: 31, entityType=2.
   DEBUG      dbmgr-1 10103 4000  [2019-06-07 22:44:50 357] - Dbmgr::onEntityOffline: 3, entityType=1.
   DEBUG      dbmgr-1 10103 4000  [2019-06-07 22:44:53 337] - Dbmgr::writeEntity: Avatar(30).
    INFO      dbmgr-1 10103 4000  [2019-06-07 22:44:53 336] - Buffered_DBTasks::onFiniTask: Playing buffered task for entityID=0, dbid=30, dbid_tasks_size=3, entityid_tasks_size=0.
    INFO      dbmgr-1 10103 4000  [2019-06-07 22:44:53 337] - Buffered_DBTasks::onFiniTask: Playing buffered task for entityID=0, dbid=2, dbid_tasks_size=2, entityid_tasks_size=0.
   DEBUG      dbmgr-1 10103 4000  [2019-06-07 22:44:53 356] - Dbmgr::writeEntity: Account(2).
   DEBUG      dbmgr-1 10103 4000  [2019-06-07 22:44:53 356] - Dbmgr::onEntityOffline: 30, entityType=2.
   DEBUG      dbmgr-1 10103 4000  [2019-06-07 22:44:53 356] - Dbmgr::onEntityOffline: 2, entityType=1.
    INFO      dbmgr-1 10103 4000  [2019-06-07 22:54:38 426] - -----------------------------------------------------------------------------------------


    INFO      dbmgr-1 10103 4000  [2019-06-07 22:54:38 427] - Resmgr::initialize: OURO_ROOT=C:/Users/Black/Ouroboros/
    INFO      dbmgr-1 10103 4000  [2019-06-07 22:54:38 428] - Resmgr::initialize: OURO_RES_PATH=C:/Users/Black/Ouroboros/ouro/res/;C:/Users/Black/Ouroboros/assets/;C:/Users/Black/Ouroboros/assets/scripts/;C:/Users/Black/Ouroboros/assets/res/
    INFO      dbmgr-1 10103 4000  [2019-06-07 22:54:38 428] - Resmgr::initialize: OURO_BIN_PATH=C:/Users/Black/Ouroboros/ouro/bin/server/
    INFO      dbmgr-1 10103 4000  [2019-06-07 22:54:38 442] - NetworkInterface::initialize(INTERNAL-TCP): bound to all interfaces with default route interface on 192.168.27.1 ( 192.168.27.1:11687 )
    INFO      dbmgr-1 10103 4000  [2019-06-07 22:54:38 442] - NetworkInterface::initialize(INTERNAL-TCP): address 192.168.27.1:11687, SOMAXCONN=5.
    INFO      dbmgr-1 10103 4000  [2019-06-07 22:54:38 442] - server-configs:
    INFO      dbmgr-1 10103 4000  [2019-06-07 22:54:38 442] - 	internalTcpAddr : 192.168.27.1:11687
    INFO      dbmgr-1 10103 4000  [2019-06-07 22:54:38 442] - 	componentID : 4000
    INFO      dbmgr-1 10103 4000  [2019-06-07 22:54:39 949] - ---- dbmgr Version: 2.5.0. ScriptVersion: 0.1.0. Pythoncore: 3.7.3. Protocol: 7E018B6508A428A183CCC712F3412432. Config: Debug X86. Built: 03:59:31 May 23 2019. AppID: 4000. UID: 10103. PID: 25020 ----
    INFO      dbmgr-1 10103 4000  [2019-06-07 22:54:39 949] - Server Black: Intel(R) Core(TM) i7-7700HQ CPU @ 2.80GHz with 2097151kB RAM
    INFO      dbmgr-1 10103 4000  [2019-06-07 22:54:39 950] - ThreadPool::createThreadPool: creating  threadpool...
    INFO      dbmgr-1 10103 4000  [2019-06-07 22:54:39 950] - ThreadPool::createThreadPool: successfully(2), newThreadCount=1, normalMaxThreadCount=2, maxThreadCount=8
    INFO      dbmgr-1 10103 4000  [2019-06-07 22:54:40 161] - Script::install(): is successfully, Python=(3.7.3 (default, Jun  7 2019, 22:47:18) [MSC v.1916 32 bit (Intel)])!
    INFO      dbmgr-1 10103 4000  [2019-06-07 22:54:40 161] - Script::install(): OUROxtra is successfully!
    INFO      dbmgr-1 10103 4000  [2019-06-07 22:54:40 475] - Dbmgr::initializeEnd: digest(A95409634AA737AC5ED3596431383F23)
  S_INFO      dbmgr-1 10103 4000  [2019-06-07 22:54:40 476] - onDBMgrReady: bootstrapGroupIndex=0, bootstrapGlobalIndex=0
    INFO      dbmgr-1 10103 4000  [2019-06-07 22:54:40 477] - TelnetServer server is running on port 32000
    INFO      dbmgr-1 10103 4000  [2019-06-07 22:54:40 478] - Dbmgr::initInterfacesHandler: interfaces addr(127.0.0.1:30099), accountType:(interfaces), chargeType:(interfaces).
 WARNING      dbmgr-1 10103 4000  [2019-06-07 22:54:40 853] - DBUtil::initialize: db(default) password is not encrypted!
please use password(rsa):
7A8EAB69B5E99EA463546ECF7561EE277ECF74F553C871095628F728A9D3EC80A9ADAEB004FC9D5431B0A1BAA6B45CA843DEA62EBECC3C29946D827E4E552F276109ACDA6EC82576939C5FD4590DBA510EC14A8F691115C92F686F9FD9C18ED6F2C3166A742794B45F9D1582A64363FD327816D4F334109B4C8EFCDFE53BDCB0
   DEBUG      dbmgr-1 10103 4000  [2019-06-07 22:54:40 856] - DBInterfaceMysql::attach: connect: localhost:3306 starting...
   DEBUG      dbmgr-1 10103 4000  [2019-06-07 22:54:40 862] - DBInterfaceMysql::attach: successfully! addr: localhost:3306
    INFO      dbmgr-1 10103 4000  [2019-06-07 22:54:40 862] - DBUtil::createInterface[0x93f070]: interface=default, dbtype=mysql, ip=localhost, port=3306, currdatabase=ouro, username=ouro, connected=yes.

    INFO      dbmgr-1 10103 4000  [2019-06-07 22:54:40 862] - ThreadPool::createThreadPool: creating  threadpool...
    INFO      dbmgr-1 10103 4000  [2019-06-07 22:54:40 863] - ThreadPool::createThreadPool: successfully(5), newThreadCount=5, normalMaxThreadCount=5, maxThreadCount=5
    INFO      dbmgr-1 10103 4000  [2019-06-07 22:54:40 966] - DBInterfaceMysql::query: successfully!
 WARNING      dbmgr-1 10103 4000  [2019-06-07 22:54:41 032] - d:\scratch\___kbe__\ouroboros-2.5.0\ouro\src\server\dbmgr\dbmgr.cpp:306: Profile scriptCall took 0.56 seconds
    INFO      dbmgr-1 10103 4000  [2019-06-07 22:54:41 549] - ---- dbmgr is running ----
   DEBUG      dbmgr-1 10103 4000  [2019-06-07 22:54:41 549] - Components::process(): Request for the process of identity...
   DEBUG      dbmgr-1 10103 4000  [2019-06-07 22:54:40 863] - DBInterfaceMysql::attach: connect: localhost:3306 starting...
   DEBUG      dbmgr-1 10103 4000  [2019-06-07 22:54:40 863] - DBInterfaceMysql::attach: connect: localhost:3306 starting...
   DEBUG      dbmgr-1 10103 4000  [2019-06-07 22:54:40 863] - DBInterfaceMysql::attach: connect: localhost:3306 starting...
   DEBUG      dbmgr-1 10103 4000  [2019-06-07 22:54:40 864] - DBInterfaceMysql::attach: connect: localhost:3306 starting...
   DEBUG      dbmgr-1 10103 4000  [2019-06-07 22:54:40 864] - DBInterfaceMysql::attach: connect: localhost:3306 starting...
   DEBUG      dbmgr-1 10103 4000  [2019-06-07 22:54:40 866] - DBInterfaceMysql::attach: successfully! addr: localhost:3306
   DEBUG      dbmgr-1 10103 4000  [2019-06-07 22:54:40 867] - DBThread::onStart(): 0xcb9700!
   DEBUG      dbmgr-1 10103 4000  [2019-06-07 22:54:40 867] - DBInterfaceMysql::attach: successfully! addr: localhost:3306
   DEBUG      dbmgr-1 10103 4000  [2019-06-07 22:54:40 867] - DBThread::onStart(): 0xcb90a0!
   DEBUG      dbmgr-1 10103 4000  [2019-06-07 22:54:40 868] - DBInterfaceMysql::attach: successfully! addr: localhost:3306
   DEBUG      dbmgr-1 10103 4000  [2019-06-07 22:54:40 869] - DBThread::onStart(): 0xcb8f08!
   DEBUG      dbmgr-1 10103 4000  [2019-06-07 22:54:40 870] - DBInterfaceMysql::attach: successfully! addr: localhost:3306
   DEBUG      dbmgr-1 10103 4000  [2019-06-07 22:54:40 870] - DBThread::onStart(): 0xcb9cd8!
   DEBUG      dbmgr-1 10103 4000  [2019-06-07 22:54:40 871] - DBInterfaceMysql::attach: successfully! addr: localhost:3306
   DEBUG      dbmgr-1 10103 4000  [2019-06-07 22:54:40 871] - DBThread::onStart(): 0xcb8df8!
    INFO      dbmgr-1 10103 4000  [2019-06-07 22:54:40 969] - DBInterfaceMysql::query: successfully!
    INFO      dbmgr-1 10103 4000  [2019-06-07 22:54:40 969] - DBInterfaceMysql::query: successfully!
    INFO      dbmgr-1 10103 4000  [2019-06-07 22:54:40 969] - DBInterfaceMysql::query: successfully!
    INFO      dbmgr-1 10103 4000  [2019-06-07 22:54:40 970] - DBInterfaceMysql::query: successfully!
    INFO      dbmgr-1 10103 4000  [2019-06-07 22:54:40 970] - DBInterfaceMysql::query: successfully!
    INFO      dbmgr-1 10103 4000  [2019-06-07 22:54:40 970] - DBInterfaceMysql::query: successfully!
    INFO      dbmgr-1 10103 4000  [2019-06-07 22:54:41 012] - DBInterfaceMysql::query: successfully!
    INFO      dbmgr-1 10103 4000  [2019-06-07 22:54:41 014] - DBInterfaceMysql::query: successfully!
    INFO      dbmgr-1 10103 4000  [2019-06-07 22:54:47 835] - ServerApp::onRegisterNewApp: uid:10103, username:Black, componentType:interfaces, componentID:3000, globalorderID=-1, grouporderID=-1, intaddr:192.168.27.1, intport:30099, extaddr:nonsupport, extport:0,  from 127.0.0.1:30099/0/0/0.
    INFO      dbmgr-1 10103 4000  [2019-06-07 22:54:47 835] - Components::addComponent: reset orderLog, uid=10103!
    INFO      dbmgr-1 10103 4000  [2019-06-07 22:54:47 835] - Components::addComponent[interfaces], uid=10103, componentID=3000, globalorderid=1, grouporderid=1, totalcount=1
 WARNING      dbmgr-1 10103 4000  [2019-06-07 22:54:47 836] - TCPPacketReceiver::processPendingEvents(192.168.27.1:11721): Throwing REASON_GENERAL_NETWORK - WSAECONNABORTED
    INFO      dbmgr-1 10103 4000  [2019-06-07 22:54:48 856] - Components::findComponents: find logger(1)...
    INFO      dbmgr-1 10103 4000  [2019-06-07 22:54:48 906] - Components::findComponents: found logger, addr:192.168.27.1:11686
    INFO      dbmgr-1 10103 4000  [2019-06-07 22:54:48 907] - Components::addComponent: reset orderLog, uid=10103!
    INFO      dbmgr-1 10103 4000  [2019-06-07 22:54:48 908] - Components::addComponent[logger], uid=10103, componentID=2000, globalorderid=1, grouporderid=1, totalcount=1
    INFO      dbmgr-1 10103 4000  [2019-06-07 22:54:48 916] - Components::process(): Found all the components!
    INFO      dbmgr-1 10103 4000  [2019-06-07 22:54:52 079] - ServerApp::onRegisterNewApp: uid:10103, username:Black, componentType:baseappmgr, componentID:5000, globalorderID=-1, grouporderID=-1, intaddr:192.168.27.1, intport:11685, extaddr:nonsupport, extport:0,  from 192.168.27.1:11739/0/0/0.
    INFO      dbmgr-1 10103 4000  [2019-06-07 22:54:52 080] - Components::addComponent: reset orderLog, uid=10103!
    INFO      dbmgr-1 10103 4000  [2019-06-07 22:54:52 080] - Components::addComponent[baseappmgr], uid=10103, componentID=5000, globalorderid=1, grouporderid=1, totalcount=1
    INFO      dbmgr-1 10103 4000  [2019-06-07 22:54:52 167] - ServerApp::onRegisterNewApp: uid:10103, username:Black, componentType:cellappmgr, componentID:6000, globalorderID=-1, grouporderID=-1, intaddr:192.168.27.1, intport:11689, extaddr:nonsupport, extport:0,  from 192.168.27.1:11741/0/0/0.
    INFO      dbmgr-1 10103 4000  [2019-06-07 22:54:52 167] - Components::addComponent[cellappmgr], uid=10103, componentID=6000, globalorderid=2, grouporderid=1, totalcount=1
    INFO      dbmgr-1 10103 4000  [2019-06-07 22:54:52 690] - ServerApp::onRegisterNewApp: uid:10103, username:Black, componentType:loginapp, componentID:9000, globalorderID=-1, grouporderID=-1, intaddr:192.168.27.1, intport:11692, extaddr:192.168.27.1, extport:20013,  from 192.168.27.1:11744/0/0/0.
    INFO      dbmgr-1 10103 4000  [2019-06-07 22:54:52 690] - Components::addComponent[loginapp], uid=10103, componentID=9000, globalorderid=3, grouporderid=1, totalcount=1
    INFO      dbmgr-1 10103 4000  [2019-06-07 22:54:54 989] - ServerApp::onRegisterNewApp: uid:10103, username:Black, componentType:cellapp, componentID:8001, globalorderID=-1, grouporderID=-1, intaddr:192.168.27.1, intport:11691, extaddr:nonsupport, extport:0,  from 192.168.27.1:11749/0/0/0.
    INFO      dbmgr-1 10103 4000  [2019-06-07 22:54:54 989] - Components::addComponent[cellapp], uid=10103, componentID=8001, globalorderid=4, grouporderid=1, totalcount=1
    INFO      dbmgr-1 10103 4000  [2019-06-07 22:54:55 155] - ServerApp::onRegisterNewApp: uid:10103, username:Black, componentType:baseapp, componentID:7001, globalorderID=-1, grouporderID=-1, intaddr:192.168.27.1, intport:11690, extaddr:192.168.27.1, extport:20015,  from 192.168.27.1:11753/0/0/0.
    INFO      dbmgr-1 10103 4000  [2019-06-07 22:54:55 155] - Components::addComponent[baseapp], uid=10103, componentID=7001, globalorderid=5, grouporderid=1, totalcount=1
    INFO      dbmgr-1 10103 4000  [2019-06-07 22:54:58 156] - IDServer::allocRange: 1-2001.
    INFO      dbmgr-1 10103 4000  [2019-06-07 22:54:58 156] - IDServer::allocRange: 2001-4001.
   DEBUG      dbmgr-1 10103 4000  [2019-06-07 22:54:58 156] - SyncAppDatasHandler::~SyncAppDatasHandler()
    INFO      dbmgr-1 10103 4000  [2019-06-07 22:54:59 973] - GlobalDataServer::broadcastDataChanged: writer(baseapp, addr=192.168.27.1:11753/0/0/0), keySize=12, valSize=48, isDelete=0
    INFO      dbmgr-1 10103 4000  [2019-06-07 22:55:02 969] - GlobalDataServer::broadcastDataChanged: writer(cellapp, addr=192.168.27.1:11749/0/0/0), keySize=13, valSize=48, isDelete=0
    INFO      dbmgr-1 10103 4000  [2019-06-07 22:55:03 958] - GlobalDataServer::broadcastDataChanged: writer(cellapp, addr=192.168.27.1:11749/0/0/0), keySize=13, valSize=48, isDelete=0
   DEBUG      dbmgr-1 10103 4000  [2019-06-07 22:56:43 812] - Dbmgr::onAccountLogin:loginName=killingbosser2, accountName=killingbosser2, success=0, componentID=0, entityID=0, dbid=3, flags=0, deadline=0.
   DEBUG      dbmgr-1 10103 4000  [2019-06-07 22:56:44 073] - Dbmgr::queryAccount: killingbosser2, success=true, flags=0, deadline=0.
   DEBUG      dbmgr-1 10103 4000  [2019-06-07 22:57:00 472] - Dbmgr::DBTaskQueryEntity: Avatar, dbid=31, entityID=2005, wasActive=false, queryMode=0, componentID=7001, success=true.
   DEBUG      dbmgr-1 10103 4000  [2019-06-07 22:57:03 572] - Dbmgr::onAccountLogin:loginName=test13, accountName=test13, success=0, componentID=0, entityID=0, dbid=1, flags=0, deadline=0.
   DEBUG      dbmgr-1 10103 4000  [2019-06-07 22:57:03 812] - Dbmgr::queryAccount: test13, success=true, flags=0, deadline=0.
   DEBUG      dbmgr-1 10103 4000  [2019-06-07 22:57:05 852] - Dbmgr::DBTaskQueryEntity: Avatar, dbid=29, entityID=2007, wasActive=false, queryMode=0, componentID=7001, success=true.
   DEBUG      dbmgr-1 10103 4000  [2019-06-07 22:57:10 272] - Dbmgr::writeEntity: Avatar(31).
   DEBUG      dbmgr-1 10103 4000  [2019-06-07 22:57:10 272] - Dbmgr::writeEntity: Account(3).
   DEBUG      dbmgr-1 10103 4000  [2019-06-07 22:57:10 273] - Dbmgr::onEntityOffline: 31, entityType=2.
   DEBUG      dbmgr-1 10103 4000  [2019-06-07 22:57:10 273] - Dbmgr::onEntityOffline: 3, entityType=1.
    INFO      dbmgr-1 10103 4000  [2019-06-07 22:57:10 262] - Buffered_DBTasks::onFiniTask: Playing buffered task for entityID=0, dbid=31, dbid_tasks_size=3, entityid_tasks_size=0.
    INFO      dbmgr-1 10103 4000  [2019-06-07 22:57:10 264] - Buffered_DBTasks::onFiniTask: Playing buffered task for entityID=0, dbid=3, dbid_tasks_size=2, entityid_tasks_size=0.
    INFO      dbmgr-1 10103 4000  [2019-06-07 23:01:00 892] - -----------------------------------------------------------------------------------------


    INFO      dbmgr-1 10103 4000  [2019-06-07 23:01:00 893] - Resmgr::initialize: OURO_ROOT=C:/Users/Black/Ouroboros/
    INFO      dbmgr-1 10103 4000  [2019-06-07 23:01:00 894] - Resmgr::initialize: OURO_RES_PATH=C:/Users/Black/Ouroboros/ouro/res/;C:/Users/Black/Ouroboros/assets/;C:/Users/Black/Ouroboros/assets/scripts/;C:/Users/Black/Ouroboros/assets/res/
    INFO      dbmgr-1 10103 4000  [2019-06-07 23:01:00 894] - Resmgr::initialize: OURO_BIN_PATH=C:/Users/Black/Ouroboros/ouro/bin/server/
    INFO      dbmgr-1 10103 4000  [2019-06-07 23:01:00 909] - NetworkInterface::initialize(INTERNAL-TCP): bound to all interfaces with default route interface on 192.168.27.1 ( 192.168.27.1:12386 )
    INFO      dbmgr-1 10103 4000  [2019-06-07 23:01:00 910] - NetworkInterface::initialize(INTERNAL-TCP): address 192.168.27.1:12386, SOMAXCONN=5.
    INFO      dbmgr-1 10103 4000  [2019-06-07 23:01:00 910] - server-configs:
    INFO      dbmgr-1 10103 4000  [2019-06-07 23:01:00 910] - 	internalTcpAddr : 192.168.27.1:12386
    INFO      dbmgr-1 10103 4000  [2019-06-07 23:01:00 911] - 	componentID : 4000
    INFO      dbmgr-1 10103 4000  [2019-06-07 23:01:02 419] - ---- dbmgr Version: 2.5.0. ScriptVersion: 0.1.0. Pythoncore: 3.7.3. Protocol: 7E018B6508A428A183CCC712F3412432. Config: Debug X86. Built: 03:59:31 May 23 2019. AppID: 4000. UID: 10103. PID: 12736 ----
    INFO      dbmgr-1 10103 4000  [2019-06-07 23:01:02 420] - Server Black: Intel(R) Core(TM) i7-7700HQ CPU @ 2.80GHz with 2097151kB RAM
    INFO      dbmgr-1 10103 4000  [2019-06-07 23:01:02 420] - ThreadPool::createThreadPool: creating  threadpool...
    INFO      dbmgr-1 10103 4000  [2019-06-07 23:01:02 421] - ThreadPool::createThreadPool: successfully(2), newThreadCount=1, normalMaxThreadCount=2, maxThreadCount=8
    INFO      dbmgr-1 10103 4000  [2019-06-07 23:01:02 691] - Script::install(): is successfully, Python=(3.7.3 (default, Jun  7 2019, 22:47:18) [MSC v.1916 32 bit (Intel)])!
    INFO      dbmgr-1 10103 4000  [2019-06-07 23:01:02 691] - Script::install(): OUROxtra is successfully!
    INFO      dbmgr-1 10103 4000  [2019-06-07 23:01:03 167] - Dbmgr::initializeEnd: digest(A95409634AA737AC5ED3596431383F23)
  S_INFO      dbmgr-1 10103 4000  [2019-06-07 23:01:03 167] - onDBMgrReady: bootstrapGroupIndex=0, bootstrapGlobalIndex=0
    INFO      dbmgr-1 10103 4000  [2019-06-07 23:01:03 168] - TelnetServer server is running on port 32000
    INFO      dbmgr-1 10103 4000  [2019-06-07 23:01:03 168] - Dbmgr::initInterfacesHandler: interfaces addr(127.0.0.1:30099), accountType:(interfaces), chargeType:(interfaces).
 WARNING      dbmgr-1 10103 4000  [2019-06-07 23:01:03 580] - DBUtil::initialize: db(default) password is not encrypted!
please use password(rsa):
39F2B538E82033EE9C553A58FC2448CB8CB9B6785280336615C52AFA648464DB243B1B6EBE47E79F6190D5CBA783DAAAF4CC9D62006E39312B33259C6B99453BD4052D0FABCCE62B6E42CD0E41DDE7D05EEA73A782B76E1D19DF204520AF678ED9BC58C1D792EBF7C4E7330D4895001A9C262CCF2A0A810712F2E53EB58E8C97
   DEBUG      dbmgr-1 10103 4000  [2019-06-07 23:01:03 587] - DBInterfaceMysql::attach: connect: localhost:3306 starting...
   DEBUG      dbmgr-1 10103 4000  [2019-06-07 23:01:03 592] - DBInterfaceMysql::attach: successfully! addr: localhost:3306
    INFO      dbmgr-1 10103 4000  [2019-06-07 23:01:03 592] - DBUtil::createInterface[0xfcf33c]: interface=default, dbtype=mysql, ip=localhost, port=3306, currdatabase=ouro, username=ouro, connected=yes.

    INFO      dbmgr-1 10103 4000  [2019-06-07 23:01:03 593] - ThreadPool::createThreadPool: creating  threadpool...
    INFO      dbmgr-1 10103 4000  [2019-06-07 23:01:03 594] - ThreadPool::createThreadPool: successfully(5), newThreadCount=5, normalMaxThreadCount=5, maxThreadCount=5
    INFO      dbmgr-1 10103 4000  [2019-06-07 23:01:03 698] - DBInterfaceMysql::query: successfully!
 WARNING      dbmgr-1 10103 4000  [2019-06-07 23:01:03 785] - d:\scratch\___kbe__\ouroboros-2.5.0\ouro\src\server\dbmgr\dbmgr.cpp:306: Profile scriptCall took 0.62 seconds
    INFO      dbmgr-1 10103 4000  [2019-06-07 23:01:04 323] - ---- dbmgr is running ----
   DEBUG      dbmgr-1 10103 4000  [2019-06-07 23:01:04 324] - Components::process(): Request for the process of identity...
   DEBUG      dbmgr-1 10103 4000  [2019-06-07 23:01:03 602] - DBInterfaceMysql::attach: connect: localhost:3306 starting...
   DEBUG      dbmgr-1 10103 4000  [2019-06-07 23:01:03 602] - DBInterfaceMysql::attach: connect: localhost:3306 starting...
   DEBUG      dbmgr-1 10103 4000  [2019-06-07 23:01:03 603] - DBInterfaceMysql::attach: connect: localhost:3306 starting...
   DEBUG      dbmgr-1 10103 4000  [2019-06-07 23:01:03 603] - DBInterfaceMysql::attach: connect: localhost:3306 starting...
   DEBUG      dbmgr-1 10103 4000  [2019-06-07 23:01:03 603] - DBInterfaceMysql::attach: connect: localhost:3306 starting...
   DEBUG      dbmgr-1 10103 4000  [2019-06-07 23:01:03 608] - DBInterfaceMysql::attach: successfully! addr: localhost:3306
   DEBUG      dbmgr-1 10103 4000  [2019-06-07 23:01:03 608] - DBThread::onStart(): 0x109e8e0!
   DEBUG      dbmgr-1 10103 4000  [2019-06-07 23:01:03 609] - DBInterfaceMysql::attach: successfully! addr: localhost:3306
   DEBUG      dbmgr-1 10103 4000  [2019-06-07 23:01:03 610] - DBThread::onStart(): 0x109ed20!
   DEBUG      dbmgr-1 10103 4000  [2019-06-07 23:01:03 612] - DBInterfaceMysql::attach: successfully! addr: localhost:3306
   DEBUG      dbmgr-1 10103 4000  [2019-06-07 23:01:03 613] - DBThread::onStart(): 0x109ec98!
   DEBUG      dbmgr-1 10103 4000  [2019-06-07 23:01:03 614] - DBInterfaceMysql::attach: successfully! addr: localhost:3306
   DEBUG      dbmgr-1 10103 4000  [2019-06-07 23:01:03 614] - DBThread::onStart(): 0x109f490!
   DEBUG      dbmgr-1 10103 4000  [2019-06-07 23:01:03 617] - DBInterfaceMysql::attach: successfully! addr: localhost:3306
   DEBUG      dbmgr-1 10103 4000  [2019-06-07 23:01:03 617] - DBThread::onStart(): 0x109f160!
    INFO      dbmgr-1 10103 4000  [2019-06-07 23:01:03 699] - DBInterfaceMysql::query: successfully!
    INFO      dbmgr-1 10103 4000  [2019-06-07 23:01:03 699] - DBInterfaceMysql::query: successfully!
    INFO      dbmgr-1 10103 4000  [2019-06-07 23:01:03 700] - DBInterfaceMysql::query: successfully!
    INFO      dbmgr-1 10103 4000  [2019-06-07 23:01:03 701] - DBInterfaceMysql::query: successfully!
    INFO      dbmgr-1 10103 4000  [2019-06-07 23:01:03 701] - DBInterfaceMysql::query: successfully!
    INFO      dbmgr-1 10103 4000  [2019-06-07 23:01:03 702] - DBInterfaceMysql::query: successfully!
    INFO      dbmgr-1 10103 4000  [2019-06-07 23:01:03 769] - DBInterfaceMysql::query: successfully!
    INFO      dbmgr-1 10103 4000  [2019-06-07 23:01:03 771] - DBInterfaceMysql::query: successfully!
    INFO      dbmgr-1 10103 4000  [2019-06-07 23:01:10 663] - ServerApp::onRegisterNewApp: uid:10103, username:Black, componentType:interfaces, componentID:3000, globalorderID=-1, grouporderID=-1, intaddr:192.168.27.1, intport:30099, extaddr:nonsupport, extport:0,  from 127.0.0.1:30099/0/0/0.
    INFO      dbmgr-1 10103 4000  [2019-06-07 23:01:10 663] - Components::addComponent: reset orderLog, uid=10103!
    INFO      dbmgr-1 10103 4000  [2019-06-07 23:01:10 663] - Components::addComponent[interfaces], uid=10103, componentID=3000, globalorderid=1, grouporderid=1, totalcount=1
    INFO      dbmgr-1 10103 4000  [2019-06-07 23:01:11 667] - Components::findComponents: find logger(1)...
    INFO      dbmgr-1 10103 4000  [2019-06-07 23:01:11 694] - Components::findComponents: found logger, addr:192.168.27.1:12385
    INFO      dbmgr-1 10103 4000  [2019-06-07 23:01:11 695] - Components::addComponent: reset orderLog, uid=10103!
    INFO      dbmgr-1 10103 4000  [2019-06-07 23:01:11 695] - Components::addComponent[logger], uid=10103, componentID=2000, globalorderid=1, grouporderid=1, totalcount=1
    INFO      dbmgr-1 10103 4000  [2019-06-07 23:01:11 727] - Components::process(): Found all the components!
    INFO      dbmgr-1 10103 4000  [2019-06-07 23:01:13 744] - ServerApp::onRegisterNewApp: uid:10103, username:Black, componentType:baseappmgr, componentID:5000, globalorderID=-1, grouporderID=-1, intaddr:192.168.27.1, intport:12388, extaddr:nonsupport, extport:0,  from 192.168.27.1:12430/0/0/0.
    INFO      dbmgr-1 10103 4000  [2019-06-07 23:01:13 744] - Components::addComponent: reset orderLog, uid=10103!
    INFO      dbmgr-1 10103 4000  [2019-06-07 23:01:13 744] - Components::addComponent[baseappmgr], uid=10103, componentID=5000, globalorderid=1, grouporderid=1, totalcount=1
    INFO      dbmgr-1 10103 4000  [2019-06-07 23:01:14 354] - ServerApp::onRegisterNewApp: uid:10103, username:Black, componentType:cellappmgr, componentID:6000, globalorderID=-1, grouporderID=-1, intaddr:192.168.27.1, intport:12389, extaddr:nonsupport, extport:0,  from 192.168.27.1:12434/0/0/0.
    INFO      dbmgr-1 10103 4000  [2019-06-07 23:01:14 354] - Components::addComponent[cellappmgr], uid=10103, componentID=6000, globalorderid=2, grouporderid=1, totalcount=1
    INFO      dbmgr-1 10103 4000  [2019-06-07 23:01:14 637] - ServerApp::onRegisterNewApp: uid:10103, username:Black, componentType:loginapp, componentID:9000, globalorderID=-1, grouporderID=-1, intaddr:192.168.27.1, intport:12392, extaddr:192.168.27.1, extport:20013,  from 192.168.27.1:12437/0/0/0.
    INFO      dbmgr-1 10103 4000  [2019-06-07 23:01:14 637] - Components::addComponent[loginapp], uid=10103, componentID=9000, globalorderid=3, grouporderid=1, totalcount=1
    INFO      dbmgr-1 10103 4000  [2019-06-07 23:01:17 508] - ServerApp::onRegisterNewApp: uid:10103, username:Black, componentType:cellapp, componentID:8001, globalorderID=-1, grouporderID=-1, intaddr:192.168.27.1, intport:12390, extaddr:nonsupport, extport:0,  from 192.168.27.1:12456/0/0/0.
    INFO      dbmgr-1 10103 4000  [2019-06-07 23:01:17 508] - Components::addComponent[cellapp], uid=10103, componentID=8001, globalorderid=4, grouporderid=1, totalcount=1
    INFO      dbmgr-1 10103 4000  [2019-06-07 23:01:17 797] - ServerApp::onRegisterNewApp: uid:10103, username:Black, componentType:baseapp, componentID:7001, globalorderID=-1, grouporderID=-1, intaddr:192.168.27.1, intport:12391, extaddr:192.168.27.1, extport:20015,  from 192.168.27.1:12460/0/0/0.
    INFO      dbmgr-1 10103 4000  [2019-06-07 23:01:17 797] - Components::addComponent[baseapp], uid=10103, componentID=7001, globalorderid=5, grouporderid=1, totalcount=1
    INFO      dbmgr-1 10103 4000  [2019-06-07 23:01:20 807] - IDServer::allocRange: 1-2001.
    INFO      dbmgr-1 10103 4000  [2019-06-07 23:01:20 807] - IDServer::allocRange: 2001-4001.
   DEBUG      dbmgr-1 10103 4000  [2019-06-07 23:01:20 807] - SyncAppDatasHandler::~SyncAppDatasHandler()
    INFO      dbmgr-1 10103 4000  [2019-06-07 23:01:22 997] - GlobalDataServer::broadcastDataChanged: writer(baseapp, addr=192.168.27.1:12460/0/0/0), keySize=12, valSize=48, isDelete=0
    INFO      dbmgr-1 10103 4000  [2019-06-07 23:01:25 994] - GlobalDataServer::broadcastDataChanged: writer(cellapp, addr=192.168.27.1:12456/0/0/0), keySize=13, valSize=48, isDelete=0
    INFO      dbmgr-1 10103 4000  [2019-06-07 23:01:26 995] - GlobalDataServer::broadcastDataChanged: writer(cellapp, addr=192.168.27.1:12456/0/0/0), keySize=13, valSize=48, isDelete=0
   DEBUG      dbmgr-1 10103 4000  [2019-06-07 23:04:51 664] - Dbmgr::onAccountLogin:loginName=killingbosser2, accountName=killingbosser2, success=0, componentID=0, entityID=0, dbid=3, flags=0, deadline=0.
   DEBUG      dbmgr-1 10103 4000  [2019-06-07 23:04:51 905] - Dbmgr::queryAccount: killingbosser2, success=true, flags=0, deadline=0.
   DEBUG      dbmgr-1 10103 4000  [2019-06-07 23:04:59 624] - Dbmgr::DBTaskQueryEntity: Avatar, dbid=31, entityID=2005, wasActive=false, queryMode=0, componentID=7001, success=true.
   DEBUG      dbmgr-1 10103 4000  [2019-06-07 23:05:07 724] - Dbmgr::onAccountLogin:loginName=test13, accountName=test13, success=0, componentID=0, entityID=0, dbid=1, flags=0, deadline=0.
   DEBUG      dbmgr-1 10103 4000  [2019-06-07 23:05:07 984] - Dbmgr::queryAccount: test13, success=true, flags=0, deadline=0.
   DEBUG      dbmgr-1 10103 4000  [2019-06-07 23:05:09 644] - Dbmgr::DBTaskQueryEntity: Avatar, dbid=29, entityID=2007, wasActive=false, queryMode=0, componentID=7001, success=true.
   DEBUG      dbmgr-1 10103 4000  [2019-06-07 23:07:18 703] - Dbmgr::writeEntity: Avatar(31).
   DEBUG      dbmgr-1 10103 4000  [2019-06-07 23:07:33 703] - Dbmgr::onEntityOffline: 31, entityType=2.
   DEBUG      dbmgr-1 10103 4000  [2019-06-07 23:07:33 703] - Dbmgr::writeEntity: Account(3).
   DEBUG      dbmgr-1 10103 4000  [2019-06-07 23:07:33 703] - Dbmgr::onEntityOffline: 3, entityType=1.
    INFO      dbmgr-1 10103 4000  [2019-06-07 23:07:33 695] - Buffered_DBTasks::onFiniTask: Playing buffered task for entityID=0, dbid=3, dbid_tasks_size=1, entityid_tasks_size=0.
   DEBUG      dbmgr-1 10103 4000  [2019-06-07 23:08:07 783] - Dbmgr::writeEntity: Avatar(29).
   DEBUG      dbmgr-1 10103 4000  [2019-06-07 23:08:07 783] - Dbmgr::writeEntity: Account(1).
   DEBUG      dbmgr-1 10103 4000  [2019-06-07 23:08:07 783] - Dbmgr::onEntityOffline: 29, entityType=2.
   DEBUG      dbmgr-1 10103 4000  [2019-06-07 23:08:07 783] - Dbmgr::onEntityOffline: 1, entityType=1.
    INFO      dbmgr-1 10103 4000  [2019-06-07 23:08:07 770] - Buffered_DBTasks::onFiniTask: Playing buffered task for entityID=0, dbid=29, dbid_tasks_size=3, entityid_tasks_size=0.
    INFO      dbmgr-1 10103 4000  [2019-06-07 23:08:07 772] - Buffered_DBTasks::onFiniTask: Playing buffered task for entityID=0, dbid=1, dbid_tasks_size=2, entityid_tasks_size=0.
