    INFO    cellapp-1 10103 8001  [2019-06-06 15:56:40 246] - -----------------------------------------------------------------------------------------


    INFO    cellapp-1 10103 8001  [2019-06-06 15:56:40 247] - Resmgr::initialize: OURO_ROOT=C:/Users/Black/Ouroboros/
    INFO    cellapp-1 10103 8001  [2019-06-06 15:56:40 247] - Resmgr::initialize: OURO_RES_PATH=C:/Users/Black/Ouroboros/ouro/res/;C:/Users/Black/Ouroboros/assets/;C:/Users/Black/Ouroboros/assets/scripts/;C:/Users/Black/Ouroboros/assets/res/
    INFO    cellapp-1 10103 8001  [2019-06-06 15:56:40 247] - Resmgr::initialize: OURO_BIN_PATH=C:/Users/Black/Ouroboros/ouro/bin/server/
    INFO    cellapp-1 10103 8001  [2019-06-06 15:56:40 261] - NetworkInterface::initialize(INTERNAL-TCP): bound to all interfaces with default route interface on 192.168.27.1 ( 192.168.27.1:11301 )
    INFO    cellapp-1 10103 8001  [2019-06-06 15:56:40 261] - NetworkInterface::initialize(INTERNAL-TCP): address 192.168.27.1:11301, SOMAXCONN=5.
    INFO    cellapp-1 10103 8001  [2019-06-06 15:56:40 261] - server-configs:
    INFO    cellapp-1 10103 8001  [2019-06-06 15:56:40 262] - 	gameUpdateHertz : 10
    INFO    cellapp-1 10103 8001  [2019-06-06 15:56:40 262] - 	defaultViewRadius : 80
    INFO    cellapp-1 10103 8001  [2019-06-06 15:56:40 262] - 	defaultViewHysteresisArea : 5
    INFO    cellapp-1 10103 8001  [2019-06-06 15:56:40 262] - 	entryScriptFile : ouromain
    INFO    cellapp-1 10103 8001  [2019-06-06 15:56:40 262] - 	internalTcpAddr : 192.168.27.1:11301
    INFO    cellapp-1 10103 8001  [2019-06-06 15:56:40 262] - 	componentID : 8001
    INFO    cellapp-1 10103 8001  [2019-06-06 15:56:41 768] - ---- cellapp Version: 2.5.0. ScriptVersion: 0.1.0. Pythoncore: 3.7.3. Protocol: 8652043B9D1A1F169DDC4E8CD899D692. Config: Debug X86. Built: 02:55:12 May 23 2019. AppID: 8001. UID: 10103. PID: 36876 ----
    INFO    cellapp-1 10103 8001  [2019-06-06 15:56:41 769] - Server Black: Intel(R) Core(TM) i7-7700HQ CPU @ 2.80GHz with 2097151kB RAM
    INFO    cellapp-1 10103 8001  [2019-06-06 15:56:41 769] - ThreadPool::createThreadPool: creating  threadpool...
    INFO    cellapp-1 10103 8001  [2019-06-06 15:56:41 770] - ThreadPool::createThreadPool: successfully(2), newThreadCount=1, normalMaxThreadCount=2, maxThreadCount=8
    INFO    cellapp-1 10103 8001  [2019-06-06 15:56:41 967] - Script::install(): is successfully, Python=(3.7.3 (default, May 23 2019, 03:58:29) [MSC v.1916 32 bit (Intel)])!
    INFO    cellapp-1 10103 8001  [2019-06-06 15:56:41 967] - Script::install(): OUROxtra is successfully!
   DEBUG    cellapp-1 10103 8001  [2019-06-06 15:56:42 462] - loaded entity-script:Account(1).
 WARNING    cellapp-1 10103 8001  [2019-06-06 15:56:42 464] - EntityDef::checkDefMethod: exposed of method: Avatar.updateEG, check the caller can use "def updateEG(self, callerID, ...)", such as: if callerID == self.id!
 WARNING    cellapp-1 10103 8001  [2019-06-06 15:56:42 464] - EntityDef::checkDefMethod: exposed of method: Avatar.updateLastSyncTime, check the caller can use "def updateLastSyncTime(self, callerID, ...)", such as: if callerID == self.id!
 WARNING    cellapp-1 10103 8001  [2019-06-06 15:56:42 465] - EntityDef::checkDefMethod: exposed of method: Avatar.updatePositionSynced, check the caller can use "def updatePositionSynced(self, callerID, ...)", such as: if callerID == self.id!
   DEBUG    cellapp-1 10103 8001  [2019-06-06 15:56:42 465] - loaded entity-script:Avatar(2).
   DEBUG    cellapp-1 10103 8001  [2019-06-06 15:56:42 466] - loaded entity-script:FirstEntity(3).
   DEBUG    cellapp-1 10103 8001  [2019-06-06 15:56:42 466] - loaded entity-script:Scene(4).
   DEBUG    cellapp-1 10103 8001  [2019-06-06 15:56:42 467] - loaded entity-script:Space(5).
   DEBUG    cellapp-1 10103 8001  [2019-06-06 15:56:42 467] - loaded entity-script:SpaceDuplicate(6).
   DEBUG    cellapp-1 10103 8001  [2019-06-06 15:56:42 469] - loaded entity-script:SpawnPoint(8).
    INFO    cellapp-1 10103 8001  [2019-06-06 15:56:42 470] - TelnetServer server is running on port 50000
    INFO    cellapp-1 10103 8001  [2019-06-06 15:56:42 983] - ---- cellapp is running ----
   DEBUG    cellapp-1 10103 8001  [2019-06-06 15:56:42 983] - Components::process(): Request for the process of identity...
 WARNING    cellapp-1 10103 8001  [2019-06-06 15:56:49 670] - EntityApp::checkTickPeriod: tick took 6685% (6.68 seconds)!
    INFO    cellapp-1 10103 8001  [2019-06-06 15:56:50 749] - Components::findComponents: find logger(1)...
    INFO    cellapp-1 10103 8001  [2019-06-06 15:56:50 767] - Components::findComponents: found logger, addr:192.168.27.1:11296
    INFO    cellapp-1 10103 8001  [2019-06-06 15:56:50 768] - Components::addComponent: reset orderLog, uid=10103!
    INFO    cellapp-1 10103 8001  [2019-06-06 15:56:50 768] - Components::addComponent[logger], uid=10103, componentID=2000, globalorderid=1, grouporderid=1, totalcount=1
    INFO    cellapp-1 10103 8001  [2019-06-06 15:56:50 771] - Components::findComponents: find dbmgr(2)...
    INFO    cellapp-1 10103 8001  [2019-06-06 15:56:50 789] - Components::findComponents: found logger, addr:192.168.27.1:11296
    INFO    cellapp-1 10103 8001  [2019-06-06 15:56:50 797] - Components::findComponents: found dbmgr, addr:192.168.27.1:11298
    INFO    cellapp-1 10103 8001  [2019-06-06 15:56:50 797] - Components::addComponent: reset orderLog, uid=10103!
    INFO    cellapp-1 10103 8001  [2019-06-06 15:56:50 797] - Components::addComponent[dbmgr], uid=10103, componentID=4000, globalorderid=1, grouporderid=1, totalcount=1
    INFO    cellapp-1 10103 8001  [2019-06-06 15:56:50 901] - Components::findComponents: found dbmgr, addr:192.168.27.1:11298
 WARNING    cellapp-1 10103 8001  [2019-06-06 15:56:51 902] - EntityApp::checkTickPeriod: tick took 1219% (1.22 seconds)!
    INFO    cellapp-1 10103 8001  [2019-06-06 15:56:52 948] - Components::findComponents: find cellappmgr(1)...
    INFO    cellapp-1 10103 8001  [2019-06-06 15:56:52 990] - Components::findComponents: found cellappmgr, addr:192.168.27.1:11297
    INFO    cellapp-1 10103 8001  [2019-06-06 15:56:52 990] - Components::addComponent[cellappmgr], uid=10103, componentID=6000, globalorderid=2, grouporderid=1, totalcount=1
    INFO    cellapp-1 10103 8001  [2019-06-06 15:56:52 993] - Components::findComponents: found cellappmgr, addr:192.168.27.1:11297
 WARNING    cellapp-1 10103 8001  [2019-06-06 15:56:53 993] - EntityApp::checkTickPeriod: tick took 1110% (1.11 seconds)!
    INFO    cellapp-1 10103 8001  [2019-06-06 15:56:55 049] - Components::findComponents: find baseappmgr(1)...
    INFO    cellapp-1 10103 8001  [2019-06-06 15:56:55 155] - Components::findComponents: found baseappmgr, addr:192.168.27.1:11299
    INFO    cellapp-1 10103 8001  [2019-06-06 15:56:55 155] - Components::addComponent[baseappmgr], uid=10103, componentID=5000, globalorderid=3, grouporderid=1, totalcount=1
    INFO    cellapp-1 10103 8001  [2019-06-06 15:56:55 175] - Components::findComponents: found baseappmgr, addr:192.168.27.1:11299
 WARNING    cellapp-1 10103 8001  [2019-06-06 15:56:56 176] - EntityApp::checkTickPeriod: tick took 1192% (1.19 seconds)!
    INFO    cellapp-1 10103 8001  [2019-06-06 15:56:57 283] - Components::findComponents: register self to dbmgr...
    INFO    cellapp-1 10103 8001  [2019-06-06 15:56:57 307] - ServerApp::onRegisterNewApp: uid:10103, username:Black, componentType:baseapp, componentID:7001, globalorderID=5, grouporderID=1, intaddr:192.168.27.1, intport:11300, extaddr:192.168.27.1, extport:20015,  from 192.168.27.1:11298/0/0/0.
    INFO    cellapp-1 10103 8001  [2019-06-06 15:56:57 307] - Components::addComponent[baseapp], uid=10103, componentID=7001, globalorderid=5, grouporderid=1, totalcount=1
    INFO    cellapp-1 10103 8001  [2019-06-06 15:56:57 311] - Components::findComponents: register self to cellappmgr...
    INFO    cellapp-1 10103 8001  [2019-06-06 15:56:57 349] - Components::findComponents: register self to baseappmgr...
    INFO    cellapp-1 10103 8001  [2019-06-06 15:56:57 383] - Components::process(): Found all the components!
    INFO    cellapp-1 10103 8001  [2019-06-06 15:57:00 309] - EntityApp::onDbmgrInitCompleted: entityID alloc(1-2001), startGlobalOrder=4, startGroupOrder=1, digest=A95409634AA737AC5ED3596431383F23.
    INFO    cellapp01 10103 8001  [2019-06-06 15:57:00 310] - IDClient::onAddRange: number of ids increased from 1 to 2001.
 WARNING    cellapp01 10103 8001  [2019-06-06 15:57:00 651] - BundleBroadcast::BundleBroadcast: Cannot bind to port 20550, errorno=10048
 WARNING    cellapp01 10103 8001  [2019-06-06 15:57:00 999] - BundleBroadcast::BundleBroadcast: Cannot bind to port 20674, errorno=10048
   S_DBG    cellapp01 10103 8001  [2019-06-06 15:57:02 231] - onInit::isReload:0
 WARNING    cellapp01 10103 8001  [2019-06-06 15:57:02 232] - d:\scratch\___kbe__\ouroboros-2.5.0\ouro\src\lib\network\channel.cpp:1023: Profile processRecvMessages took 1.92 seconds
   S_DBG    cellapp01 10103 8001  [2019-06-06 15:57:02 233] - onGlobalData: Spaces
 WARNING    cellapp01 10103 8001  [2019-06-06 15:57:02 233] - EntityApp::checkTickPeriod: tick took 1949% (1.95 seconds)!
   DEBUG    cellapp01 10103 8001  [2019-06-06 15:57:02 250] - InitProgressHandler::~InitProgressHandler()
   DEBUG    cellapp01 10103 8001  [2019-06-06 15:57:05 103] - Spaces::createNewSpace: new space(Space) 1.
    INFO    cellapp01 10103 8001  [2019-06-06 15:57:05 104] - EntityApp::createEntity: new Space 2002
    INFO    cellapp01 10103 8001  [2019-06-06 15:57:05 104] - Ouroboros::addSpaceGeometryMapping: spaceID=1, respath=spaces/novice_1, shouldLoadOnServer=true!
   S_DBG    cellapp01 10103 8001  [2019-06-06 15:57:05 104] - onSpaceData: spaceID=1, key=_mapping, value=spaces/novice_1.
   S_DBG    cellapp01 10103 8001  [2019-06-06 15:57:05 104] - created space[1] entityID = 2002, res = spaces/novice_1.
   DEBUG    cellapp01 10103 8001  [2019-06-06 15:57:05 109] - NavMeshHandle::create: (C:/Users/Black/Ouroboros/assets/res/spaces/novice_1/srv_novice_village_1.navmesh), layer=0
   DEBUG    cellapp01 10103 8001  [2019-06-06 15:57:05 109] - 	==> tiles loaded: 1
   DEBUG    cellapp01 10103 8001  [2019-06-06 15:57:05 109] - 	==> BVTree nodes: 2
   DEBUG    cellapp01 10103 8001  [2019-06-06 15:57:05 109] - 	==> 1 polygons (4 vertices)
   DEBUG    cellapp01 10103 8001  [2019-06-06 15:57:05 109] - 	==> 2 triangles (0 vertices)
   DEBUG    cellapp01 10103 8001  [2019-06-06 15:57:05 110] - 	==> 0.00 MB of data (not including pointers)
    INFO    cellapp01 10103 8001  [2019-06-06 15:57:05 183] - Ouroboros::onLoadedSpaceGeometryMapping: spaceID=1, respath=spaces/novice_1!
   S_DBG    cellapp01 10103 8001  [2019-06-06 15:57:05 183] - onSpaceGeometryLoaded: spaceID=1, mapping=spaces/novice_1.
   S_DBG    cellapp01 10103 8001  [2019-06-06 15:57:05 183] - onAllSpaceGeometryLoaded: spaceID=1, isBootstrap=1, mapping=spaces/novice_1.
   DEBUG    cellapp01 10103 8001  [2019-06-06 15:57:06 105] - Spaces::createNewSpace: new space(Space) 2.
    INFO    cellapp01 10103 8001  [2019-06-06 15:57:06 105] - EntityApp::createEntity: new Space 2003
    INFO    cellapp01 10103 8001  [2019-06-06 15:57:06 106] - Ouroboros::addSpaceGeometryMapping: spaceID=2, respath=spaces/novice_2, shouldLoadOnServer=true!
   S_DBG    cellapp01 10103 8001  [2019-06-06 15:57:06 106] - onSpaceData: spaceID=2, key=_mapping, value=spaces/novice_2.
   S_DBG    cellapp01 10103 8001  [2019-06-06 15:57:06 107] - created space[2] entityID = 2003, res = spaces/novice_2.
   DEBUG    cellapp01 10103 8001  [2019-06-06 15:57:06 111] - NavMeshHandle::create: (C:/Users/Black/Ouroboros/assets/res/spaces/novice_2/srv_novice_village_2.navmesh), layer=0
   DEBUG    cellapp01 10103 8001  [2019-06-06 15:57:06 111] - 	==> tiles loaded: 1
   DEBUG    cellapp01 10103 8001  [2019-06-06 15:57:06 111] - 	==> BVTree nodes: 2
   DEBUG    cellapp01 10103 8001  [2019-06-06 15:57:06 112] - 	==> 1 polygons (4 vertices)
   DEBUG    cellapp01 10103 8001  [2019-06-06 15:57:06 112] - 	==> 2 triangles (0 vertices)
   DEBUG    cellapp01 10103 8001  [2019-06-06 15:57:06 112] - 	==> 0.00 MB of data (not including pointers)
    INFO    cellapp01 10103 8001  [2019-06-06 15:57:06 184] - Ouroboros::onLoadedSpaceGeometryMapping: spaceID=2, respath=spaces/novice_2!
   S_DBG    cellapp01 10103 8001  [2019-06-06 15:57:06 184] - onSpaceGeometryLoaded: spaceID=2, mapping=spaces/novice_2.
   S_DBG    cellapp01 10103 8001  [2019-06-06 15:57:06 184] - onAllSpaceGeometryLoaded: spaceID=2, isBootstrap=1, mapping=spaces/novice_2.
    INFO    cellapp01 10103 8001  [2019-06-06 15:58:58 030] - EntityApp::createEntity: new Avatar 2006
   S_ERR    cellapp01 10103 8001  [2019-06-06 15:58:58 035] - TypeError: must be set to a FLOAT type.
   S_ERR    cellapp01 10103 8001  [2019-06-06 15:58:58 035] - ValueError: can't set Avatar.lastPositionSyncTime to int.
   S_DBG    cellapp01 10103 8001  [2019-06-06 15:58:58 036] - Avatar::onGetWitness: 2006.
   S_DBG    cellapp01 10103 8001  [2019-06-06 15:58:58 036] - Space::onEnter space[1] entityID = 2006.
    INFO    cellapp01 10103 8001  [2019-06-06 15:59:01 251] - EntityApp::createEntity: new Avatar 2007
   S_ERR    cellapp01 10103 8001  [2019-06-06 15:59:01 252] - TypeError: must be set to a FLOAT type.
   S_ERR    cellapp01 10103 8001  [2019-06-06 15:59:01 253] - ValueError: can't set Avatar.lastPositionSyncTime to int.
   S_DBG    cellapp01 10103 8001  [2019-06-06 15:59:01 253] - Avatar::onWitnessed: 2007 isWitnessed=1.
   S_DBG    cellapp01 10103 8001  [2019-06-06 15:59:01 256] - Avatar::onWitnessed: 2006 isWitnessed=1.
   S_DBG    cellapp01 10103 8001  [2019-06-06 15:59:01 256] - Avatar::onGetWitness: 2007.
   S_DBG    cellapp01 10103 8001  [2019-06-06 15:59:01 257] - Space::onEnter space[1] entityID = 2007.
   S_DBG    cellapp01 10103 8001  [2019-06-06 16:00:26 900] - Avatar::onDestroy: 2006.
   DEBUG    cellapp01 10103 8001  [2019-06-06 16:00:26 982] - Avatar::~Avatar(): 2006
   S_DBG    cellapp01 10103 8001  [2019-06-06 16:00:41 901] - Avatar::onWitnessed: 2007 isWitnessed=0.
   DEBUG    cellapp01 10103 8001  [2019-06-06 16:00:41 901] - WitnessedTimeoutHandler::handleTimeout: witnesseds is empty, timer is canceled!
   S_DBG    cellapp01 10103 8001  [2019-06-06 16:01:50 286] - Avatar::onLoseWitness: 2007.
   S_DBG    cellapp01 10103 8001  [2019-06-06 16:01:50 286] - Avatar::onDestroy: 2007.
   DEBUG    cellapp01 10103 8001  [2019-06-06 16:01:50 383] - Avatar::~Avatar(): 2007
    INFO    cellapp01 10103 8001  [2019-06-06 16:01:57 807] - EntityApp::createEntity: new Avatar 2009
   S_ERR    cellapp01 10103 8001  [2019-06-06 16:01:57 808] - TypeError: must be set to a FLOAT type.
   S_ERR    cellapp01 10103 8001  [2019-06-06 16:01:57 808] - ValueError: can't set Avatar.lastPositionSyncTime to int.
   S_DBG    cellapp01 10103 8001  [2019-06-06 16:01:57 811] - Avatar::onGetWitness: 2009.
   S_DBG    cellapp01 10103 8001  [2019-06-06 16:01:57 811] - Space::onEnter space[1] entityID = 2009.
    INFO    cellapp01 10103 8001  [2019-06-06 16:02:03 066] - EntityApp::createEntity: new Avatar 2010
   S_ERR    cellapp01 10103 8001  [2019-06-06 16:02:03 067] - TypeError: must be set to a FLOAT type.
   S_ERR    cellapp01 10103 8001  [2019-06-06 16:02:03 068] - ValueError: can't set Avatar.lastPositionSyncTime to int.
   S_DBG    cellapp01 10103 8001  [2019-06-06 16:02:03 069] - Avatar::onWitnessed: 2010 isWitnessed=1.
   S_DBG    cellapp01 10103 8001  [2019-06-06 16:02:03 070] - Avatar::onWitnessed: 2009 isWitnessed=1.
   S_DBG    cellapp01 10103 8001  [2019-06-06 16:02:03 070] - Avatar::onGetWitness: 2010.
   S_DBG    cellapp01 10103 8001  [2019-06-06 16:02:03 070] - Space::onEnter space[1] entityID = 2010.
   S_DBG    cellapp01 10103 8001  [2019-06-06 16:04:26 797] - Avatar::onDestroy: 2009.
   DEBUG    cellapp01 10103 8001  [2019-06-06 16:04:26 883] - Avatar::~Avatar(): 2009
   S_DBG    cellapp01 10103 8001  [2019-06-06 16:04:41 798] - Avatar::onWitnessed: 2010 isWitnessed=0.
   DEBUG    cellapp01 10103 8001  [2019-06-06 16:04:41 798] - WitnessedTimeoutHandler::handleTimeout: witnesseds is empty, timer is canceled!
   S_DBG    cellapp01 10103 8001  [2019-06-06 16:05:50 143] - Avatar::onDestroy: 2010.
   DEBUG    cellapp01 10103 8001  [2019-06-06 16:05:50 183] - Avatar::~Avatar(): 2010
    INFO    cellapp01 10103 8001  [2019-06-06 16:17:23 132] - EntityApp::createEntity: new Avatar 2012
   S_ERR    cellapp01 10103 8001  [2019-06-06 16:17:23 133] - TypeError: must be set to a FLOAT type.
   S_ERR    cellapp01 10103 8001  [2019-06-06 16:17:23 135] - ValueError: can't set Avatar.lastPositionSyncTime to int.
   S_DBG    cellapp01 10103 8001  [2019-06-06 16:17:23 136] - Avatar::onGetWitness: 2012.
   S_DBG    cellapp01 10103 8001  [2019-06-06 16:17:23 136] - Space::onEnter space[1] entityID = 2012.
    INFO    cellapp01 10103 8001  [2019-06-06 16:17:27 677] - EntityApp::createEntity: new Avatar 2014
   S_ERR    cellapp01 10103 8001  [2019-06-06 16:17:27 678] - TypeError: must be set to a FLOAT type.
   S_ERR    cellapp01 10103 8001  [2019-06-06 16:17:27 680] - ValueError: can't set Avatar.lastPositionSyncTime to int.
   S_DBG    cellapp01 10103 8001  [2019-06-06 16:17:27 681] - Avatar::onWitnessed: 2014 isWitnessed=1.
   S_DBG    cellapp01 10103 8001  [2019-06-06 16:17:27 682] - Avatar::onWitnessed: 2012 isWitnessed=1.
   S_DBG    cellapp01 10103 8001  [2019-06-06 16:17:27 682] - Avatar::onGetWitness: 2014.
   S_DBG    cellapp01 10103 8001  [2019-06-06 16:17:27 682] - Space::onEnter space[1] entityID = 2014.
   S_DBG    cellapp01 10103 8001  [2019-06-06 16:19:22 584] - Avatar::onDestroy: 2014.
   DEBUG    cellapp01 10103 8001  [2019-06-06 16:19:22 682] - Avatar::~Avatar(): 2014
   S_DBG    cellapp01 10103 8001  [2019-06-06 16:19:37 586] - Avatar::onWitnessed: 2012 isWitnessed=0.
   DEBUG    cellapp01 10103 8001  [2019-06-06 16:19:37 586] - WitnessedTimeoutHandler::handleTimeout: witnesseds is empty, timer is canceled!
   S_DBG    cellapp01 10103 8001  [2019-06-06 16:20:49 523] - Avatar::onDestroy: 2012.
   DEBUG    cellapp01 10103 8001  [2019-06-06 16:20:49 581] - Avatar::~Avatar(): 2012
    INFO    cellapp01 10103 8001  [2019-06-06 16:21:00 249] - EntityApp::createEntity: new Avatar 2016
   S_ERR    cellapp01 10103 8001  [2019-06-06 16:21:00 250] - TypeError: must be set to a FLOAT type.
   S_ERR    cellapp01 10103 8001  [2019-06-06 16:21:00 250] - ValueError: can't set Avatar.lastPositionSyncTime to int.
   S_DBG    cellapp01 10103 8001  [2019-06-06 16:21:00 252] - Avatar::onGetWitness: 2016.
   S_DBG    cellapp01 10103 8001  [2019-06-06 16:21:00 252] - Space::onEnter space[1] entityID = 2016.
    INFO    cellapp01 10103 8001  [2019-06-06 16:21:26 609] - EntityApp::createEntity: new Avatar 2018
   S_ERR    cellapp01 10103 8001  [2019-06-06 16:21:26 610] - TypeError: must be set to a FLOAT type.
   S_ERR    cellapp01 10103 8001  [2019-06-06 16:21:26 611] - ValueError: can't set Avatar.lastPositionSyncTime to int.
   S_DBG    cellapp01 10103 8001  [2019-06-06 16:21:26 612] - Avatar::onWitnessed: 2018 isWitnessed=1.
   S_DBG    cellapp01 10103 8001  [2019-06-06 16:21:26 613] - Avatar::onWitnessed: 2016 isWitnessed=1.
   S_DBG    cellapp01 10103 8001  [2019-06-06 16:21:26 613] - Avatar::onGetWitness: 2018.
   S_DBG    cellapp01 10103 8001  [2019-06-06 16:21:26 613] - Space::onEnter space[1] entityID = 2018.
   S_DBG    cellapp01 10103 8001  [2019-06-06 16:23:20 381] - Avatar::onDestroy: 2016.
   DEBUG    cellapp01 10103 8001  [2019-06-06 16:23:20 381] - Avatar::~Avatar(): 2016
   S_DBG    cellapp01 10103 8001  [2019-06-06 16:23:35 382] - Avatar::onWitnessed: 2018 isWitnessed=0.
   DEBUG    cellapp01 10103 8001  [2019-06-06 16:23:35 382] - WitnessedTimeoutHandler::handleTimeout: witnesseds is empty, timer is canceled!
   S_DBG    cellapp01 10103 8001  [2019-06-06 16:24:24 778] - Avatar::onDestroy: 2018.
   DEBUG    cellapp01 10103 8001  [2019-06-06 16:24:24 781] - Avatar::~Avatar(): 2018
    INFO    cellapp01 10103 8001  [2019-06-06 17:09:16 226] - EntityApp::createEntity: new Avatar 2021
   S_ERR    cellapp01 10103 8001  [2019-06-06 17:09:16 227] - TypeError: must be set to a FLOAT type.
   S_ERR    cellapp01 10103 8001  [2019-06-06 17:09:16 228] - ValueError: can't set Avatar.lastPositionSyncTime to int.
   S_DBG    cellapp01 10103 8001  [2019-06-06 17:09:16 230] - Avatar::onGetWitness: 2021.
   S_DBG    cellapp01 10103 8001  [2019-06-06 17:09:16 230] - Space::onEnter space[1] entityID = 2021.
    INFO    cellapp01 10103 8001  [2019-06-06 17:09:18 666] - EntityApp::createEntity: new Avatar 2022
   S_ERR    cellapp01 10103 8001  [2019-06-06 17:09:18 667] - TypeError: must be set to a FLOAT type.
   S_ERR    cellapp01 10103 8001  [2019-06-06 17:09:18 668] - ValueError: can't set Avatar.lastPositionSyncTime to int.
   S_DBG    cellapp01 10103 8001  [2019-06-06 17:09:18 668] - Avatar::onWitnessed: 2022 isWitnessed=1.
   S_DBG    cellapp01 10103 8001  [2019-06-06 17:09:18 669] - Avatar::onWitnessed: 2021 isWitnessed=1.
   S_DBG    cellapp01 10103 8001  [2019-06-06 17:09:18 669] - Avatar::onGetWitness: 2022.
   S_DBG    cellapp01 10103 8001  [2019-06-06 17:09:18 669] - Space::onEnter space[1] entityID = 2022.
   S_DBG    cellapp01 10103 8001  [2019-06-06 17:10:16 742] - Avatar::onDestroy: 2022.
   DEBUG    cellapp01 10103 8001  [2019-06-06 17:10:16 778] - Avatar::~Avatar(): 2022
   S_DBG    cellapp01 10103 8001  [2019-06-06 17:10:31 742] - Avatar::onWitnessed: 2021 isWitnessed=0.
   DEBUG    cellapp01 10103 8001  [2019-06-06 17:10:31 743] - WitnessedTimeoutHandler::handleTimeout: witnesseds is empty, timer is canceled!
   S_DBG    cellapp01 10103 8001  [2019-06-06 17:11:41 754] - Avatar::onDestroy: 2021.
   DEBUG    cellapp01 10103 8001  [2019-06-06 17:11:41 778] - Avatar::~Avatar(): 2021
    INFO    cellapp01 10103 8001  [2019-06-06 17:12:30 643] - EntityApp::createEntity: new Avatar 2024
   S_ERR    cellapp01 10103 8001  [2019-06-06 17:12:30 645] - TypeError: must be set to a FLOAT type.
   S_ERR    cellapp01 10103 8001  [2019-06-06 17:12:30 647] - ValueError: can't set Avatar.lastPositionSyncTime to int.
   S_DBG    cellapp01 10103 8001  [2019-06-06 17:12:30 649] - Avatar::onGetWitness: 2024.
   S_DBG    cellapp01 10103 8001  [2019-06-06 17:12:30 649] - Space::onEnter space[1] entityID = 2024.
    INFO    cellapp01 10103 8001  [2019-06-06 17:12:43 643] - EntityApp::createEntity: new Avatar 2026
   S_ERR    cellapp01 10103 8001  [2019-06-06 17:12:43 645] - TypeError: must be set to a FLOAT type.
   S_ERR    cellapp01 10103 8001  [2019-06-06 17:12:43 645] - ValueError: can't set Avatar.lastPositionSyncTime to int.
   S_DBG    cellapp01 10103 8001  [2019-06-06 17:12:43 647] - Avatar::onWitnessed: 2026 isWitnessed=1.
   S_DBG    cellapp01 10103 8001  [2019-06-06 17:12:43 647] - Avatar::onWitnessed: 2024 isWitnessed=1.
   S_DBG    cellapp01 10103 8001  [2019-06-06 17:12:43 648] - Avatar::onGetWitness: 2026.
   S_DBG    cellapp01 10103 8001  [2019-06-06 17:12:43 648] - Space::onEnter space[1] entityID = 2026.
   S_DBG    cellapp01 10103 8001  [2019-06-06 17:14:49 038] - Avatar::onDestroy: 2024.
   DEBUG    cellapp01 10103 8001  [2019-06-06 17:14:49 078] - Avatar::~Avatar(): 2024
   S_DBG    cellapp01 10103 8001  [2019-06-06 17:15:04 039] - Avatar::onWitnessed: 2026 isWitnessed=0.
   DEBUG    cellapp01 10103 8001  [2019-06-06 17:15:04 040] - WitnessedTimeoutHandler::handleTimeout: witnesseds is empty, timer is canceled!
   S_DBG    cellapp01 10103 8001  [2019-06-06 17:16:11 403] - Avatar::onDestroy: 2026.
   DEBUG    cellapp01 10103 8001  [2019-06-06 17:16:11 478] - Avatar::~Avatar(): 2026
    INFO    cellapp01 10103 8001  [2019-06-06 17:17:36 779] - EntityApp::createEntity: new Avatar 2028
   S_ERR    cellapp01 10103 8001  [2019-06-06 17:17:36 781] - TypeError: must be set to a FLOAT type.
   S_ERR    cellapp01 10103 8001  [2019-06-06 17:17:36 782] - ValueError: can't set Avatar.lastPositionSyncTime to int.
   S_DBG    cellapp01 10103 8001  [2019-06-06 17:17:36 784] - Avatar::onGetWitness: 2028.
   S_DBG    cellapp01 10103 8001  [2019-06-06 17:17:36 784] - Space::onEnter space[1] entityID = 2028.
    INFO    cellapp01 10103 8001  [2019-06-06 17:17:45 859] - EntityApp::createEntity: new Avatar 2030
   S_ERR    cellapp01 10103 8001  [2019-06-06 17:17:45 860] - TypeError: must be set to a FLOAT type.
   S_ERR    cellapp01 10103 8001  [2019-06-06 17:17:45 861] - ValueError: can't set Avatar.lastPositionSyncTime to int.
   S_DBG    cellapp01 10103 8001  [2019-06-06 17:17:45 862] - Avatar::onWitnessed: 2030 isWitnessed=1.
   S_DBG    cellapp01 10103 8001  [2019-06-06 17:17:45 862] - Avatar::onWitnessed: 2028 isWitnessed=1.
   S_DBG    cellapp01 10103 8001  [2019-06-06 17:17:45 863] - Avatar::onGetWitness: 2030.
   S_DBG    cellapp01 10103 8001  [2019-06-06 17:17:45 863] - Space::onEnter space[1] entityID = 2030.
   S_DBG    cellapp01 10103 8001  [2019-06-06 17:19:43 461] - Avatar::onDestroy: 2030.
   DEBUG    cellapp01 10103 8001  [2019-06-06 17:19:43 479] - Avatar::~Avatar(): 2030
   S_DBG    cellapp01 10103 8001  [2019-06-06 17:19:58 463] - Avatar::onWitnessed: 2028 isWitnessed=0.
   DEBUG    cellapp01 10103 8001  [2019-06-06 17:19:58 463] - WitnessedTimeoutHandler::handleTimeout: witnesseds is empty, timer is canceled!
   S_DBG    cellapp01 10103 8001  [2019-06-06 17:23:56 630] - Avatar::onDestroy: 2028.
   DEBUG    cellapp01 10103 8001  [2019-06-06 17:23:56 678] - Avatar::~Avatar(): 2028
    INFO    cellapp01 10103 8001  [2019-06-06 17:30:48 308] - EntityApp::createEntity: new Avatar 2032
   S_ERR    cellapp01 10103 8001  [2019-06-06 17:30:48 310] - TypeError: must be set to a FLOAT type.
   S_ERR    cellapp01 10103 8001  [2019-06-06 17:30:48 311] - ValueError: can't set Avatar.lastPositionSyncTime to int.
   S_DBG    cellapp01 10103 8001  [2019-06-06 17:30:48 313] - Avatar::onGetWitness: 2032.
   S_DBG    cellapp01 10103 8001  [2019-06-06 17:30:48 313] - Space::onEnter space[1] entityID = 2032.
    INFO    cellapp01 10103 8001  [2019-06-06 17:31:02 707] - EntityApp::createEntity: new Avatar 2034
   S_ERR    cellapp01 10103 8001  [2019-06-06 17:31:02 708] - TypeError: must be set to a FLOAT type.
   S_ERR    cellapp01 10103 8001  [2019-06-06 17:31:02 710] - ValueError: can't set Avatar.lastPositionSyncTime to int.
   S_DBG    cellapp01 10103 8001  [2019-06-06 17:31:02 711] - Avatar::onWitnessed: 2034 isWitnessed=1.
   S_DBG    cellapp01 10103 8001  [2019-06-06 17:31:02 712] - Avatar::onWitnessed: 2032 isWitnessed=1.
   S_DBG    cellapp01 10103 8001  [2019-06-06 17:31:02 712] - Avatar::onGetWitness: 2034.
   S_DBG    cellapp01 10103 8001  [2019-06-06 17:31:02 713] - Space::onEnter space[1] entityID = 2034.
   S_DBG    cellapp01 10103 8001  [2019-06-06 17:31:39 923] - Avatar::onDestroy: 2032.
   DEBUG    cellapp01 10103 8001  [2019-06-06 17:31:39 977] - Avatar::~Avatar(): 2032
   S_DBG    cellapp01 10103 8001  [2019-06-06 17:31:54 924] - Avatar::onWitnessed: 2034 isWitnessed=0.
   DEBUG    cellapp01 10103 8001  [2019-06-06 17:31:54 924] - WitnessedTimeoutHandler::handleTimeout: witnesseds is empty, timer is canceled!
   S_DBG    cellapp01 10103 8001  [2019-06-06 17:33:00 061] - Avatar::onDestroy: 2034.
   DEBUG    cellapp01 10103 8001  [2019-06-06 17:33:00 077] - Avatar::~Avatar(): 2034
    INFO    cellapp01 10103 8001  [2019-06-06 17:35:32 963] - EntityApp::createEntity: new Avatar 2036
   S_ERR    cellapp01 10103 8001  [2019-06-06 17:35:32 964] - TypeError: must be set to a FLOAT type.
   S_ERR    cellapp01 10103 8001  [2019-06-06 17:35:32 966] - ValueError: can't set Avatar.lastPositionSyncTime to int.
   S_DBG    cellapp01 10103 8001  [2019-06-06 17:35:32 968] - Avatar::onGetWitness: 2036.
   S_DBG    cellapp01 10103 8001  [2019-06-06 17:35:32 968] - Space::onEnter space[1] entityID = 2036.
    INFO    cellapp01 10103 8001  [2019-06-06 17:35:51 022] - EntityApp::createEntity: new Avatar 2038
   S_ERR    cellapp01 10103 8001  [2019-06-06 17:35:51 023] - TypeError: must be set to a FLOAT type.
   S_ERR    cellapp01 10103 8001  [2019-06-06 17:35:51 024] - ValueError: can't set Avatar.lastPositionSyncTime to int.
   S_DBG    cellapp01 10103 8001  [2019-06-06 17:35:51 025] - Avatar::onWitnessed: 2038 isWitnessed=1.
   S_DBG    cellapp01 10103 8001  [2019-06-06 17:35:51 026] - Avatar::onWitnessed: 2036 isWitnessed=1.
   S_DBG    cellapp01 10103 8001  [2019-06-06 17:35:51 026] - Avatar::onGetWitness: 2038.
   S_DBG    cellapp01 10103 8001  [2019-06-06 17:35:51 026] - Space::onEnter space[1] entityID = 2038.
   S_DBG    cellapp01 10103 8001  [2019-06-06 17:39:12 118] - Avatar::onDestroy: 2036.
   DEBUG    cellapp01 10103 8001  [2019-06-06 17:39:12 177] - Avatar::~Avatar(): 2036
   S_DBG    cellapp01 10103 8001  [2019-06-06 17:39:19 617] - Avatar::onDestroy: 2038.
   DEBUG    cellapp01 10103 8001  [2019-06-06 17:39:19 677] - Avatar::~Avatar(): 2038
   DEBUG    cellapp01 10103 8001  [2019-06-06 17:39:27 119] - WitnessedTimeoutHandler::handleTimeout: witnesseds is empty, timer is canceled!
    INFO    cellapp01 10103 8001  [2019-06-06 17:46:23 873] - EntityApp::createEntity: new Avatar 2040
   S_ERR    cellapp01 10103 8001  [2019-06-06 17:46:23 875] - TypeError: must be set to a FLOAT type.
   S_ERR    cellapp01 10103 8001  [2019-06-06 17:46:23 876] - ValueError: can't set Avatar.lastPositionSyncTime to int.
   S_DBG    cellapp01 10103 8001  [2019-06-06 17:46:23 878] - Avatar::onGetWitness: 2040.
   S_DBG    cellapp01 10103 8001  [2019-06-06 17:46:23 878] - Space::onEnter space[1] entityID = 2040.
    INFO    cellapp01 10103 8001  [2019-06-06 17:46:33 532] - EntityApp::createEntity: new Avatar 2042
   S_ERR    cellapp01 10103 8001  [2019-06-06 17:46:33 534] - TypeError: must be set to a FLOAT type.
   S_ERR    cellapp01 10103 8001  [2019-06-06 17:46:33 534] - ValueError: can't set Avatar.lastPositionSyncTime to int.
   S_DBG    cellapp01 10103 8001  [2019-06-06 17:46:33 536] - Avatar::onWitnessed: 2042 isWitnessed=1.
   S_DBG    cellapp01 10103 8001  [2019-06-06 17:46:33 536] - Avatar::onWitnessed: 2040 isWitnessed=1.
   S_DBG    cellapp01 10103 8001  [2019-06-06 17:46:33 537] - Avatar::onGetWitness: 2042.
   S_DBG    cellapp01 10103 8001  [2019-06-06 17:46:33 537] - Space::onEnter space[1] entityID = 2042.
   S_DBG    cellapp01 10103 8001  [2019-06-06 17:47:25 856] - Avatar::updateEG: ID: 2040 | Value: 190
   S_DBG    cellapp01 10103 8001  [2019-06-06 17:48:15 010] - Avatar::onDestroy: 2040.
   DEBUG    cellapp01 10103 8001  [2019-06-06 17:48:15 076] - Avatar::~Avatar(): 2040
   S_DBG    cellapp01 10103 8001  [2019-06-06 17:48:30 011] - Avatar::onWitnessed: 2042 isWitnessed=0.
   DEBUG    cellapp01 10103 8001  [2019-06-06 17:48:30 011] - WitnessedTimeoutHandler::handleTimeout: witnesseds is empty, timer is canceled!
   S_DBG    cellapp01 10103 8001  [2019-06-06 17:49:31 402] - Avatar::onDestroy: 2042.
   DEBUG    cellapp01 10103 8001  [2019-06-06 17:49:31 476] - Avatar::~Avatar(): 2042
    INFO    cellapp01 10103 8001  [2019-06-06 18:26:43 417] - EntityApp::createEntity: new Avatar 2044
   S_ERR    cellapp01 10103 8001  [2019-06-06 18:26:43 419] - TypeError: must be set to a FLOAT type.
   S_ERR    cellapp01 10103 8001  [2019-06-06 18:26:43 420] - ValueError: can't set Avatar.lastPositionSyncTime to int.
   S_DBG    cellapp01 10103 8001  [2019-06-06 18:26:43 421] - Avatar::onGetWitness: 2044.
   S_DBG    cellapp01 10103 8001  [2019-06-06 18:26:43 421] - Space::onEnter space[1] entityID = 2044.
    INFO    cellapp01 10103 8001  [2019-06-06 18:26:57 876] - EntityApp::createEntity: new Avatar 2046
   S_ERR    cellapp01 10103 8001  [2019-06-06 18:26:57 878] - TypeError: must be set to a FLOAT type.
   S_ERR    cellapp01 10103 8001  [2019-06-06 18:26:57 879] - ValueError: can't set Avatar.lastPositionSyncTime to int.
   S_DBG    cellapp01 10103 8001  [2019-06-06 18:26:57 880] - Avatar::onWitnessed: 2046 isWitnessed=1.
   S_DBG    cellapp01 10103 8001  [2019-06-06 18:26:57 881] - Avatar::onWitnessed: 2044 isWitnessed=1.
   S_DBG    cellapp01 10103 8001  [2019-06-06 18:26:57 881] - Avatar::onGetWitness: 2046.
   S_DBG    cellapp01 10103 8001  [2019-06-06 18:26:57 881] - Space::onEnter space[1] entityID = 2046.
   S_DBG    cellapp01 10103 8001  [2019-06-06 18:27:04 977] - Avatar::onDestroy: 2044.
   DEBUG    cellapp01 10103 8001  [2019-06-06 18:27:05 074] - Avatar::~Avatar(): 2044
   S_DBG    cellapp01 10103 8001  [2019-06-06 18:27:19 979] - Avatar::onWitnessed: 2046 isWitnessed=0.
   DEBUG    cellapp01 10103 8001  [2019-06-06 18:27:19 979] - WitnessedTimeoutHandler::handleTimeout: witnesseds is empty, timer is canceled!
   S_DBG    cellapp01 10103 8001  [2019-06-06 18:28:26 604] - Avatar::onDestroy: 2046.
   DEBUG    cellapp01 10103 8001  [2019-06-06 18:28:26 674] - Avatar::~Avatar(): 2046
    INFO    cellapp01 10103 8001  [2019-06-06 20:30:43 126] - EntityApp::createEntity: new Avatar 2048
   S_ERR    cellapp01 10103 8001  [2019-06-06 20:30:43 130] - TypeError: must be set to a FLOAT type.
   S_ERR    cellapp01 10103 8001  [2019-06-06 20:30:43 131] - ValueError: can't set Avatar.lastPositionSyncTime to int.
   S_DBG    cellapp01 10103 8001  [2019-06-06 20:30:43 133] - Avatar::onGetWitness: 2048.
   S_DBG    cellapp01 10103 8001  [2019-06-06 20:30:43 133] - Space::onEnter space[1] entityID = 2048.
   S_DBG    cellapp01 10103 8001  [2019-06-06 20:32:10 796] - Avatar::onDestroy: 2048.
   DEBUG    cellapp01 10103 8001  [2019-06-06 20:32:10 867] - Avatar::~Avatar(): 2048
    INFO    cellapp01 10103 8001  [2019-06-06 20:40:15 897] - EntityApp::createEntity: new Avatar 2050
   S_ERR    cellapp01 10103 8001  [2019-06-06 20:40:15 899] - TypeError: must be set to a FLOAT type.
   S_ERR    cellapp01 10103 8001  [2019-06-06 20:40:15 899] - ValueError: can't set Avatar.lastPositionSyncTime to int.
   S_DBG    cellapp01 10103 8001  [2019-06-06 20:40:15 902] - Avatar::onGetWitness: 2050.
   S_DBG    cellapp01 10103 8001  [2019-06-06 20:40:15 902] - Space::onEnter space[1] entityID = 2050.
    INFO    cellapp01 10103 8001  [2019-06-06 20:40:22 259] - EntityApp::createEntity: new Avatar 2052
   S_ERR    cellapp01 10103 8001  [2019-06-06 20:40:22 261] - TypeError: must be set to a FLOAT type.
   S_ERR    cellapp01 10103 8001  [2019-06-06 20:40:22 262] - ValueError: can't set Avatar.lastPositionSyncTime to int.
   S_DBG    cellapp01 10103 8001  [2019-06-06 20:40:22 263] - Avatar::onWitnessed: 2052 isWitnessed=1.
   S_DBG    cellapp01 10103 8001  [2019-06-06 20:40:22 263] - Avatar::onWitnessed: 2050 isWitnessed=1.
   S_DBG    cellapp01 10103 8001  [2019-06-06 20:40:22 264] - Avatar::onGetWitness: 2052.
   S_DBG    cellapp01 10103 8001  [2019-06-06 20:40:22 264] - Space::onEnter space[1] entityID = 2052.
   S_DBG    cellapp01 10103 8001  [2019-06-06 20:41:26 765] - Avatar::onDestroy: 2052.
   DEBUG    cellapp01 10103 8001  [2019-06-06 20:41:26 766] - Avatar::~Avatar(): 2052
   S_DBG    cellapp01 10103 8001  [2019-06-06 20:41:34 564] - Avatar::onDestroy: 2050.
   DEBUG    cellapp01 10103 8001  [2019-06-06 20:41:34 566] - Avatar::~Avatar(): 2050
   DEBUG    cellapp01 10103 8001  [2019-06-06 20:41:41 766] - WitnessedTimeoutHandler::handleTimeout: witnesseds is empty, timer is canceled!
    INFO    cellapp01 10103 8001  [2019-06-06 21:10:36 710] - EntityApp::createEntity: new Avatar 2057
   S_ERR    cellapp01 10103 8001  [2019-06-06 21:10:36 714] - TypeError: must be set to a FLOAT type.
   S_ERR    cellapp01 10103 8001  [2019-06-06 21:10:36 720] - ValueError: can't set Avatar.lastPositionSyncTime to int.
   S_DBG    cellapp01 10103 8001  [2019-06-06 21:10:36 722] - Avatar::onGetWitness: 2057.
   S_DBG    cellapp01 10103 8001  [2019-06-06 21:10:36 723] - Space::onEnter space[1] entityID = 2057.
    INFO    cellapp01 10103 8001  [2019-06-06 21:10:39 829] - EntityApp::createEntity: new Avatar 2058
   S_ERR    cellapp01 10103 8001  [2019-06-06 21:10:39 831] - TypeError: must be set to a FLOAT type.
   S_ERR    cellapp01 10103 8001  [2019-06-06 21:10:39 832] - ValueError: can't set Avatar.lastPositionSyncTime to int.
   S_DBG    cellapp01 10103 8001  [2019-06-06 21:10:39 834] - Avatar::onWitnessed: 2058 isWitnessed=1.
   S_DBG    cellapp01 10103 8001  [2019-06-06 21:10:39 834] - Avatar::onWitnessed: 2057 isWitnessed=1.
   S_DBG    cellapp01 10103 8001  [2019-06-06 21:10:39 834] - Avatar::onGetWitness: 2058.
   S_DBG    cellapp01 10103 8001  [2019-06-06 21:10:39 835] - Space::onEnter space[1] entityID = 2058.
   S_DBG    cellapp01 10103 8001  [2019-06-06 21:11:11 939] - Avatar::onDestroy: 2057.
   DEBUG    cellapp01 10103 8001  [2019-06-06 21:11:11 965] - Avatar::~Avatar(): 2057
   S_DBG    cellapp01 10103 8001  [2019-06-06 21:11:26 940] - Avatar::onWitnessed: 2058 isWitnessed=0.
   DEBUG    cellapp01 10103 8001  [2019-06-06 21:11:26 940] - WitnessedTimeoutHandler::handleTimeout: witnesseds is empty, timer is canceled!
   S_DBG    cellapp01 10103 8001  [2019-06-06 21:12:18 637] - Avatar::onDestroy: 2058.
   DEBUG    cellapp01 10103 8001  [2019-06-06 21:12:18 664] - Avatar::~Avatar(): 2058
    INFO    cellapp01 10103 8001  [2019-06-06 21:21:23 620] - EntityApp::createEntity: new Avatar 2061
   S_ERR    cellapp01 10103 8001  [2019-06-06 21:21:23 621] - TypeError: must be set to a FLOAT type.
   S_ERR    cellapp01 10103 8001  [2019-06-06 21:21:23 622] - ValueError: can't set Avatar.lastPositionSyncTime to int.
   S_DBG    cellapp01 10103 8001  [2019-06-06 21:21:23 623] - Avatar::onGetWitness: 2061.
   S_DBG    cellapp01 10103 8001  [2019-06-06 21:21:23 624] - Space::onEnter space[1] entityID = 2061.
    INFO    cellapp01 10103 8001  [2019-06-06 21:21:26 878] - EntityApp::createEntity: new Avatar 2062
   S_ERR    cellapp01 10103 8001  [2019-06-06 21:21:26 879] - TypeError: must be set to a FLOAT type.
   S_ERR    cellapp01 10103 8001  [2019-06-06 21:21:26 879] - ValueError: can't set Avatar.lastPositionSyncTime to int.
   S_DBG    cellapp01 10103 8001  [2019-06-06 21:21:26 880] - Avatar::onWitnessed: 2062 isWitnessed=1.
   S_DBG    cellapp01 10103 8001  [2019-06-06 21:21:26 880] - Avatar::onWitnessed: 2061 isWitnessed=1.
   S_DBG    cellapp01 10103 8001  [2019-06-06 21:21:26 880] - Avatar::onGetWitness: 2062.
   S_DBG    cellapp01 10103 8001  [2019-06-06 21:21:26 881] - Space::onEnter space[1] entityID = 2062.
   S_DBG    cellapp01 10103 8001  [2019-06-06 21:31:33 422] - Avatar::onDestroy: 2062.
   DEBUG    cellapp01 10103 8001  [2019-06-06 21:31:33 463] - Avatar::~Avatar(): 2062
   S_DBG    cellapp01 10103 8001  [2019-06-06 21:31:48 424] - Avatar::onWitnessed: 2061 isWitnessed=0.
   DEBUG    cellapp01 10103 8001  [2019-06-06 21:31:48 424] - WitnessedTimeoutHandler::handleTimeout: witnesseds is empty, timer is canceled!
   S_DBG    cellapp01 10103 8001  [2019-06-06 21:32:31 392] - Avatar::onDestroy: 2061.
   DEBUG    cellapp01 10103 8001  [2019-06-06 21:32:31 463] - Avatar::~Avatar(): 2061
    INFO    cellapp01 10103 8001  [2019-06-06 21:48:52 994] - EntityApp::createEntity: new Avatar 2065
   S_ERR    cellapp01 10103 8001  [2019-06-06 21:48:52 995] - TypeError: must be set to a FLOAT type.
   S_ERR    cellapp01 10103 8001  [2019-06-06 21:48:52 997] - ValueError: can't set Avatar.lastPositionSyncTime to int.
   S_DBG    cellapp01 10103 8001  [2019-06-06 21:48:52 998] - Avatar::onGetWitness: 2065.
   S_DBG    cellapp01 10103 8001  [2019-06-06 21:48:52 998] - Space::onEnter space[1] entityID = 2065.
    INFO    cellapp01 10103 8001  [2019-06-06 21:48:58 755] - EntityApp::createEntity: new Avatar 2066
   S_ERR    cellapp01 10103 8001  [2019-06-06 21:48:58 755] - TypeError: must be set to a FLOAT type.
   S_ERR    cellapp01 10103 8001  [2019-06-06 21:48:58 756] - ValueError: can't set Avatar.lastPositionSyncTime to int.
   S_DBG    cellapp01 10103 8001  [2019-06-06 21:48:58 756] - Avatar::onWitnessed: 2066 isWitnessed=1.
   S_DBG    cellapp01 10103 8001  [2019-06-06 21:48:58 757] - Avatar::onWitnessed: 2065 isWitnessed=1.
   S_DBG    cellapp01 10103 8001  [2019-06-06 21:48:58 757] - Avatar::onGetWitness: 2066.
   S_DBG    cellapp01 10103 8001  [2019-06-06 21:48:58 757] - Space::onEnter space[1] entityID = 2066.
   S_DBG    cellapp01 10103 8001  [2019-06-06 21:53:30 304] - Avatar::onDestroy: 2066.
   DEBUG    cellapp01 10103 8001  [2019-06-06 21:53:30 362] - Avatar::~Avatar(): 2066
   S_DBG    cellapp01 10103 8001  [2019-06-06 21:53:45 306] - Avatar::onWitnessed: 2065 isWitnessed=0.
   DEBUG    cellapp01 10103 8001  [2019-06-06 21:53:45 306] - WitnessedTimeoutHandler::handleTimeout: witnesseds is empty, timer is canceled!
   S_DBG    cellapp01 10103 8001  [2019-06-06 21:54:49 079] - Avatar::onDestroy: 2065.
   DEBUG    cellapp01 10103 8001  [2019-06-06 21:54:49 161] - Avatar::~Avatar(): 2065
    INFO    cellapp01 10103 8001  [2019-06-06 22:00:59 745] - EntityApp::createEntity: new Avatar 2068
   S_ERR    cellapp01 10103 8001  [2019-06-06 22:00:59 747] - TypeError: must be set to a FLOAT type.
   S_ERR    cellapp01 10103 8001  [2019-06-06 22:00:59 750] - ValueError: can't set Avatar.lastPositionSyncTime to int.
   S_DBG    cellapp01 10103 8001  [2019-06-06 22:00:59 752] - Avatar::onGetWitness: 2068.
   S_DBG    cellapp01 10103 8001  [2019-06-06 22:00:59 752] - Space::onEnter space[1] entityID = 2068.
    INFO    cellapp01 10103 8001  [2019-06-06 22:01:16 665] - EntityApp::createEntity: new Avatar 2070
   S_ERR    cellapp01 10103 8001  [2019-06-06 22:01:16 666] - TypeError: must be set to a FLOAT type.
   S_ERR    cellapp01 10103 8001  [2019-06-06 22:01:16 672] - ValueError: can't set Avatar.lastPositionSyncTime to int.
   S_DBG    cellapp01 10103 8001  [2019-06-06 22:01:16 674] - Avatar::onWitnessed: 2070 isWitnessed=1.
   S_DBG    cellapp01 10103 8001  [2019-06-06 22:01:16 675] - Avatar::onWitnessed: 2068 isWitnessed=1.
   S_DBG    cellapp01 10103 8001  [2019-06-06 22:01:16 675] - Avatar::onGetWitness: 2070.
   S_DBG    cellapp01 10103 8001  [2019-06-06 22:01:16 675] - Space::onEnter space[1] entityID = 2070.
   S_DBG    cellapp01 10103 8001  [2019-06-06 22:08:40 291] - Avatar::onDestroy: 2068.
   DEBUG    cellapp01 10103 8001  [2019-06-06 22:08:40 361] - Avatar::~Avatar(): 2068
   S_DBG    cellapp01 10103 8001  [2019-06-06 22:08:55 292] - Avatar::onWitnessed: 2070 isWitnessed=0.
   DEBUG    cellapp01 10103 8001  [2019-06-06 22:08:55 292] - WitnessedTimeoutHandler::handleTimeout: witnesseds is empty, timer is canceled!
   S_DBG    cellapp01 10103 8001  [2019-06-06 22:09:43 252] - Avatar::onDestroy: 2070.
   DEBUG    cellapp01 10103 8001  [2019-06-06 22:09:43 261] - Avatar::~Avatar(): 2070
    INFO    cellapp01 10103 8001  [2019-06-06 22:26:11 641] - EntityApp::createEntity: new Avatar 2073
   S_ERR    cellapp01 10103 8001  [2019-06-06 22:26:11 642] - TypeError: must be set to a FLOAT type.
   S_ERR    cellapp01 10103 8001  [2019-06-06 22:26:11 643] - ValueError: can't set Avatar.lastPositionSyncTime to int.
   S_DBG    cellapp01 10103 8001  [2019-06-06 22:26:11 644] - Avatar::onGetWitness: 2073.
   S_DBG    cellapp01 10103 8001  [2019-06-06 22:26:11 645] - Space::onEnter space[1] entityID = 2073.
    INFO    cellapp01 10103 8001  [2019-06-06 22:26:14 402] - EntityApp::createEntity: new Avatar 2074
   S_ERR    cellapp01 10103 8001  [2019-06-06 22:26:14 403] - TypeError: must be set to a FLOAT type.
   S_ERR    cellapp01 10103 8001  [2019-06-06 22:26:14 408] - ValueError: can't set Avatar.lastPositionSyncTime to int.
   S_DBG    cellapp01 10103 8001  [2019-06-06 22:26:14 409] - Avatar::onWitnessed: 2074 isWitnessed=1.
   S_DBG    cellapp01 10103 8001  [2019-06-06 22:26:14 409] - Avatar::onWitnessed: 2073 isWitnessed=1.
   S_DBG    cellapp01 10103 8001  [2019-06-06 22:26:14 410] - Avatar::onGetWitness: 2074.
   S_DBG    cellapp01 10103 8001  [2019-06-06 22:26:14 410] - Space::onEnter space[1] entityID = 2074.
   S_DBG    cellapp01 10103 8001  [2019-06-06 22:29:35 573] - Avatar::onDestroy: 2073.
   DEBUG    cellapp01 10103 8001  [2019-06-06 22:29:35 660] - Avatar::~Avatar(): 2073
   S_DBG    cellapp01 10103 8001  [2019-06-06 22:29:50 574] - Avatar::onWitnessed: 2074 isWitnessed=0.
   DEBUG    cellapp01 10103 8001  [2019-06-06 22:29:50 575] - WitnessedTimeoutHandler::handleTimeout: witnesseds is empty, timer is canceled!
   S_DBG    cellapp01 10103 8001  [2019-06-06 22:30:34 470] - Avatar::onDestroy: 2074.
   DEBUG    cellapp01 10103 8001  [2019-06-06 22:30:34 559] - Avatar::~Avatar(): 2074
    INFO    cellapp01 10103 8001  [2019-06-06 22:32:12 416] - EntityApp::createEntity: new Avatar 2077
   S_ERR    cellapp01 10103 8001  [2019-06-06 22:32:12 417] - TypeError: must be set to a FLOAT type.
   S_ERR    cellapp01 10103 8001  [2019-06-06 22:32:12 419] - ValueError: can't set Avatar.lastPositionSyncTime to int.
   S_DBG    cellapp01 10103 8001  [2019-06-06 22:32:12 420] - Avatar::onGetWitness: 2077.
   S_DBG    cellapp01 10103 8001  [2019-06-06 22:32:12 420] - Space::onEnter space[1] entityID = 2077.
    INFO    cellapp01 10103 8001  [2019-06-06 22:32:14 356] - EntityApp::createEntity: new Avatar 2078
   S_ERR    cellapp01 10103 8001  [2019-06-06 22:32:14 357] - TypeError: must be set to a FLOAT type.
   S_ERR    cellapp01 10103 8001  [2019-06-06 22:32:14 358] - ValueError: can't set Avatar.lastPositionSyncTime to int.
   S_DBG    cellapp01 10103 8001  [2019-06-06 22:32:14 358] - Avatar::onWitnessed: 2078 isWitnessed=1.
   S_DBG    cellapp01 10103 8001  [2019-06-06 22:32:14 358] - Avatar::onWitnessed: 2077 isWitnessed=1.
   S_DBG    cellapp01 10103 8001  [2019-06-06 22:32:14 359] - Avatar::onGetWitness: 2078.
   S_DBG    cellapp01 10103 8001  [2019-06-06 22:32:14 359] - Space::onEnter space[1] entityID = 2078.
   S_DBG    cellapp01 10103 8001  [2019-06-06 22:58:27 350] - Avatar::onDestroy: 2078.
   DEBUG    cellapp01 10103 8001  [2019-06-06 22:58:27 358] - Avatar::~Avatar(): 2078
   S_DBG    cellapp01 10103 8001  [2019-06-06 22:58:42 351] - Avatar::onWitnessed: 2077 isWitnessed=0.
   DEBUG    cellapp01 10103 8001  [2019-06-06 22:58:42 351] - WitnessedTimeoutHandler::handleTimeout: witnesseds is empty, timer is canceled!
   S_DBG    cellapp01 10103 8001  [2019-06-06 23:01:05 011] - Avatar::onDestroy: 2077.
   DEBUG    cellapp01 10103 8001  [2019-06-06 23:01:05 058] - Avatar::~Avatar(): 2077
    INFO    cellapp01 10103 8001  [2019-06-06 23:01:50 230] - EntityApp::createEntity: new Avatar 2080
   S_ERR    cellapp01 10103 8001  [2019-06-06 23:01:50 232] - TypeError: must be set to a FLOAT type.
   S_ERR    cellapp01 10103 8001  [2019-06-06 23:01:50 233] - ValueError: can't set Avatar.lastPositionSyncTime to int.
   S_DBG    cellapp01 10103 8001  [2019-06-06 23:01:50 235] - Avatar::onGetWitness: 2080.
   S_DBG    cellapp01 10103 8001  [2019-06-06 23:01:50 235] - Space::onEnter space[1] entityID = 2080.
    INFO    cellapp01 10103 8001  [2019-06-06 23:01:54 247] - EntityApp::createEntity: new Avatar 2082
   S_ERR    cellapp01 10103 8001  [2019-06-06 23:01:54 248] - TypeError: must be set to a FLOAT type.
   S_ERR    cellapp01 10103 8001  [2019-06-06 23:01:54 248] - ValueError: can't set Avatar.lastPositionSyncTime to int.
   S_DBG    cellapp01 10103 8001  [2019-06-06 23:01:54 249] - Avatar::onWitnessed: 2082 isWitnessed=1.
   S_DBG    cellapp01 10103 8001  [2019-06-06 23:01:54 249] - Avatar::onWitnessed: 2080 isWitnessed=1.
   S_DBG    cellapp01 10103 8001  [2019-06-06 23:01:54 250] - Avatar::onGetWitness: 2082.
   S_DBG    cellapp01 10103 8001  [2019-06-06 23:01:54 250] - Space::onEnter space[1] entityID = 2082.
   S_DBG    cellapp01 10103 8001  [2019-06-06 23:07:22 342] - Avatar::onDestroy: 2082.
   DEBUG    cellapp01 10103 8001  [2019-06-06 23:07:22 358] - Avatar::~Avatar(): 2082
   S_DBG    cellapp01 10103 8001  [2019-06-06 23:07:37 344] - Avatar::onWitnessed: 2080 isWitnessed=0.
   DEBUG    cellapp01 10103 8001  [2019-06-06 23:07:37 344] - WitnessedTimeoutHandler::handleTimeout: witnesseds is empty, timer is canceled!
   S_DBG    cellapp01 10103 8001  [2019-06-06 23:08:17 997] - Avatar::onDestroy: 2080.
   DEBUG    cellapp01 10103 8001  [2019-06-06 23:08:18 057] - Avatar::~Avatar(): 2080
    INFO    cellapp01 10103 8001  [2019-06-06 23:57:48 661] - EntityApp::createEntity: new Avatar 2085
   S_ERR    cellapp01 10103 8001  [2019-06-06 23:57:48 665] - TypeError: must be set to a FLOAT type.
   S_ERR    cellapp01 10103 8001  [2019-06-06 23:57:48 667] - ValueError: can't set Avatar.lastPositionSyncTime to int.
   S_DBG    cellapp01 10103 8001  [2019-06-06 23:57:48 669] - Avatar::onGetWitness: 2085.
   S_DBG    cellapp01 10103 8001  [2019-06-06 23:57:48 669] - Space::onEnter space[1] entityID = 2085.
    INFO    cellapp01 10103 8001  [2019-06-06 23:57:51 619] - EntityApp::createEntity: new Avatar 2086
   S_ERR    cellapp01 10103 8001  [2019-06-06 23:57:51 621] - TypeError: must be set to a FLOAT type.
   S_ERR    cellapp01 10103 8001  [2019-06-06 23:57:51 621] - ValueError: can't set Avatar.lastPositionSyncTime to int.
   S_DBG    cellapp01 10103 8001  [2019-06-06 23:57:51 624] - Avatar::onWitnessed: 2086 isWitnessed=1.
   S_DBG    cellapp01 10103 8001  [2019-06-06 23:57:51 626] - Avatar::onWitnessed: 2085 isWitnessed=1.
   S_DBG    cellapp01 10103 8001  [2019-06-06 23:57:51 626] - Avatar::onGetWitness: 2086.
   S_DBG    cellapp01 10103 8001  [2019-06-06 23:57:51 627] - Space::onEnter space[1] entityID = 2086.
