    INFO      dbmgr-1 10103 4000  [2019-06-06 15:56:40 009] - -----------------------------------------------------------------------------------------


    INFO      dbmgr-1 10103 4000  [2019-06-06 15:56:40 010] - Resmgr::initialize: OURO_ROOT=C:/Users/Black/Ouroboros/
    INFO      dbmgr-1 10103 4000  [2019-06-06 15:56:40 010] - Resmgr::initialize: OURO_RES_PATH=C:/Users/Black/Ouroboros/ouro/res/;C:/Users/Black/Ouroboros/assets/;C:/Users/Black/Ouroboros/assets/scripts/;C:/Users/Black/Ouroboros/assets/res/
    INFO      dbmgr-1 10103 4000  [2019-06-06 15:56:40 010] - Resmgr::initialize: OURO_BIN_PATH=C:/Users/Black/Ouroboros/ouro/bin/server/
    INFO      dbmgr-1 10103 4000  [2019-06-06 15:56:40 024] - NetworkInterface::initialize(INTERNAL-TCP): bound to all interfaces with default route interface on 192.168.27.1 ( 192.168.27.1:11298 )
    INFO      dbmgr-1 10103 4000  [2019-06-06 15:56:40 025] - NetworkInterface::initialize(INTERNAL-TCP): address 192.168.27.1:11298, SOMAXCONN=5.
    INFO      dbmgr-1 10103 4000  [2019-06-06 15:56:40 025] - server-configs:
    INFO      dbmgr-1 10103 4000  [2019-06-06 15:56:40 025] - 	internalTcpAddr : 192.168.27.1:11298
    INFO      dbmgr-1 10103 4000  [2019-06-06 15:56:40 025] - 	componentID : 4000
    INFO      dbmgr-1 10103 4000  [2019-06-06 15:56:41 532] - ---- dbmgr Version: 2.5.0. ScriptVersion: 0.1.0. Pythoncore: 3.7.3. Protocol: 7E018B6508A428A183CCC712F3412432. Config: Debug X86. Built: 03:59:31 May 23 2019. AppID: 4000. UID: 10103. PID: 55352 ----
    INFO      dbmgr-1 10103 4000  [2019-06-06 15:56:41 532] - Server Black: Intel(R) Core(TM) i7-7700HQ CPU @ 2.80GHz with 2097151kB RAM
    INFO      dbmgr-1 10103 4000  [2019-06-06 15:56:41 532] - ThreadPool::createThreadPool: creating  threadpool...
    INFO      dbmgr-1 10103 4000  [2019-06-06 15:56:41 533] - ThreadPool::createThreadPool: successfully(2), newThreadCount=1, normalMaxThreadCount=2, maxThreadCount=8
    INFO      dbmgr-1 10103 4000  [2019-06-06 15:56:41 736] - Script::install(): is successfully, Python=(3.7.3 (default, May 23 2019, 03:58:29) [MSC v.1916 32 bit (Intel)])!
    INFO      dbmgr-1 10103 4000  [2019-06-06 15:56:41 736] - Script::install(): OUROxtra is successfully!
    INFO      dbmgr-1 10103 4000  [2019-06-06 15:56:42 388] - Dbmgr::initializeEnd: digest(A95409634AA737AC5ED3596431383F23)
  S_INFO      dbmgr-1 10103 4000  [2019-06-06 15:56:42 389] - onDBMgrReady: bootstrapGroupIndex=0, bootstrapGlobalIndex=0
    INFO      dbmgr-1 10103 4000  [2019-06-06 15:56:42 389] - TelnetServer server is running on port 32000
    INFO      dbmgr-1 10103 4000  [2019-06-06 15:56:42 389] - Dbmgr::initInterfacesHandler: interfaces addr(127.0.0.1:30099), accountType:(interfaces), chargeType:(interfaces).
 WARNING      dbmgr-1 10103 4000  [2019-06-06 15:56:42 779] - DBUtil::initialize: db(default) password is not encrypted!
please use password(rsa):
E631AFF77BF6CE050B19CA8EEC6A22149BFF1FC21EEA3DE9AC57E3C0EB0AD9E8E8EC2496254EB8F5E3CC4F542141FC29C5DE519B18EE2A411152F5B4DCACC178D51AE3C28D4FC420FB540D7C81A1355E179873841621360604F3324AA06AA74C0CD8CEEF939F7630C4D6768A45D9E8F8ABFC875B33CC5B14FB06F4D4F6920C05
   DEBUG      dbmgr-1 10103 4000  [2019-06-06 15:56:42 786] - DBInterfaceMysql::attach: connect: localhost:3306 starting...
   DEBUG      dbmgr-1 10103 4000  [2019-06-06 15:56:42 795] - DBInterfaceMysql::attach: successfully! addr: localhost:3306
    INFO      dbmgr-1 10103 4000  [2019-06-06 15:56:42 795] - DBUtil::createInterface[0x8ff1c0]: interface=default, dbtype=mysql, ip=localhost, port=3306, currdatabase=ouro, username=ouro, connected=yes.

    INFO      dbmgr-1 10103 4000  [2019-06-06 15:56:42 795] - ThreadPool::createThreadPool: creating  threadpool...
    INFO      dbmgr-1 10103 4000  [2019-06-06 15:56:42 796] - ThreadPool::createThreadPool: successfully(5), newThreadCount=5, normalMaxThreadCount=5, maxThreadCount=5
    INFO      dbmgr-1 10103 4000  [2019-06-06 15:56:42 900] - DBInterfaceMysql::query: successfully!
 WARNING      dbmgr-1 10103 4000  [2019-06-06 15:56:42 987] - d:\scratch\___kbe__\ouroboros-2.5.0\ouro\src\server\dbmgr\dbmgr.cpp:306: Profile scriptCall took 0.60 seconds
    INFO      dbmgr-1 10103 4000  [2019-06-06 15:56:43 501] - ---- dbmgr is running ----
   DEBUG      dbmgr-1 10103 4000  [2019-06-06 15:56:43 502] - Components::process(): Request for the process of identity...
 WARNING      dbmgr-1 10103 4000  [2019-06-06 15:56:43 842] - BundleBroadcast::BundleBroadcast: Cannot bind to port 20186, errorno=10048
   DEBUG      dbmgr-1 10103 4000  [2019-06-06 15:56:42 796] - DBInterfaceMysql::attach: connect: localhost:3306 starting...
   DEBUG      dbmgr-1 10103 4000  [2019-06-06 15:56:42 796] - DBInterfaceMysql::attach: connect: localhost:3306 starting...
   DEBUG      dbmgr-1 10103 4000  [2019-06-06 15:56:42 796] - DBInterfaceMysql::attach: connect: localhost:3306 starting...
   DEBUG      dbmgr-1 10103 4000  [2019-06-06 15:56:42 797] - DBInterfaceMysql::attach: connect: localhost:3306 starting...
   DEBUG      dbmgr-1 10103 4000  [2019-06-06 15:56:42 797] - DBInterfaceMysql::attach: connect: localhost:3306 starting...
   DEBUG      dbmgr-1 10103 4000  [2019-06-06 15:56:42 801] - DBInterfaceMysql::attach: successfully! addr: localhost:3306
   DEBUG      dbmgr-1 10103 4000  [2019-06-06 15:56:42 801] - DBThread::onStart(): 0xd5de50!
   DEBUG      dbmgr-1 10103 4000  [2019-06-06 15:56:42 803] - DBInterfaceMysql::attach: successfully! addr: localhost:3306
   DEBUG      dbmgr-1 10103 4000  [2019-06-06 15:56:42 803] - DBThread::onStart(): 0xd5ea00!
   DEBUG      dbmgr-1 10103 4000  [2019-06-06 15:56:42 820] - DBInterfaceMysql::attach: successfully! addr: localhost:3306
   DEBUG      dbmgr-1 10103 4000  [2019-06-06 15:56:42 820] - DBThread::onStart(): 0xd5e8f0!
   DEBUG      dbmgr-1 10103 4000  [2019-06-06 15:56:42 822] - DBInterfaceMysql::attach: successfully! addr: localhost:3306
   DEBUG      dbmgr-1 10103 4000  [2019-06-06 15:56:42 822] - DBThread::onStart(): 0xd5e3a0!
   DEBUG      dbmgr-1 10103 4000  [2019-06-06 15:56:42 824] - DBInterfaceMysql::attach: successfully! addr: localhost:3306
   DEBUG      dbmgr-1 10103 4000  [2019-06-06 15:56:42 824] - DBThread::onStart(): 0xd5dfe8!
    INFO      dbmgr-1 10103 4000  [2019-06-06 15:56:42 901] - DBInterfaceMysql::query: successfully!
    INFO      dbmgr-1 10103 4000  [2019-06-06 15:56:42 901] - DBInterfaceMysql::query: successfully!
    INFO      dbmgr-1 10103 4000  [2019-06-06 15:56:42 902] - DBInterfaceMysql::query: successfully!
    INFO      dbmgr-1 10103 4000  [2019-06-06 15:56:42 905] - DBInterfaceMysql::query: successfully!
    INFO      dbmgr-1 10103 4000  [2019-06-06 15:56:42 906] - DBInterfaceMysql::query: successfully!
    INFO      dbmgr-1 10103 4000  [2019-06-06 15:56:42 906] - DBInterfaceMysql::query: successfully!
    INFO      dbmgr-1 10103 4000  [2019-06-06 15:56:42 968] - DBInterfaceMysql::query: successfully!
    INFO      dbmgr-1 10103 4000  [2019-06-06 15:56:42 969] - DBInterfaceMysql::query: successfully!
    INFO      dbmgr-1 10103 4000  [2019-06-06 15:56:50 437] - ServerApp::onRegisterNewApp: uid:10103, username:Black, componentType:interfaces, componentID:3000, globalorderID=-1, grouporderID=-1, intaddr:192.168.27.1, intport:30099, extaddr:nonsupport, extport:0,  from 127.0.0.1:30099/0/0/0.
    INFO      dbmgr-1 10103 4000  [2019-06-06 15:56:50 437] - Components::addComponent: reset orderLog, uid=10103!
    INFO      dbmgr-1 10103 4000  [2019-06-06 15:56:50 437] - Components::addComponent[interfaces], uid=10103, componentID=3000, globalorderid=1, grouporderid=1, totalcount=1
    INFO      dbmgr-1 10103 4000  [2019-06-06 15:56:51 449] - Components::findComponents: find logger(1)...
    INFO      dbmgr-1 10103 4000  [2019-06-06 15:56:51 535] - Components::findComponents: found logger, addr:192.168.27.1:11296
    INFO      dbmgr-1 10103 4000  [2019-06-06 15:56:51 535] - Components::addComponent: reset orderLog, uid=10103!
    INFO      dbmgr-1 10103 4000  [2019-06-06 15:56:51 536] - Components::addComponent[logger], uid=10103, componentID=2000, globalorderid=1, grouporderid=1, totalcount=1
    INFO      dbmgr-1 10103 4000  [2019-06-06 15:56:51 567] - Components::process(): Found all the components!
    INFO      dbmgr-1 10103 4000  [2019-06-06 15:56:53 886] - ServerApp::onRegisterNewApp: uid:10103, username:Black, componentType:cellappmgr, componentID:6000, globalorderID=-1, grouporderID=-1, intaddr:192.168.27.1, intport:11297, extaddr:nonsupport, extport:0,  from 192.168.27.1:11343/0/0/0.
    INFO      dbmgr-1 10103 4000  [2019-06-06 15:56:53 886] - Components::addComponent: reset orderLog, uid=10103!
    INFO      dbmgr-1 10103 4000  [2019-06-06 15:56:53 886] - Components::addComponent[cellappmgr], uid=10103, componentID=6000, globalorderid=1, grouporderid=1, totalcount=1
    INFO      dbmgr-1 10103 4000  [2019-06-06 15:56:54 901] - ServerApp::onRegisterNewApp: uid:10103, username:Black, componentType:loginapp, componentID:9000, globalorderID=-1, grouporderID=-1, intaddr:192.168.27.1, intport:11302, extaddr:192.168.27.1, extport:20013,  from 192.168.27.1:11347/0/0/0.
    INFO      dbmgr-1 10103 4000  [2019-06-06 15:56:54 902] - Components::addComponent[loginapp], uid=10103, componentID=9000, globalorderid=2, grouporderid=1, totalcount=1
    INFO      dbmgr-1 10103 4000  [2019-06-06 15:56:55 271] - ServerApp::onRegisterNewApp: uid:10103, username:Black, componentType:baseappmgr, componentID:5000, globalorderID=-1, grouporderID=-1, intaddr:192.168.27.1, intport:11299, extaddr:nonsupport, extport:0,  from 192.168.27.1:11349/0/0/0.
    INFO      dbmgr-1 10103 4000  [2019-06-06 15:56:55 271] - Components::addComponent[baseappmgr], uid=10103, componentID=5000, globalorderid=3, grouporderid=1, totalcount=1
    INFO      dbmgr-1 10103 4000  [2019-06-06 15:56:57 285] - ServerApp::onRegisterNewApp: uid:10103, username:Black, componentType:cellapp, componentID:8001, globalorderID=-1, grouporderID=-1, intaddr:192.168.27.1, intport:11301, extaddr:nonsupport, extport:0,  from 192.168.27.1:11356/0/0/0.
    INFO      dbmgr-1 10103 4000  [2019-06-06 15:56:57 285] - Components::addComponent[cellapp], uid=10103, componentID=8001, globalorderid=4, grouporderid=1, totalcount=1
    INFO      dbmgr-1 10103 4000  [2019-06-06 15:56:57 306] - ServerApp::onRegisterNewApp: uid:10103, username:Black, componentType:baseapp, componentID:7001, globalorderID=-1, grouporderID=-1, intaddr:192.168.27.1, intport:11300, extaddr:192.168.27.1, extport:20015,  from 192.168.27.1:11357/0/0/0.
    INFO      dbmgr-1 10103 4000  [2019-06-06 15:56:57 306] - Components::addComponent[baseapp], uid=10103, componentID=7001, globalorderid=5, grouporderid=1, totalcount=1
    INFO      dbmgr-1 10103 4000  [2019-06-06 15:57:00 309] - IDServer::allocRange: 1-2001.
    INFO      dbmgr-1 10103 4000  [2019-06-06 15:57:00 309] - IDServer::allocRange: 2001-4001.
   DEBUG      dbmgr-1 10103 4000  [2019-06-06 15:57:00 310] - SyncAppDatasHandler::~SyncAppDatasHandler()
    INFO      dbmgr-1 10103 4000  [2019-06-06 15:57:02 127] - GlobalDataServer::broadcastDataChanged: writer(baseapp, addr=192.168.27.1:11357/0/0/0), keySize=12, valSize=48, isDelete=0
    INFO      dbmgr-1 10103 4000  [2019-06-06 15:57:05 105] - GlobalDataServer::broadcastDataChanged: writer(cellapp, addr=192.168.27.1:11356/0/0/0), keySize=13, valSize=48, isDelete=0
    INFO      dbmgr-1 10103 4000  [2019-06-06 15:57:06 108] - GlobalDataServer::broadcastDataChanged: writer(cellapp, addr=192.168.27.1:11356/0/0/0), keySize=13, valSize=48, isDelete=0
   DEBUG      dbmgr-1 10103 4000  [2019-06-06 15:58:54 366] - Dbmgr::onAccountLogin:loginName=test13, accountName=test13, success=0, componentID=0, entityID=0, dbid=1, flags=0, deadline=0.
   DEBUG      dbmgr-1 10103 4000  [2019-06-06 15:58:54 606] - Dbmgr::queryAccount: test13, success=true, flags=0, deadline=0.
   DEBUG      dbmgr-1 10103 4000  [2019-06-06 15:58:56 046] - Dbmgr::onAccountLogin:loginName=killingbosser1, accountName=killingbosser1, success=0, componentID=0, entityID=0, dbid=2, flags=0, deadline=0.
   DEBUG      dbmgr-1 10103 4000  [2019-06-06 15:58:56 246] - Dbmgr::queryAccount: killingbosser1, success=true, flags=0, deadline=0.
   DEBUG      dbmgr-1 10103 4000  [2019-06-06 15:58:58 026] - Dbmgr::DBTaskQueryEntity: Avatar, dbid=25, entityID=2006, wasActive=false, queryMode=0, componentID=7001, success=true.
   DEBUG      dbmgr-1 10103 4000  [2019-06-06 15:59:01 246] - Dbmgr::DBTaskQueryEntity: Avatar, dbid=26, entityID=2007, wasActive=false, queryMode=0, componentID=7001, success=true.
   DEBUG      dbmgr-1 10103 4000  [2019-06-06 16:00:26 905] - Dbmgr::writeEntity: Avatar(25).
    INFO      dbmgr-1 10103 4000  [2019-06-06 16:00:26 905] - Buffered_DBTasks::onFiniTask: Playing buffered task for entityID=0, dbid=25, dbid_tasks_size=3, entityid_tasks_size=0.
    INFO      dbmgr-1 10103 4000  [2019-06-06 16:00:26 906] - Buffered_DBTasks::onFiniTask: Playing buffered task for entityID=0, dbid=2, dbid_tasks_size=2, entityid_tasks_size=0.
   DEBUG      dbmgr-1 10103 4000  [2019-06-06 16:00:26 924] - Dbmgr::writeEntity: Account(2).
   DEBUG      dbmgr-1 10103 4000  [2019-06-06 16:00:26 925] - Dbmgr::onEntityOffline: 25, entityType=2.
   DEBUG      dbmgr-1 10103 4000  [2019-06-06 16:00:26 925] - Dbmgr::onEntityOffline: 2, entityType=1.
   DEBUG      dbmgr-1 10103 4000  [2019-06-06 16:01:50 103] - Dbmgr::onAccountLogin:loginName=test13, accountName=test13, success=10, componentID=7001, entityID=2004, dbid=1, flags=0, deadline=0.
   DEBUG      dbmgr-1 10103 4000  [2019-06-06 16:01:50 304] - Dbmgr::writeEntity: Avatar(26).
   DEBUG      dbmgr-1 10103 4000  [2019-06-06 16:01:50 304] - Dbmgr::onEntityOffline: 26, entityType=2.
    INFO      dbmgr-1 10103 4000  [2019-06-06 16:01:50 292] - Buffered_DBTasks::onFiniTask: Playing buffered task for entityID=0, dbid=26, dbid_tasks_size=1, entityid_tasks_size=0.
   DEBUG      dbmgr-1 10103 4000  [2019-06-06 16:01:55 584] - Dbmgr::onAccountLogin:loginName=killingbosser1, accountName=killingbosser1, success=0, componentID=0, entityID=0, dbid=2, flags=0, deadline=0.
   DEBUG      dbmgr-1 10103 4000  [2019-06-06 16:01:55 823] - Dbmgr::queryAccount: killingbosser1, success=true, flags=0, deadline=0.
   DEBUG      dbmgr-1 10103 4000  [2019-06-06 16:01:57 804] - Dbmgr::DBTaskQueryEntity: Avatar, dbid=25, entityID=2009, wasActive=false, queryMode=0, componentID=7001, success=true.
   DEBUG      dbmgr-1 10103 4000  [2019-06-06 16:02:03 064] - Dbmgr::DBTaskQueryEntity: Avatar, dbid=26, entityID=2010, wasActive=false, queryMode=0, componentID=7001, success=true.
    INFO      dbmgr-1 10103 4000  [2019-06-06 16:04:26 802] - Buffered_DBTasks::onFiniTask: Playing buffered task for entityID=0, dbid=25, dbid_tasks_size=3, entityid_tasks_size=0.
   DEBUG      dbmgr-1 10103 4000  [2019-06-06 16:04:26 822] - Dbmgr::writeEntity: Avatar(25).
   DEBUG      dbmgr-1 10103 4000  [2019-06-06 16:04:26 822] - Dbmgr::onEntityOffline: 25, entityType=2.
   DEBUG      dbmgr-1 10103 4000  [2019-06-06 16:04:26 822] - Dbmgr::writeEntity: Account(2).
   DEBUG      dbmgr-1 10103 4000  [2019-06-06 16:04:26 822] - Dbmgr::onEntityOffline: 2, entityType=1.
    INFO      dbmgr-1 10103 4000  [2019-06-06 16:04:26 806] - Buffered_DBTasks::onFiniTask: Playing buffered task for entityID=0, dbid=2, dbid_tasks_size=1, entityid_tasks_size=0.
   DEBUG      dbmgr-1 10103 4000  [2019-06-06 16:05:50 160] - Dbmgr::writeEntity: Avatar(26).
   DEBUG      dbmgr-1 10103 4000  [2019-06-06 16:05:50 160] - Dbmgr::writeEntity: Account(1).
   DEBUG      dbmgr-1 10103 4000  [2019-06-06 16:05:50 160] - Dbmgr::onEntityOffline: 26, entityType=2.
   DEBUG      dbmgr-1 10103 4000  [2019-06-06 16:05:50 160] - Dbmgr::onEntityOffline: 1, entityType=1.
    INFO      dbmgr-1 10103 4000  [2019-06-06 16:05:50 147] - Buffered_DBTasks::onFiniTask: Playing buffered task for entityID=0, dbid=26, dbid_tasks_size=3, entityid_tasks_size=0.
    INFO      dbmgr-1 10103 4000  [2019-06-06 16:05:50 149] - Buffered_DBTasks::onFiniTask: Playing buffered task for entityID=0, dbid=1, dbid_tasks_size=2, entityid_tasks_size=0.
   DEBUG      dbmgr-1 10103 4000  [2019-06-06 16:17:19 490] - Dbmgr::onAccountLogin:loginName=test13, accountName=test13, success=0, componentID=0, entityID=0, dbid=1, flags=0, deadline=0.
   DEBUG      dbmgr-1 10103 4000  [2019-06-06 16:17:19 729] - Dbmgr::queryAccount: test13, success=true, flags=0, deadline=0.
   DEBUG      dbmgr-1 10103 4000  [2019-06-06 16:17:23 130] - Dbmgr::DBTaskQueryEntity: Avatar, dbid=26, entityID=2012, wasActive=false, queryMode=0, componentID=7001, success=true.
   DEBUG      dbmgr-1 10103 4000  [2019-06-06 16:17:25 710] - Dbmgr::onAccountLogin:loginName=killingbosser1, accountName=killingbosser1, success=0, componentID=0, entityID=0, dbid=2, flags=0, deadline=0.
   DEBUG      dbmgr-1 10103 4000  [2019-06-06 16:17:25 949] - Dbmgr::queryAccount: killingbosser1, success=true, flags=0, deadline=0.
   DEBUG      dbmgr-1 10103 4000  [2019-06-06 16:17:27 670] - Dbmgr::DBTaskQueryEntity: Avatar, dbid=25, entityID=2014, wasActive=false, queryMode=0, componentID=7001, success=true.
    INFO      dbmgr-1 10103 4000  [2019-06-06 16:19:22 589] - Buffered_DBTasks::onFiniTask: Playing buffered task for entityID=0, dbid=25, dbid_tasks_size=3, entityid_tasks_size=0.
    INFO      dbmgr-1 10103 4000  [2019-06-06 16:19:22 590] - Buffered_DBTasks::onFiniTask: Playing buffered task for entityID=0, dbid=2, dbid_tasks_size=2, entityid_tasks_size=0.
   DEBUG      dbmgr-1 10103 4000  [2019-06-06 16:19:22 608] - Dbmgr::writeEntity: Avatar(25).
   DEBUG      dbmgr-1 10103 4000  [2019-06-06 16:19:22 608] - Dbmgr::writeEntity: Account(2).
   DEBUG      dbmgr-1 10103 4000  [2019-06-06 16:19:22 608] - Dbmgr::onEntityOffline: 25, entityType=2.
   DEBUG      dbmgr-1 10103 4000  [2019-06-06 16:19:22 608] - Dbmgr::onEntityOffline: 2, entityType=1.
   DEBUG      dbmgr-1 10103 4000  [2019-06-06 16:20:49 546] - Dbmgr::writeEntity: Avatar(26).
   DEBUG      dbmgr-1 10103 4000  [2019-06-06 16:20:49 546] - Dbmgr::writeEntity: Account(1).
   DEBUG      dbmgr-1 10103 4000  [2019-06-06 16:20:49 547] - Dbmgr::onEntityOffline: 26, entityType=2.
   DEBUG      dbmgr-1 10103 4000  [2019-06-06 16:20:49 547] - Dbmgr::onEntityOffline: 1, entityType=1.
    INFO      dbmgr-1 10103 4000  [2019-06-06 16:20:49 532] - Buffered_DBTasks::onFiniTask: Playing buffered task for entityID=0, dbid=26, dbid_tasks_size=3, entityid_tasks_size=0.
    INFO      dbmgr-1 10103 4000  [2019-06-06 16:20:49 533] - Buffered_DBTasks::onFiniTask: Playing buffered task for entityID=0, dbid=1, dbid_tasks_size=2, entityid_tasks_size=0.
   DEBUG      dbmgr-1 10103 4000  [2019-06-06 16:20:56 167] - Dbmgr::onAccountLogin:loginName=killingbosser1, accountName=killingbosser1, success=0, componentID=0, entityID=0, dbid=2, flags=0, deadline=0.
   DEBUG      dbmgr-1 10103 4000  [2019-06-06 16:20:56 366] - Dbmgr::queryAccount: killingbosser1, success=true, flags=0, deadline=0.
   DEBUG      dbmgr-1 10103 4000  [2019-06-06 16:21:00 246] - Dbmgr::DBTaskQueryEntity: Avatar, dbid=25, entityID=2016, wasActive=false, queryMode=0, componentID=7001, success=true.
   DEBUG      dbmgr-1 10103 4000  [2019-06-06 16:21:24 746] - Dbmgr::onAccountLogin:loginName=test13, accountName=test13, success=0, componentID=0, entityID=0, dbid=1, flags=0, deadline=0.
   DEBUG      dbmgr-1 10103 4000  [2019-06-06 16:21:24 986] - Dbmgr::queryAccount: test13, success=true, flags=0, deadline=0.
   DEBUG      dbmgr-1 10103 4000  [2019-06-06 16:21:26 606] - Dbmgr::DBTaskQueryEntity: Avatar, dbid=26, entityID=2018, wasActive=false, queryMode=0, componentID=7001, success=true.
   DEBUG      dbmgr-1 10103 4000  [2019-06-06 16:22:58 105] - Dbmgr::writeEntity: Account(2).
    INFO      dbmgr-1 10103 4000  [2019-06-06 16:23:20 387] - Buffered_DBTasks::onFiniTask: Playing buffered task for entityID=0, dbid=25, dbid_tasks_size=1, entityid_tasks_size=0.
   DEBUG      dbmgr-1 10103 4000  [2019-06-06 16:23:20 404] - Dbmgr::onEntityOffline: 2, entityType=1.
   DEBUG      dbmgr-1 10103 4000  [2019-06-06 16:23:20 404] - Dbmgr::writeEntity: Avatar(25).
   DEBUG      dbmgr-1 10103 4000  [2019-06-06 16:23:20 404] - Dbmgr::onEntityOffline: 25, entityType=2.
   DEBUG      dbmgr-1 10103 4000  [2019-06-06 16:24:13 104] - Dbmgr::writeEntity: Account(1).
   DEBUG      dbmgr-1 10103 4000  [2019-06-06 16:24:24 783] - Dbmgr::onEntityOffline: 1, entityType=1.
    INFO      dbmgr-1 10103 4000  [2019-06-06 16:24:24 785] - Buffered_DBTasks::onFiniTask: Playing buffered task for entityID=0, dbid=26, dbid_tasks_size=1, entityid_tasks_size=0.
   DEBUG      dbmgr-1 10103 4000  [2019-06-06 16:24:24 803] - Dbmgr::writeEntity: Avatar(26).
   DEBUG      dbmgr-1 10103 4000  [2019-06-06 16:24:24 803] - Dbmgr::onEntityOffline: 26, entityType=2.
   DEBUG      dbmgr-1 10103 4000  [2019-06-06 16:56:42 954] - Dbmgr::DBTaskServerLog()
   DEBUG      dbmgr-1 10103 4000  [2019-06-06 17:09:02 083] - Dbmgr::onAccountLogin:loginName=killingbosser1, accountName=killingbosser1, success=0, componentID=0, entityID=0, dbid=2, flags=0, deadline=0.
   DEBUG      dbmgr-1 10103 4000  [2019-06-06 17:09:02 343] - Dbmgr::queryAccount: killingbosser1, success=true, flags=0, deadline=0.
   DEBUG      dbmgr-1 10103 4000  [2019-06-06 17:09:11 723] - Dbmgr::onAccountLogin:loginName=test13, accountName=test13, success=0, componentID=0, entityID=0, dbid=1, flags=0, deadline=0.
   DEBUG      dbmgr-1 10103 4000  [2019-06-06 17:09:11 963] - Dbmgr::queryAccount: test13, success=true, flags=0, deadline=0.
   DEBUG      dbmgr-1 10103 4000  [2019-06-06 17:09:16 223] - Dbmgr::DBTaskQueryEntity: Avatar, dbid=26, entityID=2021, wasActive=false, queryMode=0, componentID=7001, success=true.
   DEBUG      dbmgr-1 10103 4000  [2019-06-06 17:09:18 663] - Dbmgr::DBTaskQueryEntity: Avatar, dbid=25, entityID=2022, wasActive=false, queryMode=0, componentID=7001, success=true.
    INFO      dbmgr-1 10103 4000  [2019-06-06 17:10:16 749] - Buffered_DBTasks::onFiniTask: Playing buffered task for entityID=0, dbid=25, dbid_tasks_size=3, entityid_tasks_size=0.
    INFO      dbmgr-1 10103 4000  [2019-06-06 17:10:16 751] - Buffered_DBTasks::onFiniTask: Playing buffered task for entityID=0, dbid=2, dbid_tasks_size=2, entityid_tasks_size=0.
   DEBUG      dbmgr-1 10103 4000  [2019-06-06 17:10:16 762] - Dbmgr::writeEntity: Avatar(25).
   DEBUG      dbmgr-1 10103 4000  [2019-06-06 17:10:16 762] - Dbmgr::writeEntity: Account(2).
   DEBUG      dbmgr-1 10103 4000  [2019-06-06 17:10:16 762] - Dbmgr::onEntityOffline: 25, entityType=2.
   DEBUG      dbmgr-1 10103 4000  [2019-06-06 17:10:16 762] - Dbmgr::onEntityOffline: 2, entityType=1.
   DEBUG      dbmgr-1 10103 4000  [2019-06-06 17:11:41 761] - Dbmgr::writeEntity: Avatar(26).
   DEBUG      dbmgr-1 10103 4000  [2019-06-06 17:11:41 781] - Dbmgr::writeEntity: Account(1).
   DEBUG      dbmgr-1 10103 4000  [2019-06-06 17:11:41 781] - Dbmgr::onEntityOffline: 26, entityType=2.
   DEBUG      dbmgr-1 10103 4000  [2019-06-06 17:11:41 781] - Dbmgr::onEntityOffline: 1, entityType=1.
    INFO      dbmgr-1 10103 4000  [2019-06-06 17:11:41 760] - Buffered_DBTasks::onFiniTask: Playing buffered task for entityID=0, dbid=26, dbid_tasks_size=3, entityid_tasks_size=0.
    INFO      dbmgr-1 10103 4000  [2019-06-06 17:11:41 763] - Buffered_DBTasks::onFiniTask: Playing buffered task for entityID=0, dbid=1, dbid_tasks_size=2, entityid_tasks_size=0.
   DEBUG      dbmgr-1 10103 4000  [2019-06-06 17:12:26 321] - Dbmgr::onAccountLogin:loginName=killingbosser1, accountName=killingbosser1, success=0, componentID=0, entityID=0, dbid=2, flags=0, deadline=0.
   DEBUG      dbmgr-1 10103 4000  [2019-06-06 17:12:26 520] - Dbmgr::queryAccount: killingbosser1, success=true, flags=0, deadline=0.
   DEBUG      dbmgr-1 10103 4000  [2019-06-06 17:12:30 640] - Dbmgr::DBTaskQueryEntity: Avatar, dbid=25, entityID=2024, wasActive=false, queryMode=0, componentID=7001, success=true.
   DEBUG      dbmgr-1 10103 4000  [2019-06-06 17:12:41 360] - Dbmgr::onAccountLogin:loginName=test13, accountName=test13, success=0, componentID=0, entityID=0, dbid=1, flags=0, deadline=0.
   DEBUG      dbmgr-1 10103 4000  [2019-06-06 17:12:41 600] - Dbmgr::queryAccount: test13, success=true, flags=0, deadline=0.
   DEBUG      dbmgr-1 10103 4000  [2019-06-06 17:12:43 640] - Dbmgr::DBTaskQueryEntity: Avatar, dbid=26, entityID=2026, wasActive=false, queryMode=0, componentID=7001, success=true.
    INFO      dbmgr-1 10103 4000  [2019-06-06 17:14:49 043] - Buffered_DBTasks::onFiniTask: Playing buffered task for entityID=0, dbid=25, dbid_tasks_size=3, entityid_tasks_size=0.
    INFO      dbmgr-1 10103 4000  [2019-06-06 17:14:49 045] - Buffered_DBTasks::onFiniTask: Playing buffered task for entityID=0, dbid=2, dbid_tasks_size=2, entityid_tasks_size=0.
   DEBUG      dbmgr-1 10103 4000  [2019-06-06 17:14:49 058] - Dbmgr::writeEntity: Avatar(25).
   DEBUG      dbmgr-1 10103 4000  [2019-06-06 17:14:49 058] - Dbmgr::writeEntity: Account(2).
   DEBUG      dbmgr-1 10103 4000  [2019-06-06 17:14:49 059] - Dbmgr::onEntityOffline: 25, entityType=2.
   DEBUG      dbmgr-1 10103 4000  [2019-06-06 17:14:49 059] - Dbmgr::onEntityOffline: 2, entityType=1.
   DEBUG      dbmgr-1 10103 4000  [2019-06-06 17:16:11 417] - Dbmgr::writeEntity: Avatar(26).
   DEBUG      dbmgr-1 10103 4000  [2019-06-06 17:16:11 417] - Dbmgr::writeEntity: Account(1).
   DEBUG      dbmgr-1 10103 4000  [2019-06-06 17:16:11 417] - Dbmgr::onEntityOffline: 26, entityType=2.
   DEBUG      dbmgr-1 10103 4000  [2019-06-06 17:16:11 417] - Dbmgr::onEntityOffline: 1, entityType=1.
    INFO      dbmgr-1 10103 4000  [2019-06-06 17:16:11 409] - Buffered_DBTasks::onFiniTask: Playing buffered task for entityID=0, dbid=26, dbid_tasks_size=3, entityid_tasks_size=0.
    INFO      dbmgr-1 10103 4000  [2019-06-06 17:16:11 411] - Buffered_DBTasks::onFiniTask: Playing buffered task for entityID=0, dbid=1, dbid_tasks_size=2, entityid_tasks_size=0.
   DEBUG      dbmgr-1 10103 4000  [2019-06-06 17:17:25 156] - Dbmgr::onAccountLogin:loginName=killingbosser1, accountName=killingbosser1, success=0, componentID=0, entityID=0, dbid=2, flags=0, deadline=0.
   DEBUG      dbmgr-1 10103 4000  [2019-06-06 17:17:25 395] - Dbmgr::queryAccount: killingbosser1, success=true, flags=0, deadline=0.
   DEBUG      dbmgr-1 10103 4000  [2019-06-06 17:17:36 776] - Dbmgr::DBTaskQueryEntity: Avatar, dbid=25, entityID=2028, wasActive=false, queryMode=0, componentID=7001, success=true.
   DEBUG      dbmgr-1 10103 4000  [2019-06-06 17:17:43 415] - Dbmgr::onAccountLogin:loginName=test13, accountName=test13, success=0, componentID=0, entityID=0, dbid=1, flags=0, deadline=0.
   DEBUG      dbmgr-1 10103 4000  [2019-06-06 17:17:43 655] - Dbmgr::queryAccount: test13, success=true, flags=0, deadline=0.
   DEBUG      dbmgr-1 10103 4000  [2019-06-06 17:17:45 856] - Dbmgr::DBTaskQueryEntity: Avatar, dbid=26, entityID=2030, wasActive=false, queryMode=0, componentID=7001, success=true.
   DEBUG      dbmgr-1 10103 4000  [2019-06-06 17:19:43 473] - Dbmgr::writeEntity: Avatar(26).
   DEBUG      dbmgr-1 10103 4000  [2019-06-06 17:19:43 474] - Dbmgr::writeEntity: Account(1).
   DEBUG      dbmgr-1 10103 4000  [2019-06-06 17:19:43 474] - Dbmgr::onEntityOffline: 26, entityType=2.
   DEBUG      dbmgr-1 10103 4000  [2019-06-06 17:19:43 493] - Dbmgr::onEntityOffline: 1, entityType=1.
    INFO      dbmgr-1 10103 4000  [2019-06-06 17:19:43 467] - Buffered_DBTasks::onFiniTask: Playing buffered task for entityID=0, dbid=26, dbid_tasks_size=3, entityid_tasks_size=0.
    INFO      dbmgr-1 10103 4000  [2019-06-06 17:19:43 469] - Buffered_DBTasks::onFiniTask: Playing buffered task for entityID=0, dbid=1, dbid_tasks_size=2, entityid_tasks_size=0.
    INFO      dbmgr-1 10103 4000  [2019-06-06 17:23:56 639] - Buffered_DBTasks::onFiniTask: Playing buffered task for entityID=0, dbid=25, dbid_tasks_size=3, entityid_tasks_size=0.
    INFO      dbmgr-1 10103 4000  [2019-06-06 17:23:56 645] - Buffered_DBTasks::onFiniTask: Playing buffered task for entityID=0, dbid=2, dbid_tasks_size=2, entityid_tasks_size=0.
   DEBUG      dbmgr-1 10103 4000  [2019-06-06 17:23:56 649] - Dbmgr::writeEntity: Avatar(25).
   DEBUG      dbmgr-1 10103 4000  [2019-06-06 17:23:56 650] - Dbmgr::writeEntity: Account(2).
   DEBUG      dbmgr-1 10103 4000  [2019-06-06 17:23:56 669] - Dbmgr::onEntityOffline: 25, entityType=2.
   DEBUG      dbmgr-1 10103 4000  [2019-06-06 17:23:56 669] - Dbmgr::onEntityOffline: 2, entityType=1.
   DEBUG      dbmgr-1 10103 4000  [2019-06-06 17:30:46 384] - Dbmgr::onAccountLogin:loginName=killingbosser1, accountName=killingbosser1, success=0, componentID=0, entityID=0, dbid=2, flags=0, deadline=0.
   DEBUG      dbmgr-1 10103 4000  [2019-06-06 17:30:46 623] - Dbmgr::queryAccount: killingbosser1, success=true, flags=0, deadline=0.
   DEBUG      dbmgr-1 10103 4000  [2019-06-06 17:30:48 304] - Dbmgr::DBTaskQueryEntity: Avatar, dbid=25, entityID=2032, wasActive=false, queryMode=0, componentID=7001, success=true.
   DEBUG      dbmgr-1 10103 4000  [2019-06-06 17:31:00 024] - Dbmgr::onAccountLogin:loginName=test13, accountName=test13, success=0, componentID=0, entityID=0, dbid=1, flags=0, deadline=0.
   DEBUG      dbmgr-1 10103 4000  [2019-06-06 17:31:00 263] - Dbmgr::queryAccount: test13, success=true, flags=0, deadline=0.
   DEBUG      dbmgr-1 10103 4000  [2019-06-06 17:31:02 703] - Dbmgr::DBTaskQueryEntity: Avatar, dbid=26, entityID=2034, wasActive=false, queryMode=0, componentID=7001, success=true.
   DEBUG      dbmgr-1 10103 4000  [2019-06-06 17:31:39 943] - Dbmgr::writeEntity: Avatar(25).
   DEBUG      dbmgr-1 10103 4000  [2019-06-06 17:31:39 943] - Dbmgr::writeEntity: Account(2).
   DEBUG      dbmgr-1 10103 4000  [2019-06-06 17:31:39 944] - Dbmgr::onEntityOffline: 25, entityType=2.
   DEBUG      dbmgr-1 10103 4000  [2019-06-06 17:31:39 944] - Dbmgr::onEntityOffline: 2, entityType=1.
    INFO      dbmgr-1 10103 4000  [2019-06-06 17:31:39 928] - Buffered_DBTasks::onFiniTask: Playing buffered task for entityID=0, dbid=25, dbid_tasks_size=3, entityid_tasks_size=0.
    INFO      dbmgr-1 10103 4000  [2019-06-06 17:31:39 929] - Buffered_DBTasks::onFiniTask: Playing buffered task for entityID=0, dbid=2, dbid_tasks_size=2, entityid_tasks_size=0.
   DEBUG      dbmgr-1 10103 4000  [2019-06-06 17:33:00 082] - Dbmgr::writeEntity: Avatar(26).
   DEBUG      dbmgr-1 10103 4000  [2019-06-06 17:33:00 082] - Dbmgr::writeEntity: Account(1).
   DEBUG      dbmgr-1 10103 4000  [2019-06-06 17:33:00 082] - Dbmgr::onEntityOffline: 26, entityType=2.
   DEBUG      dbmgr-1 10103 4000  [2019-06-06 17:33:00 082] - Dbmgr::onEntityOffline: 1, entityType=1.
    INFO      dbmgr-1 10103 4000  [2019-06-06 17:33:00 067] - Buffered_DBTasks::onFiniTask: Playing buffered task for entityID=0, dbid=26, dbid_tasks_size=3, entityid_tasks_size=0.
    INFO      dbmgr-1 10103 4000  [2019-06-06 17:33:00 070] - Buffered_DBTasks::onFiniTask: Playing buffered task for entityID=0, dbid=1, dbid_tasks_size=2, entityid_tasks_size=0.
   DEBUG      dbmgr-1 10103 4000  [2019-06-06 17:35:28 539] - Dbmgr::onAccountLogin:loginName=killingbosser1, accountName=killingbosser1, success=0, componentID=0, entityID=0, dbid=2, flags=0, deadline=0.
   DEBUG      dbmgr-1 10103 4000  [2019-06-06 17:35:28 779] - Dbmgr::queryAccount: killingbosser1, success=true, flags=0, deadline=0.
   DEBUG      dbmgr-1 10103 4000  [2019-06-06 17:35:32 959] - Dbmgr::DBTaskQueryEntity: Avatar, dbid=25, entityID=2036, wasActive=false, queryMode=0, componentID=7001, success=true.
   DEBUG      dbmgr-1 10103 4000  [2019-06-06 17:35:47 279] - Dbmgr::onAccountLogin:loginName=test13, accountName=test13, success=0, componentID=0, entityID=0, dbid=1, flags=0, deadline=0.
   DEBUG      dbmgr-1 10103 4000  [2019-06-06 17:35:47 519] - Dbmgr::queryAccount: test13, success=true, flags=0, deadline=0.
   DEBUG      dbmgr-1 10103 4000  [2019-06-06 17:35:51 019] - Dbmgr::DBTaskQueryEntity: Avatar, dbid=26, entityID=2038, wasActive=false, queryMode=0, componentID=7001, success=true.
   DEBUG      dbmgr-1 10103 4000  [2019-06-06 17:37:58 037] - Dbmgr::writeEntity: Account(1).
   DEBUG      dbmgr-1 10103 4000  [2019-06-06 17:39:12 136] - Dbmgr::writeEntity: Avatar(25).
   DEBUG      dbmgr-1 10103 4000  [2019-06-06 17:39:12 136] - Dbmgr::writeEntity: Account(2).
   DEBUG      dbmgr-1 10103 4000  [2019-06-06 17:39:12 136] - Dbmgr::onEntityOffline: 25, entityType=2.
   DEBUG      dbmgr-1 10103 4000  [2019-06-06 17:39:12 136] - Dbmgr::onEntityOffline: 2, entityType=1.
    INFO      dbmgr-1 10103 4000  [2019-06-06 17:39:12 124] - Buffered_DBTasks::onFiniTask: Playing buffered task for entityID=0, dbid=25, dbid_tasks_size=3, entityid_tasks_size=0.
    INFO      dbmgr-1 10103 4000  [2019-06-06 17:39:12 127] - Buffered_DBTasks::onFiniTask: Playing buffered task for entityID=0, dbid=2, dbid_tasks_size=2, entityid_tasks_size=0.
   DEBUG      dbmgr-1 10103 4000  [2019-06-06 17:39:13 036] - Dbmgr::writeEntity: Avatar(26).
   DEBUG      dbmgr-1 10103 4000  [2019-06-06 17:39:19 636] - Dbmgr::onEntityOffline: 26, entityType=2.
   DEBUG      dbmgr-1 10103 4000  [2019-06-06 17:39:19 636] - Dbmgr::onEntityOffline: 1, entityType=1.
   DEBUG      dbmgr-1 10103 4000  [2019-06-06 17:46:21 889] - Dbmgr::onAccountLogin:loginName=killingbosser1, accountName=killingbosser1, success=0, componentID=0, entityID=0, dbid=2, flags=0, deadline=0.
   DEBUG      dbmgr-1 10103 4000  [2019-06-06 17:46:22 130] - Dbmgr::queryAccount: killingbosser1, success=true, flags=0, deadline=0.
   DEBUG      dbmgr-1 10103 4000  [2019-06-06 17:46:23 869] - Dbmgr::DBTaskQueryEntity: Avatar, dbid=25, entityID=2040, wasActive=false, queryMode=0, componentID=7001, success=true.
   DEBUG      dbmgr-1 10103 4000  [2019-06-06 17:46:31 369] - Dbmgr::onAccountLogin:loginName=test13, accountName=test13, success=0, componentID=0, entityID=0, dbid=1, flags=0, deadline=0.
   DEBUG      dbmgr-1 10103 4000  [2019-06-06 17:46:31 610] - Dbmgr::queryAccount: test13, success=true, flags=0, deadline=0.
   DEBUG      dbmgr-1 10103 4000  [2019-06-06 17:46:33 529] - Dbmgr::DBTaskQueryEntity: Avatar, dbid=26, entityID=2042, wasActive=false, queryMode=0, componentID=7001, success=true.
   DEBUG      dbmgr-1 10103 4000  [2019-06-06 17:47:58 029] - Dbmgr::writeEntity: Account(1).
   DEBUG      dbmgr-1 10103 4000  [2019-06-06 17:48:15 028] - Dbmgr::writeEntity: Avatar(25).
   DEBUG      dbmgr-1 10103 4000  [2019-06-06 17:48:15 028] - Dbmgr::writeEntity: Account(2).
   DEBUG      dbmgr-1 10103 4000  [2019-06-06 17:48:15 028] - Dbmgr::onEntityOffline: 25, entityType=2.
   DEBUG      dbmgr-1 10103 4000  [2019-06-06 17:48:15 028] - Dbmgr::onEntityOffline: 2, entityType=1.
    INFO      dbmgr-1 10103 4000  [2019-06-06 17:48:15 015] - Buffered_DBTasks::onFiniTask: Playing buffered task for entityID=0, dbid=25, dbid_tasks_size=3, entityid_tasks_size=0.
    INFO      dbmgr-1 10103 4000  [2019-06-06 17:48:15 017] - Buffered_DBTasks::onFiniTask: Playing buffered task for entityID=0, dbid=2, dbid_tasks_size=2, entityid_tasks_size=0.
   DEBUG      dbmgr-1 10103 4000  [2019-06-06 17:49:13 027] - Dbmgr::writeEntity: Avatar(26).
   DEBUG      dbmgr-1 10103 4000  [2019-06-06 17:49:31 427] - Dbmgr::onEntityOffline: 26, entityType=2.
   DEBUG      dbmgr-1 10103 4000  [2019-06-06 17:49:31 427] - Dbmgr::onEntityOffline: 1, entityType=1.
   DEBUG      dbmgr-1 10103 4000  [2019-06-06 17:56:42 921] - Dbmgr::DBTaskServerLog()
   DEBUG      dbmgr-1 10103 4000  [2019-06-06 18:26:39 913] - Dbmgr::onAccountLogin:loginName=killingbosser1, accountName=killingbosser1, success=0, componentID=0, entityID=0, dbid=2, flags=0, deadline=0.
   DEBUG      dbmgr-1 10103 4000  [2019-06-06 18:26:40 153] - Dbmgr::queryAccount: killingbosser1, success=true, flags=0, deadline=0.
   DEBUG      dbmgr-1 10103 4000  [2019-06-06 18:26:43 413] - Dbmgr::DBTaskQueryEntity: Avatar, dbid=25, entityID=2044, wasActive=false, queryMode=0, componentID=7001, success=true.
   DEBUG      dbmgr-1 10103 4000  [2019-06-06 18:26:56 553] - Dbmgr::onAccountLogin:loginName=test13, accountName=test13, success=0, componentID=0, entityID=0, dbid=1, flags=0, deadline=0.
   DEBUG      dbmgr-1 10103 4000  [2019-06-06 18:26:56 813] - Dbmgr::queryAccount: test13, success=true, flags=0, deadline=0.
   DEBUG      dbmgr-1 10103 4000  [2019-06-06 18:26:57 873] - Dbmgr::DBTaskQueryEntity: Avatar, dbid=26, entityID=2046, wasActive=false, queryMode=0, componentID=7001, success=true.
   DEBUG      dbmgr-1 10103 4000  [2019-06-06 18:27:04 993] - Dbmgr::writeEntity: Avatar(25).
   DEBUG      dbmgr-1 10103 4000  [2019-06-06 18:27:04 994] - Dbmgr::writeEntity: Account(2).
   DEBUG      dbmgr-1 10103 4000  [2019-06-06 18:27:04 994] - Dbmgr::onEntityOffline: 25, entityType=2.
   DEBUG      dbmgr-1 10103 4000  [2019-06-06 18:27:04 994] - Dbmgr::onEntityOffline: 2, entityType=1.
    INFO      dbmgr-1 10103 4000  [2019-06-06 18:27:04 983] - Buffered_DBTasks::onFiniTask: Playing buffered task for entityID=0, dbid=25, dbid_tasks_size=3, entityid_tasks_size=0.
    INFO      dbmgr-1 10103 4000  [2019-06-06 18:27:04 985] - Buffered_DBTasks::onFiniTask: Playing buffered task for entityID=0, dbid=2, dbid_tasks_size=2, entityid_tasks_size=0.
   DEBUG      dbmgr-1 10103 4000  [2019-06-06 18:28:26 611] - Dbmgr::writeEntity: Avatar(26).
   DEBUG      dbmgr-1 10103 4000  [2019-06-06 18:28:26 631] - Dbmgr::writeEntity: Account(1).
   DEBUG      dbmgr-1 10103 4000  [2019-06-06 18:28:26 631] - Dbmgr::onEntityOffline: 26, entityType=2.
   DEBUG      dbmgr-1 10103 4000  [2019-06-06 18:28:26 632] - Dbmgr::onEntityOffline: 1, entityType=1.
    INFO      dbmgr-1 10103 4000  [2019-06-06 18:28:26 611] - Buffered_DBTasks::onFiniTask: Playing buffered task for entityID=0, dbid=26, dbid_tasks_size=3, entityid_tasks_size=0.
    INFO      dbmgr-1 10103 4000  [2019-06-06 18:28:26 613] - Buffered_DBTasks::onFiniTask: Playing buffered task for entityID=0, dbid=1, dbid_tasks_size=2, entityid_tasks_size=0.
   DEBUG      dbmgr-1 10103 4000  [2019-06-06 18:56:42 886] - Dbmgr::DBTaskServerLog()
   DEBUG      dbmgr-1 10103 4000  [2019-06-06 19:56:42 852] - Dbmgr::DBTaskServerLog()
   DEBUG      dbmgr-1 10103 4000  [2019-06-06 20:30:40 762] - Dbmgr::onAccountLogin:loginName=test13, accountName=test13, success=0, componentID=0, entityID=0, dbid=1, flags=0, deadline=0.
   DEBUG      dbmgr-1 10103 4000  [2019-06-06 20:30:41 002] - Dbmgr::queryAccount: test13, success=true, flags=0, deadline=0.
   DEBUG      dbmgr-1 10103 4000  [2019-06-06 20:30:43 121] - Dbmgr::DBTaskQueryEntity: Avatar, dbid=26, entityID=2048, wasActive=false, queryMode=0, componentID=7001, success=true.
    INFO      dbmgr-1 10103 4000  [2019-06-06 20:32:10 803] - Buffered_DBTasks::onFiniTask: Playing buffered task for entityID=0, dbid=26, dbid_tasks_size=3, entityid_tasks_size=0.
   DEBUG      dbmgr-1 10103 4000  [2019-06-06 20:32:10 820] - Dbmgr::writeEntity: Avatar(26).
   DEBUG      dbmgr-1 10103 4000  [2019-06-06 20:32:10 820] - Dbmgr::onEntityOffline: 26, entityType=2.
   DEBUG      dbmgr-1 10103 4000  [2019-06-06 20:32:10 841] - Dbmgr::writeEntity: Account(1).
   DEBUG      dbmgr-1 10103 4000  [2019-06-06 20:32:10 841] - Dbmgr::onEntityOffline: 1, entityType=1.
    INFO      dbmgr-1 10103 4000  [2019-06-06 20:32:10 820] - Buffered_DBTasks::onFiniTask: Playing buffered task for entityID=0, dbid=1, dbid_tasks_size=1, entityid_tasks_size=0.
   DEBUG      dbmgr-1 10103 4000  [2019-06-06 20:40:13 674] - Dbmgr::onAccountLogin:loginName=killingbosser1, accountName=killingbosser1, success=0, componentID=0, entityID=0, dbid=2, flags=0, deadline=0.
   DEBUG      dbmgr-1 10103 4000  [2019-06-06 20:40:13 913] - Dbmgr::queryAccount: killingbosser1, success=true, flags=0, deadline=0.
   DEBUG      dbmgr-1 10103 4000  [2019-06-06 20:40:15 893] - Dbmgr::DBTaskQueryEntity: Avatar, dbid=25, entityID=2050, wasActive=false, queryMode=0, componentID=7001, success=true.
   DEBUG      dbmgr-1 10103 4000  [2019-06-06 20:40:20 213] - Dbmgr::onAccountLogin:loginName=test13, accountName=test13, success=0, componentID=0, entityID=0, dbid=1, flags=0, deadline=0.
   DEBUG      dbmgr-1 10103 4000  [2019-06-06 20:40:20 393] - Dbmgr::queryAccount: test13, success=true, flags=0, deadline=0.
   DEBUG      dbmgr-1 10103 4000  [2019-06-06 20:40:22 253] - Dbmgr::DBTaskQueryEntity: Avatar, dbid=26, entityID=2052, wasActive=false, queryMode=0, componentID=7001, success=true.
   DEBUG      dbmgr-1 10103 4000  [2019-06-06 20:41:26 772] - Dbmgr::writeEntity: Avatar(26).
   DEBUG      dbmgr-1 10103 4000  [2019-06-06 20:41:26 792] - Dbmgr::onEntityOffline: 26, entityType=2.
   DEBUG      dbmgr-1 10103 4000  [2019-06-06 20:41:26 792] - Dbmgr::writeEntity: Account(1).
   DEBUG      dbmgr-1 10103 4000  [2019-06-06 20:41:26 792] - Dbmgr::onEntityOffline: 1, entityType=1.
    INFO      dbmgr-1 10103 4000  [2019-06-06 20:41:26 771] - Buffered_DBTasks::onFiniTask: Playing buffered task for entityID=0, dbid=26, dbid_tasks_size=3, entityid_tasks_size=0.
    INFO      dbmgr-1 10103 4000  [2019-06-06 20:41:26 775] - Buffered_DBTasks::onFiniTask: Playing buffered task for entityID=0, dbid=1, dbid_tasks_size=1, entityid_tasks_size=0.
   DEBUG      dbmgr-1 10103 4000  [2019-06-06 20:41:34 571] - Dbmgr::writeEntity: Avatar(25).
   DEBUG      dbmgr-1 10103 4000  [2019-06-06 20:41:34 572] - Dbmgr::writeEntity: Account(2).
   DEBUG      dbmgr-1 10103 4000  [2019-06-06 20:41:34 572] - Dbmgr::onEntityOffline: 25, entityType=2.
   DEBUG      dbmgr-1 10103 4000  [2019-06-06 20:41:34 592] - Dbmgr::onEntityOffline: 2, entityType=1.
    INFO      dbmgr-1 10103 4000  [2019-06-06 20:41:34 568] - Buffered_DBTasks::onFiniTask: Playing buffered task for entityID=0, dbid=25, dbid_tasks_size=3, entityid_tasks_size=0.
    INFO      dbmgr-1 10103 4000  [2019-06-06 20:41:34 570] - Buffered_DBTasks::onFiniTask: Playing buffered task for entityID=0, dbid=2, dbid_tasks_size=2, entityid_tasks_size=0.
   DEBUG      dbmgr-1 10103 4000  [2019-06-06 20:56:42 799] - Dbmgr::DBTaskServerLog()
   DEBUG      dbmgr-1 10103 4000  [2019-06-06 21:09:48 606] - Dbmgr::onAccountLogin:loginName=test13, accountName=test13, success=0, componentID=0, entityID=0, dbid=1, flags=0, deadline=0.
   DEBUG      dbmgr-1 10103 4000  [2019-06-06 21:09:48 786] - Dbmgr::queryAccount: test13, success=true, flags=0, deadline=0.
   DEBUG      dbmgr-1 10103 4000  [2019-06-06 21:09:59 267] - Dbmgr::writeEntity: Avatar(27).
   DEBUG      dbmgr-1 10103 4000  [2019-06-06 21:09:59 286] - Dbmgr::onEntityOffline: 27, entityType=2.
   DEBUG      dbmgr-1 10103 4000  [2019-06-06 21:09:59 286] - Dbmgr::writeEntity: Account(1).
   DEBUG      dbmgr-1 10103 4000  [2019-06-06 21:10:02 927] - Dbmgr::onAccountLogin:loginName=killingbosser1, accountName=killingbosser1, success=0, componentID=0, entityID=0, dbid=2, flags=0, deadline=0.
   DEBUG      dbmgr-1 10103 4000  [2019-06-06 21:10:03 167] - Dbmgr::queryAccount: killingbosser1, success=true, flags=0, deadline=0.
   DEBUG      dbmgr-1 10103 4000  [2019-06-06 21:10:16 727] - Dbmgr::writeEntity: Avatar(28).
   DEBUG      dbmgr-1 10103 4000  [2019-06-06 21:10:16 747] - Dbmgr::onEntityOffline: 28, entityType=2.
   DEBUG      dbmgr-1 10103 4000  [2019-06-06 21:10:16 747] - Dbmgr::writeEntity: Account(2).
   DEBUG      dbmgr-1 10103 4000  [2019-06-06 21:10:36 706] - Dbmgr::DBTaskQueryEntity: Avatar, dbid=28, entityID=2057, wasActive=false, queryMode=0, componentID=7001, success=true.
   DEBUG      dbmgr-1 10103 4000  [2019-06-06 21:10:39 826] - Dbmgr::DBTaskQueryEntity: Avatar, dbid=27, entityID=2058, wasActive=false, queryMode=0, componentID=7001, success=true.
   DEBUG      dbmgr-1 10103 4000  [2019-06-06 21:11:11 945] - Dbmgr::onEntityOffline: 2, entityType=1.
   DEBUG      dbmgr-1 10103 4000  [2019-06-06 21:11:11 965] - Dbmgr::writeEntity: Avatar(28).
   DEBUG      dbmgr-1 10103 4000  [2019-06-06 21:11:11 965] - Dbmgr::onEntityOffline: 28, entityType=2.
    INFO      dbmgr-1 10103 4000  [2019-06-06 21:11:11 947] - Buffered_DBTasks::onFiniTask: Playing buffered task for entityID=0, dbid=28, dbid_tasks_size=1, entityid_tasks_size=0.
   DEBUG      dbmgr-1 10103 4000  [2019-06-06 21:12:18 644] - Dbmgr::onEntityOffline: 1, entityType=1.
   DEBUG      dbmgr-1 10103 4000  [2019-06-06 21:12:18 644] - Dbmgr::writeEntity: Avatar(27).
   DEBUG      dbmgr-1 10103 4000  [2019-06-06 21:12:18 664] - Dbmgr::onEntityOffline: 27, entityType=2.
    INFO      dbmgr-1 10103 4000  [2019-06-06 21:12:18 643] - Buffered_DBTasks::onFiniTask: Playing buffered task for entityID=0, dbid=27, dbid_tasks_size=1, entityid_tasks_size=0.
   DEBUG      dbmgr-1 10103 4000  [2019-06-06 21:20:26 477] - Dbmgr::onAccountLogin:loginName=killingbosser1, accountName=killingbosser1, success=0, componentID=0, entityID=0, dbid=2, flags=0, deadline=0.
   DEBUG      dbmgr-1 10103 4000  [2019-06-06 21:20:26 736] - Dbmgr::queryAccount: killingbosser1, success=true, flags=0, deadline=0.
   DEBUG      dbmgr-1 10103 4000  [2019-06-06 21:20:31 357] - Dbmgr::onAccountLogin:loginName=test13, accountName=test13, success=0, componentID=0, entityID=0, dbid=1, flags=0, deadline=0.
   DEBUG      dbmgr-1 10103 4000  [2019-06-06 21:20:31 597] - Dbmgr::queryAccount: test13, success=true, flags=0, deadline=0.
   DEBUG      dbmgr-1 10103 4000  [2019-06-06 21:21:23 617] - Dbmgr::DBTaskQueryEntity: Avatar, dbid=27, entityID=2061, wasActive=false, queryMode=0, componentID=7001, success=true.
   DEBUG      dbmgr-1 10103 4000  [2019-06-06 21:21:26 876] - Dbmgr::DBTaskQueryEntity: Avatar, dbid=28, entityID=2062, wasActive=false, queryMode=0, componentID=7001, success=true.
   DEBUG      dbmgr-1 10103 4000  [2019-06-06 21:22:57 855] - Dbmgr::writeEntity: Avatar(27).
   DEBUG      dbmgr-1 10103 4000  [2019-06-06 21:24:12 834] - Dbmgr::writeEntity: Account(1).
   DEBUG      dbmgr-1 10103 4000  [2019-06-06 21:25:27 853] - Dbmgr::writeEntity: Account(2).
   DEBUG      dbmgr-1 10103 4000  [2019-06-06 21:26:42 852] - Dbmgr::writeEntity: Avatar(28).
   DEBUG      dbmgr-1 10103 4000  [2019-06-06 21:31:33 447] - Dbmgr::onEntityOffline: 2, entityType=1.
   DEBUG      dbmgr-1 10103 4000  [2019-06-06 21:31:33 447] - Dbmgr::writeEntity: Avatar(28).
   DEBUG      dbmgr-1 10103 4000  [2019-06-06 21:31:33 447] - Dbmgr::onEntityOffline: 28, entityType=2.
    INFO      dbmgr-1 10103 4000  [2019-06-06 21:31:33 430] - Buffered_DBTasks::onFiniTask: Playing buffered task for entityID=0, dbid=28, dbid_tasks_size=1, entityid_tasks_size=0.
   DEBUG      dbmgr-1 10103 4000  [2019-06-06 21:32:31 406] - Dbmgr::onEntityOffline: 1, entityType=1.
   DEBUG      dbmgr-1 10103 4000  [2019-06-06 21:32:31 406] - Dbmgr::onEntityOffline: 27, entityType=2.
   DEBUG      dbmgr-1 10103 4000  [2019-06-06 21:48:38 172] - Dbmgr::onAccountLogin:loginName=killingbosser1, accountName=killingbosser1, success=0, componentID=0, entityID=0, dbid=2, flags=0, deadline=0.
   DEBUG      dbmgr-1 10103 4000  [2019-06-06 21:48:38 411] - Dbmgr::queryAccount: killingbosser1, success=true, flags=0, deadline=0.
   DEBUG      dbmgr-1 10103 4000  [2019-06-06 21:48:49 032] - Dbmgr::onAccountLogin:loginName=test13, accountName=test13, success=0, componentID=0, entityID=0, dbid=1, flags=0, deadline=0.
   DEBUG      dbmgr-1 10103 4000  [2019-06-06 21:48:49 291] - Dbmgr::queryAccount: test13, success=true, flags=0, deadline=0.
   DEBUG      dbmgr-1 10103 4000  [2019-06-06 21:48:52 992] - Dbmgr::DBTaskQueryEntity: Avatar, dbid=27, entityID=2065, wasActive=false, queryMode=0, componentID=7001, success=true.
   DEBUG      dbmgr-1 10103 4000  [2019-06-06 21:48:58 751] - Dbmgr::DBTaskQueryEntity: Avatar, dbid=28, entityID=2066, wasActive=false, queryMode=0, componentID=7001, success=true.
   DEBUG      dbmgr-1 10103 4000  [2019-06-06 21:52:57 828] - Dbmgr::writeEntity: Avatar(28).
   DEBUG      dbmgr-1 10103 4000  [2019-06-06 21:53:30 327] - Dbmgr::onEntityOffline: 28, entityType=2.
   DEBUG      dbmgr-1 10103 4000  [2019-06-06 21:53:30 327] - Dbmgr::writeEntity: Account(2).
   DEBUG      dbmgr-1 10103 4000  [2019-06-06 21:53:30 327] - Dbmgr::onEntityOffline: 2, entityType=1.
    INFO      dbmgr-1 10103 4000  [2019-06-06 21:53:30 312] - Buffered_DBTasks::onFiniTask: Playing buffered task for entityID=0, dbid=2, dbid_tasks_size=1, entityid_tasks_size=0.
   DEBUG      dbmgr-1 10103 4000  [2019-06-06 21:54:49 086] - Dbmgr::writeEntity: Avatar(27).
   DEBUG      dbmgr-1 10103 4000  [2019-06-06 21:54:49 086] - Dbmgr::writeEntity: Account(1).
   DEBUG      dbmgr-1 10103 4000  [2019-06-06 21:54:49 106] - Dbmgr::onEntityOffline: 27, entityType=2.
   DEBUG      dbmgr-1 10103 4000  [2019-06-06 21:54:49 106] - Dbmgr::onEntityOffline: 1, entityType=1.
    INFO      dbmgr-1 10103 4000  [2019-06-06 21:54:49 084] - Buffered_DBTasks::onFiniTask: Playing buffered task for entityID=0, dbid=27, dbid_tasks_size=3, entityid_tasks_size=0.
    INFO      dbmgr-1 10103 4000  [2019-06-06 21:54:49 086] - Buffered_DBTasks::onFiniTask: Playing buffered task for entityID=0, dbid=1, dbid_tasks_size=2, entityid_tasks_size=0.
   DEBUG      dbmgr-1 10103 4000  [2019-06-06 21:56:42 764] - Dbmgr::DBTaskServerLog()
   DEBUG      dbmgr-1 10103 4000  [2019-06-06 22:00:51 421] - Dbmgr::onAccountLogin:loginName=killingbosser1, accountName=killingbosser1, success=0, componentID=0, entityID=0, dbid=2, flags=0, deadline=0.
   DEBUG      dbmgr-1 10103 4000  [2019-06-06 22:00:51 661] - Dbmgr::queryAccount: killingbosser1, success=true, flags=0, deadline=0.
   DEBUG      dbmgr-1 10103 4000  [2019-06-06 22:00:59 741] - Dbmgr::DBTaskQueryEntity: Avatar, dbid=28, entityID=2068, wasActive=false, queryMode=0, componentID=7001, success=true.
   DEBUG      dbmgr-1 10103 4000  [2019-06-06 22:01:13 220] - Dbmgr::onAccountLogin:loginName=test13, accountName=test13, success=0, componentID=0, entityID=0, dbid=1, flags=0, deadline=0.
   DEBUG      dbmgr-1 10103 4000  [2019-06-06 22:01:13 460] - Dbmgr::queryAccount: test13, success=true, flags=0, deadline=0.
   DEBUG      dbmgr-1 10103 4000  [2019-06-06 22:01:16 661] - Dbmgr::DBTaskQueryEntity: Avatar, dbid=27, entityID=2070, wasActive=false, queryMode=0, componentID=7001, success=true.
   DEBUG      dbmgr-1 10103 4000  [2019-06-06 22:02:57 819] - Dbmgr::writeEntity: Avatar(27).
   DEBUG      dbmgr-1 10103 4000  [2019-06-06 22:04:12 817] - Dbmgr::writeEntity: Account(1).
   DEBUG      dbmgr-1 10103 4000  [2019-06-06 22:05:27 816] - Dbmgr::writeEntity: Account(2).
   DEBUG      dbmgr-1 10103 4000  [2019-06-06 22:06:42 816] - Dbmgr::writeEntity: Avatar(28).
   DEBUG      dbmgr-1 10103 4000  [2019-06-06 22:08:40 314] - Dbmgr::writeEntity: Avatar(28).
   DEBUG      dbmgr-1 10103 4000  [2019-06-06 22:08:40 314] - Dbmgr::onEntityOffline: 2, entityType=1.
   DEBUG      dbmgr-1 10103 4000  [2019-06-06 22:08:40 314] - Dbmgr::onEntityOffline: 28, entityType=2.
    INFO      dbmgr-1 10103 4000  [2019-06-06 22:08:40 296] - Buffered_DBTasks::onFiniTask: Playing buffered task for entityID=0, dbid=28, dbid_tasks_size=2, entityid_tasks_size=0.
   DEBUG      dbmgr-1 10103 4000  [2019-06-06 22:09:43 273] - Dbmgr::onEntityOffline: 27, entityType=2.
   DEBUG      dbmgr-1 10103 4000  [2019-06-06 22:09:43 273] - Dbmgr::onEntityOffline: 1, entityType=1.
   DEBUG      dbmgr-1 10103 4000  [2019-06-06 22:25:00 039] - Dbmgr::onAccountLogin:loginName=killingbosser1, accountName=killingbosser1, success=0, componentID=0, entityID=0, dbid=2, flags=0, deadline=0.
   DEBUG      dbmgr-1 10103 4000  [2019-06-06 22:25:00 279] - Dbmgr::queryAccount: killingbosser1, success=true, flags=0, deadline=0.
   DEBUG      dbmgr-1 10103 4000  [2019-06-06 22:26:04 438] - Dbmgr::onAccountLogin:loginName=test13, accountName=test13, success=0, componentID=0, entityID=0, dbid=1, flags=0, deadline=0.
   DEBUG      dbmgr-1 10103 4000  [2019-06-06 22:26:04 678] - Dbmgr::queryAccount: test13, success=true, flags=0, deadline=0.
   DEBUG      dbmgr-1 10103 4000  [2019-06-06 22:26:11 638] - Dbmgr::DBTaskQueryEntity: Avatar, dbid=28, entityID=2073, wasActive=false, queryMode=0, componentID=7001, success=true.
   DEBUG      dbmgr-1 10103 4000  [2019-06-06 22:26:14 398] - Dbmgr::DBTaskQueryEntity: Avatar, dbid=27, entityID=2074, wasActive=false, queryMode=0, componentID=7001, success=true.
   DEBUG      dbmgr-1 10103 4000  [2019-06-06 22:27:57 796] - Dbmgr::writeEntity: Account(1).
   DEBUG      dbmgr-1 10103 4000  [2019-06-06 22:29:12 795] - Dbmgr::writeEntity: Avatar(28).
   DEBUG      dbmgr-1 10103 4000  [2019-06-06 22:29:35 594] - Dbmgr::onEntityOffline: 28, entityType=2.
   DEBUG      dbmgr-1 10103 4000  [2019-06-06 22:29:35 594] - Dbmgr::writeEntity: Account(2).
   DEBUG      dbmgr-1 10103 4000  [2019-06-06 22:29:35 595] - Dbmgr::onEntityOffline: 2, entityType=1.
    INFO      dbmgr-1 10103 4000  [2019-06-06 22:29:35 581] - Buffered_DBTasks::onFiniTask: Playing buffered task for entityID=0, dbid=2, dbid_tasks_size=1, entityid_tasks_size=0.
   DEBUG      dbmgr-1 10103 4000  [2019-06-06 22:30:27 795] - Dbmgr::writeEntity: Avatar(27).
   DEBUG      dbmgr-1 10103 4000  [2019-06-06 22:30:34 493] - Dbmgr::onEntityOffline: 27, entityType=2.
   DEBUG      dbmgr-1 10103 4000  [2019-06-06 22:30:34 494] - Dbmgr::onEntityOffline: 1, entityType=1.
   DEBUG      dbmgr-1 10103 4000  [2019-06-06 22:32:02 552] - Dbmgr::onAccountLogin:loginName=killingbosser1, accountName=killingbosser1, success=0, componentID=0, entityID=0, dbid=2, flags=0, deadline=0.
   DEBUG      dbmgr-1 10103 4000  [2019-06-06 22:32:02 813] - Dbmgr::queryAccount: killingbosser1, success=true, flags=0, deadline=0.
   DEBUG      dbmgr-1 10103 4000  [2019-06-06 22:32:04 993] - Dbmgr::onAccountLogin:loginName=test13, accountName=test13, success=0, componentID=0, entityID=0, dbid=1, flags=0, deadline=0.
   DEBUG      dbmgr-1 10103 4000  [2019-06-06 22:32:05 232] - Dbmgr::queryAccount: test13, success=true, flags=0, deadline=0.
   DEBUG      dbmgr-1 10103 4000  [2019-06-06 22:32:12 412] - Dbmgr::DBTaskQueryEntity: Avatar, dbid=27, entityID=2077, wasActive=false, queryMode=0, componentID=7001, success=true.
   DEBUG      dbmgr-1 10103 4000  [2019-06-06 22:32:14 353] - Dbmgr::DBTaskQueryEntity: Avatar, dbid=28, entityID=2078, wasActive=false, queryMode=0, componentID=7001, success=true.
   DEBUG      dbmgr-1 10103 4000  [2019-06-06 22:37:57 787] - Dbmgr::writeEntity: Avatar(27).
   DEBUG      dbmgr-1 10103 4000  [2019-06-06 22:39:12 786] - Dbmgr::writeEntity: Avatar(28).
   DEBUG      dbmgr-1 10103 4000  [2019-06-06 22:40:27 785] - Dbmgr::writeEntity: Account(2).
   DEBUG      dbmgr-1 10103 4000  [2019-06-06 22:41:42 784] - Dbmgr::writeEntity: Account(1).
   DEBUG      dbmgr-1 10103 4000  [2019-06-06 22:44:12 782] - Dbmgr::writeEntity: Avatar(28).
   DEBUG      dbmgr-1 10103 4000  [2019-06-06 22:47:57 778] - Dbmgr::writeEntity: Avatar(27).
   DEBUG      dbmgr-1 10103 4000  [2019-06-06 22:51:42 775] - Dbmgr::writeEntity: Avatar(28).
   DEBUG      dbmgr-1 10103 4000  [2019-06-06 22:56:42 711] - Dbmgr::DBTaskServerLog()
   DEBUG      dbmgr-1 10103 4000  [2019-06-06 22:58:27 369] - Dbmgr::onEntityOffline: 28, entityType=2.
   DEBUG      dbmgr-1 10103 4000  [2019-06-06 22:58:27 369] - Dbmgr::onEntityOffline: 2, entityType=1.
   DEBUG      dbmgr-1 10103 4000  [2019-06-06 23:01:05 026] - Dbmgr::onEntityOffline: 27, entityType=2.
   DEBUG      dbmgr-1 10103 4000  [2019-06-06 23:01:05 026] - Dbmgr::onEntityOffline: 1, entityType=1.
   DEBUG      dbmgr-1 10103 4000  [2019-06-06 23:01:47 965] - Dbmgr::onAccountLogin:loginName=test13, accountName=test13, success=0, componentID=0, entityID=0, dbid=1, flags=0, deadline=0.
   DEBUG      dbmgr-1 10103 4000  [2019-06-06 23:01:48 206] - Dbmgr::queryAccount: test13, success=true, flags=0, deadline=0.
   DEBUG      dbmgr-1 10103 4000  [2019-06-06 23:01:50 225] - Dbmgr::DBTaskQueryEntity: Avatar, dbid=27, entityID=2080, wasActive=false, queryMode=0, componentID=7001, success=true.
   DEBUG      dbmgr-1 10103 4000  [2019-06-06 23:01:52 686] - Dbmgr::onAccountLogin:loginName=killingbosser1, accountName=killingbosser1, success=0, componentID=0, entityID=0, dbid=2, flags=0, deadline=0.
   DEBUG      dbmgr-1 10103 4000  [2019-06-06 23:01:52 926] - Dbmgr::queryAccount: killingbosser1, success=true, flags=0, deadline=0.
   DEBUG      dbmgr-1 10103 4000  [2019-06-06 23:01:54 245] - Dbmgr::DBTaskQueryEntity: Avatar, dbid=28, entityID=2082, wasActive=false, queryMode=0, componentID=7001, success=true.
   DEBUG      dbmgr-1 10103 4000  [2019-06-06 23:07:22 360] - Dbmgr::writeEntity: Avatar(28).
   DEBUG      dbmgr-1 10103 4000  [2019-06-06 23:07:22 360] - Dbmgr::writeEntity: Account(2).
   DEBUG      dbmgr-1 10103 4000  [2019-06-06 23:07:22 360] - Dbmgr::onEntityOffline: 28, entityType=2.
   DEBUG      dbmgr-1 10103 4000  [2019-06-06 23:07:22 361] - Dbmgr::onEntityOffline: 2, entityType=1.
    INFO      dbmgr-1 10103 4000  [2019-06-06 23:07:22 348] - Buffered_DBTasks::onFiniTask: Playing buffered task for entityID=0, dbid=28, dbid_tasks_size=3, entityid_tasks_size=0.
    INFO      dbmgr-1 10103 4000  [2019-06-06 23:07:22 350] - Buffered_DBTasks::onFiniTask: Playing buffered task for entityID=0, dbid=2, dbid_tasks_size=2, entityid_tasks_size=0.
   DEBUG      dbmgr-1 10103 4000  [2019-06-06 23:08:18 020] - Dbmgr::writeEntity: Avatar(27).
   DEBUG      dbmgr-1 10103 4000  [2019-06-06 23:08:18 020] - Dbmgr::onEntityOffline: 27, entityType=2.
   DEBUG      dbmgr-1 10103 4000  [2019-06-06 23:08:18 020] - Dbmgr::writeEntity: Account(1).
   DEBUG      dbmgr-1 10103 4000  [2019-06-06 23:08:18 021] - Dbmgr::onEntityOffline: 1, entityType=1.
    INFO      dbmgr-1 10103 4000  [2019-06-06 23:08:18 003] - Buffered_DBTasks::onFiniTask: Playing buffered task for entityID=0, dbid=27, dbid_tasks_size=3, entityid_tasks_size=0.
    INFO      dbmgr-1 10103 4000  [2019-06-06 23:08:18 008] - Buffered_DBTasks::onFiniTask: Playing buffered task for entityID=0, dbid=1, dbid_tasks_size=1, entityid_tasks_size=0.
   DEBUG      dbmgr-1 10103 4000  [2019-06-06 23:56:42 676] - Dbmgr::DBTaskServerLog()
   DEBUG      dbmgr-1 10103 4000  [2019-06-06 23:57:39 235] - Dbmgr::onAccountLogin:loginName=killingbosser1, accountName=killingbosser1, success=0, componentID=0, entityID=0, dbid=2, flags=0, deadline=0.
   DEBUG      dbmgr-1 10103 4000  [2019-06-06 23:57:39 475] - Dbmgr::queryAccount: killingbosser1, success=true, flags=0, deadline=0.
   DEBUG      dbmgr-1 10103 4000  [2019-06-06 23:57:46 336] - Dbmgr::onAccountLogin:loginName=test13, accountName=test13, success=0, componentID=0, entityID=0, dbid=1, flags=0, deadline=0.
   DEBUG      dbmgr-1 10103 4000  [2019-06-06 23:57:46 536] - Dbmgr::queryAccount: test13, success=true, flags=0, deadline=0.
   DEBUG      dbmgr-1 10103 4000  [2019-06-06 23:57:48 655] - Dbmgr::DBTaskQueryEntity: Avatar, dbid=27, entityID=2085, wasActive=false, queryMode=0, componentID=7001, success=true.
   DEBUG      dbmgr-1 10103 4000  [2019-06-06 23:57:51 615] - Dbmgr::DBTaskQueryEntity: Avatar, dbid=28, entityID=2086, wasActive=false, queryMode=0, componentID=7001, success=true.
