    INFO    cellapp-1 10103 8001  [2019-05-31 22:59:19 128] - -----------------------------------------------------------------------------------------


    INFO    cellapp-1 10103 8001  [2019-05-31 22:59:19 129] - Resmgr::initialize: OURO_ROOT=C:/Users/Black/Ouroboros/
    INFO    cellapp-1 10103 8001  [2019-05-31 22:59:19 130] - Resmgr::initialize: OURO_RES_PATH=C:/Users/Black/Ouroboros/ouro/res/;C:/Users/Black/Ouroboros/assets/;C:/Users/Black/Ouroboros/assets/scripts/;C:/Users/Black/Ouroboros/assets/res/
    INFO    cellapp-1 10103 8001  [2019-05-31 22:59:19 130] - Resmgr::initialize: OURO_BIN_PATH=C:/Users/Black/Ouroboros/ouro/bin/server/
    INFO    cellapp-1 10103 8001  [2019-05-31 22:59:19 143] - NetworkInterface::initialize(INTERNAL-TCP): bound to all interfaces with default route interface on 192.168.27.1 ( 192.168.27.1:2555 )
    INFO    cellapp-1 10103 8001  [2019-05-31 22:59:19 143] - NetworkInterface::initialize(INTERNAL-TCP): address 192.168.27.1:2555, SOMAXCONN=5.
    INFO    cellapp-1 10103 8001  [2019-05-31 22:59:19 143] - server-configs:
    INFO    cellapp-1 10103 8001  [2019-05-31 22:59:19 144] - 	gameUpdateHertz : 10
    INFO    cellapp-1 10103 8001  [2019-05-31 22:59:19 144] - 	defaultViewRadius : 80
    INFO    cellapp-1 10103 8001  [2019-05-31 22:59:19 144] - 	defaultViewHysteresisArea : 5
    INFO    cellapp-1 10103 8001  [2019-05-31 22:59:19 144] - 	entryScriptFile : ouromain
    INFO    cellapp-1 10103 8001  [2019-05-31 22:59:19 144] - 	internalTcpAddr : 192.168.27.1:2555
    INFO    cellapp-1 10103 8001  [2019-05-31 22:59:19 144] - 	componentID : 8001
    INFO    cellapp-1 10103 8001  [2019-05-31 22:59:19 165] - Components::findLogger: found logger, addr:192.168.27.1:2423
    INFO    cellapp-1 10103 8001  [2019-05-31 22:59:19 165] - Components::addComponent: reset orderLog, uid=10103!
    INFO    cellapp-1 10103 8001  [2019-05-31 22:59:19 166] - Components::addComponent[logger], uid=10103, componentID=2000, globalorderid=1, grouporderid=1, totalcount=1
    INFO    cellapp-1 10103 8001  [2019-05-31 22:59:19 173] - ---- cellapp Version: 2.5.0. ScriptVersion: 0.1.0. Pythoncore: 3.7.3. Protocol: 8652043B9D1A1F169DDC4E8CD899D692. Config: Debug X86. Built: 02:55:12 May 23 2019. AppID: 8001. UID: 10103. PID: 18204 ----
    INFO    cellapp-1 10103 8001  [2019-05-31 22:59:19 174] - Server Black: Intel(R) Core(TM) i7-7700HQ CPU @ 2.80GHz with 2097151kB RAM
    INFO    cellapp-1 10103 8001  [2019-05-31 22:59:19 174] - ThreadPool::createThreadPool: creating  threadpool...
    INFO    cellapp-1 10103 8001  [2019-05-31 22:59:19 174] - ThreadPool::createThreadPool: successfully(2), newThreadCount=1, normalMaxThreadCount=2, maxThreadCount=8
    INFO    cellapp-1 10103 8001  [2019-05-31 22:59:19 391] - Script::install(): is successfully, Python=(3.7.3 (default, May 23 2019, 03:58:29) [MSC v.1916 32 bit (Intel)])!
    INFO    cellapp-1 10103 8001  [2019-05-31 22:59:19 392] - Script::install(): OUROxtra is successfully!
   DEBUG    cellapp-1 10103 8001  [2019-05-31 22:59:19 681] - loaded entity-script:Account(1).
 WARNING    cellapp-1 10103 8001  [2019-05-31 22:59:19 683] - EntityDef::checkDefMethod: exposed of method: Avatar.updateEG, check the caller can use "def updateEG(self, callerID, ...)", such as: if callerID == self.id!
 WARNING    cellapp-1 10103 8001  [2019-05-31 22:59:19 683] - EntityDef::checkDefMethod: exposed of method: Avatar.updateLastSyncTime, check the caller can use "def updateLastSyncTime(self, callerID, ...)", such as: if callerID == self.id!
 WARNING    cellapp-1 10103 8001  [2019-05-31 22:59:19 683] - EntityDef::checkDefMethod: exposed of method: Avatar.updatePositionSynced, check the caller can use "def updatePositionSynced(self, callerID, ...)", such as: if callerID == self.id!
   DEBUG    cellapp-1 10103 8001  [2019-05-31 22:59:19 683] - loaded entity-script:Avatar(2).
   DEBUG    cellapp-1 10103 8001  [2019-05-31 22:59:19 684] - loaded entity-script:FirstEntity(3).
   DEBUG    cellapp-1 10103 8001  [2019-05-31 22:59:19 684] - loaded entity-script:Scene(4).
   DEBUG    cellapp-1 10103 8001  [2019-05-31 22:59:19 684] - loaded entity-script:Space(5).
   DEBUG    cellapp-1 10103 8001  [2019-05-31 22:59:19 685] - loaded entity-script:SpaceDuplicate(6).
   DEBUG    cellapp-1 10103 8001  [2019-05-31 22:59:19 686] - loaded entity-script:SpawnPoint(8).
    INFO    cellapp-1 10103 8001  [2019-05-31 22:59:19 687] - TelnetServer server is running on port 50000
    INFO    cellapp-1 10103 8001  [2019-05-31 22:59:20 112] - ---- cellapp is running ----
   DEBUG    cellapp-1 10103 8001  [2019-05-31 22:59:20 112] - Components::process(): Request for the process of identity...
 WARNING    cellapp-1 10103 8001  [2019-05-31 22:59:26 438] - EntityApp::checkTickPeriod: tick took 6327% (6.33 seconds)!
    INFO    cellapp-1 10103 8001  [2019-05-31 22:59:27 512] - Components::findComponents: find dbmgr(1)...
    INFO    cellapp-1 10103 8001  [2019-05-31 22:59:27 560] - Components::findComponents: found dbmgr, addr:192.168.27.1:2476
    INFO    cellapp-1 10103 8001  [2019-05-31 22:59:27 560] - Components::addComponent: reset orderLog, uid=10103!
    INFO    cellapp-1 10103 8001  [2019-05-31 22:59:27 560] - Components::addComponent[dbmgr], uid=10103, componentID=4000, globalorderid=1, grouporderid=1, totalcount=1
    INFO    cellapp-1 10103 8001  [2019-05-31 22:59:27 561] - Components::findComponents: found dbmgr, addr:192.168.27.1:2476
 WARNING    cellapp-1 10103 8001  [2019-05-31 22:59:28 561] - EntityApp::checkTickPeriod: tick took 1149% (1.15 seconds)!
    INFO    cellapp-1 10103 8001  [2019-05-31 22:59:29 611] - Components::findComponents: find cellappmgr(1)...
    INFO    cellapp-1 10103 8001  [2019-05-31 22:59:29 684] - Components::findComponents: found cellappmgr, addr:192.168.27.1:2478
    INFO    cellapp-1 10103 8001  [2019-05-31 22:59:29 684] - Components::addComponent[cellappmgr], uid=10103, componentID=6000, globalorderid=2, grouporderid=1, totalcount=1
    INFO    cellapp-1 10103 8001  [2019-05-31 22:59:29 686] - Components::findComponents: found cellappmgr, addr:192.168.27.1:2478
 WARNING    cellapp-1 10103 8001  [2019-05-31 22:59:30 687] - EntityApp::checkTickPeriod: tick took 1174% (1.17 seconds)!
    INFO    cellapp-1 10103 8001  [2019-05-31 22:59:31 712] - Components::findComponents: find baseappmgr(1)...
    INFO    cellapp-1 10103 8001  [2019-05-31 22:59:31 812] - Components::findComponents: found baseappmgr, addr:192.168.27.1:2477
    INFO    cellapp-1 10103 8001  [2019-05-31 22:59:31 812] - Components::addComponent[baseappmgr], uid=10103, componentID=5000, globalorderid=3, grouporderid=1, totalcount=1
    INFO    cellapp-1 10103 8001  [2019-05-31 22:59:31 812] - Components::findComponents: found baseappmgr, addr:192.168.27.1:2477
 WARNING    cellapp-1 10103 8001  [2019-05-31 22:59:32 813] - EntityApp::checkTickPeriod: tick took 1200% (1.20 seconds)!
    INFO    cellapp-1 10103 8001  [2019-05-31 22:59:33 912] - Components::findComponents: register self to dbmgr...
    INFO    cellapp-1 10103 8001  [2019-05-31 22:59:33 915] - Components::findComponents: register self to cellappmgr...
    INFO    cellapp-1 10103 8001  [2019-05-31 22:59:33 916] - ServerApp::onRegisterNewApp: uid:10103, username:Black, componentType:baseapp, componentID:7001, globalorderID=3, grouporderID=1, intaddr:192.168.27.1, intport:2522, extaddr:192.168.27.1, extport:20015,  from 192.168.27.1:2590/0/0/0.
    INFO    cellapp-1 10103 8001  [2019-05-31 22:59:33 916] - Components::addComponent[baseapp], uid=10103, componentID=7001, globalorderid=3, grouporderid=1, totalcount=1
    INFO    cellapp-1 10103 8001  [2019-05-31 22:59:33 916] - ServerApp::onRegisterNewApp: uid:10103, username:Black, componentType:baseapp, componentID:7001, globalorderID=3, grouporderID=1, intaddr:192.168.27.1, intport:2522, extaddr:192.168.27.1, extport:20015,  from 192.168.27.1:2590/0/0/0.
    INFO    cellapp-1 10103 8001  [2019-05-31 22:59:33 916] - Components::findComponents: register self to baseappmgr...
    INFO    cellapp-1 10103 8001  [2019-05-31 22:59:33 931] - Components::process(): Found all the components!
   S_DBG    cellapp-1 10103 8001  [2019-05-31 22:59:36 931] - onGlobalData: Spaces
    INFO    cellapp-1 10103 8001  [2019-05-31 22:59:36 931] - EntityApp::onDbmgrInitCompleted: entityID alloc(2001-4001), startGlobalOrder=4, startGroupOrder=1, digest=A95409634AA737AC5ED3596431383F23.
    INFO    cellapp01 10103 8001  [2019-05-31 22:59:36 931] - IDClient::onAddRange: number of ids increased from 2001 to 4001.
   S_DBG    cellapp01 10103 8001  [2019-05-31 22:59:38 165] - onInit::isReload:0
 WARNING    cellapp01 10103 8001  [2019-05-31 22:59:38 165] - d:\scratch\___kbe__\ouroboros-2.5.0\ouro\src\lib\network\channel.cpp:1023: Profile processRecvMessages took 1.23 seconds
 WARNING    cellapp01 10103 8001  [2019-05-31 22:59:38 166] - EntityApp::checkTickPeriod: tick took 1254% (1.25 seconds)!
   DEBUG    cellapp01 10103 8001  [2019-05-31 22:59:38 213] - InitProgressHandler::~InitProgressHandler()
   DEBUG    cellapp01 10103 8001  [2019-05-31 22:59:38 215] - Spaces::createNewSpace: new space(Space) 1.
    INFO    cellapp01 10103 8001  [2019-05-31 22:59:38 215] - EntityApp::createEntity: new Space 2
    INFO    cellapp01 10103 8001  [2019-05-31 22:59:38 217] - Ouroboros::addSpaceGeometryMapping: spaceID=1, respath=spaces/novice_1, shouldLoadOnServer=true!
   S_DBG    cellapp01 10103 8001  [2019-05-31 22:59:38 217] - onSpaceData: spaceID=1, key=_mapping, value=spaces/novice_1.
   S_DBG    cellapp01 10103 8001  [2019-05-31 22:59:38 217] - created space[1] entityID = 2, res = spaces/novice_1.
   DEBUG    cellapp01 10103 8001  [2019-05-31 22:59:38 220] - Spaces::createNewSpace: new space(Space) 2.
    INFO    cellapp01 10103 8001  [2019-05-31 22:59:38 220] - EntityApp::createEntity: new Space 3
    INFO    cellapp01 10103 8001  [2019-05-31 22:59:38 222] - Ouroboros::addSpaceGeometryMapping: spaceID=2, respath=spaces/novice_2, shouldLoadOnServer=true!
   S_DBG    cellapp01 10103 8001  [2019-05-31 22:59:38 222] - onSpaceData: spaceID=2, key=_mapping, value=spaces/novice_2.
   S_DBG    cellapp01 10103 8001  [2019-05-31 22:59:38 222] - created space[2] entityID = 3, res = spaces/novice_2.
   DEBUG    cellapp01 10103 8001  [2019-05-31 22:59:38 231] - NavMeshHandle::create: (C:/Users/Black/Ouroboros/assets/res/spaces/novice_1/srv_novice_village_1.navmesh), layer=0
    INFO    cellapp01 10103 8001  [2019-05-31 22:59:38 313] - Ouroboros::onLoadedSpaceGeometryMapping: spaceID=1, respath=spaces/novice_1!
   S_DBG    cellapp01 10103 8001  [2019-05-31 22:59:38 313] - onSpaceGeometryLoaded: spaceID=1, mapping=spaces/novice_1.
   S_DBG    cellapp01 10103 8001  [2019-05-31 22:59:38 313] - onAllSpaceGeometryLoaded: spaceID=1, isBootstrap=1, mapping=spaces/novice_1.
    INFO    cellapp01 10103 8001  [2019-05-31 22:59:38 314] - Ouroboros::onLoadedSpaceGeometryMapping: spaceID=2, respath=spaces/novice_2!
   S_DBG    cellapp01 10103 8001  [2019-05-31 22:59:38 314] - onSpaceGeometryLoaded: spaceID=2, mapping=spaces/novice_2.
   S_DBG    cellapp01 10103 8001  [2019-05-31 22:59:38 314] - onAllSpaceGeometryLoaded: spaceID=2, isBootstrap=1, mapping=spaces/novice_2.
   DEBUG    cellapp01 10103 8001  [2019-05-31 22:59:38 232] - 	==> tiles loaded: 1
   DEBUG    cellapp01 10103 8001  [2019-05-31 22:59:38 232] - 	==> BVTree nodes: 2
   DEBUG    cellapp01 10103 8001  [2019-05-31 22:59:38 232] - 	==> 1 polygons (4 vertices)
   DEBUG    cellapp01 10103 8001  [2019-05-31 22:59:38 232] - 	==> 2 triangles (0 vertices)
   DEBUG    cellapp01 10103 8001  [2019-05-31 22:59:38 232] - 	==> 0.00 MB of data (not including pointers)
   DEBUG    cellapp01 10103 8001  [2019-05-31 22:59:38 238] - NavMeshHandle::create: (C:/Users/Black/Ouroboros/assets/res/spaces/novice_2/srv_novice_village_2.navmesh), layer=0
   DEBUG    cellapp01 10103 8001  [2019-05-31 22:59:38 238] - 	==> tiles loaded: 1
   DEBUG    cellapp01 10103 8001  [2019-05-31 22:59:38 238] - 	==> BVTree nodes: 2
   DEBUG    cellapp01 10103 8001  [2019-05-31 22:59:38 238] - 	==> 1 polygons (4 vertices)
   DEBUG    cellapp01 10103 8001  [2019-05-31 22:59:38 238] - 	==> 2 triangles (0 vertices)
   DEBUG    cellapp01 10103 8001  [2019-05-31 22:59:38 238] - 	==> 0.00 MB of data (not including pointers)
