    INFO    cellapp-1 10103 8001  [2019-05-30 01:21:01 941] - -----------------------------------------------------------------------------------------


    INFO    cellapp-1 10103 8001  [2019-05-30 01:21:01 944] - Resmgr::initialize: OURO_ROOT=C:/Users/Black/Ouroboros/
    INFO    cellapp-1 10103 8001  [2019-05-30 01:21:01 945] - Resmgr::initialize: OURO_RES_PATH=C:/Users/Black/Ouroboros/ouro/res/;C:/Users/Black/Ouroboros/assets/;C:/Users/Black/Ouroboros/assets/scripts/;C:/Users/Black/Ouroboros/assets/res/
    INFO    cellapp-1 10103 8001  [2019-05-30 01:21:01 945] - Resmgr::initialize: OURO_BIN_PATH=C:/Users/Black/Ouroboros/ouro/bin/server/
    INFO    cellapp-1 10103 8001  [2019-05-30 01:21:01 960] - NetworkInterface::initialize(INTERNAL-TCP): bound to all interfaces with default route interface on 192.168.27.1 ( 192.168.27.1:9859 )
    INFO    cellapp-1 10103 8001  [2019-05-30 01:21:01 960] - NetworkInterface::initialize(INTERNAL-TCP): address 192.168.27.1:9859, SOMAXCONN=5.
    INFO    cellapp-1 10103 8001  [2019-05-30 01:21:01 960] - server-configs:
    INFO    cellapp-1 10103 8001  [2019-05-30 01:21:01 960] - 	gameUpdateHertz : 10
    INFO    cellapp-1 10103 8001  [2019-05-30 01:21:01 961] - 	defaultViewRadius : 80
    INFO    cellapp-1 10103 8001  [2019-05-30 01:21:01 961] - 	defaultViewHysteresisArea : 5
    INFO    cellapp-1 10103 8001  [2019-05-30 01:21:01 961] - 	entryScriptFile : ouromain
    INFO    cellapp-1 10103 8001  [2019-05-30 01:21:01 961] - 	internalTcpAddr : 192.168.27.1:9859
    INFO    cellapp-1 10103 8001  [2019-05-30 01:21:01 961] - 	componentID : 8001
    INFO    cellapp-1 10103 8001  [2019-05-30 01:21:02 013] - Components::findLogger: found logger, addr:192.168.27.1:9616
    INFO    cellapp-1 10103 8001  [2019-05-30 01:21:02 013] - Components::addComponent: reset orderLog, uid=10103!
    INFO    cellapp-1 10103 8001  [2019-05-30 01:21:02 013] - Components::addComponent[logger], uid=10103, componentID=2000, globalorderid=1, grouporderid=1, totalcount=1
    INFO    cellapp-1 10103 8001  [2019-05-30 01:21:02 021] - ---- cellapp Version: 2.5.0. ScriptVersion: 0.1.0. Pythoncore: 3.7.3. Protocol: 8652043B9D1A1F169DDC4E8CD899D692. Config: Debug X86. Built: 02:55:12 May 23 2019. AppID: 8001. UID: 10103. PID: 26844 ----
    INFO    cellapp-1 10103 8001  [2019-05-30 01:21:02 021] - Server Black: Intel(R) Core(TM) i7-7700HQ CPU @ 2.80GHz with 2097151kB RAM
    INFO    cellapp-1 10103 8001  [2019-05-30 01:21:02 022] - ThreadPool::createThreadPool: creating  threadpool...
    INFO    cellapp-1 10103 8001  [2019-05-30 01:21:02 023] - ThreadPool::createThreadPool: successfully(2), newThreadCount=1, normalMaxThreadCount=2, maxThreadCount=8
    INFO    cellapp-1 10103 8001  [2019-05-30 01:21:02 222] - Script::install(): is successfully, Python=(3.7.3 (default, May 23 2019, 03:58:29) [MSC v.1916 32 bit (Intel)])!
    INFO    cellapp-1 10103 8001  [2019-05-30 01:21:02 223] - Script::install(): OUROxtra is successfully!
   DEBUG    cellapp-1 10103 8001  [2019-05-30 01:21:02 557] - loaded entity-script:Account(1).
 WARNING    cellapp-1 10103 8001  [2019-05-30 01:21:02 559] - EntityDef::checkDefMethod: exposed of method: Avatar.updateEG, check the caller can use "def updateEG(self, callerID, ...)", such as: if callerID == self.id!
 WARNING    cellapp-1 10103 8001  [2019-05-30 01:21:02 559] - EntityDef::checkDefMethod: exposed of method: Avatar.updateLastSyncTime, check the caller can use "def updateLastSyncTime(self, callerID, ...)", such as: if callerID == self.id!
 WARNING    cellapp-1 10103 8001  [2019-05-30 01:21:02 560] - EntityDef::checkDefMethod: exposed of method: Avatar.updatePositionSynced, check the caller can use "def updatePositionSynced(self, callerID, ...)", such as: if callerID == self.id!
   DEBUG    cellapp-1 10103 8001  [2019-05-30 01:21:02 560] - loaded entity-script:Avatar(2).
   DEBUG    cellapp-1 10103 8001  [2019-05-30 01:21:02 560] - loaded entity-script:FirstEntity(3).
   DEBUG    cellapp-1 10103 8001  [2019-05-30 01:21:02 561] - loaded entity-script:Scene(4).
   DEBUG    cellapp-1 10103 8001  [2019-05-30 01:21:02 561] - loaded entity-script:Space(5).
   DEBUG    cellapp-1 10103 8001  [2019-05-30 01:21:02 561] - loaded entity-script:SpaceDuplicate(6).
   DEBUG    cellapp-1 10103 8001  [2019-05-30 01:21:02 563] - loaded entity-script:SpawnPoint(8).
    INFO    cellapp-1 10103 8001  [2019-05-30 01:21:02 564] - TelnetServer server is running on port 50000
    INFO    cellapp-1 10103 8001  [2019-05-30 01:21:02 991] - ---- cellapp is running ----
   DEBUG    cellapp-1 10103 8001  [2019-05-30 01:21:02 992] - Components::process(): Request for the process of identity...
 WARNING    cellapp-1 10103 8001  [2019-05-30 01:21:09 265] - EntityApp::checkTickPeriod: tick took 6273% (6.27 seconds)!
    INFO    cellapp-1 10103 8001  [2019-05-30 01:21:10 292] - Components::findComponents: find dbmgr(1)...
    INFO    cellapp-1 10103 8001  [2019-05-30 01:21:10 306] - Components::findComponents: found dbmgr, addr:192.168.27.1:9696
    INFO    cellapp-1 10103 8001  [2019-05-30 01:21:10 306] - Components::addComponent: reset orderLog, uid=10103!
    INFO    cellapp-1 10103 8001  [2019-05-30 01:21:10 306] - Components::addComponent[dbmgr], uid=10103, componentID=4000, globalorderid=1, grouporderid=1, totalcount=1
    INFO    cellapp-1 10103 8001  [2019-05-30 01:21:10 306] - Components::findComponents: found dbmgr, addr:192.168.27.1:9696
 WARNING    cellapp-1 10103 8001  [2019-05-30 01:21:11 306] - EntityApp::checkTickPeriod: tick took 1114% (1.11 seconds)!
    INFO    cellapp-1 10103 8001  [2019-05-30 01:21:12 348] - Components::findComponents: find cellappmgr(1)...
    INFO    cellapp-1 10103 8001  [2019-05-30 01:21:12 443] - Components::findComponents: found cellappmgr, addr:192.168.27.1:9759
    INFO    cellapp-1 10103 8001  [2019-05-30 01:21:12 443] - Components::addComponent[cellappmgr], uid=10103, componentID=6000, globalorderid=2, grouporderid=1, totalcount=1
    INFO    cellapp-1 10103 8001  [2019-05-30 01:21:12 443] - Components::findComponents: found cellappmgr, addr:192.168.27.1:9759
 WARNING    cellapp-1 10103 8001  [2019-05-30 01:21:13 444] - EntityApp::checkTickPeriod: tick took 1152% (1.15 seconds)!
    INFO    cellapp-1 10103 8001  [2019-05-30 01:21:14 448] - Components::findComponents: find baseappmgr(1)...
    INFO    cellapp-1 10103 8001  [2019-05-30 01:21:14 459] - Components::findComponents: found baseappmgr, addr:192.168.27.1:9732
    INFO    cellapp-1 10103 8001  [2019-05-30 01:21:14 460] - Components::addComponent[baseappmgr], uid=10103, componentID=5000, globalorderid=3, grouporderid=1, totalcount=1
    INFO    cellapp-1 10103 8001  [2019-05-30 01:21:14 460] - Components::findComponents: found baseappmgr, addr:192.168.27.1:9732
 WARNING    cellapp-1 10103 8001  [2019-05-30 01:21:15 460] - EntityApp::checkTickPeriod: tick took 1068% (1.07 seconds)!
    INFO    cellapp-1 10103 8001  [2019-05-30 01:21:16 548] - Components::findComponents: register self to dbmgr...
    INFO    cellapp-1 10103 8001  [2019-05-30 01:21:16 551] - Components::findComponents: register self to cellappmgr...
    INFO    cellapp-1 10103 8001  [2019-05-30 01:21:16 551] - ServerApp::onRegisterNewApp: uid:10103, username:Black, componentType:baseapp, componentID:7001, globalorderID=3, grouporderID=1, intaddr:192.168.27.1, intport:9810, extaddr:192.168.27.1, extport:20015,  from 192.168.27.1:9900/0/0/0.
    INFO    cellapp-1 10103 8001  [2019-05-30 01:21:16 552] - Components::addComponent[baseapp], uid=10103, componentID=7001, globalorderid=3, grouporderid=1, totalcount=1
    INFO    cellapp-1 10103 8001  [2019-05-30 01:21:16 552] - ServerApp::onRegisterNewApp: uid:10103, username:Black, componentType:baseapp, componentID:7001, globalorderID=3, grouporderID=1, intaddr:192.168.27.1, intport:9810, extaddr:192.168.27.1, extport:20015,  from 192.168.27.1:9900/0/0/0.
    INFO    cellapp-1 10103 8001  [2019-05-30 01:21:16 552] - Components::findComponents: register self to baseappmgr...
    INFO    cellapp-1 10103 8001  [2019-05-30 01:21:16 591] - Components::process(): Found all the components!
   S_DBG    cellapp-1 10103 8001  [2019-05-30 01:21:19 558] - onGlobalData: Spaces
    INFO    cellapp-1 10103 8001  [2019-05-30 01:21:19 558] - EntityApp::onDbmgrInitCompleted: entityID alloc(2001-4001), startGlobalOrder=4, startGroupOrder=1, digest=A95409634AA737AC5ED3596431383F23.
    INFO    cellapp01 10103 8001  [2019-05-30 01:21:19 558] - IDClient::onAddRange: number of ids increased from 2001 to 4001.
   S_DBG    cellapp01 10103 8001  [2019-05-30 01:21:20 770] - onInit::isReload:0
 WARNING    cellapp01 10103 8001  [2019-05-30 01:21:20 770] - d:\scratch\___kbe__\ouroboros-2.5.0\ouro\src\lib\network\channel.cpp:1023: Profile processRecvMessages took 1.21 seconds
 WARNING    cellapp01 10103 8001  [2019-05-30 01:21:20 770] - EntityApp::checkTickPeriod: tick took 1279% (1.28 seconds)!
   DEBUG    cellapp01 10103 8001  [2019-05-30 01:21:20 791] - InitProgressHandler::~InitProgressHandler()
   DEBUG    cellapp01 10103 8001  [2019-05-30 01:21:20 794] - Spaces::createNewSpace: new space(Space) 1.
    INFO    cellapp01 10103 8001  [2019-05-30 01:21:20 794] - EntityApp::createEntity: new Space 2
    INFO    cellapp01 10103 8001  [2019-05-30 01:21:20 808] - Ouroboros::addSpaceGeometryMapping: spaceID=1, respath=spaces/novice_1, shouldLoadOnServer=true!
   S_DBG    cellapp01 10103 8001  [2019-05-30 01:21:20 808] - onSpaceData: spaceID=1, key=_mapping, value=spaces/novice_1.
   S_DBG    cellapp01 10103 8001  [2019-05-30 01:21:20 808] - created space[1] entityID = 2, res = spaces/novice_1.
   DEBUG    cellapp01 10103 8001  [2019-05-30 01:21:20 810] - Spaces::createNewSpace: new space(Space) 2.
    INFO    cellapp01 10103 8001  [2019-05-30 01:21:20 810] - EntityApp::createEntity: new Space 3
    INFO    cellapp01 10103 8001  [2019-05-30 01:21:20 811] - Ouroboros::addSpaceGeometryMapping: spaceID=2, respath=spaces/novice_2, shouldLoadOnServer=true!
   S_DBG    cellapp01 10103 8001  [2019-05-30 01:21:20 811] - onSpaceData: spaceID=2, key=_mapping, value=spaces/novice_2.
   S_DBG    cellapp01 10103 8001  [2019-05-30 01:21:20 811] - created space[2] entityID = 3, res = spaces/novice_2.
   DEBUG    cellapp01 10103 8001  [2019-05-30 01:21:20 815] - NavMeshHandle::create: (C:/Users/Black/Ouroboros/assets/res/spaces/novice_1/srv_novice_village_1.navmesh), layer=0
   DEBUG    cellapp01 10103 8001  [2019-05-30 01:21:20 816] - 	==> tiles loaded: 1
   DEBUG    cellapp01 10103 8001  [2019-05-30 01:21:20 816] - 	==> BVTree nodes: 2
   DEBUG    cellapp01 10103 8001  [2019-05-30 01:21:20 816] - 	==> 1 polygons (4 vertices)
   DEBUG    cellapp01 10103 8001  [2019-05-30 01:21:20 816] - 	==> 2 triangles (0 vertices)
   DEBUG    cellapp01 10103 8001  [2019-05-30 01:21:20 817] - 	==> 0.00 MB of data (not including pointers)
   DEBUG    cellapp01 10103 8001  [2019-05-30 01:21:20 818] - NavMeshHandle::create: (C:/Users/Black/Ouroboros/assets/res/spaces/novice_2/srv_novice_village_2.navmesh), layer=0
   DEBUG    cellapp01 10103 8001  [2019-05-30 01:21:20 818] - 	==> tiles loaded: 1
   DEBUG    cellapp01 10103 8001  [2019-05-30 01:21:20 818] - 	==> BVTree nodes: 2
   DEBUG    cellapp01 10103 8001  [2019-05-30 01:21:20 818] - 	==> 1 polygons (4 vertices)
   DEBUG    cellapp01 10103 8001  [2019-05-30 01:21:20 818] - 	==> 2 triangles (0 vertices)
   DEBUG    cellapp01 10103 8001  [2019-05-30 01:21:20 818] - 	==> 0.00 MB of data (not including pointers)
    INFO    cellapp01 10103 8001  [2019-05-30 01:21:20 891] - Ouroboros::onLoadedSpaceGeometryMapping: spaceID=1, respath=spaces/novice_1!
   S_DBG    cellapp01 10103 8001  [2019-05-30 01:21:20 892] - onSpaceGeometryLoaded: spaceID=1, mapping=spaces/novice_1.
   S_DBG    cellapp01 10103 8001  [2019-05-30 01:21:20 892] - onAllSpaceGeometryLoaded: spaceID=1, isBootstrap=1, mapping=spaces/novice_1.
    INFO    cellapp01 10103 8001  [2019-05-30 01:21:20 892] - Ouroboros::onLoadedSpaceGeometryMapping: spaceID=2, respath=spaces/novice_2!
   S_DBG    cellapp01 10103 8001  [2019-05-30 01:21:20 892] - onSpaceGeometryLoaded: spaceID=2, mapping=spaces/novice_2.
   S_DBG    cellapp01 10103 8001  [2019-05-30 01:21:20 892] - onAllSpaceGeometryLoaded: spaceID=2, isBootstrap=1, mapping=spaces/novice_2.
    INFO    cellapp01 10103 8001  [2019-05-30 01:36:23 326] - EntityApp::createEntity: new Avatar 8
   S_ERR    cellapp01 10103 8001  [2019-05-30 01:36:23 332] - TypeError: must be set to a FLOAT type.
   S_ERR    cellapp01 10103 8001  [2019-05-30 01:36:23 339] - ValueError: can't set Avatar.lastPositionSyncTime to int.
   S_DBG    cellapp01 10103 8001  [2019-05-30 01:36:23 343] - Avatar::onGetWitness: 8.
   S_DBG    cellapp01 10103 8001  [2019-05-30 01:36:23 343] - Space::onEnter space[1] entityID = 8.
    INFO    cellapp01 10103 8001  [2019-05-30 01:36:26 345] - EntityApp::createEntity: new Avatar 9
   S_ERR    cellapp01 10103 8001  [2019-05-30 01:36:26 347] - TypeError: must be set to a FLOAT type.
   S_ERR    cellapp01 10103 8001  [2019-05-30 01:36:26 349] - ValueError: can't set Avatar.lastPositionSyncTime to int.
   S_DBG    cellapp01 10103 8001  [2019-05-30 01:36:26 351] - Avatar::onWitnessed: 9 isWitnessed=1.
   S_DBG    cellapp01 10103 8001  [2019-05-30 01:36:26 354] - Avatar::onWitnessed: 8 isWitnessed=1.
   S_DBG    cellapp01 10103 8001  [2019-05-30 01:36:26 354] - Avatar::onGetWitness: 9.
   S_DBG    cellapp01 10103 8001  [2019-05-30 01:36:26 356] - Space::onEnter space[1] entityID = 9.
   S_DBG    cellapp01 10103 8001  [2019-05-30 01:41:10 983] - Avatar::updateEG: ID: 8 | Value: 196
   S_DBG    cellapp01 10103 8001  [2019-05-30 02:31:23 266] - Avatar::onDestroy: 8.
   DEBUG    cellapp01 10103 8001  [2019-05-30 02:31:23 292] - Avatar::~Avatar(): 8
   S_DBG    cellapp01 10103 8001  [2019-05-30 02:31:38 268] - Avatar::onWitnessed: 9 isWitnessed=0.
   DEBUG    cellapp01 10103 8001  [2019-05-30 02:31:38 268] - WitnessedTimeoutHandler::handleTimeout: witnesseds is empty, timer is canceled!
   S_DBG    cellapp01 10103 8001  [2019-05-30 02:32:16 408] - Avatar::onDestroy: 9.
   DEBUG    cellapp01 10103 8001  [2019-05-30 02:32:16 491] - Avatar::~Avatar(): 9
    INFO    cellapp01 10103 8001  [2019-05-30 02:36:08 022] - EntityApp::createEntity: new Avatar 14
   S_ERR    cellapp01 10103 8001  [2019-05-30 02:36:08 023] - TypeError: must be set to a FLOAT type.
   S_ERR    cellapp01 10103 8001  [2019-05-30 02:36:08 024] - ValueError: can't set Avatar.lastPositionSyncTime to int.
   S_DBG    cellapp01 10103 8001  [2019-05-30 02:36:08 026] - Avatar::onGetWitness: 14.
   S_DBG    cellapp01 10103 8001  [2019-05-30 02:36:08 026] - Space::onEnter space[1] entityID = 14.
    INFO    cellapp01 10103 8001  [2019-05-30 02:36:16 280] - EntityApp::createEntity: new Avatar 15
   S_ERR    cellapp01 10103 8001  [2019-05-30 02:36:16 281] - TypeError: must be set to a FLOAT type.
   S_ERR    cellapp01 10103 8001  [2019-05-30 02:36:16 282] - ValueError: can't set Avatar.lastPositionSyncTime to int.
   S_DBG    cellapp01 10103 8001  [2019-05-30 02:36:16 283] - Avatar::onWitnessed: 15 isWitnessed=1.
   S_DBG    cellapp01 10103 8001  [2019-05-30 02:36:16 284] - Avatar::onWitnessed: 14 isWitnessed=1.
   S_DBG    cellapp01 10103 8001  [2019-05-30 02:36:16 284] - Avatar::onGetWitness: 15.
   S_DBG    cellapp01 10103 8001  [2019-05-30 02:36:16 285] - Space::onEnter space[1] entityID = 15.
   S_DBG    cellapp01 10103 8001  [2019-05-30 02:38:09 564] - Avatar::onDestroy: 15.
   DEBUG    cellapp01 10103 8001  [2019-05-30 02:38:09 592] - Avatar::~Avatar(): 15
   S_DBG    cellapp01 10103 8001  [2019-05-30 02:38:24 565] - Avatar::onWitnessed: 14 isWitnessed=0.
   DEBUG    cellapp01 10103 8001  [2019-05-30 02:38:24 565] - WitnessedTimeoutHandler::handleTimeout: witnesseds is empty, timer is canceled!
   S_DBG    cellapp01 10103 8001  [2019-05-30 02:38:25 763] - Avatar::onDestroy: 14.
   DEBUG    cellapp01 10103 8001  [2019-05-30 02:38:25 792] - Avatar::~Avatar(): 14
    INFO    cellapp01 10103 8001  [2019-05-30 02:38:50 272] - EntityApp::createEntity: new Avatar 17
   S_ERR    cellapp01 10103 8001  [2019-05-30 02:38:50 273] - TypeError: must be set to a FLOAT type.
   S_ERR    cellapp01 10103 8001  [2019-05-30 02:38:50 274] - ValueError: can't set Avatar.lastPositionSyncTime to int.
   S_DBG    cellapp01 10103 8001  [2019-05-30 02:38:50 275] - Avatar::onGetWitness: 17.
   S_DBG    cellapp01 10103 8001  [2019-05-30 02:38:50 275] - Space::onEnter space[1] entityID = 17.
   S_DBG    cellapp01 10103 8001  [2019-05-30 02:42:02 014] - Avatar::onLoseWitness: 17.
   S_DBG    cellapp01 10103 8001  [2019-05-30 02:42:02 014] - Avatar::onDestroy: 17.
   DEBUG    cellapp01 10103 8001  [2019-05-30 02:42:02 092] - Avatar::~Avatar(): 17
    INFO    cellapp01 10103 8001  [2019-05-30 02:42:15 445] - EntityApp::createEntity: new Avatar 19
   S_ERR    cellapp01 10103 8001  [2019-05-30 02:42:15 446] - TypeError: must be set to a FLOAT type.
   S_ERR    cellapp01 10103 8001  [2019-05-30 02:42:15 447] - ValueError: can't set Avatar.lastPositionSyncTime to int.
   S_DBG    cellapp01 10103 8001  [2019-05-30 02:42:15 449] - Avatar::onGetWitness: 19.
   S_DBG    cellapp01 10103 8001  [2019-05-30 02:42:15 449] - Space::onEnter space[1] entityID = 19.
   S_DBG    cellapp01 10103 8001  [2019-05-30 02:44:14 572] - Avatar::onLoseWitness: 19.
   S_DBG    cellapp01 10103 8001  [2019-05-30 02:44:14 572] - Avatar::onDestroy: 19.
   DEBUG    cellapp01 10103 8001  [2019-05-30 02:44:14 592] - Avatar::~Avatar(): 19
    INFO    cellapp01 10103 8001  [2019-05-30 02:44:21 001] - EntityApp::createEntity: new Avatar 21
   S_ERR    cellapp01 10103 8001  [2019-05-30 02:44:21 002] - TypeError: must be set to a FLOAT type.
   S_ERR    cellapp01 10103 8001  [2019-05-30 02:44:21 013] - ValueError: can't set Avatar.lastPositionSyncTime to int.
   S_DBG    cellapp01 10103 8001  [2019-05-30 02:44:21 016] - Avatar::onGetWitness: 21.
   S_DBG    cellapp01 10103 8001  [2019-05-30 02:44:21 016] - Space::onEnter space[1] entityID = 21.
   S_DBG    cellapp01 10103 8001  [2019-05-30 02:47:14 372] - Avatar::onDestroy: 21.
   DEBUG    cellapp01 10103 8001  [2019-05-30 02:47:14 391] - Avatar::~Avatar(): 21
    INFO    cellapp01 10103 8001  [2019-05-30 02:48:40 889] - EntityApp::createEntity: new Avatar 24
   S_ERR    cellapp01 10103 8001  [2019-05-30 02:48:40 889] - TypeError: must be set to a FLOAT type.
   S_ERR    cellapp01 10103 8001  [2019-05-30 02:48:40 891] - ValueError: can't set Avatar.lastPositionSyncTime to int.
   S_DBG    cellapp01 10103 8001  [2019-05-30 02:48:40 892] - Avatar::onGetWitness: 24.
   S_DBG    cellapp01 10103 8001  [2019-05-30 02:48:40 892] - Space::onEnter space[1] entityID = 24.
   S_DBG    cellapp01 10103 8001  [2019-05-30 02:51:49 688] - Avatar::onLoseWitness: 24.
   S_DBG    cellapp01 10103 8001  [2019-05-30 02:51:49 688] - Avatar::onDestroy: 24.
   DEBUG    cellapp01 10103 8001  [2019-05-30 02:51:49 691] - Avatar::~Avatar(): 24
    INFO    cellapp01 10103 8001  [2019-05-30 02:52:07 181] - EntityApp::createEntity: new Avatar 26
   S_ERR    cellapp01 10103 8001  [2019-05-30 02:52:07 182] - TypeError: must be set to a FLOAT type.
   S_ERR    cellapp01 10103 8001  [2019-05-30 02:52:07 182] - ValueError: can't set Avatar.lastPositionSyncTime to int.
   S_DBG    cellapp01 10103 8001  [2019-05-30 02:52:07 185] - Avatar::onGetWitness: 26.
   S_DBG    cellapp01 10103 8001  [2019-05-30 02:52:07 185] - Space::onEnter space[1] entityID = 26.
   S_DBG    cellapp01 10103 8001  [2019-05-30 02:57:07 450] - Avatar::onLoseWitness: 26.
   S_DBG    cellapp01 10103 8001  [2019-05-30 02:57:07 450] - Avatar::onDestroy: 26.
   DEBUG    cellapp01 10103 8001  [2019-05-30 02:57:07 492] - Avatar::~Avatar(): 26
    INFO    cellapp01 10103 8001  [2019-05-30 02:57:20 068] - EntityApp::createEntity: new Avatar 28
   S_ERR    cellapp01 10103 8001  [2019-05-30 02:57:20 069] - TypeError: must be set to a FLOAT type.
   S_ERR    cellapp01 10103 8001  [2019-05-30 02:57:20 070] - ValueError: can't set Avatar.lastPositionSyncTime to int.
   S_DBG    cellapp01 10103 8001  [2019-05-30 02:57:20 071] - Avatar::onGetWitness: 28.
   S_DBG    cellapp01 10103 8001  [2019-05-30 02:57:20 071] - Space::onEnter space[1] entityID = 28.
   S_DBG    cellapp01 10103 8001  [2019-05-30 03:00:07 250] - Avatar::onDestroy: 28.
   DEBUG    cellapp01 10103 8001  [2019-05-30 03:00:07 292] - Avatar::~Avatar(): 28
    INFO    cellapp01 10103 8001  [2019-05-30 03:00:45 700] - EntityApp::createEntity: new Avatar 30
   S_ERR    cellapp01 10103 8001  [2019-05-30 03:00:45 701] - TypeError: must be set to a FLOAT type.
   S_ERR    cellapp01 10103 8001  [2019-05-30 03:00:45 702] - ValueError: can't set Avatar.lastPositionSyncTime to int.
   S_DBG    cellapp01 10103 8001  [2019-05-30 03:00:45 703] - Avatar::onGetWitness: 30.
   S_DBG    cellapp01 10103 8001  [2019-05-30 03:00:45 704] - Space::onEnter space[1] entityID = 30.
   S_DBG    cellapp01 10103 8001  [2019-05-30 03:06:58 688] - Avatar::onLoseWitness: 30.
   S_DBG    cellapp01 10103 8001  [2019-05-30 03:06:58 689] - Avatar::onDestroy: 30.
   DEBUG    cellapp01 10103 8001  [2019-05-30 03:06:58 692] - Avatar::~Avatar(): 30
    INFO    cellapp01 10103 8001  [2019-05-30 03:07:11 565] - EntityApp::createEntity: new Avatar 32
   S_ERR    cellapp01 10103 8001  [2019-05-30 03:07:11 566] - TypeError: must be set to a FLOAT type.
   S_ERR    cellapp01 10103 8001  [2019-05-30 03:07:11 567] - ValueError: can't set Avatar.lastPositionSyncTime to int.
   S_DBG    cellapp01 10103 8001  [2019-05-30 03:07:11 568] - Avatar::onGetWitness: 32.
   S_DBG    cellapp01 10103 8001  [2019-05-30 03:07:11 568] - Space::onEnter space[1] entityID = 32.
   S_DBG    cellapp01 10103 8001  [2019-05-30 03:10:01 092] - Avatar::onLoseWitness: 32.
   S_DBG    cellapp01 10103 8001  [2019-05-30 03:10:01 092] - Avatar::onDestroy: 32.
   DEBUG    cellapp01 10103 8001  [2019-05-30 03:10:01 192] - Avatar::~Avatar(): 32
    INFO    cellapp01 10103 8001  [2019-05-30 03:10:12 297] - EntityApp::createEntity: new Avatar 34
   S_ERR    cellapp01 10103 8001  [2019-05-30 03:10:12 298] - TypeError: must be set to a FLOAT type.
   S_ERR    cellapp01 10103 8001  [2019-05-30 03:10:12 299] - ValueError: can't set Avatar.lastPositionSyncTime to int.
   S_DBG    cellapp01 10103 8001  [2019-05-30 03:10:12 300] - Avatar::onGetWitness: 34.
   S_DBG    cellapp01 10103 8001  [2019-05-30 03:10:12 300] - Space::onEnter space[1] entityID = 34.
   S_DBG    cellapp01 10103 8001  [2019-05-30 03:13:30 886] - Avatar::onDestroy: 34.
   DEBUG    cellapp01 10103 8001  [2019-05-30 03:13:30 892] - Avatar::~Avatar(): 34
    INFO    cellapp01 10103 8001  [2019-05-30 03:33:48 640] - EntityApp::createEntity: new Avatar 37
   S_ERR    cellapp01 10103 8001  [2019-05-30 03:33:48 641] - TypeError: must be set to a FLOAT type.
   S_ERR    cellapp01 10103 8001  [2019-05-30 03:33:48 642] - ValueError: can't set Avatar.lastPositionSyncTime to int.
   S_DBG    cellapp01 10103 8001  [2019-05-30 03:33:48 643] - Avatar::onGetWitness: 37.
   S_DBG    cellapp01 10103 8001  [2019-05-30 03:33:48 643] - Space::onEnter space[1] entityID = 37.
   S_DBG    cellapp01 10103 8001  [2019-05-30 03:36:19 498] - Avatar::onDestroy: 37.
   DEBUG    cellapp01 10103 8001  [2019-05-30 03:36:19 592] - Avatar::~Avatar(): 37
    INFO    cellapp01 10103 8001  [2019-05-30 03:37:23 672] - EntityApp::createEntity: new Avatar 39
   S_ERR    cellapp01 10103 8001  [2019-05-30 03:37:23 673] - TypeError: must be set to a FLOAT type.
   S_ERR    cellapp01 10103 8001  [2019-05-30 03:37:23 674] - ValueError: can't set Avatar.lastPositionSyncTime to int.
   S_DBG    cellapp01 10103 8001  [2019-05-30 03:37:23 675] - Avatar::onGetWitness: 39.
   S_DBG    cellapp01 10103 8001  [2019-05-30 03:37:23 675] - Space::onEnter space[1] entityID = 39.
   S_DBG    cellapp01 10103 8001  [2019-05-30 03:37:46 536] - Avatar::onLoseWitness: 39.
   S_DBG    cellapp01 10103 8001  [2019-05-30 03:37:46 537] - Avatar::onDestroy: 39.
   DEBUG    cellapp01 10103 8001  [2019-05-30 03:37:46 592] - Avatar::~Avatar(): 39
    INFO    cellapp01 10103 8001  [2019-05-30 03:37:59 871] - EntityApp::createEntity: new Avatar 41
   S_ERR    cellapp01 10103 8001  [2019-05-30 03:37:59 872] - TypeError: must be set to a FLOAT type.
   S_ERR    cellapp01 10103 8001  [2019-05-30 03:37:59 873] - ValueError: can't set Avatar.lastPositionSyncTime to int.
   S_DBG    cellapp01 10103 8001  [2019-05-30 03:37:59 874] - Avatar::onGetWitness: 41.
   S_DBG    cellapp01 10103 8001  [2019-05-30 03:37:59 874] - Space::onEnter space[1] entityID = 41.
   S_DBG    cellapp01 10103 8001  [2019-05-30 03:41:06 355] - Avatar::onDestroy: 41.
   DEBUG    cellapp01 10103 8001  [2019-05-30 03:41:06 392] - Avatar::~Avatar(): 41
    INFO    cellapp-1 10103 8001  [2019-05-30 04:01:02 488] - -----------------------------------------------------------------------------------------


    INFO    cellapp-1 10103 8001  [2019-05-30 04:01:02 489] - Resmgr::initialize: OURO_ROOT=C:/Users/Black/Ouroboros/
    INFO    cellapp-1 10103 8001  [2019-05-30 04:01:02 490] - Resmgr::initialize: OURO_RES_PATH=C:/Users/Black/Ouroboros/ouro/res/;C:/Users/Black/Ouroboros/assets/;C:/Users/Black/Ouroboros/assets/scripts/;C:/Users/Black/Ouroboros/assets/res/
    INFO    cellapp-1 10103 8001  [2019-05-30 04:01:02 490] - Resmgr::initialize: OURO_BIN_PATH=C:/Users/Black/Ouroboros/ouro/bin/server/
    INFO    cellapp-1 10103 8001  [2019-05-30 04:01:02 507] - NetworkInterface::initialize(INTERNAL-TCP): bound to all interfaces with default route interface on 192.168.27.1 ( 192.168.27.1:1950 )
    INFO    cellapp-1 10103 8001  [2019-05-30 04:01:02 509] - NetworkInterface::initialize(INTERNAL-TCP): address 192.168.27.1:1950, SOMAXCONN=5.
    INFO    cellapp-1 10103 8001  [2019-05-30 04:01:02 509] - server-configs:
    INFO    cellapp-1 10103 8001  [2019-05-30 04:01:02 510] - 	gameUpdateHertz : 10
    INFO    cellapp-1 10103 8001  [2019-05-30 04:01:02 510] - 	defaultViewRadius : 80
    INFO    cellapp-1 10103 8001  [2019-05-30 04:01:02 510] - 	defaultViewHysteresisArea : 5
    INFO    cellapp-1 10103 8001  [2019-05-30 04:01:02 511] - 	entryScriptFile : ouromain
    INFO    cellapp-1 10103 8001  [2019-05-30 04:01:02 511] - 	internalTcpAddr : 192.168.27.1:1950
    INFO    cellapp-1 10103 8001  [2019-05-30 04:01:02 511] - 	componentID : 8001
    INFO    cellapp-1 10103 8001  [2019-05-30 04:01:03 064] - Components::findLogger: found logger, addr:192.168.27.1:1945
    INFO    cellapp-1 10103 8001  [2019-05-30 04:01:03 064] - Components::addComponent: reset orderLog, uid=10103!
    INFO    cellapp-1 10103 8001  [2019-05-30 04:01:03 065] - Components::addComponent[logger], uid=10103, componentID=2000, globalorderid=1, grouporderid=1, totalcount=1
    INFO    cellapp-1 10103 8001  [2019-05-30 04:01:03 071] - ---- cellapp Version: 2.5.0. ScriptVersion: 0.1.0. Pythoncore: 3.7.3. Protocol: 8652043B9D1A1F169DDC4E8CD899D692. Config: Debug X86. Built: 02:55:12 May 23 2019. AppID: 8001. UID: 10103. PID: 26128 ----
    INFO    cellapp-1 10103 8001  [2019-05-30 04:01:03 071] - Server Black: Intel(R) Core(TM) i7-7700HQ CPU @ 2.80GHz with 2097151kB RAM
    INFO    cellapp-1 10103 8001  [2019-05-30 04:01:03 071] - ThreadPool::createThreadPool: creating  threadpool...
    INFO    cellapp-1 10103 8001  [2019-05-30 04:01:03 072] - ThreadPool::createThreadPool: successfully(2), newThreadCount=1, normalMaxThreadCount=2, maxThreadCount=8
    INFO    cellapp-1 10103 8001  [2019-05-30 04:01:03 283] - Script::install(): is successfully, Python=(3.7.3 (default, May 23 2019, 03:58:29) [MSC v.1916 32 bit (Intel)])!
    INFO    cellapp-1 10103 8001  [2019-05-30 04:01:03 283] - Script::install(): OUROxtra is successfully!
   DEBUG    cellapp-1 10103 8001  [2019-05-30 04:01:03 604] - loaded entity-script:Account(1).
 WARNING    cellapp-1 10103 8001  [2019-05-30 04:01:03 606] - EntityDef::checkDefMethod: exposed of method: Avatar.updateEG, check the caller can use "def updateEG(self, callerID, ...)", such as: if callerID == self.id!
 WARNING    cellapp-1 10103 8001  [2019-05-30 04:01:03 606] - EntityDef::checkDefMethod: exposed of method: Avatar.updateLastSyncTime, check the caller can use "def updateLastSyncTime(self, callerID, ...)", such as: if callerID == self.id!
 WARNING    cellapp-1 10103 8001  [2019-05-30 04:01:03 607] - EntityDef::checkDefMethod: exposed of method: Avatar.updatePositionSynced, check the caller can use "def updatePositionSynced(self, callerID, ...)", such as: if callerID == self.id!
   DEBUG    cellapp-1 10103 8001  [2019-05-30 04:01:03 607] - loaded entity-script:Avatar(2).
   DEBUG    cellapp-1 10103 8001  [2019-05-30 04:01:03 608] - loaded entity-script:FirstEntity(3).
   DEBUG    cellapp-1 10103 8001  [2019-05-30 04:01:03 608] - loaded entity-script:Scene(4).
   DEBUG    cellapp-1 10103 8001  [2019-05-30 04:01:03 609] - loaded entity-script:Space(5).
   DEBUG    cellapp-1 10103 8001  [2019-05-30 04:01:03 609] - loaded entity-script:SpaceDuplicate(6).
   DEBUG    cellapp-1 10103 8001  [2019-05-30 04:01:03 612] - loaded entity-script:SpawnPoint(8).
    INFO    cellapp-1 10103 8001  [2019-05-30 04:01:03 613] - TelnetServer server is running on port 50000
    INFO    cellapp-1 10103 8001  [2019-05-30 04:01:04 093] - ---- cellapp is running ----
   DEBUG    cellapp-1 10103 8001  [2019-05-30 04:01:04 093] - Components::process(): Request for the process of identity...
 WARNING    cellapp-1 10103 8001  [2019-05-30 04:01:10 435] - EntityApp::checkTickPeriod: tick took 6341% (6.34 seconds)!
    INFO    cellapp-1 10103 8001  [2019-05-30 04:01:11 493] - Components::findComponents: find dbmgr(1)...
    INFO    cellapp-1 10103 8001  [2019-05-30 04:01:11 549] - Components::findComponents: found dbmgr, addr:192.168.27.1:1946
    INFO    cellapp-1 10103 8001  [2019-05-30 04:01:11 549] - Components::addComponent: reset orderLog, uid=10103!
    INFO    cellapp-1 10103 8001  [2019-05-30 04:01:11 549] - Components::addComponent[dbmgr], uid=10103, componentID=4000, globalorderid=1, grouporderid=1, totalcount=1
    INFO    cellapp-1 10103 8001  [2019-05-30 04:01:11 551] - Components::findComponents: found dbmgr, addr:192.168.27.1:1946
 WARNING    cellapp-1 10103 8001  [2019-05-30 04:01:12 552] - EntityApp::checkTickPeriod: tick took 1158% (1.16 seconds)!
    INFO    cellapp-1 10103 8001  [2019-05-30 04:01:13 592] - Components::findComponents: find cellappmgr(1)...
    INFO    cellapp-1 10103 8001  [2019-05-30 04:01:13 623] - Components::findComponents: found cellappmgr, addr:192.168.27.1:1949
    INFO    cellapp-1 10103 8001  [2019-05-30 04:01:13 623] - Components::addComponent[cellappmgr], uid=10103, componentID=6000, globalorderid=2, grouporderid=1, totalcount=1
    INFO    cellapp-1 10103 8001  [2019-05-30 04:01:13 624] - Components::findComponents: found cellappmgr, addr:192.168.27.1:1949
 WARNING    cellapp-1 10103 8001  [2019-05-30 04:01:14 625] - EntityApp::checkTickPeriod: tick took 1131% (1.13 seconds)!
    INFO    cellapp-1 10103 8001  [2019-05-30 04:01:15 693] - Components::findComponents: find baseappmgr(1)...
    INFO    cellapp-1 10103 8001  [2019-05-30 04:01:15 754] - Components::findComponents: found baseappmgr, addr:192.168.27.1:1948
    INFO    cellapp-1 10103 8001  [2019-05-30 04:01:15 754] - Components::addComponent[baseappmgr], uid=10103, componentID=5000, globalorderid=3, grouporderid=1, totalcount=1
    INFO    cellapp-1 10103 8001  [2019-05-30 04:01:15 756] - Components::findComponents: found baseappmgr, addr:192.168.27.1:1948
 WARNING    cellapp-1 10103 8001  [2019-05-30 04:01:16 756] - EntityApp::checkTickPeriod: tick took 1163% (1.16 seconds)!
    INFO    cellapp-1 10103 8001  [2019-05-30 04:01:17 794] - Components::findComponents: register self to dbmgr...
    INFO    cellapp-1 10103 8001  [2019-05-30 04:01:17 893] - Components::findComponents: register self to cellappmgr...
    INFO    cellapp-1 10103 8001  [2019-05-30 04:01:17 993] - Components::findComponents: register self to baseappmgr...
    INFO    cellapp-1 10103 8001  [2019-05-30 04:01:18 093] - Components::process(): Found all the components!
    INFO    cellapp-1 10103 8001  [2019-05-30 04:01:18 112] - ServerApp::onRegisterNewApp: uid:10103, username:Black, componentType:baseapp, componentID:7001, globalorderID=5, grouporderID=1, intaddr:192.168.27.1, intport:1951, extaddr:192.168.27.1, extport:20015,  from 192.168.27.1:1946/0/0/0.
    INFO    cellapp-1 10103 8001  [2019-05-30 04:01:18 112] - Components::addComponent[baseapp], uid=10103, componentID=7001, globalorderid=5, grouporderid=1, totalcount=1
    INFO    cellapp-1 10103 8001  [2019-05-30 04:01:21 126] - EntityApp::onDbmgrInitCompleted: entityID alloc(1-2001), startGlobalOrder=4, startGroupOrder=1, digest=A95409634AA737AC5ED3596431383F23.
    INFO    cellapp01 10103 8001  [2019-05-30 04:01:21 127] - IDClient::onAddRange: number of ids increased from 1 to 2001.
 WARNING    cellapp01 10103 8001  [2019-05-30 04:01:21 466] - BundleBroadcast::BundleBroadcast: Cannot bind to port 20866, errorno=10048
   S_DBG    cellapp01 10103 8001  [2019-05-30 04:01:22 692] - onInit::isReload:0
 WARNING    cellapp01 10103 8001  [2019-05-30 04:01:22 692] - d:\scratch\___kbe__\ouroboros-2.5.0\ouro\src\lib\network\channel.cpp:1023: Profile processRecvMessages took 1.57 seconds
 WARNING    cellapp01 10103 8001  [2019-05-30 04:01:22 692] - EntityApp::checkTickPeriod: tick took 1598% (1.60 seconds)!
   DEBUG    cellapp01 10103 8001  [2019-05-30 04:01:22 694] - InitProgressHandler::~InitProgressHandler()
   S_DBG    cellapp01 10103 8001  [2019-05-30 04:01:23 312] - onGlobalData: Spaces
   DEBUG    cellapp01 10103 8001  [2019-05-30 04:01:26 214] - Spaces::createNewSpace: new space(Space) 1.
    INFO    cellapp01 10103 8001  [2019-05-30 04:01:26 214] - EntityApp::createEntity: new Space 2002
    INFO    cellapp01 10103 8001  [2019-05-30 04:01:26 216] - Ouroboros::addSpaceGeometryMapping: spaceID=1, respath=spaces/novice_1, shouldLoadOnServer=true!
   S_DBG    cellapp01 10103 8001  [2019-05-30 04:01:26 216] - onSpaceData: spaceID=1, key=_mapping, value=spaces/novice_1.
   S_DBG    cellapp01 10103 8001  [2019-05-30 04:01:26 216] - created space[1] entityID = 2002, res = spaces/novice_1.
   DEBUG    cellapp01 10103 8001  [2019-05-30 04:01:26 219] - NavMeshHandle::create: (C:/Users/Black/Ouroboros/assets/res/spaces/novice_1/srv_novice_village_1.navmesh), layer=0
   DEBUG    cellapp01 10103 8001  [2019-05-30 04:01:26 219] - 	==> tiles loaded: 1
   DEBUG    cellapp01 10103 8001  [2019-05-30 04:01:26 220] - 	==> BVTree nodes: 2
   DEBUG    cellapp01 10103 8001  [2019-05-30 04:01:26 220] - 	==> 1 polygons (4 vertices)
   DEBUG    cellapp01 10103 8001  [2019-05-30 04:01:26 220] - 	==> 2 triangles (0 vertices)
   DEBUG    cellapp01 10103 8001  [2019-05-30 04:01:26 220] - 	==> 0.00 MB of data (not including pointers)
    INFO    cellapp01 10103 8001  [2019-05-30 04:01:26 295] - Ouroboros::onLoadedSpaceGeometryMapping: spaceID=1, respath=spaces/novice_1!
   S_DBG    cellapp01 10103 8001  [2019-05-30 04:01:26 296] - onSpaceGeometryLoaded: spaceID=1, mapping=spaces/novice_1.
   S_DBG    cellapp01 10103 8001  [2019-05-30 04:01:26 296] - onAllSpaceGeometryLoaded: spaceID=1, isBootstrap=1, mapping=spaces/novice_1.
   DEBUG    cellapp01 10103 8001  [2019-05-30 04:01:27 214] - Spaces::createNewSpace: new space(Space) 2.
    INFO    cellapp01 10103 8001  [2019-05-30 04:01:27 214] - EntityApp::createEntity: new Space 2003
    INFO    cellapp01 10103 8001  [2019-05-30 04:01:27 215] - Ouroboros::addSpaceGeometryMapping: spaceID=2, respath=spaces/novice_2, shouldLoadOnServer=true!
   S_DBG    cellapp01 10103 8001  [2019-05-30 04:01:27 216] - onSpaceData: spaceID=2, key=_mapping, value=spaces/novice_2.
   S_DBG    cellapp01 10103 8001  [2019-05-30 04:01:27 216] - created space[2] entityID = 2003, res = spaces/novice_2.
   DEBUG    cellapp01 10103 8001  [2019-05-30 04:01:27 218] - NavMeshHandle::create: (C:/Users/Black/Ouroboros/assets/res/spaces/novice_2/srv_novice_village_2.navmesh), layer=0
   DEBUG    cellapp01 10103 8001  [2019-05-30 04:01:27 219] - 	==> tiles loaded: 1
   DEBUG    cellapp01 10103 8001  [2019-05-30 04:01:27 219] - 	==> BVTree nodes: 2
   DEBUG    cellapp01 10103 8001  [2019-05-30 04:01:27 219] - 	==> 1 polygons (4 vertices)
   DEBUG    cellapp01 10103 8001  [2019-05-30 04:01:27 219] - 	==> 2 triangles (0 vertices)
   DEBUG    cellapp01 10103 8001  [2019-05-30 04:01:27 219] - 	==> 0.00 MB of data (not including pointers)
    INFO    cellapp01 10103 8001  [2019-05-30 04:01:27 295] - Ouroboros::onLoadedSpaceGeometryMapping: spaceID=2, respath=spaces/novice_2!
   S_DBG    cellapp01 10103 8001  [2019-05-30 04:01:27 296] - onSpaceGeometryLoaded: spaceID=2, mapping=spaces/novice_2.
   S_DBG    cellapp01 10103 8001  [2019-05-30 04:01:27 296] - onAllSpaceGeometryLoaded: spaceID=2, isBootstrap=1, mapping=spaces/novice_2.
    INFO    cellapp01 10103 8001  [2019-05-30 04:02:35 826] - EntityApp::createEntity: new Avatar 2006
   S_ERR    cellapp01 10103 8001  [2019-05-30 04:02:35 828] - TypeError: must be set to a FLOAT type.
   S_ERR    cellapp01 10103 8001  [2019-05-30 04:02:35 829] - ValueError: can't set Avatar.lastPositionSyncTime to int.
   S_DBG    cellapp01 10103 8001  [2019-05-30 04:02:35 830] - Avatar::onGetWitness: 2006.
   S_DBG    cellapp01 10103 8001  [2019-05-30 04:02:35 830] - Space::onEnter space[1] entityID = 2006.
   S_DBG    cellapp01 10103 8001  [2019-05-30 04:24:33 885] - Avatar::onDestroy: 2006.
   DEBUG    cellapp01 10103 8001  [2019-05-30 04:24:33 894] - Avatar::~Avatar(): 2006
    INFO    cellapp01 10103 8001  [2019-05-30 04:29:32 498] - EntityApp::createEntity: new Avatar 2009
   S_ERR    cellapp01 10103 8001  [2019-05-30 04:29:32 498] - TypeError: must be set to a FLOAT type.
   S_ERR    cellapp01 10103 8001  [2019-05-30 04:29:32 499] - ValueError: can't set Avatar.lastPositionSyncTime to int.
   S_DBG    cellapp01 10103 8001  [2019-05-30 04:29:32 500] - Avatar::onGetWitness: 2009.
   S_DBG    cellapp01 10103 8001  [2019-05-30 04:29:32 500] - Space::onEnter space[1] entityID = 2009.
    INFO    cellapp01 10103 8001  [2019-05-30 04:30:48 497] - EntityApp::createEntity: new Avatar 2012
   S_ERR    cellapp01 10103 8001  [2019-05-30 04:30:48 499] - TypeError: must be set to a FLOAT type.
   S_ERR    cellapp01 10103 8001  [2019-05-30 04:30:48 501] - ValueError: can't set Avatar.lastPositionSyncTime to int.
   S_DBG    cellapp01 10103 8001  [2019-05-30 04:30:48 502] - Avatar::onWitnessed: 2012 isWitnessed=1.
   S_DBG    cellapp01 10103 8001  [2019-05-30 04:30:48 503] - Avatar::onWitnessed: 2009 isWitnessed=1.
   S_DBG    cellapp01 10103 8001  [2019-05-30 04:30:48 503] - Avatar::onGetWitness: 2012.
   S_DBG    cellapp01 10103 8001  [2019-05-30 04:30:48 503] - Space::onEnter space[1] entityID = 2012.
   S_DBG    cellapp01 10103 8001  [2019-05-30 04:30:55 233] - Avatar::onDestroy: 2009.
   DEBUG    cellapp01 10103 8001  [2019-05-30 04:30:55 294] - Avatar::~Avatar(): 2009
   S_DBG    cellapp01 10103 8001  [2019-05-30 04:31:10 235] - Avatar::onWitnessed: 2012 isWitnessed=0.
   DEBUG    cellapp01 10103 8001  [2019-05-30 04:31:10 235] - WitnessedTimeoutHandler::handleTimeout: witnesseds is empty, timer is canceled!
    INFO    cellapp01 10103 8001  [2019-05-30 04:31:14 395] - EntityApp::createEntity: new Avatar 2014
   S_ERR    cellapp01 10103 8001  [2019-05-30 04:31:14 396] - TypeError: must be set to a FLOAT type.
   S_ERR    cellapp01 10103 8001  [2019-05-30 04:31:14 397] - ValueError: can't set Avatar.lastPositionSyncTime to int.
   S_DBG    cellapp01 10103 8001  [2019-05-30 04:31:14 398] - Avatar::onWitnessed: 2014 isWitnessed=1.
   S_DBG    cellapp01 10103 8001  [2019-05-30 04:31:14 399] - Avatar::onWitnessed: 2012 isWitnessed=1.
   S_DBG    cellapp01 10103 8001  [2019-05-30 04:31:14 399] - Avatar::onGetWitness: 2014.
   S_DBG    cellapp01 10103 8001  [2019-05-30 04:31:14 399] - Space::onEnter space[1] entityID = 2014.
   S_DBG    cellapp01 10103 8001  [2019-05-30 04:32:39 076] - Avatar::onDestroy: 2012.
   DEBUG    cellapp01 10103 8001  [2019-05-30 04:32:39 094] - Avatar::~Avatar(): 2012
   S_DBG    cellapp01 10103 8001  [2019-05-30 04:32:54 078] - Avatar::onWitnessed: 2014 isWitnessed=0.
   DEBUG    cellapp01 10103 8001  [2019-05-30 04:32:54 078] - WitnessedTimeoutHandler::handleTimeout: witnesseds is empty, timer is canceled!
   S_DBG    cellapp01 10103 8001  [2019-05-30 04:33:59 587] - Avatar::onDestroy: 2014.
   DEBUG    cellapp01 10103 8001  [2019-05-30 04:33:59 593] - Avatar::~Avatar(): 2014
    INFO    cellapp01 10103 8001  [2019-05-30 04:35:47 948] - EntityApp::createEntity: new Avatar 2017
   S_ERR    cellapp01 10103 8001  [2019-05-30 04:35:47 949] - TypeError: must be set to a FLOAT type.
   S_ERR    cellapp01 10103 8001  [2019-05-30 04:35:47 950] - ValueError: can't set Avatar.lastPositionSyncTime to int.
   S_DBG    cellapp01 10103 8001  [2019-05-30 04:35:47 951] - Avatar::onGetWitness: 2017.
   S_DBG    cellapp01 10103 8001  [2019-05-30 04:35:47 951] - Space::onEnter space[1] entityID = 2017.
    INFO    cellapp01 10103 8001  [2019-05-30 04:35:55 589] - EntityApp::createEntity: new Avatar 2018
   S_ERR    cellapp01 10103 8001  [2019-05-30 04:35:55 591] - TypeError: must be set to a FLOAT type.
   S_ERR    cellapp01 10103 8001  [2019-05-30 04:35:55 591] - ValueError: can't set Avatar.lastPositionSyncTime to int.
   S_DBG    cellapp01 10103 8001  [2019-05-30 04:35:55 593] - Avatar::onWitnessed: 2018 isWitnessed=1.
   S_DBG    cellapp01 10103 8001  [2019-05-30 04:35:55 593] - Avatar::onWitnessed: 2017 isWitnessed=1.
   S_DBG    cellapp01 10103 8001  [2019-05-30 04:35:55 594] - Avatar::onGetWitness: 2018.
   S_DBG    cellapp01 10103 8001  [2019-05-30 04:35:55 594] - Space::onEnter space[1] entityID = 2018.
   S_DBG    cellapp01 10103 8001  [2019-05-30 04:47:25 661] - Avatar::onDestroy: 2017.
   DEBUG    cellapp01 10103 8001  [2019-05-30 04:47:25 694] - Avatar::~Avatar(): 2017
   S_DBG    cellapp01 10103 8001  [2019-05-30 04:47:28 460] - Avatar::onDestroy: 2018.
   DEBUG    cellapp01 10103 8001  [2019-05-30 04:47:28 494] - Avatar::~Avatar(): 2018
   DEBUG    cellapp01 10103 8001  [2019-05-30 04:47:40 662] - WitnessedTimeoutHandler::handleTimeout: witnesseds is empty, timer is canceled!
