 ERROR root [2019-06-04 05:07:58,676] - Components::removeComponentByChannel: baseappmgr : 5000, Abnormal exit(reason=TCPPacketReceiver::processRecv(): error=10054
)! Channel(timestamp=4581308107530, lastReceivedTime=4581246518735, inactivityExceptionPeriod=599499873)
 ERROR root [2019-06-04 05:07:58,694] - Components::removeComponentByChannel: logger : 2000, Abnormal exit(reason=TCPPacketReceiver::processRecv(): error=10054
)! Channel(timestamp=4581308287114, lastReceivedTime=4581052044780, inactivityExceptionPeriod=599499873)
  INFO root [2019-06-04 05:07:58,696] - The following logs sent to logger failed:
  WARN root [2019-06-04 05:07:58,697] - ==> [2019-06-04 05:07:58 664] TCPPacketReceiver::processPendingEvents(192.168.27.1:13552): Throwing REASON_GENERAL_NETWORK - WSAECONNRESET
 ERROR root [2019-06-04 05:07:58,698] - ==> [2019-06-04 05:07:58 679] Components::removeComponentByChannel: baseappmgr : 5000, Abnormal exit(reason=TCPPacketReceiver::processRecv(): error=10054
)! Channel(timestamp=4581308107530, lastReceivedTime=4581246518735, inactivityExceptionPeriod=599499873)
  WARN root [2019-06-04 05:07:58,698] - ==> [2019-06-04 05:07:58 687] TCPPacketReceiver::processPendingEvents(192.168.27.1:13455): Throwing REASON_GENERAL_NETWORK - WSAECONNRESET
 ERROR root [2019-06-04 05:07:58,699] - ==> [2019-06-04 05:07:58 695] Components::removeComponentByChannel: logger : 2000, Abnormal exit(reason=TCPPacketReceiver::processRecv(): error=10054
)! Channel(timestamp=4581308287114, lastReceivedTime=4581052044780, inactivityExceptionPeriod=599499873)
  WARN root [2019-06-04 05:07:58,699] - TCPPacketReceiver::processPendingEvents(192.168.27.1:13551): Throwing REASON_GENERAL_NETWORK - WSAECONNRESET
 ERROR root [2019-06-04 05:07:58,700] - Components::removeComponentByChannel: dbmgr : 4000, Abnormal exit(reason=TCPPacketReceiver::processRecv(): error=10054
)! Channel(timestamp=4581308343047, lastReceivedTime=4581243539582, inactivityExceptionPeriod=599499873)
  INFO root [2019-06-04 05:07:58,701] - Shutdowner::onShutdownBegin: shutting down(period=0, tickPeriod=1)
S_INFO root [2019-06-04 05:07:58,703] - onLoginAppShutDown()
  INFO root [2019-06-04 05:07:58,704] - Shutdowner::onShutdown: shutting down
  INFO root [2019-06-04 05:07:58,704] - Shutdowner::onShutdownEnd: shutting down
  INFO root [2019-06-04 05:07:58,724] - Script::uninstall(): is successfully!
 DEBUG root [2019-06-04 05:07:58,726] - ThreadPool::destroy(): starting size 2.
  WARN root [2019-06-04 05:07:59,027] - ThreadPool::destroy(): waiting for thread(2)[0x16e06a8,0x16e0570,], try=1
 DEBUG root [2019-06-04 05:07:59,429] - TPThread::~TPThread(): 0x16e06a8
 DEBUG root [2019-06-04 05:07:59,429] - TPThread::~TPThread(): 0x16e0570
 DEBUG root [2019-06-04 05:07:59,429] - ThreadPool::destroy(): successfully!
 DEBUG root [2019-06-04 05:07:59,443] - Bundle::destroyObjPool(): size 4.
 DEBUG root [2019-06-04 05:07:59,444] - Channel::destroyObjPool(): size 16.
 DEBUG root [2019-06-04 05:07:59,444] - TCPPacket::destroyObjPool(): size 3.
 DEBUG root [2019-06-04 05:07:59,444] - UDPPacket::destroyObjPool(): size 2.
 DEBUG root [2019-06-04 05:07:59,444] - EndPoint::destroyObjPool(): size 15.
 DEBUG root [2019-06-04 05:07:59,444] - Address::destroyObjPool(): size 0.
 DEBUG root [2019-06-04 05:07:59,445] - TCPPacketReceiver::destroyObjPool(): size 0.
 DEBUG root [2019-06-04 05:07:59,445] - UDPPacketReceiver::destroyObjPool(): size 0.
  INFO root [2019-06-04 05:07:59,445] - loginapp(9000) has shut down.
  INFO root [2019-06-04 05:08:00,446] - EventDispatcher()::~EventDispatcher: Num timers = 1
