 ERROR root [2019-06-01 05:21:58,139] - Components::removeComponentByChannel: logger : 2000, Abnormal exit(reason=TCPPacketReceiver::processRecv(): error=10054
)! Channel(timestamp=1997732067368, lastReceivedTime=1997671628477, inactivityExceptionPeriod=599499297)
  INFO root [2019-06-01 05:21:58,195] - The following logs sent to logger failed:
  WARN root [2019-06-01 05:21:58,195] - ==> [2019-06-01 05:21:58 107] TCPPacketReceiver::processPendingEvents(192.168.27.1:2423): Throwing REASON_GENERAL_NETWORK - WSAECONNRESET
 ERROR root [2019-06-01 05:21:58,196] - ==> [2019-06-01 05:21:58 140] Components::removeComponentByChannel: logger : 2000, Abnormal exit(reason=TCPPacketReceiver::processRecv(): error=10054
)! Channel(timestamp=1997732067368, lastReceivedTime=1997671628477, inactivityExceptionPeriod=599499297)
  WARN root [2019-06-01 05:21:58,219] - TCPPacketReceiver::processPendingEvents(192.168.27.1:2476): Throwing REASON_GENERAL_NETWORK - WSAECONNRESET
 ERROR root [2019-06-01 05:21:58,229] - Components::removeComponentByChannel: dbmgr : 4000, Abnormal exit(reason=TCPPacketReceiver::processRecv(): error=10054
)! Channel(timestamp=1997732979159, lastReceivedTime=1997606418375, inactivityExceptionPeriod=599499297)
  INFO root [2019-06-01 05:21:58,239] - Shutdowner::onShutdownBegin: shutting down(period=0, tickPeriod=1)
S_INFO root [2019-06-01 05:21:58,240] - onLoginAppShutDown()
  INFO root [2019-06-01 05:21:58,241] - Shutdowner::onShutdown: shutting down
  INFO root [2019-06-01 05:21:58,241] - Shutdowner::onShutdownEnd: shutting down
  WARN root [2019-06-01 05:21:58,241] - TCPPacketReceiver::processPendingEvents(192.168.27.1:2477): Throwing REASON_GENERAL_NETWORK - WSAECONNRESET
  INFO root [2019-06-01 05:21:58,249] - Components::removeComponentByChannel: baseappmgr : 5000, Normal exit!
  INFO root [2019-06-01 05:21:58,260] - Script::uninstall(): is successfully!
 DEBUG root [2019-06-01 05:21:58,260] - ThreadPool::destroy(): starting size 2.
  WARN root [2019-06-01 05:21:58,562] - ThreadPool::destroy(): waiting for thread(2)[0x172a838,0x172a9d8,], try=1
 DEBUG root [2019-06-01 05:21:58,964] - TPThread::~TPThread(): 0x172a838
 DEBUG root [2019-06-01 05:21:58,964] - TPThread::~TPThread(): 0x172a9d8
 DEBUG root [2019-06-01 05:21:58,964] - ThreadPool::destroy(): successfully!
 DEBUG root [2019-06-01 05:21:58,973] - Bundle::destroyObjPool(): size 2.
 DEBUG root [2019-06-01 05:21:58,973] - Channel::destroyObjPool(): size 16.
 DEBUG root [2019-06-01 05:21:58,974] - TCPPacket::destroyObjPool(): size 1.
 DEBUG root [2019-06-01 05:21:58,974] - UDPPacket::destroyObjPool(): size 2.
 DEBUG root [2019-06-01 05:21:58,974] - EndPoint::destroyObjPool(): size 15.
 DEBUG root [2019-06-01 05:21:58,974] - Address::destroyObjPool(): size 0.
 DEBUG root [2019-06-01 05:21:58,974] - TCPPacketReceiver::destroyObjPool(): size 0.
 DEBUG root [2019-06-01 05:21:58,974] - UDPPacketReceiver::destroyObjPool(): size 0.
  INFO root [2019-06-01 05:21:58,974] - loginapp(9000) has shut down.
  INFO root [2019-06-01 17:09:51,238] - EventDispatcher()::~EventDispatcher: Num timers = 1
