 ERROR root [2019-06-12 05:12:57,297] - Components::removeComponentByChannel: logger : 2000, Abnormal exit(reason=TCPPacketReceiver::processRecv(): error=10054
)! Channel(timestamp=3817524279978, lastReceivedTime=3817236867394, inactivityExceptionPeriod=599499041)
  INFO root [2019-06-12 05:12:57,312] - The following logs sent to logger failed:
  WARN root [2019-06-12 05:12:57,313] - ==> [2019-06-12 05:12:57 296] TCPPacketReceiver::processPendingEvents(192.168.27.1:12920): Throwing REASON_GENERAL_NETWORK - WSAECONNRESET
 ERROR root [2019-06-12 05:12:57,313] - ==> [2019-06-12 05:12:57 299] Components::removeComponentByChannel: logger : 2000, Abnormal exit(reason=TCPPacketReceiver::processRecv(): error=10054
)! Channel(timestamp=3817524279978, lastReceivedTime=3817236867394, inactivityExceptionPeriod=599499041)
  WARN root [2019-06-12 05:12:57,528] - TCPPacketReceiver::processPendingEvents(192.168.27.1:12922): Throwing REASON_GENERAL_NETWORK - WSAECONNRESET
 ERROR root [2019-06-12 05:12:57,530] - Components::removeComponentByChannel: dbmgr : 4000, Abnormal exit(reason=TCPPacketReceiver::processRecv(): error=10054
)! Channel(timestamp=3817526616518, lastReceivedTime=3817234373099, inactivityExceptionPeriod=599499041)
  INFO root [2019-06-12 05:12:57,541] - Shutdowner::onShutdownBegin: shutting down(period=0, tickPeriod=1)
S_INFO root [2019-06-12 05:12:57,545] - onLoginAppShutDown()
  INFO root [2019-06-12 05:12:57,546] - Shutdowner::onShutdown: shutting down
  INFO root [2019-06-12 05:12:57,546] - Shutdowner::onShutdownEnd: shutting down
  INFO root [2019-06-12 05:12:57,566] - Script::uninstall(): is successfully!
 DEBUG root [2019-06-12 05:12:57,567] - ThreadPool::destroy(): starting size 2.
  WARN root [2019-06-12 05:12:57,867] - ThreadPool::destroy(): waiting for thread(2)[0x7ff3f0,0x7ff458,], try=1
 DEBUG root [2019-06-12 05:12:58,269] - TPThread::~TPThread(): 0x7ff3f0
 DEBUG root [2019-06-12 05:12:58,269] - TPThread::~TPThread(): 0x7ff458
 DEBUG root [2019-06-12 05:12:58,269] - ThreadPool::destroy(): successfully!
 DEBUG root [2019-06-12 05:12:58,298] - Bundle::destroyObjPool(): size 4.
 DEBUG root [2019-06-12 05:12:58,298] - Channel::destroyObjPool(): size 15.
 DEBUG root [2019-06-12 05:12:58,299] - TCPPacket::destroyObjPool(): size 3.
 DEBUG root [2019-06-12 05:12:58,299] - UDPPacket::destroyObjPool(): size 0.
 DEBUG root [2019-06-12 05:12:58,299] - EndPoint::destroyObjPool(): size 14.
 DEBUG root [2019-06-12 05:12:58,299] - Address::destroyObjPool(): size 0.
 DEBUG root [2019-06-12 05:12:58,299] - TCPPacketReceiver::destroyObjPool(): size 0.
 DEBUG root [2019-06-12 05:12:58,299] - UDPPacketReceiver::destroyObjPool(): size 0.
  INFO root [2019-06-12 05:12:58,300] - loginapp(9000) has shut down.
